 line   address	contents
    1                      ; Linked by DLX-LD.
    2                      ; MemSize 24576
    3                      ; Data size: 410
    4                      ; Text size: 4828
    5                      ; Stack size: 8192
    6  00000000          	.text 0x1000
    7  00001000          	.data 0x3000
    8                      ; Compiled by GCC
    9  00003000          	.text
   10  00001000          	.align 2
   11  00001000          	.proc _isspace
   12  00001000          	.global _isspace
   13  00001000          	_isspace:
   14                      ;  Function 'isspace'; 0 bytes of locals, 1 regs to save.
   15  00001000  afbefffc	sw	-4(r29),r30; push fp
   16  00001004  001df020	add	r30,r0,r29; fp = sp
   17  00001008  afbffff8	sw	-8(r29),r31; push ret addr
   18  0000100c  2fbd0010	subui	r29,r29,#16; alloc local storage
   19  00001010  afa20000	sw	0(r29),r2
   20  00001014  83c20003	lb	r2,3(r30)
   21  00001018  201f0000	addi	r31,r0,#0
   22  0000101c  304100ff	andi	r1,r2,#0x00ff
   23  00001020  60210020	seqi	r1,r1,#32
   24  00001024  14200018	bnez	r1,L6_LF0
   25  00001028  54000000	nop; not filled.
   26  0000102c  2041fff7	addi	r1,r2,#-9
   27  00001030  302100ff	andi	r1,r1,#0x00ff
   28  00001034  70210001	sleui	r1,r1,#1
   29  00001038  10200008	beqz	r1,L5_LF0
   30  0000103c  54000000	nop; not filled.
   31  00001040          	L6_LF0:
   32  00001040  201f0001	addi	r31,r0,#1
   33  00001044          	L5_LF0:
   34  00001044  001f0820	add	r1,r0,r31
   35  00001048  8fa20000	lw	r2,0(r29)
   36  0000104c  8fdffff8	lw	r31,-8(r30)
   37  00001050  001ee820	add	r29,r0,r30
   38  00001054  8fdefffc	lw	r30,-4(r30)
   39  00001058  4be00000	jr	r31
   40  0000105c  54000000	nop
   41  00001060          	.endproc _isspace
   42  00001060          	.align 2
   43  00001060          	.proc _isxdigit
   44  00001060          	.global _isxdigit
   45  00001060          	_isxdigit:
   46                      ;  Function 'isxdigit'; 0 bytes of locals, 1 regs to save.
   47  00001060  afbefffc	sw	-4(r29),r30; push fp
   48  00001064  001df020	add	r30,r0,r29; fp = sp
   49  00001068  afbffff8	sw	-8(r29),r31; push ret addr
   50  0000106c  2fbd0010	subui	r29,r29,#16; alloc local storage
   51  00001070  afa20000	sw	0(r29),r2
   52  00001074  83df0003	lb	r31,3(r30)
   53  00001078  20020000	addi	r2,r0,#0
   54  0000107c  23e1ffd0	addi	r1,r31,#-48
   55  00001080  302100ff	andi	r1,r1,#0x00ff
   56  00001084  70210009	sleui	r1,r1,#9
   57  00001088  14200028	bnez	r1,L12_LF0
   58  0000108c  54000000	nop; not filled.
   59  00001090  23e1ff9f	addi	r1,r31,#-97
   60  00001094  302100ff	andi	r1,r1,#0x00ff
   61  00001098  70210005	sleui	r1,r1,#5
   62  0000109c  14200014	bnez	r1,L12_LF0
   63  000010a0  54000000	nop; not filled.
   64  000010a4  33e100ff	andi	r1,r31,#0x00ff
   65  000010a8  64210041	snei	r1,r1,#65
   66  000010ac  14200008	bnez	r1,L11_LF0
   67  000010b0  54000000	nop; not filled.
   68  000010b4          	L12_LF0:
   69  000010b4  20020001	addi	r2,r0,#1
   70  000010b8          	L11_LF0:
   71  000010b8  00020820	add	r1,r0,r2
   72  000010bc  8fa20000	lw	r2,0(r29)
   73  000010c0  8fdffff8	lw	r31,-8(r30)
   74  000010c4  001ee820	add	r29,r0,r30
   75  000010c8  8fdefffc	lw	r30,-4(r30)
   76  000010cc  4be00000	jr	r31
   77  000010d0  54000000	nop
   78  000010d4          	.endproc _isxdigit
   79  000010d4          	.data
   80  00003000          	.align 2
   81  00003000          	LC0_LF0:
   82  00003000  55736167	.ascii "Usage: \000"
   82  00003004  653a2000	
   83  00003008          	.align 2
   84  00003008          	LC1_LF0:
   85  00003008  203c6e75	.ascii " <number of processes to create>\n\000"
   85  0000300c  6d626572	
   85  00003010  206f6620	
   85  00003014  70726f63	
   85  00003018  65737365	
   85  0000301c  7320746f	
   85  00003020  20637265	
   85  00003024  6174653e	
   85  00003028  0a00    	
   86  0000302a          	.align 2
   87  0000302c          	LC2_LF0:
   88  0000302c  43726561	.ascii "Creating %d processes\n\000"
   88  00003030  74696e67	
   88  00003034  20256420	
   88  00003038  70726f63	
   88  0000303c  65737365	
   88  00003040  730a00  	
   89  00003043          	.align 2
   90  00003044          	LC3_LF0:
   91  00003044  4552524f	.ascii "ERROR: could not allocate shared memory page in \000"
   91  00003048  523a2063	
   91  0000304c  6f756c64	
   91  00003050  206e6f74	
   91  00003054  20616c6c	
   91  00003058  6f636174	
   91  0000305c  65207368	
   91  00003060  61726564	
   91  00003064  206d656d	
   91  00003068  6f727920	
   91  0000306c  70616765	
   91  00003070  20696e20	
   91  00003074  00      	
   92  00003075          	.align 2
   93  00003078          	LC4_LF0:
   94  00003078  2c206578	.ascii ", exiting...\n\000"
   94  0000307c  6974696e	
   94  00003080  672e2e2e	
   94  00003084  0a00    	
   95  00003086          	.align 2
   96  00003088          	LC5_LF0:
   97  00003088  436f756c	.ascii "Could not map the shared page to virtual address in \000"
   97  0000308c  64206e6f	
   97  00003090  74206d61	
   97  00003094  70207468	
   97  00003098  65207368	
   97  0000309c  61726564	
   97  000030a0  20706167	
   97  000030a4  6520746f	
   97  000030a8  20766972	
   97  000030ac  7475616c	
   97  000030b0  20616464	
   97  000030b4  72657373	
   97  000030b8  20696e20	
   97  000030bc  00      	
   98  000030bd          	.align 2
   99  000030c0          	LC6_LF0:
  100  000030c0  2c206578	.ascii ", exiting..\n\000"
  100  000030c4  6974696e	
  100  000030c8  672e2e0a	
  100  000030cc  00      	
  101  000030cd          	.align 2
  102  000030d0          	LC7_LF0:
  103  000030d0  42616420	.ascii "Bad sem_create in \000"
  103  000030d4  73656d5f	
  103  000030d8  63726561	
  103  000030dc  74652069	
  103  000030e0  6e2000  	
  104  000030e3          	.align 2
  105  000030e4          	LC8_LF0:
  106  000030e4  0a00    	.ascii "\n\000"
  107  000030e6          	.align 2
  108  000030e8          	LC9_LF0:
  109  000030e8  6c6f636b	.ascii "lock create failed\000"
  109  000030ec  20637265	
  109  000030f0  61746520	
  109  000030f4  6661696c	
  109  000030f8  656400  	
  110  000030fb          	.align 2
  111  000030fc          	LC10_LF0:
  112  000030fc  70726f64	.ascii "producer.dlx.obj\000"
  112  00003100  75636572	
  112  00003104  2e646c78	
  112  00003108  2e6f626a	
  112  0000310c  00      	
  113  0000310d          	.align 2
  114  00003110          	LC11_LF0:
  115  00003110  636f6e73	.ascii "consumer.dlx.obj\000"
  115  00003114  756d6572	
  115  00003118  2e646c78	
  115  0000311c  2e6f626a	
  115  00003120  00      	
  116  00003121          	.align 2
  117  00003124          	LC12_LF0:
  118  00003124  50726f63	.ascii "Process %d created\n\000"
  118  00003128  65737320	
  118  0000312c  25642063	
  118  00003130  72656174	
  118  00003134  65640a00	
  119  00003138          	.align 2
  120  00003138          	LC13_LF0:
  121  00003138  42616420	.ascii "Bad semaphore s_procs_completed (%d) in \000"
  121  0000313c  73656d61	
  121  00003140  70686f72	
  121  00003144  6520735f	
  121  00003148  70726f63	
  121  0000314c  735f636f	
  121  00003150  6d706c65	
  121  00003154  74656420	
  121  00003158  28256429	
  121  0000315c  20696e20	
  121  00003160  00      	
  122  00003161          	.align 2
  123  00003164          	LC14_LF0:
  124  00003164  416c6c20	.ascii "All other processes completed, exiting main process.\n\000"
  124  00003168  6f746865	
  124  0000316c  72207072	
  124  00003170  6f636573	
  124  00003174  73657320	
  124  00003178  636f6d70	
  124  0000317c  6c657465	
  124  00003180  642c2065	
  124  00003184  78697469	
  124  00003188  6e67206d	
  124  0000318c  61696e20	
  124  00003190  70726f63	
  124  00003194  6573732e	
  124  00003198  0a00    	
  125  0000319a          	.text
  126  000010d4          	.align 2
  127  000010d4          	.proc _main
  128  000010d4          	.global _main
  129  000010d4          	_main:
  130                      ;  Function 'main'; 48 bytes of locals, 0 regs to save.
  131  000010d4  afbefffc	sw	-4(r29),r30; push fp
  132  000010d8  001df020	add	r30,r0,r29; fp = sp
  133  000010dc  afbffff8	sw	-8(r29),r31; push ret addr
  134  000010e0  2fbd0038	subui	r29,r29,#56; alloc local storage
  135  000010e4  8fc20000	lw	r2,(r30)
  136  000010e8  8fc80004	lw	r8,4(r30)
  137  000010ec  0c0011e4	jal	___main
  138  000010f0  54000000	nop; not filled.
  139  000010f4  64410002	snei	r1,r2,#2
  140  000010f8  1020004c	beqz	r1,L14_LF0
  141  000010fc  54000000	nop; not filled.
  142  00001100  23bdfff8	addi	r29,r29,#-8
  143  00001104  3c0a0000	lhi	r10,((LC0_LF0)>>16)&0xffff
  144  00001108  254a3000	addui	r10,r10,(LC0_LF0)&0xffff
  145  0000110c  afaa0000	sw	(r29),r10
  146  00001110  0c0003b8	jal	_Printf
  147  00001114  54000000	nop; not filled.
  148  00001118  8d0a0000	lw	r10,(r8)
  149  0000111c  afaa0000	sw	(r29),r10
  150  00001120  0c0003a8	jal	_Printf
  151  00001124  54000000	nop; not filled.
  152  00001128  3c0a0000	lhi	r10,((LC1_LF0)>>16)&0xffff
  153  0000112c  254a3008	addui	r10,r10,(LC1_LF0)&0xffff
  154  00001130  afaa0000	sw	(r29),r10
  155  00001134  0c000394	jal	_Printf
  156  00001138  54000000	nop; not filled.
  157  0000113c  0c000440	jal	_Exit
  158  00001140  54000000	nop; not filled.
  159  00001144  23bd0008	addi	r29,r29,#8
  160  00001148          	L14_LF0:
  161  00001148  23bdfff0	addi	r29,r29,#-16
  162  0000114c  8d0a0004	lw	r10,4(r8)
  163  00001150  afaa0000	sw	(r29),r10
  164  00001154  200a0000	addi	r10,r0,#0
  165  00001158  afaa0004	sw	4(r29),r10
  166  0000115c  200a000a	addi	r10,r0,#10
  167  00001160  afaa0008	sw	8(r29),r10
  168  00001164  0c000cc4	jal	_dstrtol
  169  00001168  54000000	nop; not filled.
  170  0000116c  00013820	add	r7,r0,r1
  171  00001170  3c0a0000	lhi	r10,((LC2_LF0)>>16)&0xffff
  172  00001174  254a302c	addui	r10,r10,(LC2_LF0)&0xffff
  173  00001178  afaa0000	sw	(r29),r10
  174  0000117c  afa70004	sw	4(r29),r7
  175  00001180  0c000348	jal	_Printf
  176  00001184  54000000	nop; not filled.
  177  00001188  0c000364	jal	_shmget
  178  0000118c  54000000	nop; not filled.
  179  00001190  00011820	add	r3,r0,r1
  180  00001194  23bd0010	addi	r29,r29,#16
  181  00001198  64610000	snei	r1,r3,#0
  182  0000119c  1420004c	bnez	r1,L15_LF0
  183  000011a0  54000000	nop; not filled.
  184  000011a4  23bdfff8	addi	r29,r29,#-8
  185  000011a8  3c0a0000	lhi	r10,((LC3_LF0)>>16)&0xffff
  186  000011ac  254a3044	addui	r10,r10,(LC3_LF0)&0xffff
  187  000011b0  afaa0000	sw	(r29),r10
  188  000011b4  0c000314	jal	_Printf
  189  000011b8  54000000	nop; not filled.
  190  000011bc  8d0a0000	lw	r10,(r8)
  191  000011c0  afaa0000	sw	(r29),r10
  192  000011c4  0c000304	jal	_Printf
  193  000011c8  54000000	nop; not filled.
  194  000011cc  3c0a0000	lhi	r10,((LC4_LF0)>>16)&0xffff
  195  000011d0  254a3078	addui	r10,r10,(LC4_LF0)&0xffff
  196  000011d4  afaa0000	sw	(r29),r10
  197  000011d8  0c0002f0	jal	_Printf
  198  000011dc  54000000	nop; not filled.
  199  000011e0  0c00039c	jal	_Exit
  200  000011e4  54000000	nop; not filled.
  201  000011e8  23bd0008	addi	r29,r29,#8
  202  000011ec          	L15_LF0:
  203  000011ec  23bdfff8	addi	r29,r29,#-8
  204  000011f0  afa30000	sw	(r29),r3
  205  000011f4  0c000304	jal	_shmat
  206  000011f8  54000000	nop; not filled.
  207  000011fc  00011020	add	r2,r0,r1
  208  00001200  23bd0008	addi	r29,r29,#8
  209  00001204  64410000	snei	r1,r2,#0
  210  00001208  1420004c	bnez	r1,L16_LF0
  211  0000120c  54000000	nop; not filled.
  212  00001210  23bdfff8	addi	r29,r29,#-8
  213  00001214  3c0a0000	lhi	r10,((LC5_LF0)>>16)&0xffff
  214  00001218  254a3088	addui	r10,r10,(LC5_LF0)&0xffff
  215  0000121c  afaa0000	sw	(r29),r10
  216  00001220  0c0002a8	jal	_Printf
  217  00001224  54000000	nop; not filled.
  218  00001228  8d0a0000	lw	r10,(r8)
  219  0000122c  afaa0000	sw	(r29),r10
  220  00001230  0c000298	jal	_Printf
  221  00001234  54000000	nop; not filled.
  222  00001238  3c0a0000	lhi	r10,((LC6_LF0)>>16)&0xffff
  223  0000123c  254a30c0	addui	r10,r10,(LC6_LF0)&0xffff
  224  00001240  afaa0000	sw	(r29),r10
  225  00001244  0c000284	jal	_Printf
  226  00001248  54000000	nop; not filled.
  227  0000124c  0c000330	jal	_Exit
  228  00001250  54000000	nop; not filled.
  229  00001254  23bd0008	addi	r29,r29,#8
  230  00001258          	L16_LF0:
  231  00001258  ac47000c	sw	12(r2),r7
  232  0000125c  200a0000	addi	r10,r0,#0
  233  00001260  ac4a0010	sw	16(r2),r10
  234  00001264  ac4a0014	sw	20(r2),r10
  235  00001268  23bdfff8	addi	r29,r29,#-8
  236  0000126c  20010001	addi	r1,r0,#1
  237  00001270  00270822	sub	r1,r1,r7
  238  00001274  afa10000	sw	(r29),r1
  239  00001278  0c00028c	jal	_sem_create
  240  0000127c  54000000	nop; not filled.
  241  00001280  00013020	add	r6,r0,r1
  242  00001284  23bd0008	addi	r29,r29,#8
  243  00001288  60c1ffff	seqi	r1,r6,#-1
  244  0000128c  1020004c	beqz	r1,L17_LF0
  245  00001290  54000000	nop; not filled.
  246  00001294  23bdfff8	addi	r29,r29,#-8
  247  00001298  3c0a0000	lhi	r10,((LC7_LF0)>>16)&0xffff
  248  0000129c  254a30d0	addui	r10,r10,(LC7_LF0)&0xffff
  249  000012a0  afaa0000	sw	(r29),r10
  250  000012a4  0c000224	jal	_Printf
  251  000012a8  54000000	nop; not filled.
  252  000012ac  8d0a0000	lw	r10,(r8)
  253  000012b0  afaa0000	sw	(r29),r10
  254  000012b4  0c000214	jal	_Printf
  255  000012b8  54000000	nop; not filled.
  256  000012bc  3c0a0000	lhi	r10,((LC8_LF0)>>16)&0xffff
  257  000012c0  254a30e4	addui	r10,r10,(LC8_LF0)&0xffff
  258  000012c4  afaa0000	sw	(r29),r10
  259  000012c8  0c000200	jal	_Printf
  260  000012cc  54000000	nop; not filled.
  261  000012d0  0c0002ac	jal	_Exit
  262  000012d4  54000000	nop; not filled.
  263  000012d8  23bd0008	addi	r29,r29,#8
  264  000012dc          	L17_LF0:
  265  000012dc  0c00024c	jal	_lock_create
  266  000012e0  54000000	nop; not filled.
  267  000012e4  01210828	seq	r1,r9,r1
  268  000012e8  10200044	beqz	r1,L18_LF0
  269  000012ec  54000000	nop; not filled.
  270  000012f0  23bdfff8	addi	r29,r29,#-8
  271  000012f4  3c0a0000	lhi	r10,((LC9_LF0)>>16)&0xffff
  272  000012f8  254a30e8	addui	r10,r10,(LC9_LF0)&0xffff
  273  000012fc  afaa0000	sw	(r29),r10
  274  00001300  0c0001c8	jal	_Printf
  275  00001304  54000000	nop; not filled.
  276  00001308  8d0a0000	lw	r10,(r8)
  277  0000130c  afaa0000	sw	(r29),r10
  278  00001310  0c0001b8	jal	_Printf
  279  00001314  54000000	nop; not filled.
  280  00001318  3c0a0000	lhi	r10,((LC8_LF0)>>16)&0xffff
  281  0000131c  254a30e4	addui	r10,r10,(LC8_LF0)&0xffff
  282  00001320  afaa0000	sw	(r29),r10
  283  00001324  0c0001a4	jal	_Printf
  284  00001328  54000000	nop; not filled.
  285  0000132c  23bd0008	addi	r29,r29,#8
  286  00001330          	L18_LF0:
  287  00001330  23bdfff8	addi	r29,r29,#-8
  288  00001334  afa30000	sw	(r29),r3
  289  00001338  23c5ffe8	addi	r5,r30,#-24
  290  0000133c  afa50004	sw	4(r29),r5
  291  00001340  0c00095c	jal	_ditoa
  292  00001344  54000000	nop; not filled.
  293  00001348  afa60000	sw	(r29),r6
  294  0000134c  23c4ffd8	addi	r4,r30,#-40
  295  00001350  afa40004	sw	4(r29),r4
  296  00001354  0c000948	jal	_ditoa
  297  00001358  54000000	nop; not filled.
  298  0000135c  afa90000	sw	(r29),r9
  299  00001360  23c3ffc8	addi	r3,r30,#-56
  300  00001364  afa30004	sw	4(r29),r3
  301  00001368  0c000934	jal	_ditoa
  302  0000136c  54000000	nop; not filled.
  303  00001370  20020000	addi	r2,r0,#0
  304  00001374  23bd0008	addi	r29,r29,#8
  305  00001378  0047082a	slt	r1,r2,r7
  306  0000137c  10200074	beqz	r1,L20_LF0
  307  00001380  54000000	nop; not filled.
  308  00001384          	L22_LF0:
  309  00001384  23bdfff0	addi	r29,r29,#-16
  310  00001388  3c0a0000	lhi	r10,((LC10_LF0)>>16)&0xffff
  311  0000138c  254a30fc	addui	r10,r10,(LC10_LF0)&0xffff
  312  00001390  afaa0000	sw	(r29),r10
  313  00001394  afa50004	sw	4(r29),r5
  314  00001398  afa40008	sw	8(r29),r4
  315  0000139c  afa3000c	sw	12(r29),r3
  316  000013a0  0c000140	jal	_process_create
  317  000013a4  54000000	nop; not filled.
  318  000013a8  3c0a0000	lhi	r10,((LC11_LF0)>>16)&0xffff
  319  000013ac  254a3110	addui	r10,r10,(LC11_LF0)&0xffff
  320  000013b0  afaa0000	sw	(r29),r10
  321  000013b4  afa50004	sw	4(r29),r5
  322  000013b8  afa40008	sw	8(r29),r4
  323  000013bc  afa3000c	sw	12(r29),r3
  324  000013c0  0c000120	jal	_process_create
  325  000013c4  54000000	nop; not filled.
  326  000013c8  3c0a0000	lhi	r10,((LC12_LF0)>>16)&0xffff
  327  000013cc  254a3124	addui	r10,r10,(LC12_LF0)&0xffff
  328  000013d0  afaa0000	sw	(r29),r10
  329  000013d4  afa20004	sw	4(r29),r2
  330  000013d8  0c0000f0	jal	_Printf
  331  000013dc  54000000	nop; not filled.
  332  000013e0  23bd0010	addi	r29,r29,#16
  333  000013e4  20420001	addi	r2,r2,#1
  334  000013e8  0047082a	slt	r1,r2,r7
  335  000013ec  1420ff94	bnez	r1,L22_LF0
  336  000013f0  54000000	nop; not filled.
  337  000013f4          	L20_LF0:
  338  000013f4  23bdfff8	addi	r29,r29,#-8
  339  000013f8  afa60000	sw	(r29),r6
  340  000013fc  0c000114	jal	_sem_wait
  341  00001400  54000000	nop; not filled.
  342  00001404  23bd0008	addi	r29,r29,#8
  343  00001408  64210001	snei	r1,r1,#1
  344  0000140c  10200050	beqz	r1,L24_LF0
  345  00001410  54000000	nop; not filled.
  346  00001414  23bdfff8	addi	r29,r29,#-8
  347  00001418  3c0a0000	lhi	r10,((LC13_LF0)>>16)&0xffff
  348  0000141c  254a3138	addui	r10,r10,(LC13_LF0)&0xffff
  349  00001420  afaa0000	sw	(r29),r10
  350  00001424  afa60004	sw	4(r29),r6
  351  00001428  0c0000a0	jal	_Printf
  352  0000142c  54000000	nop; not filled.
  353  00001430  8d080000	lw	r8,(r8)
  354  00001434  afa80000	sw	(r29),r8
  355  00001438  0c000090	jal	_Printf
  356  0000143c  54000000	nop; not filled.
  357  00001440  3c0a0000	lhi	r10,((LC8_LF0)>>16)&0xffff
  358  00001444  254a30e4	addui	r10,r10,(LC8_LF0)&0xffff
  359  00001448  afaa0000	sw	(r29),r10
  360  0000144c  0c00007c	jal	_Printf
  361  00001450  54000000	nop; not filled.
  362  00001454  0c000128	jal	_Exit
  363  00001458  54000000	nop; not filled.
  364  0000145c  23bd0008	addi	r29,r29,#8
  365  00001460          	L24_LF0:
  366  00001460  23bdfff8	addi	r29,r29,#-8
  367  00001464  3c0a0000	lhi	r10,((LC14_LF0)>>16)&0xffff
  368  00001468  254a3164	addui	r10,r10,(LC14_LF0)&0xffff
  369  0000146c  afaa0000	sw	(r29),r10
  370  00001470  0c000058	jal	_Printf
  371  00001474  54000000	nop; not filled.
  372  00001478  23bd0008	addi	r29,r29,#8
  373  0000147c  0c000e48	jal	_exit
  374  00001480  54000000	nop
  375  00001484          	.endproc _main
  376                      ;;;
  377                      ;;; Stub functions for DLX traps.
  378                      ;;;
  379                      ;;; Ethan L. Miller, 1999.  Released to the public domain.
  380                      ;;;
  381                      ;;; The traps such as Open and Close
  382                      ;;; (note the capital letters) are for use by user programs.  The traps
  383                      ;;; with names such as open and close (lower case) are for use by the OS.
  384                      ;;;
  387  00001484          	.align 2
  389                      ;;; The following are the traps to be used by user-level programs
  390                      ;;;
  392  00001484          	.align 2
  393  00001484          	.proc _Open
  394  00001484          	.global _Open
  395  00001484          	_Open:
  396                      ;;; Note that trap #0x213 actually causes a trap vector in the OS of
  397                      ;;; 0x1213.  The same is true for other user traps.  Thus, a user trap
  398                      ;;; with trap #0x240 will result in a trap vector of 0x1240 in the OS.
  399  00001484  44000213	trap	#0x213
  400  00001488  4be00000	jr	r31
  401  0000148c  54000000	nop
  402  00001490          	.endproc _Open
  404  00001490          	.proc _Close
  405  00001490          	.global _Close
  406  00001490          	_Close:
  407  00001490  44000214	trap	#0x214
  408  00001494  4be00000	jr	r31
  409  00001498  54000000	nop
  410  0000149c          	.endproc _Close
  412  0000149c          	.proc _Read
  413  0000149c          	.global _Read
  414  0000149c          	_Read:
  415  0000149c  44000210	trap	#0x210
  416  000014a0  4be00000	jr	r31
  417  000014a4  54000000	nop
  418  000014a8          	.endproc _Read
  420  000014a8          	.proc _Write
  421  000014a8          	.global _Write
  422  000014a8          	_Write:
  423  000014a8  44000211	trap	#0x211
  424  000014ac  4be00000	jr	r31
  425  000014b0  54000000	nop
  426  000014b4          	.endproc _Write
  428  000014b4          	.proc _Lseek
  429  000014b4          	.global _Lseek
  430  000014b4          	_Lseek:
  431  000014b4  44000212	trap	#0x212
  432  000014b8  4be00000	jr	r31
  433  000014bc  54000000	nop
  434  000014c0          	.endproc _Lseek
  436  000014c0          	.proc _Putchar
  437  000014c0          	.global _Putchar
  438  000014c0          	_Putchar:
  439  000014c0  44000280	trap	#0x280
  440  000014c4  4be00000	jr	r31
  441  000014c8  54000000	nop
  442  000014cc          	.endproc _Putchar
  444  000014cc          	.proc _Printf
  445  000014cc          	.global _Printf
  446  000014cc          	_Printf:
  447  000014cc  44000201	trap	#0x201
  448  000014d0  4be00000	jr	r31
  449  000014d4  54000000	nop
  450  000014d8          	.endproc _Printf
  452  000014d8          	.proc _getpid
  453  000014d8          	.global _getpid
  454  000014d8          	_getpid:
  455  000014d8  44000431	trap	#0x431
  456  000014dc  4be00000	jr	r31
  457  000014e0  54000000	nop
  458  000014e4          	.endproc _getpid
  460  000014e4          	.proc _process_create
  461  000014e4          	.global _process_create
  462  000014e4          	_process_create:
  463  000014e4  44000432	trap	#0x432
  464  000014e8  4be00000	jr	r31
  465  000014ec  54000000	nop
  466  000014f0          	.endproc _process_create
  468  000014f0          	.proc _shmget
  469  000014f0          	.global _shmget
  470  000014f0          	_shmget:
  471  000014f0  44000440	trap	#0x440
  472  000014f4  4be00000	jr	r31
  473  000014f8  54000000	nop
  474  000014fc          	.endproc _shmget
  476  000014fc          	.proc _shmat
  477  000014fc          	.global _shmat
  478  000014fc          	_shmat:
  479  000014fc  44000441	trap	#0x441
  480  00001500  4be00000	jr	r31
  481  00001504  54000000	nop
  482  00001508          	.endproc _shmat
  484  00001508          	.proc _sem_create
  485  00001508          	.global _sem_create
  486  00001508          	_sem_create:
  487  00001508  44000450	trap	#0x450
  488  0000150c  4be00000	jr	r31
  489  00001510  54000000	nop
  490  00001514          	.endproc _sem_create
  492  00001514          	.proc _sem_wait
  493  00001514          	.global _sem_wait
  494  00001514          	_sem_wait:
  495  00001514  44000451	trap	#0x451
  496  00001518  4be00000	jr	r31
  497  0000151c  54000000	nop
  498  00001520          	.endproc _sem_wait
  500  00001520          	.proc _sem_signal
  501  00001520          	.global _sem_signal
  502  00001520          	_sem_signal:
  503  00001520  44000452	trap	#0x452
  504  00001524  4be00000	jr	r31
  505  00001528  54000000	nop
  506  0000152c          	.endproc _sem_signal
  508  0000152c          	.proc _lock_create
  509  0000152c          	.global _lock_create
  510  0000152c          	_lock_create:
  511  0000152c  44000453	trap	#0x453
  512  00001530  4be00000	jr	r31
  513  00001534  54000000	nop
  514  00001538          	.endproc _lock_create
  516  00001538          	.proc _lock_acquire
  517  00001538          	.global _lock_acquire
  518  00001538          	_lock_acquire:
  519  00001538  44000454	trap	#0x454
  520  0000153c  4be00000	jr	r31
  521  00001540  54000000	nop
  522  00001544          	.endproc _lock_acquire
  524  00001544          	.proc _lock_release
  525  00001544          	.global _lock_release
  526  00001544          	_lock_release:
  527  00001544  44000455	trap	#0x455
  528  00001548  4be00000	jr	r31
  529  0000154c  54000000	nop
  530  00001550          	.endproc _lock_release
  532  00001550          	.proc _cond_create
  533  00001550          	.global _cond_create
  534  00001550          	_cond_create:
  535  00001550  44000456	trap	#0x456
  536  00001554  4be00000	jr	r31
  537  00001558  54000000	nop
  538  0000155c          	.endproc _cond_create
  540  0000155c          	.proc _cond_wait
  541  0000155c          	.global _cond_wait
  542  0000155c          	_cond_wait:
  543  0000155c  44000457	trap	#0x457
  544  00001560  4be00000	jr	r31
  545  00001564  54000000	nop
  546  00001568          	.endproc _cond_wait
  548  00001568          	.proc _cond_signal
  549  00001568          	.global _cond_signal
  550  00001568          	_cond_signal:
  551  00001568  44000458	trap	#0x458
  552  0000156c  4be00000	jr	r31
  553  00001570  54000000	nop
  554  00001574          	.endproc _cond_signal
  556  00001574          	.proc _cond_broadcast
  557  00001574          	.global _cond_broadcast
  558  00001574          	_cond_broadcast:
  559  00001574  44000455	trap	#0x455
  560  00001578  4be00000	jr	r31
  561  0000157c  54000000	nop
  562  00001580          	.endproc _cond_broadcast
  564  00001580          	.proc _Exit
  565  00001580          	.global _Exit
  566  00001580          	_Exit:
  567  00001580  44000500	trap	#0x500
  568  00001584  4be00000	jr	r31
  569  00001588  54000000	nop
  570  0000158c          	.endproc _Exit
  571                      ; Compiled by GCC
  573  0000158c          	.align 2
  574  0000158c          	.proc _isspace
  575  0000158c          	.global _isspace
  576  0000158c          	_isspace:
  577                      ;  Function 'isspace'; 0 bytes of locals, 3 regs to save.
  578  0000158c  afbefffc	sw	-4(r29),r30; push fp
  579  00001590  001df020	add	r30,r0,r29; fp = sp
  580  00001594  afbffff8	sw	-8(r29),r31; push ret addr
  581  00001598  2fbd0018	subui	r29,r29,#24; alloc local storage
  582  0000159c  afa20000	sw	0(r29),r2
  583  000015a0  afa30004	sw	4(r29),r3
  584  000015a4  afa40008	sw	8(r29),r4
  585  000015a8  83c20003	lb	r2,3(r30)
  586  000015ac  20010000	addi	r1,r0,#0
  587  000015b0  304300ff	andi	r3,r2,#0x00ff
  588  000015b4  60640020	seqi	r4,r3,#32
  589  000015b8  1480002c	bnez	r4,L3_LF2
  590  000015bc  54000000	nop; delay slot nop
  591  000015c0  304300ff	andi	r3,r2,#0x00ff
  592  000015c4  60640009	seqi	r4,r3,#9
  593  000015c8  1480001c	bnez	r4,L3_LF2
  594  000015cc  54000000	nop; delay slot nop
  595  000015d0  304300ff	andi	r3,r2,#0x00ff
  596  000015d4  6064000a	seqi	r4,r3,#10
  597  000015d8  1480000c	bnez	r4,L3_LF2
  598  000015dc  54000000	nop; delay slot nop
  599  000015e0  08000008	j	L2_LF2
  600  000015e4  54000000	nop; delay slot nop
  601  000015e8          	L3_LF2:
  602  000015e8  20010001	addi	r1,r0,#1
  603  000015ec          	L2_LF2:
  604  000015ec  08000004	j	L1_LF2
  605  000015f0  54000000	nop; delay slot nop
  606  000015f4          	L1_LF2:
  607  000015f4  8fa20000	lw	r2,0(r29)
  608  000015f8  8fa30004	lw	r3,4(r29)
  609  000015fc  8fa40008	lw	r4,8(r29)
  610  00001600  8fdffff8	lw	r31,-8(r30)
  611  00001604  001ee820	add	r29,r0,r30
  612  00001608  8fdefffc	lw	r30,-4(r30)
  613  0000160c  4be00000	jr	r31
  614  00001610  54000000	nop
  615  00001614          	.endproc _isspace
  616  00001614          	.align 2
  617  00001614          	.proc _isxdigit
  618  00001614          	.global _isxdigit
  619  00001614          	_isxdigit:
  620                      ;  Function 'isxdigit'; 0 bytes of locals, 3 regs to save.
  621  00001614  afbefffc	sw	-4(r29),r30; push fp
  622  00001618  001df020	add	r30,r0,r29; fp = sp
  623  0000161c  afbffff8	sw	-8(r29),r31; push ret addr
  624  00001620  2fbd0018	subui	r29,r29,#24; alloc local storage
  625  00001624  afa20000	sw	0(r29),r2
  626  00001628  afa30004	sw	4(r29),r3
  627  0000162c  afa40008	sw	8(r29),r4
  628  00001630  83c20003	lb	r2,3(r30)
  629  00001634  20010000	addi	r1,r0,#0
  630  00001638  304300ff	andi	r3,r2,#0x00ff
  631  0000163c  6c64002f	sgtui	r4,r3,#47
  632  00001640  1080001c	beqz	r4,L7_LF2
  633  00001644  54000000	nop; delay slot nop
  634  00001648  304300ff	andi	r3,r2,#0x00ff
  635  0000164c  70640039	sleui	r4,r3,#57
  636  00001650  1480005c	bnez	r4,L6_LF2
  637  00001654  54000000	nop; delay slot nop
  638  00001658  08000004	j	L7_LF2
  639  0000165c  54000000	nop; delay slot nop
  640  00001660          	L7_LF2:
  641  00001660  304300ff	andi	r3,r2,#0x00ff
  642  00001664  6c640060	sgtui	r4,r3,#96
  643  00001668  1080001c	beqz	r4,L8_LF2
  644  0000166c  54000000	nop; delay slot nop
  645  00001670  304300ff	andi	r3,r2,#0x00ff
  646  00001674  70640066	sleui	r4,r3,#102
  647  00001678  14800034	bnez	r4,L6_LF2
  648  0000167c  54000000	nop; delay slot nop
  649  00001680  08000004	j	L8_LF2
  650  00001684  54000000	nop; delay slot nop
  651  00001688          	L8_LF2:
  652  00001688  304300ff	andi	r3,r2,#0x00ff
  653  0000168c  6c640040	sgtui	r4,r3,#64
  654  00001690  10800020	beqz	r4,L5_LF2
  655  00001694  54000000	nop; delay slot nop
  656  00001698  304300ff	andi	r3,r2,#0x00ff
  657  0000169c  70640041	sleui	r4,r3,#65
  658  000016a0  1480000c	bnez	r4,L6_LF2
  659  000016a4  54000000	nop; delay slot nop
  660  000016a8  08000008	j	L5_LF2
  661  000016ac  54000000	nop; delay slot nop
  662  000016b0          	L6_LF2:
  663  000016b0  20010001	addi	r1,r0,#1
  664  000016b4          	L5_LF2:
  665  000016b4  08000004	j	L4_LF2
  666  000016b8  54000000	nop; delay slot nop
  667  000016bc          	L4_LF2:
  668  000016bc  8fa20000	lw	r2,0(r29)
  669  000016c0  8fa30004	lw	r3,4(r29)
  670  000016c4  8fa40008	lw	r4,8(r29)
  671  000016c8  8fdffff8	lw	r31,-8(r30)
  672  000016cc  001ee820	add	r29,r0,r30
  673  000016d0  8fdefffc	lw	r30,-4(r30)
  674  000016d4  4be00000	jr	r31
  675  000016d8  54000000	nop
  676  000016dc          	.endproc _isxdigit
  677  000016dc          	.align 2
  678  000016dc          	.proc _dstrcpy
  679  000016dc          	.global _dstrcpy
  680  000016dc          	_dstrcpy:
  681                      ;  Function 'dstrcpy'; 8 bytes of locals, 2 regs to save.
  682  000016dc  afbefffc	sw	-4(r29),r30; push fp
  683  000016e0  001df020	add	r30,r0,r29; fp = sp
  684  000016e4  afbffff8	sw	-8(r29),r31; push ret addr
  685  000016e8  2fbd0018	subui	r29,r29,#24; alloc local storage
  686  000016ec  afa20000	sw	0(r29),r2
  687  000016f0  afa30004	sw	4(r29),r3
  688  000016f4  8fc10000	lw	r1,(r30)
  689  000016f8  afc1fff4	sw	-12(r30),r1
  690  000016fc          	L10_LF2:
  691  000016fc  8fc10000	lw	r1,(r30)
  692  00001700  20220001	addi	r2,r1,#1
  693  00001704  afc20000	sw	(r30),r2
  694  00001708  8fc20004	lw	r2,4(r30)
  695  0000170c  20430001	addi	r3,r2,#1
  696  00001710  afc30004	sw	4(r30),r3
  697  00001714  80420000	lb	r2,(r2)
  698  00001718  a0220000	sb	(r1),r2
  699  0000171c  a3c2fff3	sb	-13(r30),r2
  700  00001720          	L12_LF2:
  701  00001720  93c1fff3	lbu	r1,-13(r30)
  702  00001724  64220000	snei	r2,r1,#0
  703  00001728  1440000c	bnez	r2,L13_LF2
  704  0000172c  54000000	nop; delay slot nop
  705  00001730  0800000c	j	L11_LF2
  706  00001734  54000000	nop; delay slot nop
  707  00001738          	L13_LF2:
  708  00001738  0bffffc0	j	L10_LF2
  709  0000173c  54000000	nop; delay slot nop
  710  00001740          	L11_LF2:
  711  00001740  8fc1fff4	lw	r1,-12(r30)
  712  00001744  08000004	j	L9_LF2
  713  00001748  54000000	nop; delay slot nop
  714  0000174c          	L9_LF2:
  715  0000174c  8fa20000	lw	r2,0(r29)
  716  00001750  8fa30004	lw	r3,4(r29)
  717  00001754  8fdffff8	lw	r31,-8(r30)
  718  00001758  001ee820	add	r29,r0,r30
  719  0000175c  8fdefffc	lw	r30,-4(r30)
  720  00001760  4be00000	jr	r31
  721  00001764  54000000	nop
  722  00001768          	.endproc _dstrcpy
  723  00001768          	.align 2
  724  00001768          	.proc _dstrncpy
  725  00001768          	.global _dstrncpy
  726  00001768          	_dstrncpy:
  727                      ;  Function 'dstrncpy'; 8 bytes of locals, 2 regs to save.
  728  00001768  afbefffc	sw	-4(r29),r30; push fp
  729  0000176c  001df020	add	r30,r0,r29; fp = sp
  730  00001770  afbffff8	sw	-8(r29),r31; push ret addr
  731  00001774  2fbd0018	subui	r29,r29,#24; alloc local storage
  732  00001778  afa20000	sw	0(r29),r2
  733  0000177c  afa30004	sw	4(r29),r3
  734  00001780  8fc10000	lw	r1,(r30)
  735  00001784  afc1fff4	sw	-12(r30),r1
  736  00001788          	L15_LF2:
  737  00001788  8fc10008	lw	r1,8(r30)
  738  0000178c  2022ffff	addi	r2,r1,#-1
  739  00001790  afc20008	sw	8(r30),r2
  740  00001794  70210000	slei	r1,r1,#0
  741  00001798  1020000c	beqz	r1,L18_LF2
  742  0000179c  54000000	nop; delay slot nop
  743  000017a0  08000048	j	L16_LF2
  744  000017a4  54000000	nop; delay slot nop
  745  000017a8          	L18_LF2:
  746  000017a8  8fc10000	lw	r1,(r30)
  747  000017ac  20220001	addi	r2,r1,#1
  748  000017b0  afc20000	sw	(r30),r2
  749  000017b4  8fc20004	lw	r2,4(r30)
  750  000017b8  20430001	addi	r3,r2,#1
  751  000017bc  afc30004	sw	4(r30),r3
  752  000017c0  80420000	lb	r2,(r2)
  753  000017c4  a0220000	sb	(r1),r2
  754  000017c8  a3c2fff3	sb	-13(r30),r2
  755  000017cc          	L17_LF2:
  756  000017cc  93c1fff3	lbu	r1,-13(r30)
  757  000017d0  64220000	snei	r2,r1,#0
  758  000017d4  1440000c	bnez	r2,L19_LF2
  759  000017d8  54000000	nop; delay slot nop
  760  000017dc  0800000c	j	L16_LF2
  761  000017e0  54000000	nop; delay slot nop
  762  000017e4          	L19_LF2:
  763  000017e4  0bffffa0	j	L15_LF2
  764  000017e8  54000000	nop; delay slot nop
  765  000017ec          	L16_LF2:
  766  000017ec  8fc1fff4	lw	r1,-12(r30)
  767  000017f0  08000004	j	L14_LF2
  768  000017f4  54000000	nop; delay slot nop
  769  000017f8          	L14_LF2:
  770  000017f8  8fa20000	lw	r2,0(r29)
  771  000017fc  8fa30004	lw	r3,4(r29)
  772  00001800  8fdffff8	lw	r31,-8(r30)
  773  00001804  001ee820	add	r29,r0,r30
  774  00001808  8fdefffc	lw	r30,-4(r30)
  775  0000180c  4be00000	jr	r31
  776  00001810  54000000	nop
  777  00001814          	.endproc _dstrncpy
  778  00001814          	.align 2
  779  00001814          	.proc _dstrcat
  780  00001814          	.global _dstrcat
  781  00001814          	_dstrcat:
  782                      ;  Function 'dstrcat'; 8 bytes of locals, 1 regs to save.
  783  00001814  afbefffc	sw	-4(r29),r30; push fp
  784  00001818  001df020	add	r30,r0,r29; fp = sp
  785  0000181c  afbffff8	sw	-8(r29),r31; push ret addr
  786  00001820  2fbd0018	subui	r29,r29,#24; alloc local storage
  787  00001824  afa20000	sw	0(r29),r2
  788  00001828  8fc10000	lw	r1,(r30)
  789  0000182c  afc1fff4	sw	-12(r30),r1
  790  00001830          	L21_LF2:
  791  00001830  8fc10000	lw	r1,(r30)
  792  00001834  90220000	lbu	r2,(r1)
  793  00001838  64410000	snei	r1,r2,#0
  794  0000183c  1420000c	bnez	r1,L23_LF2
  795  00001840  54000000	nop; delay slot nop
  796  00001844  0800001c	j	L22_LF2
  797  00001848  54000000	nop; delay slot nop
  798  0000184c          	L23_LF2:
  799  0000184c  8fc20000	lw	r2,(r30)
  800  00001850  20410001	addi	r1,r2,#1
  801  00001854  00011020	add	r2,r0,r1
  802  00001858  afc20000	sw	(r30),r2
  803  0000185c  0bffffd0	j	L21_LF2
  804  00001860  54000000	nop; delay slot nop
  805  00001864          	L22_LF2:
  806  00001864  23bdfff8	addi	r29,r29,#-8
  807  00001868  001d0820	add	r1,r0,r29
  808  0000186c  8fc20000	lw	r2,(r30)
  809  00001870  ac220000	sw	(r1),r2
  810  00001874  8fc20004	lw	r2,4(r30)
  811  00001878  ac220004	sw	4(r1),r2
  812  0000187c  0ffffe5c	jal	_dstrcpy
  813  00001880  54000000	nop; delay slot nop
  814  00001884  23bd0008	addi	r29,r29,#8
  815  00001888  8fc1fff4	lw	r1,-12(r30)
  816  0000188c  08000004	j	L20_LF2
  817  00001890  54000000	nop; delay slot nop
  818  00001894          	L20_LF2:
  819  00001894  8fa20000	lw	r2,0(r29)
  820  00001898  8fdffff8	lw	r31,-8(r30)
  821  0000189c  001ee820	add	r29,r0,r30
  822  000018a0  8fdefffc	lw	r30,-4(r30)
  823  000018a4  4be00000	jr	r31
  824  000018a8  54000000	nop
  825  000018ac          	.endproc _dstrcat
  826  000018ac          	.align 2
  827  000018ac          	.proc _dstrncmp
  828  000018ac          	.global _dstrncmp
  829  000018ac          	_dstrncmp:
  830                      ;  Function 'dstrncmp'; 8 bytes of locals, 2 regs to save.
  831  000018ac  afbefffc	sw	-4(r29),r30; push fp
  832  000018b0  001df020	add	r30,r0,r29; fp = sp
  833  000018b4  afbffff8	sw	-8(r29),r31; push ret addr
  834  000018b8  2fbd0018	subui	r29,r29,#24; alloc local storage
  835  000018bc  afa20000	sw	0(r29),r2
  836  000018c0  afa30004	sw	4(r29),r3
  837  000018c4  54000000	nop
  838  000018c8  20010000	addi	r1,r0,#0
  839  000018cc  afc1fff4	sw	-12(r30),r1
  840  000018d0          	L25_LF2:
  841  000018d0  8fc1fff4	lw	r1,-12(r30)
  842  000018d4  8fc20008	lw	r2,8(r30)
  843  000018d8  0022082a	slt	r1,r1,r2
  844  000018dc  1420000c	bnez	r1,L28_LF2
  845  000018e0  54000000	nop; delay slot nop
  846  000018e4  08000088	j	L26_LF2
  847  000018e8  54000000	nop; delay slot nop
  848  000018ec          	L28_LF2:
  849  000018ec  8fc10004	lw	r1,4(r30)
  850  000018f0  90220000	lbu	r2,(r1)
  851  000018f4  64410000	snei	r1,r2,#0
  852  000018f8  14200018	bnez	r1,L29_LF2
  853  000018fc  54000000	nop; delay slot nop
  854  00001900  20010000	addi	r1,r0,#0
  855  00001904  080000d8	j	L24_LF2
  856  00001908  54000000	nop; delay slot nop
  857  0000190c  08000028	j	L30_LF2
  858  00001910  54000000	nop; delay slot nop
  859  00001914          	L29_LF2:
  860  00001914  8fc10000	lw	r1,(r30)
  861  00001918  8fc20004	lw	r2,4(r30)
  862  0000191c  90210000	lbu	r1,(r1)
  863  00001920  90420000	lbu	r2,(r2)
  864  00001924  00220829	sne	r1,r1,r2
  865  00001928  1020000c	beqz	r1,L30_LF2
  866  0000192c  54000000	nop; delay slot nop
  867  00001930  0800003c	j	L26_LF2
  868  00001934  54000000	nop; delay slot nop
  869  00001938          	L31_LF2:
  870  00001938          	L30_LF2:
  871  00001938  8fc20000	lw	r2,(r30)
  872  0000193c  20410001	addi	r1,r2,#1
  873  00001940  00011020	add	r2,r0,r1
  874  00001944  afc20000	sw	(r30),r2
  875  00001948  8fc20004	lw	r2,4(r30)
  876  0000194c  20410001	addi	r1,r2,#1
  877  00001950  00011020	add	r2,r0,r1
  878  00001954  afc20004	sw	4(r30),r2
  879  00001958          	L27_LF2:
  880  00001958  8fc2fff4	lw	r2,-12(r30)
  881  0000195c  20410001	addi	r1,r2,#1
  882  00001960  00011020	add	r2,r0,r1
  883  00001964  afc2fff4	sw	-12(r30),r2
  884  00001968  0bffff64	j	L25_LF2
  885  0000196c  54000000	nop; delay slot nop
  886  00001970          	L26_LF2:
  887  00001970  8fc1fff4	lw	r1,-12(r30)
  888  00001974  8fc20008	lw	r2,8(r30)
  889  00001978  00220828	seq	r1,r1,r2
  890  0000197c  10200018	beqz	r1,L32_LF2
  891  00001980  54000000	nop; delay slot nop
  892  00001984  20010000	addi	r1,r0,#0
  893  00001988  08000054	j	L24_LF2
  894  0000198c  54000000	nop; delay slot nop
  895  00001990  0800004c	j	L33_LF2
  896  00001994  54000000	nop; delay slot nop
  897  00001998          	L32_LF2:
  898  00001998  8fc20000	lw	r2,(r30)
  899  0000199c  90410000	lbu	r1,(r2)
  900  000019a0  8fc20004	lw	r2,4(r30)
  901  000019a4  90430000	lbu	r3,(r2)
  902  000019a8  00230822	sub	r1,r1,r3
  903  000019ac  74220000	sgei	r2,r1,#0
  904  000019b0  10400020	beqz	r2,L34_LF2
  905  000019b4  54000000	nop; delay slot nop
  906  000019b8  8fc10000	lw	r1,(r30)
  907  000019bc  8fc20004	lw	r2,4(r30)
  908  000019c0  90210000	lbu	r1,(r1)
  909  000019c4  90420000	lbu	r2,(r2)
  910  000019c8  00220829	sne	r1,r1,r2
  911  000019cc  08000008	j	L35_LF2
  912  000019d0  54000000	nop; delay slot nop
  913  000019d4          	L34_LF2:
  914  000019d4  2001ffff	addi	r1,r0,#-1
  915  000019d8          	L35_LF2:
  916  000019d8  08000004	j	L24_LF2
  917  000019dc  54000000	nop; delay slot nop
  918  000019e0          	L33_LF2:
  919  000019e0          	L24_LF2:
  920  000019e0  8fa20000	lw	r2,0(r29)
  921  000019e4  8fa30004	lw	r3,4(r29)
  922  000019e8  8fdffff8	lw	r31,-8(r30)
  923  000019ec  001ee820	add	r29,r0,r30
  924  000019f0  8fdefffc	lw	r30,-4(r30)
  925  000019f4  4be00000	jr	r31
  926  000019f8  54000000	nop
  927  000019fc          	.endproc _dstrncmp
  928  000019fc          	.align 2
  929  000019fc          	.proc _dstrlen
  930  000019fc          	.global _dstrlen
  931  000019fc          	_dstrlen:
  932                      ;  Function 'dstrlen'; 8 bytes of locals, 1 regs to save.
  933  000019fc  afbefffc	sw	-4(r29),r30; push fp
  934  00001a00  001df020	add	r30,r0,r29; fp = sp
  935  00001a04  afbffff8	sw	-8(r29),r31; push ret addr
  936  00001a08  2fbd0018	subui	r29,r29,#24; alloc local storage
  937  00001a0c  afa20000	sw	0(r29),r2
  938  00001a10  20010000	addi	r1,r0,#0
  939  00001a14  afc1fff4	sw	-12(r30),r1
  940  00001a18          	L37_LF2:
  941  00001a18  8fc10000	lw	r1,(r30)
  942  00001a1c  20220001	addi	r2,r1,#1
  943  00001a20  afc20000	sw	(r30),r2
  944  00001a24  90210000	lbu	r1,(r1)
  945  00001a28  64220000	snei	r2,r1,#0
  946  00001a2c  1440000c	bnez	r2,L39_LF2
  947  00001a30  54000000	nop; delay slot nop
  948  00001a34  0800001c	j	L38_LF2
  949  00001a38  54000000	nop; delay slot nop
  950  00001a3c          	L39_LF2:
  951  00001a3c  8fc2fff4	lw	r2,-12(r30)
  952  00001a40  20410001	addi	r1,r2,#1
  953  00001a44  00011020	add	r2,r0,r1
  954  00001a48  afc2fff4	sw	-12(r30),r2
  955  00001a4c  0bffffc8	j	L37_LF2
  956  00001a50  54000000	nop; delay slot nop
  957  00001a54          	L38_LF2:
  958  00001a54  8fc1fff4	lw	r1,-12(r30)
  959  00001a58  08000004	j	L36_LF2
  960  00001a5c  54000000	nop; delay slot nop
  961  00001a60          	L36_LF2:
  962  00001a60  8fa20000	lw	r2,0(r29)
  963  00001a64  8fdffff8	lw	r31,-8(r30)
  964  00001a68  001ee820	add	r29,r0,r30
  965  00001a6c  8fdefffc	lw	r30,-4(r30)
  966  00001a70  4be00000	jr	r31
  967  00001a74  54000000	nop
  968  00001a78          	.endproc _dstrlen
  969  00001a78          	.align 2
  970  00001a78          	.proc _dstrstr
  971  00001a78          	.global _dstrstr
  972  00001a78          	_dstrstr:
  973                      ;  Function 'dstrstr'; 8 bytes of locals, 1 regs to save.
  974  00001a78  afbefffc	sw	-4(r29),r30; push fp
  975  00001a7c  001df020	add	r30,r0,r29; fp = sp
  976  00001a80  afbffff8	sw	-8(r29),r31; push ret addr
  977  00001a84  2fbd0018	subui	r29,r29,#24; alloc local storage
  978  00001a88  afa20000	sw	0(r29),r2
  979  00001a8c  23bdfff8	addi	r29,r29,#-8
  980  00001a90  001d0820	add	r1,r0,r29
  981  00001a94  8fc20004	lw	r2,4(r30)
  982  00001a98  ac220000	sw	(r1),r2
  983  00001a9c  0fffff5c	jal	_dstrlen
  984  00001aa0  54000000	nop; delay slot nop
  985  00001aa4  23bd0008	addi	r29,r29,#8
  986  00001aa8  afc1fff4	sw	-12(r30),r1
  987  00001aac          	L41_LF2:
  988  00001aac  8fc10000	lw	r1,(r30)
  989  00001ab0  90220000	lbu	r2,(r1)
  990  00001ab4  64410000	snei	r1,r2,#0
  991  00001ab8  1420000c	bnez	r1,L43_LF2
  992  00001abc  54000000	nop; delay slot nop
  993  00001ac0  08000060	j	L42_LF2
  994  00001ac4  54000000	nop; delay slot nop
  995  00001ac8          	L43_LF2:
  996  00001ac8  23bdfff0	addi	r29,r29,#-16
  997  00001acc  001d0820	add	r1,r0,r29
  998  00001ad0  8fc20000	lw	r2,(r30)
  999  00001ad4  ac220000	sw	(r1),r2
 1000  00001ad8  8fc20004	lw	r2,4(r30)
 1001  00001adc  ac220004	sw	4(r1),r2
 1002  00001ae0  8fc2fff4	lw	r2,-12(r30)
 1003  00001ae4  ac220008	sw	8(r1),r2
 1004  00001ae8  0ffffdc0	jal	_dstrncmp
 1005  00001aec  54000000	nop; delay slot nop
 1006  00001af0  23bd0010	addi	r29,r29,#16
 1007  00001af4  64220000	snei	r2,r1,#0
 1008  00001af8  14400010	bnez	r2,L44_LF2
 1009  00001afc  54000000	nop; delay slot nop
 1010  00001b00  8fc10000	lw	r1,(r30)
 1011  00001b04  08000028	j	L40_LF2
 1012  00001b08  54000000	nop; delay slot nop
 1013  00001b0c          	L44_LF2:
 1014  00001b0c  8fc20000	lw	r2,(r30)
 1015  00001b10  20410001	addi	r1,r2,#1
 1016  00001b14  00011020	add	r2,r0,r1
 1017  00001b18  afc20000	sw	(r30),r2
 1018  00001b1c  0bffff8c	j	L41_LF2
 1019  00001b20  54000000	nop; delay slot nop
 1020  00001b24          	L42_LF2:
 1021  00001b24  20010000	addi	r1,r0,#0
 1022  00001b28  08000004	j	L40_LF2
 1023  00001b2c  54000000	nop; delay slot nop
 1024  00001b30          	L40_LF2:
 1025  00001b30  8fa20000	lw	r2,0(r29)
 1026  00001b34  8fdffff8	lw	r31,-8(r30)
 1027  00001b38  001ee820	add	r29,r0,r30
 1028  00001b3c  8fdefffc	lw	r30,-4(r30)
 1029  00001b40  4be00000	jr	r31
 1030  00001b44  54000000	nop
 1031  00001b48          	.endproc _dstrstr
 1032  00001b48          	.align 2
 1033  00001b48          	.proc _dmindex
 1034  00001b48          	.global _dmindex
 1035  00001b48          	_dmindex:
 1036                      ;  Function 'dmindex'; 8 bytes of locals, 1 regs to save.
 1037  00001b48  afbefffc	sw	-4(r29),r30; push fp
 1038  00001b4c  001df020	add	r30,r0,r29; fp = sp
 1039  00001b50  afbffff8	sw	-8(r29),r31; push ret addr
 1040  00001b54  2fbd0018	subui	r29,r29,#24; alloc local storage
 1041  00001b58  afa20000	sw	0(r29),r2
 1042  00001b5c  54000000	nop
 1043  00001b60          	L46_LF2:
 1044  00001b60  8fc10000	lw	r1,(r30)
 1045  00001b64  90220000	lbu	r2,(r1)
 1046  00001b68  64410000	snei	r1,r2,#0
 1047  00001b6c  1420000c	bnez	r1,L48_LF2
 1048  00001b70  54000000	nop; delay slot nop
 1049  00001b74  08000070	j	L47_LF2
 1050  00001b78  54000000	nop; delay slot nop
 1051  00001b7c          	L48_LF2:
 1052  00001b7c  8fc10004	lw	r1,4(r30)
 1053  00001b80  afc1fff4	sw	-12(r30),r1
 1054  00001b84          	L49_LF2:
 1055  00001b84  8fc1fff4	lw	r1,-12(r30)
 1056  00001b88  90220000	lbu	r2,(r1)
 1057  00001b8c  64410000	snei	r1,r2,#0
 1058  00001b90  1420000c	bnez	r1,L52_LF2
 1059  00001b94  54000000	nop; delay slot nop
 1060  00001b98  08000044	j	L50_LF2
 1061  00001b9c  54000000	nop; delay slot nop
 1062  00001ba0          	L52_LF2:
 1063  00001ba0  8fc10000	lw	r1,(r30)
 1064  00001ba4  8fc2fff4	lw	r2,-12(r30)
 1065  00001ba8  90210000	lbu	r1,(r1)
 1066  00001bac  90420000	lbu	r2,(r2)
 1067  00001bb0  00220828	seq	r1,r1,r2
 1068  00001bb4  10200010	beqz	r1,L51_LF2
 1069  00001bb8  54000000	nop; delay slot nop
 1070  00001bbc  8fc10000	lw	r1,(r30)
 1071  00001bc0  08000030	j	L45_LF2
 1072  00001bc4  54000000	nop; delay slot nop
 1073  00001bc8          	L53_LF2:
 1074  00001bc8          	L51_LF2:
 1075  00001bc8  8fc2fff4	lw	r2,-12(r30)
 1076  00001bcc  20410001	addi	r1,r2,#1
 1077  00001bd0  00011020	add	r2,r0,r1
 1078  00001bd4  afc2fff4	sw	-12(r30),r2
 1079  00001bd8  0bffffa8	j	L49_LF2
 1080  00001bdc  54000000	nop; delay slot nop
 1081  00001be0          	L50_LF2:
 1082  00001be0  0bffff7c	j	L46_LF2
 1083  00001be4  54000000	nop; delay slot nop
 1084  00001be8          	L47_LF2:
 1085  00001be8  20010000	addi	r1,r0,#0
 1086  00001bec  08000004	j	L45_LF2
 1087  00001bf0  54000000	nop; delay slot nop
 1088  00001bf4          	L45_LF2:
 1089  00001bf4  8fa20000	lw	r2,0(r29)
 1090  00001bf8  8fdffff8	lw	r31,-8(r30)
 1091  00001bfc  001ee820	add	r29,r0,r30
 1092  00001c00  8fdefffc	lw	r30,-4(r30)
 1093  00001c04  4be00000	jr	r31
 1094  00001c08  54000000	nop
 1095  00001c0c          	.endproc _dmindex
 1096  00001c0c          	.align 2
 1097  00001c0c          	.proc _dindex
 1098  00001c0c          	.global _dindex
 1099  00001c0c          	_dindex:
 1100                      ;  Function 'dindex'; 0 bytes of locals, 1 regs to save.
 1101  00001c0c  afbefffc	sw	-4(r29),r30; push fp
 1102  00001c10  001df020	add	r30,r0,r29; fp = sp
 1103  00001c14  afbffff8	sw	-8(r29),r31; push ret addr
 1104  00001c18  2fbd0010	subui	r29,r29,#16; alloc local storage
 1105  00001c1c  afa20000	sw	0(r29),r2
 1106  00001c20  54000000	nop
 1107  00001c24          	L55_LF2:
 1108  00001c24  8fc10000	lw	r1,(r30)
 1109  00001c28  90220000	lbu	r2,(r1)
 1110  00001c2c  64410000	snei	r1,r2,#0
 1111  00001c30  1420000c	bnez	r1,L57_LF2
 1112  00001c34  54000000	nop; delay slot nop
 1113  00001c38  08000040	j	L56_LF2
 1114  00001c3c  54000000	nop; delay slot nop
 1115  00001c40          	L57_LF2:
 1116  00001c40  8fc10000	lw	r1,(r30)
 1117  00001c44  90220000	lbu	r2,(r1)
 1118  00001c48  8fc10004	lw	r1,4(r30)
 1119  00001c4c  00411028	seq	r2,r2,r1
 1120  00001c50  10400010	beqz	r2,L58_LF2
 1121  00001c54  54000000	nop; delay slot nop
 1122  00001c58  8fc10000	lw	r1,(r30)
 1123  00001c5c  08000028	j	L54_LF2
 1124  00001c60  54000000	nop; delay slot nop
 1125  00001c64          	L58_LF2:
 1126  00001c64  8fc20000	lw	r2,(r30)
 1127  00001c68  20410001	addi	r1,r2,#1
 1128  00001c6c  00011020	add	r2,r0,r1
 1129  00001c70  afc20000	sw	(r30),r2
 1130  00001c74  0bffffac	j	L55_LF2
 1131  00001c78  54000000	nop; delay slot nop
 1132  00001c7c          	L56_LF2:
 1133  00001c7c  20010000	addi	r1,r0,#0
 1134  00001c80  08000004	j	L54_LF2
 1135  00001c84  54000000	nop; delay slot nop
 1136  00001c88          	L54_LF2:
 1137  00001c88  8fa20000	lw	r2,0(r29)
 1138  00001c8c  8fdffff8	lw	r31,-8(r30)
 1139  00001c90  001ee820	add	r29,r0,r30
 1140  00001c94  8fdefffc	lw	r30,-4(r30)
 1141  00001c98  4be00000	jr	r31
 1142  00001c9c  54000000	nop
 1143  00001ca0          	.endproc _dindex
 1144  00001ca0          	.align 2
 1145  00001ca0          	.proc _ditoa
 1146  00001ca0          	.global _ditoa
 1147  00001ca0          	_ditoa:
 1148                      ;  Function 'ditoa'; 8 bytes of locals, 2 regs to save.
 1149  00001ca0  afbefffc	sw	-4(r29),r30; push fp
 1150  00001ca4  001df020	add	r30,r0,r29; fp = sp
 1151  00001ca8  afbffff8	sw	-8(r29),r31; push ret addr
 1152  00001cac  2fbd0018	subui	r29,r29,#24; alloc local storage
 1153  00001cb0  afa20000	sw	0(r29),r2
 1154  00001cb4  afa30004	sw	4(r29),r3
 1155  00001cb8  8fc10000	lw	r1,(r30)
 1156  00001cbc  68220000	slti	r2,r1,#0
 1157  00001cc0  1040002c	beqz	r2,L60_LF2
 1158  00001cc4  54000000	nop; delay slot nop
 1159  00001cc8  8fc10004	lw	r1,4(r30)
 1160  00001ccc  20220001	addi	r2,r1,#1
 1161  00001cd0  afc20004	sw	4(r30),r2
 1162  00001cd4  2002002d	addi	r2,r0,(#0x2d)&0xff
 1163  00001cd8  a0220000	sb	(r1),r2
 1164  00001cdc  8fc10000	lw	r1,(r30)
 1165  00001ce0  00011022	sub	r2,r0,r1
 1166  00001ce4  afc20000	sw	(r30),r2
 1167  00001ce8  08000118	j	L61_LF2
 1168  00001cec  54000000	nop; delay slot nop
 1169  00001cf0          	L60_LF2:
 1170  00001cf0  8fc10000	lw	r1,(r30)
 1171  00001cf4  64220000	snei	r2,r1,#0
 1172  00001cf8  14400020	bnez	r2,L62_LF2
 1173  00001cfc  54000000	nop; delay slot nop
 1174  00001d00  8fc10004	lw	r1,4(r30)
 1175  00001d04  20220001	addi	r2,r1,#1
 1176  00001d08  afc20004	sw	4(r30),r2
 1177  00001d0c  20020030	addi	r2,r0,(#0x30)&0xff
 1178  00001d10  a0220000	sb	(r1),r2
 1179  00001d14  080000ec	j	L61_LF2
 1180  00001d18  54000000	nop; delay slot nop
 1181  00001d1c          	L62_LF2:
 1182  00001d1c  20010001	addi	r1,r0,#1
 1183  00001d20  afc1fff4	sw	-12(r30),r1
 1184  00001d24          	L64_LF2:
 1185  00001d24  8fc1fff4	lw	r1,-12(r30)
 1186  00001d28  8fc20000	lw	r2,(r30)
 1187  00001d2c  0022082c	sle	r1,r1,r2
 1188  00001d30  1420000c	bnez	r1,L66_LF2
 1189  00001d34  54000000	nop; delay slot nop
 1190  00001d38  08000024	j	L65_LF2
 1191  00001d3c  54000000	nop; delay slot nop
 1192  00001d40          	L67_LF2:
 1193  00001d40          	L66_LF2:
 1194  00001d40  8fc1fff4	lw	r1,-12(r30)
 1195  00001d44  00011820	add	r3,r0,r1
 1196  00001d48  50620002	slli	r2,r3,#0x2
 1197  00001d4c  00411020	add	r2,r2,r1
 1198  00001d50  50410001	slli	r1,r2,#0x1
 1199  00001d54  afc1fff4	sw	-12(r30),r1
 1200  00001d58  0bffffc8	j	L64_LF2
 1201  00001d5c  54000000	nop; delay slot nop
 1202  00001d60          	L65_LF2:
 1203  00001d60  54000000	nop
 1204  00001d64          	L68_LF2:
 1205  00001d64  8fc1fff4	lw	r1,-12(r30)
 1206  00001d68  2002000a	addi	r2,r0,#10
 1207  00001d6c  00200035	movi2fp	f0,r1
 1208  00001d70  00400835	movi2fp	f1,r2
 1209  00001d74  0401000f	div	f0,f0,f1
 1210  00001d78  00000834	movfp2i	r1,f0
 1211  00001d7c  afc1fff4	sw	-12(r30),r1
 1212  00001d80  8fc10004	lw	r1,4(r30)
 1213  00001d84  20220001	addi	r2,r1,#1
 1214  00001d88  afc20004	sw	4(r30),r2
 1215  00001d8c  8fc20000	lw	r2,(r30)
 1216  00001d90  8fc3fff4	lw	r3,-12(r30)
 1217  00001d94  00400035	movi2fp	f0,r2
 1218  00001d98  00600835	movi2fp	f1,r3
 1219  00001d9c  0401000f	div	f0,f0,f1
 1220  00001da0  00001034	movfp2i	r2,f0
 1221  00001da4  00021820	add	r3,r0,r2
 1222  00001da8  20620030	addi	r2,r3,#48
 1223  00001dac  a0220000	sb	(r1),r2
 1224  00001db0  8fc10000	lw	r1,(r30)
 1225  00001db4  8fc3fff4	lw	r3,-12(r30)
 1226  00001db8  00200035	movi2fp	f0,r1
 1227  00001dbc  00600835	movi2fp	f1,r3
 1228  00001dc0  0401000f	div	f0,f0,f1
 1229  00001dc4  00001034	movfp2i	r2,f0
 1230  00001dc8  8fc3fff4	lw	r3,-12(r30)
 1231  00001dcc  00400035	movi2fp	f0,r2
 1232  00001dd0  00600835	movi2fp	f1,r3
 1233  00001dd4  0401000e	mult	f0,f0,f1
 1234  00001dd8  00001034	movfp2i	r2,f0
 1235  00001ddc  00220822	sub	r1,r1,r2
 1236  00001de0  afc10000	sw	(r30),r1
 1237  00001de4          	L70_LF2:
 1238  00001de4  8fc1fff4	lw	r1,-12(r30)
 1239  00001de8  6c220001	sgti	r2,r1,#1
 1240  00001dec  1440000c	bnez	r2,L71_LF2
 1241  00001df0  54000000	nop; delay slot nop
 1242  00001df4  0800000c	j	L61_LF2
 1243  00001df8  54000000	nop; delay slot nop
 1244  00001dfc          	L71_LF2:
 1245  00001dfc  0bffff64	j	L68_LF2
 1246  00001e00  54000000	nop; delay slot nop
 1247  00001e04          	L69_LF2:
 1248  00001e04          	L63_LF2:
 1249  00001e04          	L61_LF2:
 1250  00001e04  8fc10004	lw	r1,4(r30)
 1251  00001e08  20020000	addi	r2,r0,(#0x0)&0xff
 1252  00001e0c  a0220000	sb	(r1),r2
 1253  00001e10          	L59_LF2:
 1254  00001e10  8fa20000	lw	r2,0(r29)
 1255  00001e14  8fa30004	lw	r3,4(r29)
 1256  00001e18  8fdffff8	lw	r31,-8(r30)
 1257  00001e1c  001ee820	add	r29,r0,r30
 1258  00001e20  8fdefffc	lw	r30,-4(r30)
 1259  00001e24  4be00000	jr	r31
 1260  00001e28  54000000	nop
 1261  00001e2c          	.endproc _ditoa
 1262  00001e2c          	.align 2
 1263  00001e2c          	.proc _dstrtol
 1264  00001e2c          	.global _dstrtol
 1265  00001e2c          	_dstrtol:
 1266                      ;  Function 'dstrtol'; 16 bytes of locals, 1 regs to save.
 1267  00001e2c  afbefffc	sw	-4(r29),r30; push fp
 1268  00001e30  001df020	add	r30,r0,r29; fp = sp
 1269  00001e34  afbffff8	sw	-8(r29),r31; push ret addr
 1270  00001e38  2fbd0020	subui	r29,r29,#32; alloc local storage
 1271  00001e3c  afa20000	sw	0(r29),r2
 1272  00001e40  20010000	addi	r1,r0,#0
 1273  00001e44  afc1fff4	sw	-12(r30),r1
 1274  00001e48          	L73_LF2:
 1275  00001e48  8fc10000	lw	r1,(r30)
 1276  00001e4c  90220000	lbu	r2,(r1)
 1277  00001e50  60410020	seqi	r1,r2,#32
 1278  00001e54  14200034	bnez	r1,L75_LF2
 1279  00001e58  54000000	nop; delay slot nop
 1280  00001e5c  8fc10000	lw	r1,(r30)
 1281  00001e60  90220000	lbu	r2,(r1)
 1282  00001e64  60410009	seqi	r1,r2,#9
 1283  00001e68  14200020	bnez	r1,L75_LF2
 1284  00001e6c  54000000	nop; delay slot nop
 1285  00001e70  8fc10000	lw	r1,(r30)
 1286  00001e74  90220000	lbu	r2,(r1)
 1287  00001e78  6041000a	seqi	r1,r2,#10
 1288  00001e7c  1420000c	bnez	r1,L75_LF2
 1289  00001e80  54000000	nop; delay slot nop
 1290  00001e84  0800001c	j	L74_LF2
 1291  00001e88  54000000	nop; delay slot nop
 1292  00001e8c          	L75_LF2:
 1293  00001e8c  8fc20000	lw	r2,(r30)
 1294  00001e90  20410001	addi	r1,r2,#1
 1295  00001e94  00011020	add	r2,r0,r1
 1296  00001e98  afc20000	sw	(r30),r2
 1297  00001e9c  0bffffa8	j	L73_LF2
 1298  00001ea0  54000000	nop; delay slot nop
 1299  00001ea4          	L74_LF2:
 1300  00001ea4  8fc10004	lw	r1,4(r30)
 1301  00001ea8  64220000	snei	r2,r1,#0
 1302  00001eac  10400010	beqz	r2,L76_LF2
 1303  00001eb0  54000000	nop; delay slot nop
 1304  00001eb4  8fc10004	lw	r1,4(r30)
 1305  00001eb8  8fc20000	lw	r2,(r30)
 1306  00001ebc  ac220000	sw	(r1),r2
 1307  00001ec0          	L76_LF2:
 1308  00001ec0  8fc10000	lw	r1,(r30)
 1309  00001ec4  90220000	lbu	r2,(r1)
 1310  00001ec8  64410000	snei	r1,r2,#0
 1311  00001ecc  14200010	bnez	r1,L77_LF2
 1312  00001ed0  54000000	nop; delay slot nop
 1313  00001ed4  8fc1fff4	lw	r1,-12(r30)
 1314  00001ed8  08000294	j	L72_LF2
 1315  00001edc  54000000	nop; delay slot nop
 1316  00001ee0          	L77_LF2:
 1317  00001ee0  8fc10000	lw	r1,(r30)
 1318  00001ee4  90220000	lbu	r2,(r1)
 1319  00001ee8  6041002d	seqi	r1,r2,#45
 1320  00001eec  10200024	beqz	r1,L78_LF2
 1321  00001ef0  54000000	nop; delay slot nop
 1322  00001ef4  2001ffff	addi	r1,r0,#-1
 1323  00001ef8  afc1ffec	sw	-20(r30),r1
 1324  00001efc  8fc20000	lw	r2,(r30)
 1325  00001f00  20410001	addi	r1,r2,#1
 1326  00001f04  00011020	add	r2,r0,r1
 1327  00001f08  afc20000	sw	(r30),r2
 1328  00001f0c  0800000c	j	L79_LF2
 1329  00001f10  54000000	nop; delay slot nop
 1330  00001f14          	L78_LF2:
 1331  00001f14  20010001	addi	r1,r0,#1
 1332  00001f18  afc1ffec	sw	-20(r30),r1
 1333  00001f1c          	L79_LF2:
 1334  00001f1c  8fc10008	lw	r1,8(r30)
 1335  00001f20  64220000	snei	r2,r1,#0
 1336  00001f24  14400090	bnez	r2,L80_LF2
 1337  00001f28  54000000	nop; delay slot nop
 1338  00001f2c  8fc10000	lw	r1,(r30)
 1339  00001f30  90220000	lbu	r2,(r1)
 1340  00001f34  60410030	seqi	r1,r2,#48
 1341  00001f38  10200074	beqz	r1,L81_LF2
 1342  00001f3c  54000000	nop; delay slot nop
 1343  00001f40  8fc20000	lw	r2,(r30)
 1344  00001f44  20410001	addi	r1,r2,#1
 1345  00001f48  00011020	add	r2,r0,r1
 1346  00001f4c  afc20000	sw	(r30),r2
 1347  00001f50  8fc10000	lw	r1,(r30)
 1348  00001f54  90220000	lbu	r2,(r1)
 1349  00001f58  60410078	seqi	r1,r2,#120
 1350  00001f5c  14200020	bnez	r1,L83_LF2
 1351  00001f60  54000000	nop; delay slot nop
 1352  00001f64  8fc10000	lw	r1,(r30)
 1353  00001f68  90220000	lbu	r2,(r1)
 1354  00001f6c  60410058	seqi	r1,r2,#88
 1355  00001f70  1420000c	bnez	r1,L83_LF2
 1356  00001f74  54000000	nop; delay slot nop
 1357  00001f78  08000024	j	L82_LF2
 1358  00001f7c  54000000	nop; delay slot nop
 1359  00001f80          	L83_LF2:
 1360  00001f80  20010010	addi	r1,r0,#16
 1361  00001f84  afc10008	sw	8(r30),r1
 1362  00001f88  8fc20000	lw	r2,(r30)
 1363  00001f8c  20410001	addi	r1,r2,#1
 1364  00001f90  00011020	add	r2,r0,r1
 1365  00001f94  afc20000	sw	(r30),r2
 1366  00001f98  0800000c	j	L84_LF2
 1367  00001f9c  54000000	nop; delay slot nop
 1368  00001fa0          	L82_LF2:
 1369  00001fa0  20010008	addi	r1,r0,#8
 1370  00001fa4  afc10008	sw	8(r30),r1
 1371  00001fa8          	L84_LF2:
 1372  00001fa8  0800000c	j	L80_LF2
 1373  00001fac  54000000	nop; delay slot nop
 1374  00001fb0          	L81_LF2:
 1375  00001fb0  2001000a	addi	r1,r0,#10
 1376  00001fb4  afc10008	sw	8(r30),r1
 1377  00001fb8          	L85_LF2:
 1378  00001fb8          	L80_LF2:
 1379  00001fb8  8fc10008	lw	r1,8(r30)
 1380  00001fbc  70220000	slei	r2,r1,#0
 1381  00001fc0  1440001c	bnez	r2,L87_LF2
 1382  00001fc4  54000000	nop; delay slot nop
 1383  00001fc8  8fc10008	lw	r1,8(r30)
 1384  00001fcc  6c220010	sgti	r2,r1,#16
 1385  00001fd0  1440000c	bnez	r2,L87_LF2
 1386  00001fd4  54000000	nop; delay slot nop
 1387  00001fd8  08000010	j	L86_LF2
 1388  00001fdc  54000000	nop; delay slot nop
 1389  00001fe0          	L87_LF2:
 1390  00001fe0  8fc1fff4	lw	r1,-12(r30)
 1391  00001fe4  08000188	j	L72_LF2
 1392  00001fe8  54000000	nop; delay slot nop
 1393  00001fec          	L86_LF2:
 1394  00001fec  54000000	nop
 1395  00001ff0          	L88_LF2:
 1396  00001ff0  8fc10000	lw	r1,(r30)
 1397  00001ff4  90220000	lbu	r2,(r1)
 1398  00001ff8  6c41002f	sgtui	r1,r2,#47
 1399  00001ffc  10200030	beqz	r1,L91_LF2
 1400  00002000  54000000	nop; delay slot nop
 1401  00002004  8fc10000	lw	r1,(r30)
 1402  00002008  90220000	lbu	r2,(r1)
 1403  0000200c  70410039	sleui	r1,r2,#57
 1404  00002010  1020001c	beqz	r1,L91_LF2
 1405  00002014  54000000	nop; delay slot nop
 1406  00002018  8fc10000	lw	r1,(r30)
 1407  0000201c  90220000	lbu	r2,(r1)
 1408  00002020  2041ffd0	addi	r1,r2,#-48
 1409  00002024  afc1fff0	sw	-16(r30),r1
 1410  00002028  0800008c	j	L92_LF2
 1411  0000202c  54000000	nop; delay slot nop
 1412  00002030          	L91_LF2:
 1413  00002030  8fc10000	lw	r1,(r30)
 1414  00002034  90220000	lbu	r2,(r1)
 1415  00002038  6c410060	sgtui	r1,r2,#96
 1416  0000203c  10200030	beqz	r1,L93_LF2
 1417  00002040  54000000	nop; delay slot nop
 1418  00002044  8fc10000	lw	r1,(r30)
 1419  00002048  90220000	lbu	r2,(r1)
 1420  0000204c  7041007a	sleui	r1,r2,#122
 1421  00002050  1020001c	beqz	r1,L93_LF2
 1422  00002054  54000000	nop; delay slot nop
 1423  00002058  8fc10000	lw	r1,(r30)
 1424  0000205c  90220000	lbu	r2,(r1)
 1425  00002060  2041ffa9	addi	r1,r2,#-87
 1426  00002064  afc1fff0	sw	-16(r30),r1
 1427  00002068  0800004c	j	L92_LF2
 1428  0000206c  54000000	nop; delay slot nop
 1429  00002070          	L93_LF2:
 1430  00002070  8fc10000	lw	r1,(r30)
 1431  00002074  90220000	lbu	r2,(r1)
 1432  00002078  6c410040	sgtui	r1,r2,#64
 1433  0000207c  10200030	beqz	r1,L95_LF2
 1434  00002080  54000000	nop; delay slot nop
 1435  00002084  8fc10000	lw	r1,(r30)
 1436  00002088  90220000	lbu	r2,(r1)
 1437  0000208c  7041005a	sleui	r1,r2,#90
 1438  00002090  1020001c	beqz	r1,L95_LF2
 1439  00002094  54000000	nop; delay slot nop
 1440  00002098  8fc10000	lw	r1,(r30)
 1441  0000209c  90220000	lbu	r2,(r1)
 1442  000020a0  2041ffc9	addi	r1,r2,#-55
 1443  000020a4  afc1fff0	sw	-16(r30),r1
 1444  000020a8  0800000c	j	L92_LF2
 1445  000020ac  54000000	nop; delay slot nop
 1446  000020b0          	L95_LF2:
 1447  000020b0  200103e8	addi	r1,r0,#1000
 1448  000020b4  afc1fff0	sw	-16(r30),r1
 1449  000020b8          	L96_LF2:
 1450  000020b8          	L94_LF2:
 1451  000020b8          	L92_LF2:
 1452  000020b8  8fc1fff0	lw	r1,-16(r30)
 1453  000020bc  8fc20008	lw	r2,8(r30)
 1454  000020c0  0022082a	slt	r1,r1,r2
 1455  000020c4  10200040	beqz	r1,L90_LF2
 1456  000020c8  54000000	nop; delay slot nop
 1457  000020cc  8fc1fff4	lw	r1,-12(r30)
 1458  000020d0  8fc20008	lw	r2,8(r30)
 1459  000020d4  00200035	movi2fp	f0,r1
 1460  000020d8  00400835	movi2fp	f1,r2
 1461  000020dc  0401000e	mult	f0,f0,f1
 1462  000020e0  00000834	movfp2i	r1,f0
 1463  000020e4  afc1fff4	sw	-12(r30),r1
 1464  000020e8  8fc1fff4	lw	r1,-12(r30)
 1465  000020ec  8fc2fff0	lw	r2,-16(r30)
 1466  000020f0  00220820	add	r1,r1,r2
 1467  000020f4  afc1fff4	sw	-12(r30),r1
 1468  000020f8  8fc20000	lw	r2,(r30)
 1469  000020fc  20410001	addi	r1,r2,#1
 1470  00002100  00011020	add	r2,r0,r1
 1471  00002104  afc20000	sw	(r30),r2
 1472  00002108          	L97_LF2:
 1473  00002108          	L90_LF2:
 1474  00002108  8fc1fff0	lw	r1,-16(r30)
 1475  0000210c  8fc20008	lw	r2,8(r30)
 1476  00002110  0022082a	slt	r1,r1,r2
 1477  00002114  1420000c	bnez	r1,L98_LF2
 1478  00002118  54000000	nop; delay slot nop
 1479  0000211c  0800000c	j	L89_LF2
 1480  00002120  54000000	nop; delay slot nop
 1481  00002124          	L98_LF2:
 1482  00002124  0bfffec8	j	L88_LF2
 1483  00002128  54000000	nop; delay slot nop
 1484  0000212c          	L89_LF2:
 1485  0000212c  8fc10004	lw	r1,4(r30)
 1486  00002130  64220000	snei	r2,r1,#0
 1487  00002134  10400010	beqz	r2,L99_LF2
 1488  00002138  54000000	nop; delay slot nop
 1489  0000213c  8fc10004	lw	r1,4(r30)
 1490  00002140  8fc20000	lw	r2,(r30)
 1491  00002144  ac220000	sw	(r1),r2
 1492  00002148          	L99_LF2:
 1493  00002148  8fc1fff4	lw	r1,-12(r30)
 1494  0000214c  8fc2ffec	lw	r2,-20(r30)
 1495  00002150  00200035	movi2fp	f0,r1
 1496  00002154  00400835	movi2fp	f1,r2
 1497  00002158  0401000e	mult	f0,f0,f1
 1498  0000215c  00000834	movfp2i	r1,f0
 1499  00002160  afc1fff4	sw	-12(r30),r1
 1500  00002164  8fc1fff4	lw	r1,-12(r30)
 1501  00002168  08000004	j	L72_LF2
 1502  0000216c  54000000	nop; delay slot nop
 1503  00002170          	L72_LF2:
 1504  00002170  8fa20000	lw	r2,0(r29)
 1505  00002174  8fdffff8	lw	r31,-8(r30)
 1506  00002178  001ee820	add	r29,r0,r30
 1507  0000217c  8fdefffc	lw	r30,-4(r30)
 1508  00002180  4be00000	jr	r31
 1509  00002184  54000000	nop
 1510  00002188          	.endproc _dstrtol
 1511  00002188          	.align 2
 1512  00002188          	.proc _bcopy
 1513  00002188          	.global _bcopy
 1514  00002188          	_bcopy:
 1515                      ;  Function 'bcopy'; 0 bytes of locals, 2 regs to save.
 1516  00002188  afbefffc	sw	-4(r29),r30; push fp
 1517  0000218c  001df020	add	r30,r0,r29; fp = sp
 1518  00002190  afbffff8	sw	-8(r29),r31; push ret addr
 1519  00002194  2fbd0010	subui	r29,r29,#16; alloc local storage
 1520  00002198  afa20000	sw	0(r29),r2
 1521  0000219c  afa30004	sw	4(r29),r3
 1522  000021a0  54000000	nop
 1523  000021a4          	L101_LF2:
 1524  000021a4  8fc10008	lw	r1,8(r30)
 1525  000021a8  2022ffff	addi	r2,r1,#-1
 1526  000021ac  afc20008	sw	8(r30),r2
 1527  000021b0  6c210000	sgti	r1,r1,#0
 1528  000021b4  1420000c	bnez	r1,L103_LF2
 1529  000021b8  54000000	nop; delay slot nop
 1530  000021bc  0800002c	j	L102_LF2
 1531  000021c0  54000000	nop; delay slot nop
 1532  000021c4          	L103_LF2:
 1533  000021c4  8fc10004	lw	r1,4(r30)
 1534  000021c8  20220001	addi	r2,r1,#1
 1535  000021cc  afc20004	sw	4(r30),r2
 1536  000021d0  8fc20000	lw	r2,(r30)
 1537  000021d4  20430001	addi	r3,r2,#1
 1538  000021d8  afc30000	sw	(r30),r3
 1539  000021dc  80420000	lb	r2,(r2)
 1540  000021e0  a0220000	sb	(r1),r2
 1541  000021e4  0bffffbc	j	L101_LF2
 1542  000021e8  54000000	nop; delay slot nop
 1543  000021ec          	L102_LF2:
 1544  000021ec          	L100_LF2:
 1545  000021ec  8fa20000	lw	r2,0(r29)
 1546  000021f0  8fa30004	lw	r3,4(r29)
 1547  000021f4  8fdffff8	lw	r31,-8(r30)
 1548  000021f8  001ee820	add	r29,r0,r30
 1549  000021fc  8fdefffc	lw	r30,-4(r30)
 1550  00002200  4be00000	jr	r31
 1551  00002204  54000000	nop
 1552  00002208          	.endproc _bcopy
 1553  00002208          	.align 2
 1554  00002208          	.proc _bzero
 1555  00002208          	.global _bzero
 1556  00002208          	_bzero:
 1557                      ;  Function 'bzero'; 0 bytes of locals, 1 regs to save.
 1558  00002208  afbefffc	sw	-4(r29),r30; push fp
 1559  0000220c  001df020	add	r30,r0,r29; fp = sp
 1560  00002210  afbffff8	sw	-8(r29),r31; push ret addr
 1561  00002214  2fbd0010	subui	r29,r29,#16; alloc local storage
 1562  00002218  afa20000	sw	0(r29),r2
 1563  0000221c  54000000	nop
 1564  00002220          	L105_LF2:
 1565  00002220  8fc10004	lw	r1,4(r30)
 1566  00002224  2022ffff	addi	r2,r1,#-1
 1567  00002228  afc20004	sw	4(r30),r2
 1568  0000222c  6c210000	sgti	r1,r1,#0
 1569  00002230  1420000c	bnez	r1,L107_LF2
 1570  00002234  54000000	nop; delay slot nop
 1571  00002238  08000020	j	L106_LF2
 1572  0000223c  54000000	nop; delay slot nop
 1573  00002240          	L107_LF2:
 1574  00002240  8fc10000	lw	r1,(r30)
 1575  00002244  20220001	addi	r2,r1,#1
 1576  00002248  afc20000	sw	(r30),r2
 1577  0000224c  20020000	addi	r2,r0,(#0x0)&0xff
 1578  00002250  a0220000	sb	(r1),r2
 1579  00002254  0bffffc8	j	L105_LF2
 1580  00002258  54000000	nop; delay slot nop
 1581  0000225c          	L106_LF2:
 1582  0000225c          	L104_LF2:
 1583  0000225c  8fa20000	lw	r2,0(r29)
 1584  00002260  8fdffff8	lw	r31,-8(r30)
 1585  00002264  001ee820	add	r29,r0,r30
 1586  00002268  8fdefffc	lw	r30,-4(r30)
 1587  0000226c  4be00000	jr	r31
 1588  00002270  54000000	nop
 1589  00002274          	.endproc _bzero
 1590  00002274          	.align 2
 1591  00002274          	.proc _min
 1592  00002274          	.global _min
 1593  00002274          	_min:
 1594                      ;  Function 'min'; 0 bytes of locals, 2 regs to save.
 1595  00002274  afbefffc	sw	-4(r29),r30; push fp
 1596  00002278  001df020	add	r30,r0,r29; fp = sp
 1597  0000227c  afbffff8	sw	-8(r29),r31; push ret addr
 1598  00002280  2fbd0010	subui	r29,r29,#16; alloc local storage
 1599  00002284  afa20000	sw	0(r29),r2
 1600  00002288  afa30004	sw	4(r29),r3
 1601  0000228c  8fc10000	lw	r1,(r30)
 1602  00002290  8fc20004	lw	r2,4(r30)
 1603  00002294  0022182c	sle	r3,r1,r2
 1604  00002298  14600008	bnez	r3,L109_LF2
 1605  0000229c  54000000	nop; delay slot nop
 1606  000022a0  8fc10004	lw	r1,4(r30)
 1607  000022a4          	L109_LF2:
 1608  000022a4  08000004	j	L108_LF2
 1609  000022a8  54000000	nop; delay slot nop
 1610  000022ac          	L108_LF2:
 1611  000022ac  8fa20000	lw	r2,0(r29)
 1612  000022b0  8fa30004	lw	r3,4(r29)
 1613  000022b4  8fdffff8	lw	r31,-8(r30)
 1614  000022b8  001ee820	add	r29,r0,r30
 1615  000022bc  8fdefffc	lw	r30,-4(r30)
 1616  000022c0  4be00000	jr	r31
 1617  000022c4  54000000	nop
 1618  000022c8          	.endproc _min
 1619                      ;;; Ethan L. Miller, 1999.  Released to the public domain
 1620                      ;;;
 1621                      ;;; Most of the traps are called in files from libtraps.
 1624  000022c8          	.align 2
 1625  000022c8          	.proc _exit
 1626  000022c8          	.global _exit
 1627  000022c8          	_exit:
 1628  000022c8  44000300	trap	#0x300
 1629  000022cc  4be00000	jr	r31
 1630  000022d0  54000000	nop
 1631  000022d4          	.endproc _exit
 1633                      ; for the benefit of gcc.
 1634  000022d4          	.proc ___main
 1635  000022d4          	.global ___main
 1636  000022d4          	___main:
 1637  000022d4  4be00000	jr	r31
 1638  000022d8  54000000	nop
 1639  000022dc          	.endproc ___main
 1640  000022dc          	.text
 1641  000022dc          	.global _etext
 1642  000022dc          	_etext:
 1643  000022dc          	.align 3
 1644  000022e0          	.data
 1645  0000319a          	.global _edata
 1646  0000319a          	_edata:
