 line   address	contents
    1                      ; Linked by DLX-LD.
    2                      ; MemSize 24576
    3                      ; Data size: 310
    4                      ; Text size: 5132
    5                      ; Stack size: 8192
    6  00000000          	.text 0x1000
    7  00001000          	.data 0x3000
    8                      ; Compiled by GCC
    9  00003000          	.text
   10  00001000          	.align 2
   11  00001000          	.proc _isspace
   12  00001000          	.global _isspace
   13  00001000          	_isspace:
   14                      ;  Function 'isspace'; 0 bytes of locals, 1 regs to save.
   15  00001000  afbefffc	sw	-4(r29),r30; push fp
   16  00001004  001df020	add	r30,r0,r29; fp = sp
   17  00001008  afbffff8	sw	-8(r29),r31; push ret addr
   18  0000100c  2fbd0010	subui	r29,r29,#16; alloc local storage
   19  00001010  afa20000	sw	0(r29),r2
   20  00001014  83c20003	lb	r2,3(r30)
   21  00001018  201f0000	addi	r31,r0,#0
   22  0000101c  304100ff	andi	r1,r2,#0x00ff
   23  00001020  60210020	seqi	r1,r1,#32
   24  00001024  14200018	bnez	r1,L6_LF0
   25  00001028  54000000	nop; not filled.
   26  0000102c  2041fff7	addi	r1,r2,#-9
   27  00001030  302100ff	andi	r1,r1,#0x00ff
   28  00001034  70210001	sleui	r1,r1,#1
   29  00001038  10200008	beqz	r1,L5_LF0
   30  0000103c  54000000	nop; not filled.
   31  00001040          	L6_LF0:
   32  00001040  201f0001	addi	r31,r0,#1
   33  00001044          	L5_LF0:
   34  00001044  001f0820	add	r1,r0,r31
   35  00001048  8fa20000	lw	r2,0(r29)
   36  0000104c  8fdffff8	lw	r31,-8(r30)
   37  00001050  001ee820	add	r29,r0,r30
   38  00001054  8fdefffc	lw	r30,-4(r30)
   39  00001058  4be00000	jr	r31
   40  0000105c  54000000	nop
   41  00001060          	.endproc _isspace
   42  00001060          	.align 2
   43  00001060          	.proc _isxdigit
   44  00001060          	.global _isxdigit
   45  00001060          	_isxdigit:
   46                      ;  Function 'isxdigit'; 0 bytes of locals, 1 regs to save.
   47  00001060  afbefffc	sw	-4(r29),r30; push fp
   48  00001064  001df020	add	r30,r0,r29; fp = sp
   49  00001068  afbffff8	sw	-8(r29),r31; push ret addr
   50  0000106c  2fbd0010	subui	r29,r29,#16; alloc local storage
   51  00001070  afa20000	sw	0(r29),r2
   52  00001074  83df0003	lb	r31,3(r30)
   53  00001078  20020000	addi	r2,r0,#0
   54  0000107c  23e1ffd0	addi	r1,r31,#-48
   55  00001080  302100ff	andi	r1,r1,#0x00ff
   56  00001084  70210009	sleui	r1,r1,#9
   57  00001088  14200028	bnez	r1,L12_LF0
   58  0000108c  54000000	nop; not filled.
   59  00001090  23e1ff9f	addi	r1,r31,#-97
   60  00001094  302100ff	andi	r1,r1,#0x00ff
   61  00001098  70210005	sleui	r1,r1,#5
   62  0000109c  14200014	bnez	r1,L12_LF0
   63  000010a0  54000000	nop; not filled.
   64  000010a4  33e100ff	andi	r1,r31,#0x00ff
   65  000010a8  64210041	snei	r1,r1,#65
   66  000010ac  14200008	bnez	r1,L11_LF0
   67  000010b0  54000000	nop; not filled.
   68  000010b4          	L12_LF0:
   69  000010b4  20020001	addi	r2,r0,#1
   70  000010b8          	L11_LF0:
   71  000010b8  00020820	add	r1,r0,r2
   72  000010bc  8fa20000	lw	r2,0(r29)
   73  000010c0  8fdffff8	lw	r31,-8(r30)
   74  000010c4  001ee820	add	r29,r0,r30
   75  000010c8  8fdefffc	lw	r30,-4(r30)
   76  000010cc  4be00000	jr	r31
   77  000010d0  54000000	nop
   78  000010d4          	.endproc _isxdigit
   79  000010d4          	.data
   80  00003000          	.align 2
   81  00003000          	LC0_LF0:
   82  00003000  55736167	.ascii "Usage: \000"
   82  00003004  653a2000	
   83  00003008          	.align 2
   84  00003008          	LC1_LF0:
   85  00003008  203c6861	.ascii " <handle_to_shared_memory_page> <handle_to_page_mapped_semaphore>\n\000"
   85  0000300c  6e646c65	
   85  00003010  5f746f5f	
   85  00003014  73686172	
   85  00003018  65645f6d	
   85  0000301c  656d6f72	
   85  00003020  795f7061	
   85  00003024  67653e20	
   85  00003028  3c68616e	
   85  0000302c  646c655f	
   85  00003030  746f5f70	
   85  00003034  6167655f	
   85  00003038  6d617070	
   85  0000303c  65645f73	
   85  00003040  656d6170	
   85  00003044  686f7265	
   85  00003048  3e0a00  	
   86  0000304b          	.align 2
   87  0000304c          	LC2_LF0:
   88  0000304c  4d617020	.ascii "Map failed in SO injection \n\000"
   88  00003050  6661696c	
   88  00003054  65642069	
   88  00003058  6e20534f	
   88  0000305c  20696e6a	
   88  00003060  65637469	
   88  00003064  6f6e200a	
   88  00003068  00      	
   89  00003069          	.align 2
   90  0000306c          	LC3_LF0:
   91  0000306c  4f70656e	.ascii "Open the mailbox failed, check the condition\000"
   91  00003070  20746865	
   91  00003074  206d6169	
   91  00003078  6c626f78	
   91  0000307c  20666169	
   91  00003080  6c65642c	
   91  00003084  20636865	
   91  00003088  636b2074	
   91  0000308c  68652063	
   91  00003090  6f6e6469	
   91  00003094  74696f6e	
   91  00003098  00      	
   92  00003099          	.align 2
   93  0000309c          	LC4_LF0:
   94  0000309c  436c6f73	.ascii "Close the mailbox failed, check the condition\000"
   94  000030a0  65207468	
   94  000030a4  65206d61	
   94  000030a8  696c626f	
   94  000030ac  78206661	
   94  000030b0  696c6564	
   94  000030b4  2c206368	
   94  000030b8  65636b20	
   94  000030bc  74686520	
   94  000030c0  636f6e64	
   94  000030c4  6974696f	
   94  000030c8  6e00    	
   95  000030ca          	.align 2
   96  000030cc          	LC5_LF0:
   97  000030cc  4f3200  	.ascii "O2\000"
   98  000030cf          	.align 2
   99  000030d0          	LC6_LF0:
  100  000030d0  433200  	.ascii "C2\000"
  101  000030d3          	.align 2
  102  000030d4          	LC7_LF0:
  103  000030d4  3420434f	.ascii "4 CO -> 2 O2 + 2 C2 reacted, PID: %d\n\000"
  103  000030d8  202d3e20	
  103  000030dc  32204f32	
  103  000030e0  202b2032	
  103  000030e4  20433220	
  103  000030e8  72656163	
  103  000030ec  7465642c	
  103  000030f0  20504944	
  103  000030f4  3a202564	
  103  000030f8  0a00    	
  104  000030fa          	.align 2
  105  000030fc          	LC8_LF0:
  106  000030fc  42616420	.ascii "Bad semaphore s_procs_completed (%d) in \000"
  106  00003100  73656d61	
  106  00003104  70686f72	
  106  00003108  6520735f	
  106  0000310c  70726f63	
  106  00003110  735f636f	
  106  00003114  6d706c65	
  106  00003118  74656420	
  106  0000311c  28256429	
  106  00003120  20696e20	
  106  00003124  00      	
  107  00003125          	.align 2
  108  00003128          	LC9_LF0:
  109  00003128  2c206578	.ascii ", exiting...\n\000"
  109  0000312c  6974696e	
  109  00003130  672e2e2e	
  109  00003134  0a00    	
  110  00003136          	.text
  111  000010d4          	.align 2
  112  000010d4          	.proc _main
  113  000010d4          	.global _main
  114  000010d4          	_main:
  115                      ;  Function 'main'; 8 bytes of locals, 0 regs to save.
  116  000010d4  afbefffc	sw	-4(r29),r30; push fp
  117  000010d8  001df020	add	r30,r0,r29; fp = sp
  118  000010dc  afbffff8	sw	-8(r29),r31; push ret addr
  119  000010e0  2fbd0010	subui	r29,r29,#16; alloc local storage
  120  000010e4  8fc20000	lw	r2,(r30)
  121  000010e8  8fc40004	lw	r4,4(r30)
  122  000010ec  0c001314	jal	___main
  123  000010f0  54000000	nop; not filled.
  124  000010f4  64410003	snei	r1,r2,#3
  125  000010f8  1020004c	beqz	r1,L14_LF0
  126  000010fc  54000000	nop; not filled.
  127  00001100  23bdfff8	addi	r29,r29,#-8
  128  00001104  3c060000	lhi	r6,((LC0_LF0)>>16)&0xffff
  129  00001108  24c63000	addui	r6,r6,(LC0_LF0)&0xffff
  130  0000110c  afa60000	sw	(r29),r6
  131  00001110  0c000440	jal	_Printf
  132  00001114  54000000	nop; not filled.
  133  00001118  8c860000	lw	r6,(r4)
  134  0000111c  afa60000	sw	(r29),r6
  135  00001120  0c000430	jal	_Printf
  136  00001124  54000000	nop; not filled.
  137  00001128  3c060000	lhi	r6,((LC1_LF0)>>16)&0xffff
  138  0000112c  24c63008	addui	r6,r6,(LC1_LF0)&0xffff
  139  00001130  afa60000	sw	(r29),r6
  140  00001134  0c00041c	jal	_Printf
  141  00001138  54000000	nop; not filled.
  142  0000113c  0c00051c	jal	_Exit
  143  00001140  54000000	nop; not filled.
  144  00001144  23bd0008	addi	r29,r29,#8
  145  00001148          	L14_LF0:
  146  00001148  23bdfff0	addi	r29,r29,#-16
  147  0000114c  8c860004	lw	r6,4(r4)
  148  00001150  afa60000	sw	(r29),r6
  149  00001154  20060000	addi	r6,r0,#0
  150  00001158  afa60004	sw	4(r29),r6
  151  0000115c  2006000a	addi	r6,r0,#10
  152  00001160  afa60008	sw	8(r29),r6
  153  00001164  0c000da0	jal	_dstrtol
  154  00001168  54000000	nop; not filled.
  155  0000116c  00012820	add	r5,r0,r1
  156  00001170  8c860008	lw	r6,8(r4)
  157  00001174  afa60000	sw	(r29),r6
  158  00001178  20060000	addi	r6,r0,#0
  159  0000117c  afa60004	sw	4(r29),r6
  160  00001180  2006000a	addi	r6,r0,#10
  161  00001184  afa60008	sw	8(r29),r6
  162  00001188  0c000d7c	jal	_dstrtol
  163  0000118c  54000000	nop; not filled.
  164  00001190  afa10000	sw	(r29),r1
  165  00001194  0c0003ec	jal	_shmat
  166  00001198  54000000	nop; not filled.
  167  0000119c  00011820	add	r3,r0,r1
  168  000011a0  23bd0010	addi	r29,r29,#16
  169  000011a4  64610000	snei	r1,r3,#0
  170  000011a8  14200028	bnez	r1,L15_LF0
  171  000011ac  54000000	nop; not filled.
  172  000011b0  23bdfff8	addi	r29,r29,#-8
  173  000011b4  3c060000	lhi	r6,((LC2_LF0)>>16)&0xffff
  174  000011b8  24c6304c	addui	r6,r6,(LC2_LF0)&0xffff
  175  000011bc  afa60000	sw	(r29),r6
  176  000011c0  0c000390	jal	_Printf
  177  000011c4  54000000	nop; not filled.
  178  000011c8  0c000490	jal	_Exit
  179  000011cc  54000000	nop; not filled.
  180  000011d0  23bd0008	addi	r29,r29,#8
  181  000011d4          	L15_LF0:
  182  000011d4  23bdfff8	addi	r29,r29,#-8
  183  000011d8  8c660008	lw	r6,8(r3)
  184  000011dc  afa60000	sw	(r29),r6
  185  000011e0  0c000430	jal	_mbox_open
  186  000011e4  54000000	nop; not filled.
  187  000011e8  23bd0008	addi	r29,r29,#8
  188  000011ec  64210001	snei	r1,r1,#1
  189  000011f0  10200028	beqz	r1,L16_LF0
  190  000011f4  54000000	nop; not filled.
  191  000011f8  23bdfff8	addi	r29,r29,#-8
  192  000011fc  3c060000	lhi	r6,((LC3_LF0)>>16)&0xffff
  193  00001200  24c6306c	addui	r6,r6,(LC3_LF0)&0xffff
  194  00001204  afa60000	sw	(r29),r6
  195  00001208  0c000348	jal	_Printf
  196  0000120c  54000000	nop; not filled.
  197  00001210  0c000448	jal	_Exit
  198  00001214  54000000	nop; not filled.
  199  00001218  23bd0008	addi	r29,r29,#8
  200  0000121c          	L16_LF0:
  201  0000121c  23bdfff0	addi	r29,r29,#-16
  202  00001220  8c660008	lw	r6,8(r3)
  203  00001224  afa60000	sw	(r29),r6
  204  00001228  20060002	addi	r6,r0,#2
  205  0000122c  afa60004	sw	4(r29),r6
  206  00001230  23c2fff0	addi	r2,r30,#-16
  207  00001234  afa20008	sw	8(r29),r2
  208  00001238  0c0003fc	jal	_mbox_recv
  209  0000123c  54000000	nop; not filled.
  210  00001240  8c660008	lw	r6,8(r3)
  211  00001244  afa60000	sw	(r29),r6
  212  00001248  20060002	addi	r6,r0,#2
  213  0000124c  afa60004	sw	4(r29),r6
  214  00001250  afa20008	sw	8(r29),r2
  215  00001254  0c0003e0	jal	_mbox_recv
  216  00001258  54000000	nop; not filled.
  217  0000125c  8c660008	lw	r6,8(r3)
  218  00001260  afa60000	sw	(r29),r6
  219  00001264  20060002	addi	r6,r0,#2
  220  00001268  afa60004	sw	4(r29),r6
  221  0000126c  afa20008	sw	8(r29),r2
  222  00001270  0c0003c4	jal	_mbox_recv
  223  00001274  54000000	nop; not filled.
  224  00001278  8c660008	lw	r6,8(r3)
  225  0000127c  afa60000	sw	(r29),r6
  226  00001280  20060002	addi	r6,r0,#2
  227  00001284  afa60004	sw	4(r29),r6
  228  00001288  afa20008	sw	8(r29),r2
  229  0000128c  0c0003a8	jal	_mbox_recv
  230  00001290  54000000	nop; not filled.
  231  00001294  8c660008	lw	r6,8(r3)
  232  00001298  afa60000	sw	(r29),r6
  233  0000129c  0c000380	jal	_mbox_close
  234  000012a0  54000000	nop; not filled.
  235  000012a4  23bd0010	addi	r29,r29,#16
  236  000012a8  64210001	snei	r1,r1,#1
  237  000012ac  10200028	beqz	r1,L17_LF0
  238  000012b0  54000000	nop; not filled.
  239  000012b4  23bdfff8	addi	r29,r29,#-8
  240  000012b8  3c060000	lhi	r6,((LC4_LF0)>>16)&0xffff
  241  000012bc  24c6309c	addui	r6,r6,(LC4_LF0)&0xffff
  242  000012c0  afa60000	sw	(r29),r6
  243  000012c4  0c00028c	jal	_Printf
  244  000012c8  54000000	nop; not filled.
  245  000012cc  0c00038c	jal	_Exit
  246  000012d0  54000000	nop; not filled.
  247  000012d4  23bd0008	addi	r29,r29,#8
  248  000012d8          	L17_LF0:
  249  000012d8  23bdfff8	addi	r29,r29,#-8
  250  000012dc  8c66000c	lw	r6,12(r3)
  251  000012e0  afa60000	sw	(r29),r6
  252  000012e4  0c00032c	jal	_mbox_open
  253  000012e8  54000000	nop; not filled.
  254  000012ec  23bd0008	addi	r29,r29,#8
  255  000012f0  64210001	snei	r1,r1,#1
  256  000012f4  10200028	beqz	r1,L18_LF0
  257  000012f8  54000000	nop; not filled.
  258  000012fc  23bdfff8	addi	r29,r29,#-8
  259  00001300  3c060000	lhi	r6,((LC3_LF0)>>16)&0xffff
  260  00001304  24c6306c	addui	r6,r6,(LC3_LF0)&0xffff
  261  00001308  afa60000	sw	(r29),r6
  262  0000130c  0c000244	jal	_Printf
  263  00001310  54000000	nop; not filled.
  264  00001314  0c000344	jal	_Exit
  265  00001318  54000000	nop; not filled.
  266  0000131c  23bd0008	addi	r29,r29,#8
  267  00001320          	L18_LF0:
  268  00001320  23bdfff0	addi	r29,r29,#-16
  269  00001324  8c66000c	lw	r6,12(r3)
  270  00001328  afa60000	sw	(r29),r6
  271  0000132c  20060002	addi	r6,r0,#2
  272  00001330  afa60004	sw	4(r29),r6
  273  00001334  3c020000	lhi	r2,((LC5_LF0)>>16)&0xffff
  274  00001338  244230cc	addui	r2,r2,(LC5_LF0)&0xffff
  275  0000133c  afa20008	sw	8(r29),r2
  276  00001340  0c0002e8	jal	_mbox_send
  277  00001344  54000000	nop; not filled.
  278  00001348  8c66000c	lw	r6,12(r3)
  279  0000134c  afa60000	sw	(r29),r6
  280  00001350  20060002	addi	r6,r0,#2
  281  00001354  afa60004	sw	4(r29),r6
  282  00001358  afa20008	sw	8(r29),r2
  283  0000135c  0c0002cc	jal	_mbox_send
  284  00001360  54000000	nop; not filled.
  285  00001364  8c66000c	lw	r6,12(r3)
  286  00001368  afa60000	sw	(r29),r6
  287  0000136c  0c0002b0	jal	_mbox_close
  288  00001370  54000000	nop; not filled.
  289  00001374  23bd0010	addi	r29,r29,#16
  290  00001378  64210001	snei	r1,r1,#1
  291  0000137c  10200028	beqz	r1,L19_LF0
  292  00001380  54000000	nop; not filled.
  293  00001384  23bdfff8	addi	r29,r29,#-8
  294  00001388  3c060000	lhi	r6,((LC4_LF0)>>16)&0xffff
  295  0000138c  24c6309c	addui	r6,r6,(LC4_LF0)&0xffff
  296  00001390  afa60000	sw	(r29),r6
  297  00001394  0c0001bc	jal	_Printf
  298  00001398  54000000	nop; not filled.
  299  0000139c  0c0002bc	jal	_Exit
  300  000013a0  54000000	nop; not filled.
  301  000013a4  23bd0008	addi	r29,r29,#8
  302  000013a8          	L19_LF0:
  303  000013a8  23bdfff8	addi	r29,r29,#-8
  304  000013ac  8c660010	lw	r6,16(r3)
  305  000013b0  afa60000	sw	(r29),r6
  306  000013b4  0c00025c	jal	_mbox_open
  307  000013b8  54000000	nop; not filled.
  308  000013bc  23bd0008	addi	r29,r29,#8
  309  000013c0  64210001	snei	r1,r1,#1
  310  000013c4  10200028	beqz	r1,L20_LF0
  311  000013c8  54000000	nop; not filled.
  312  000013cc  23bdfff8	addi	r29,r29,#-8
  313  000013d0  3c060000	lhi	r6,((LC3_LF0)>>16)&0xffff
  314  000013d4  24c6306c	addui	r6,r6,(LC3_LF0)&0xffff
  315  000013d8  afa60000	sw	(r29),r6
  316  000013dc  0c000174	jal	_Printf
  317  000013e0  54000000	nop; not filled.
  318  000013e4  0c000274	jal	_Exit
  319  000013e8  54000000	nop; not filled.
  320  000013ec  23bd0008	addi	r29,r29,#8
  321  000013f0          	L20_LF0:
  322  000013f0  23bdfff0	addi	r29,r29,#-16
  323  000013f4  8c660010	lw	r6,16(r3)
  324  000013f8  afa60000	sw	(r29),r6
  325  000013fc  20060002	addi	r6,r0,#2
  326  00001400  afa60004	sw	4(r29),r6
  327  00001404  3c020000	lhi	r2,((LC6_LF0)>>16)&0xffff
  328  00001408  244230d0	addui	r2,r2,(LC6_LF0)&0xffff
  329  0000140c  afa20008	sw	8(r29),r2
  330  00001410  0c000218	jal	_mbox_send
  331  00001414  54000000	nop; not filled.
  332  00001418  8c660010	lw	r6,16(r3)
  333  0000141c  afa60000	sw	(r29),r6
  334  00001420  20060002	addi	r6,r0,#2
  335  00001424  afa60004	sw	4(r29),r6
  336  00001428  afa20008	sw	8(r29),r2
  337  0000142c  0c0001fc	jal	_mbox_send
  338  00001430  54000000	nop; not filled.
  339  00001434  8c630010	lw	r3,16(r3)
  340  00001438  afa30000	sw	(r29),r3
  341  0000143c  0c0001e0	jal	_mbox_close
  342  00001440  54000000	nop; not filled.
  343  00001444  23bd0010	addi	r29,r29,#16
  344  00001448  64210001	snei	r1,r1,#1
  345  0000144c  10200028	beqz	r1,L21_LF0
  346  00001450  54000000	nop; not filled.
  347  00001454  23bdfff8	addi	r29,r29,#-8
  348  00001458  3c060000	lhi	r6,((LC4_LF0)>>16)&0xffff
  349  0000145c  24c6309c	addui	r6,r6,(LC4_LF0)&0xffff
  350  00001460  afa60000	sw	(r29),r6
  351  00001464  0c0000ec	jal	_Printf
  352  00001468  54000000	nop; not filled.
  353  0000146c  0c0001ec	jal	_Exit
  354  00001470  54000000	nop; not filled.
  355  00001474  23bd0008	addi	r29,r29,#8
  356  00001478          	L21_LF0:
  357  00001478  0c0000e4	jal	_getpid
  358  0000147c  54000000	nop; not filled.
  359  00001480  23bdfff8	addi	r29,r29,#-8
  360  00001484  3c060000	lhi	r6,((LC7_LF0)>>16)&0xffff
  361  00001488  24c630d4	addui	r6,r6,(LC7_LF0)&0xffff
  362  0000148c  afa60000	sw	(r29),r6
  363  00001490  afa10004	sw	4(r29),r1
  364  00001494  0c0000bc	jal	_Printf
  365  00001498  54000000	nop; not filled.
  366  0000149c  afa50000	sw	(r29),r5
  367  000014a0  0c000104	jal	_sem_signal
  368  000014a4  54000000	nop; not filled.
  369  000014a8  23bd0008	addi	r29,r29,#8
  370  000014ac  64210001	snei	r1,r1,#1
  371  000014b0  10200050	beqz	r1,L22_LF0
  372  000014b4  54000000	nop; not filled.
  373  000014b8  23bdfff8	addi	r29,r29,#-8
  374  000014bc  3c060000	lhi	r6,((LC8_LF0)>>16)&0xffff
  375  000014c0  24c630fc	addui	r6,r6,(LC8_LF0)&0xffff
  376  000014c4  afa60000	sw	(r29),r6
  377  000014c8  afa50004	sw	4(r29),r5
  378  000014cc  0c000084	jal	_Printf
  379  000014d0  54000000	nop; not filled.
  380  000014d4  8c840000	lw	r4,(r4)
  381  000014d8  afa40000	sw	(r29),r4
  382  000014dc  0c000074	jal	_Printf
  383  000014e0  54000000	nop; not filled.
  384  000014e4  3c060000	lhi	r6,((LC9_LF0)>>16)&0xffff
  385  000014e8  24c63128	addui	r6,r6,(LC9_LF0)&0xffff
  386  000014ec  afa60000	sw	(r29),r6
  387  000014f0  0c000060	jal	_Printf
  388  000014f4  54000000	nop; not filled.
  389  000014f8  0c000160	jal	_Exit
  390  000014fc  54000000	nop; not filled.
  391  00001500  23bd0008	addi	r29,r29,#8
  392  00001504          	L22_LF0:
  393  00001504  0c000ef0	jal	_exit
  394  00001508  54000000	nop
  395  0000150c          	.endproc _main
  396                      ;;;
  397                      ;;; Stub functions for DLX traps.
  398                      ;;;
  399                      ;;; Ethan L. Miller, 1999.  Released to the public domain.
  400                      ;;;
  401                      ;;; The traps such as Open and Close
  402                      ;;; (note the capital letters) are for use by user programs.  The traps
  403                      ;;; with names such as open and close (lower case) are for use by the OS.
  404                      ;;;
  407  0000150c          	.align 2
  409                      ;;; The following are the traps to be used by user-level programs
  410                      ;;;
  412  0000150c          	.align 2
  413  0000150c          	.proc _Open
  414  0000150c          	.global _Open
  415  0000150c          	_Open:
  416                      ;;; Note that trap #0x213 actually causes a trap vector in the OS of
  417                      ;;; 0x1213.  The same is true for other user traps.  Thus, a user trap
  418                      ;;; with trap #0x240 will result in a trap vector of 0x1240 in the OS.
  419  0000150c  44000213	trap	#0x213
  420  00001510  4be00000	jr	r31
  421  00001514  54000000	nop
  422  00001518          	.endproc _Open
  424  00001518          	.proc _Close
  425  00001518          	.global _Close
  426  00001518          	_Close:
  427  00001518  44000214	trap	#0x214
  428  0000151c  4be00000	jr	r31
  429  00001520  54000000	nop
  430  00001524          	.endproc _Close
  432  00001524          	.proc _Read
  433  00001524          	.global _Read
  434  00001524          	_Read:
  435  00001524  44000210	trap	#0x210
  436  00001528  4be00000	jr	r31
  437  0000152c  54000000	nop
  438  00001530          	.endproc _Read
  440  00001530          	.proc _Write
  441  00001530          	.global _Write
  442  00001530          	_Write:
  443  00001530  44000211	trap	#0x211
  444  00001534  4be00000	jr	r31
  445  00001538  54000000	nop
  446  0000153c          	.endproc _Write
  448  0000153c          	.proc _Lseek
  449  0000153c          	.global _Lseek
  450  0000153c          	_Lseek:
  451  0000153c  44000212	trap	#0x212
  452  00001540  4be00000	jr	r31
  453  00001544  54000000	nop
  454  00001548          	.endproc _Lseek
  456  00001548          	.proc _Putchar
  457  00001548          	.global _Putchar
  458  00001548          	_Putchar:
  459  00001548  44000280	trap	#0x280
  460  0000154c  4be00000	jr	r31
  461  00001550  54000000	nop
  462  00001554          	.endproc _Putchar
  464  00001554          	.proc _Printf
  465  00001554          	.global _Printf
  466  00001554          	_Printf:
  467  00001554  44000201	trap	#0x201
  468  00001558  4be00000	jr	r31
  469  0000155c  54000000	nop
  470  00001560          	.endproc _Printf
  472  00001560          	.proc _getpid
  473  00001560          	.global _getpid
  474  00001560          	_getpid:
  475  00001560  44000431	trap	#0x431
  476  00001564  4be00000	jr	r31
  477  00001568  54000000	nop
  478  0000156c          	.endproc _getpid
  480  0000156c          	.proc _process_create
  481  0000156c          	.global _process_create
  482  0000156c          	_process_create:
  483  0000156c  44000432	trap	#0x432
  484  00001570  4be00000	jr	r31
  485  00001574  54000000	nop
  486  00001578          	.endproc _process_create
  488  00001578          	.proc _shmget
  489  00001578          	.global _shmget
  490  00001578          	_shmget:
  491  00001578  44000440	trap	#0x440
  492  0000157c  4be00000	jr	r31
  493  00001580  54000000	nop
  494  00001584          	.endproc _shmget
  496  00001584          	.proc _shmat
  497  00001584          	.global _shmat
  498  00001584          	_shmat:
  499  00001584  44000441	trap	#0x441
  500  00001588  4be00000	jr	r31
  501  0000158c  54000000	nop
  502  00001590          	.endproc _shmat
  504  00001590          	.proc _sem_create
  505  00001590          	.global _sem_create
  506  00001590          	_sem_create:
  507  00001590  44000450	trap	#0x450
  508  00001594  4be00000	jr	r31
  509  00001598  54000000	nop
  510  0000159c          	.endproc _sem_create
  512  0000159c          	.proc _sem_wait
  513  0000159c          	.global _sem_wait
  514  0000159c          	_sem_wait:
  515  0000159c  44000451	trap	#0x451
  516  000015a0  4be00000	jr	r31
  517  000015a4  54000000	nop
  518  000015a8          	.endproc _sem_wait
  520  000015a8          	.proc _sem_signal
  521  000015a8          	.global _sem_signal
  522  000015a8          	_sem_signal:
  523  000015a8  44000452	trap	#0x452
  524  000015ac  4be00000	jr	r31
  525  000015b0  54000000	nop
  526  000015b4          	.endproc _sem_signal
  528  000015b4          	.proc _lock_create
  529  000015b4          	.global _lock_create
  530  000015b4          	_lock_create:
  531  000015b4  44000453	trap	#0x453
  532  000015b8  4be00000	jr	r31
  533  000015bc  54000000	nop
  534  000015c0          	.endproc _lock_create
  536  000015c0          	.proc _lock_acquire
  537  000015c0          	.global _lock_acquire
  538  000015c0          	_lock_acquire:
  539  000015c0  44000454	trap	#0x454
  540  000015c4  4be00000	jr	r31
  541  000015c8  54000000	nop
  542  000015cc          	.endproc _lock_acquire
  544  000015cc          	.proc _lock_release
  545  000015cc          	.global _lock_release
  546  000015cc          	_lock_release:
  547  000015cc  44000455	trap	#0x455
  548  000015d0  4be00000	jr	r31
  549  000015d4  54000000	nop
  550  000015d8          	.endproc _lock_release
  552  000015d8          	.proc _cond_create
  553  000015d8          	.global _cond_create
  554  000015d8          	_cond_create:
  555  000015d8  44000456	trap	#0x456
  556  000015dc  4be00000	jr	r31
  557  000015e0  54000000	nop
  558  000015e4          	.endproc _cond_create
  560  000015e4          	.proc _cond_wait
  561  000015e4          	.global _cond_wait
  562  000015e4          	_cond_wait:
  563  000015e4  44000457	trap	#0x457
  564  000015e8  4be00000	jr	r31
  565  000015ec  54000000	nop
  566  000015f0          	.endproc _cond_wait
  568  000015f0          	.proc _cond_signal
  569  000015f0          	.global _cond_signal
  570  000015f0          	_cond_signal:
  571  000015f0  44000458	trap	#0x458
  572  000015f4  4be00000	jr	r31
  573  000015f8  54000000	nop
  574  000015fc          	.endproc _cond_signal
  576  000015fc          	.proc _cond_broadcast
  577  000015fc          	.global _cond_broadcast
  578  000015fc          	_cond_broadcast:
  579  000015fc  44000459	trap	#0x459
  580  00001600  4be00000	jr	r31
  581  00001604  54000000	nop
  582  00001608          	.endproc _cond_broadcast
  584  00001608          	.proc _mbox_create
  585  00001608          	.global _mbox_create
  586  00001608          	_mbox_create:
  587  00001608  44000460	trap	#0x460
  588  0000160c  4be00000	jr	r31
  589  00001610  54000000	nop
  590  00001614          	.endproc _mbox_create
  592  00001614          	.proc _mbox_open
  593  00001614          	.global _mbox_open
  594  00001614          	_mbox_open:
  595  00001614  44000461	trap	#0x461
  596  00001618  4be00000	jr	r31
  597  0000161c  54000000	nop
  598  00001620          	.endproc _mbox_open
  600  00001620          	.proc _mbox_close
  601  00001620          	.global _mbox_close
  602  00001620          	_mbox_close:
  603  00001620  44000462	trap	#0x462
  604  00001624  4be00000	jr	r31
  605  00001628  54000000	nop
  606  0000162c          	.endproc _mbox_close
  608  0000162c          	.proc _mbox_send
  609  0000162c          	.global _mbox_send
  610  0000162c          	_mbox_send:
  611  0000162c  44000463	trap	#0x463
  612  00001630  4be00000	jr	r31
  613  00001634  54000000	nop
  614  00001638          	.endproc _mbox_send
  616  00001638          	.proc _mbox_recv
  617  00001638          	.global _mbox_recv
  618  00001638          	_mbox_recv:
  619  00001638  44000464	trap	#0x464
  620  0000163c  4be00000	jr	r31
  621  00001640  54000000	nop
  622  00001644          	.endproc _mbox_recv
  624  00001644          	.proc _sleep
  625  00001644          	.global _sleep
  626  00001644          	_sleep:
  627  00001644  44000465	trap	#0x465
  628  00001648  4be00000	jr	r31
  629  0000164c  54000000	nop
  630  00001650          	.endproc _sleep
  632  00001650          	.proc _yield
  633  00001650          	.global _yield
  634  00001650          	_yield:
  635  00001650  44000466	trap	#0x466
  636  00001654  4be00000	jr	r31
  637  00001658  54000000	nop
  638  0000165c          	.endproc _yield
  641  0000165c          	.proc _Exit
  642  0000165c          	.global _Exit
  643  0000165c          	_Exit:
  644  0000165c  44000500	trap	#0x500
  645  00001660  4be00000	jr	r31
  646  00001664  54000000	nop
  647  00001668          	.endproc _Exit
  648                      ; Compiled by GCC
  650  00001668          	.align 2
  651  00001668          	.proc _isspace
  652  00001668          	.global _isspace
  653  00001668          	_isspace:
  654                      ;  Function 'isspace'; 0 bytes of locals, 3 regs to save.
  655  00001668  afbefffc	sw	-4(r29),r30; push fp
  656  0000166c  001df020	add	r30,r0,r29; fp = sp
  657  00001670  afbffff8	sw	-8(r29),r31; push ret addr
  658  00001674  2fbd0018	subui	r29,r29,#24; alloc local storage
  659  00001678  afa20000	sw	0(r29),r2
  660  0000167c  afa30004	sw	4(r29),r3
  661  00001680  afa40008	sw	8(r29),r4
  662  00001684  83c20003	lb	r2,3(r30)
  663  00001688  20010000	addi	r1,r0,#0
  664  0000168c  304300ff	andi	r3,r2,#0x00ff
  665  00001690  60640020	seqi	r4,r3,#32
  666  00001694  1480002c	bnez	r4,L3_LF2
  667  00001698  54000000	nop; delay slot nop
  668  0000169c  304300ff	andi	r3,r2,#0x00ff
  669  000016a0  60640009	seqi	r4,r3,#9
  670  000016a4  1480001c	bnez	r4,L3_LF2
  671  000016a8  54000000	nop; delay slot nop
  672  000016ac  304300ff	andi	r3,r2,#0x00ff
  673  000016b0  6064000a	seqi	r4,r3,#10
  674  000016b4  1480000c	bnez	r4,L3_LF2
  675  000016b8  54000000	nop; delay slot nop
  676  000016bc  08000008	j	L2_LF2
  677  000016c0  54000000	nop; delay slot nop
  678  000016c4          	L3_LF2:
  679  000016c4  20010001	addi	r1,r0,#1
  680  000016c8          	L2_LF2:
  681  000016c8  08000004	j	L1_LF2
  682  000016cc  54000000	nop; delay slot nop
  683  000016d0          	L1_LF2:
  684  000016d0  8fa20000	lw	r2,0(r29)
  685  000016d4  8fa30004	lw	r3,4(r29)
  686  000016d8  8fa40008	lw	r4,8(r29)
  687  000016dc  8fdffff8	lw	r31,-8(r30)
  688  000016e0  001ee820	add	r29,r0,r30
  689  000016e4  8fdefffc	lw	r30,-4(r30)
  690  000016e8  4be00000	jr	r31
  691  000016ec  54000000	nop
  692  000016f0          	.endproc _isspace
  693  000016f0          	.align 2
  694  000016f0          	.proc _isxdigit
  695  000016f0          	.global _isxdigit
  696  000016f0          	_isxdigit:
  697                      ;  Function 'isxdigit'; 0 bytes of locals, 3 regs to save.
  698  000016f0  afbefffc	sw	-4(r29),r30; push fp
  699  000016f4  001df020	add	r30,r0,r29; fp = sp
  700  000016f8  afbffff8	sw	-8(r29),r31; push ret addr
  701  000016fc  2fbd0018	subui	r29,r29,#24; alloc local storage
  702  00001700  afa20000	sw	0(r29),r2
  703  00001704  afa30004	sw	4(r29),r3
  704  00001708  afa40008	sw	8(r29),r4
  705  0000170c  83c20003	lb	r2,3(r30)
  706  00001710  20010000	addi	r1,r0,#0
  707  00001714  304300ff	andi	r3,r2,#0x00ff
  708  00001718  6c64002f	sgtui	r4,r3,#47
  709  0000171c  1080001c	beqz	r4,L7_LF2
  710  00001720  54000000	nop; delay slot nop
  711  00001724  304300ff	andi	r3,r2,#0x00ff
  712  00001728  70640039	sleui	r4,r3,#57
  713  0000172c  1480005c	bnez	r4,L6_LF2
  714  00001730  54000000	nop; delay slot nop
  715  00001734  08000004	j	L7_LF2
  716  00001738  54000000	nop; delay slot nop
  717  0000173c          	L7_LF2:
  718  0000173c  304300ff	andi	r3,r2,#0x00ff
  719  00001740  6c640060	sgtui	r4,r3,#96
  720  00001744  1080001c	beqz	r4,L8_LF2
  721  00001748  54000000	nop; delay slot nop
  722  0000174c  304300ff	andi	r3,r2,#0x00ff
  723  00001750  70640066	sleui	r4,r3,#102
  724  00001754  14800034	bnez	r4,L6_LF2
  725  00001758  54000000	nop; delay slot nop
  726  0000175c  08000004	j	L8_LF2
  727  00001760  54000000	nop; delay slot nop
  728  00001764          	L8_LF2:
  729  00001764  304300ff	andi	r3,r2,#0x00ff
  730  00001768  6c640040	sgtui	r4,r3,#64
  731  0000176c  10800020	beqz	r4,L5_LF2
  732  00001770  54000000	nop; delay slot nop
  733  00001774  304300ff	andi	r3,r2,#0x00ff
  734  00001778  70640041	sleui	r4,r3,#65
  735  0000177c  1480000c	bnez	r4,L6_LF2
  736  00001780  54000000	nop; delay slot nop
  737  00001784  08000008	j	L5_LF2
  738  00001788  54000000	nop; delay slot nop
  739  0000178c          	L6_LF2:
  740  0000178c  20010001	addi	r1,r0,#1
  741  00001790          	L5_LF2:
  742  00001790  08000004	j	L4_LF2
  743  00001794  54000000	nop; delay slot nop
  744  00001798          	L4_LF2:
  745  00001798  8fa20000	lw	r2,0(r29)
  746  0000179c  8fa30004	lw	r3,4(r29)
  747  000017a0  8fa40008	lw	r4,8(r29)
  748  000017a4  8fdffff8	lw	r31,-8(r30)
  749  000017a8  001ee820	add	r29,r0,r30
  750  000017ac  8fdefffc	lw	r30,-4(r30)
  751  000017b0  4be00000	jr	r31
  752  000017b4  54000000	nop
  753  000017b8          	.endproc _isxdigit
  754  000017b8          	.align 2
  755  000017b8          	.proc _dstrcpy
  756  000017b8          	.global _dstrcpy
  757  000017b8          	_dstrcpy:
  758                      ;  Function 'dstrcpy'; 8 bytes of locals, 2 regs to save.
  759  000017b8  afbefffc	sw	-4(r29),r30; push fp
  760  000017bc  001df020	add	r30,r0,r29; fp = sp
  761  000017c0  afbffff8	sw	-8(r29),r31; push ret addr
  762  000017c4  2fbd0018	subui	r29,r29,#24; alloc local storage
  763  000017c8  afa20000	sw	0(r29),r2
  764  000017cc  afa30004	sw	4(r29),r3
  765  000017d0  8fc10000	lw	r1,(r30)
  766  000017d4  afc1fff4	sw	-12(r30),r1
  767  000017d8          	L10_LF2:
  768  000017d8  8fc10000	lw	r1,(r30)
  769  000017dc  20220001	addi	r2,r1,#1
  770  000017e0  afc20000	sw	(r30),r2
  771  000017e4  8fc20004	lw	r2,4(r30)
  772  000017e8  20430001	addi	r3,r2,#1
  773  000017ec  afc30004	sw	4(r30),r3
  774  000017f0  80420000	lb	r2,(r2)
  775  000017f4  a0220000	sb	(r1),r2
  776  000017f8  a3c2fff3	sb	-13(r30),r2
  777  000017fc          	L12_LF2:
  778  000017fc  93c1fff3	lbu	r1,-13(r30)
  779  00001800  64220000	snei	r2,r1,#0
  780  00001804  1440000c	bnez	r2,L13_LF2
  781  00001808  54000000	nop; delay slot nop
  782  0000180c  0800000c	j	L11_LF2
  783  00001810  54000000	nop; delay slot nop
  784  00001814          	L13_LF2:
  785  00001814  0bffffc0	j	L10_LF2
  786  00001818  54000000	nop; delay slot nop
  787  0000181c          	L11_LF2:
  788  0000181c  8fc1fff4	lw	r1,-12(r30)
  789  00001820  08000004	j	L9_LF2
  790  00001824  54000000	nop; delay slot nop
  791  00001828          	L9_LF2:
  792  00001828  8fa20000	lw	r2,0(r29)
  793  0000182c  8fa30004	lw	r3,4(r29)
  794  00001830  8fdffff8	lw	r31,-8(r30)
  795  00001834  001ee820	add	r29,r0,r30
  796  00001838  8fdefffc	lw	r30,-4(r30)
  797  0000183c  4be00000	jr	r31
  798  00001840  54000000	nop
  799  00001844          	.endproc _dstrcpy
  800  00001844          	.align 2
  801  00001844          	.proc _dstrncpy
  802  00001844          	.global _dstrncpy
  803  00001844          	_dstrncpy:
  804                      ;  Function 'dstrncpy'; 8 bytes of locals, 2 regs to save.
  805  00001844  afbefffc	sw	-4(r29),r30; push fp
  806  00001848  001df020	add	r30,r0,r29; fp = sp
  807  0000184c  afbffff8	sw	-8(r29),r31; push ret addr
  808  00001850  2fbd0018	subui	r29,r29,#24; alloc local storage
  809  00001854  afa20000	sw	0(r29),r2
  810  00001858  afa30004	sw	4(r29),r3
  811  0000185c  8fc10000	lw	r1,(r30)
  812  00001860  afc1fff4	sw	-12(r30),r1
  813  00001864          	L15_LF2:
  814  00001864  8fc10008	lw	r1,8(r30)
  815  00001868  2022ffff	addi	r2,r1,#-1
  816  0000186c  afc20008	sw	8(r30),r2
  817  00001870  70210000	slei	r1,r1,#0
  818  00001874  1020000c	beqz	r1,L18_LF2
  819  00001878  54000000	nop; delay slot nop
  820  0000187c  08000048	j	L16_LF2
  821  00001880  54000000	nop; delay slot nop
  822  00001884          	L18_LF2:
  823  00001884  8fc10000	lw	r1,(r30)
  824  00001888  20220001	addi	r2,r1,#1
  825  0000188c  afc20000	sw	(r30),r2
  826  00001890  8fc20004	lw	r2,4(r30)
  827  00001894  20430001	addi	r3,r2,#1
  828  00001898  afc30004	sw	4(r30),r3
  829  0000189c  80420000	lb	r2,(r2)
  830  000018a0  a0220000	sb	(r1),r2
  831  000018a4  a3c2fff3	sb	-13(r30),r2
  832  000018a8          	L17_LF2:
  833  000018a8  93c1fff3	lbu	r1,-13(r30)
  834  000018ac  64220000	snei	r2,r1,#0
  835  000018b0  1440000c	bnez	r2,L19_LF2
  836  000018b4  54000000	nop; delay slot nop
  837  000018b8  0800000c	j	L16_LF2
  838  000018bc  54000000	nop; delay slot nop
  839  000018c0          	L19_LF2:
  840  000018c0  0bffffa0	j	L15_LF2
  841  000018c4  54000000	nop; delay slot nop
  842  000018c8          	L16_LF2:
  843  000018c8  8fc1fff4	lw	r1,-12(r30)
  844  000018cc  08000004	j	L14_LF2
  845  000018d0  54000000	nop; delay slot nop
  846  000018d4          	L14_LF2:
  847  000018d4  8fa20000	lw	r2,0(r29)
  848  000018d8  8fa30004	lw	r3,4(r29)
  849  000018dc  8fdffff8	lw	r31,-8(r30)
  850  000018e0  001ee820	add	r29,r0,r30
  851  000018e4  8fdefffc	lw	r30,-4(r30)
  852  000018e8  4be00000	jr	r31
  853  000018ec  54000000	nop
  854  000018f0          	.endproc _dstrncpy
  855  000018f0          	.align 2
  856  000018f0          	.proc _dstrcat
  857  000018f0          	.global _dstrcat
  858  000018f0          	_dstrcat:
  859                      ;  Function 'dstrcat'; 8 bytes of locals, 1 regs to save.
  860  000018f0  afbefffc	sw	-4(r29),r30; push fp
  861  000018f4  001df020	add	r30,r0,r29; fp = sp
  862  000018f8  afbffff8	sw	-8(r29),r31; push ret addr
  863  000018fc  2fbd0018	subui	r29,r29,#24; alloc local storage
  864  00001900  afa20000	sw	0(r29),r2
  865  00001904  8fc10000	lw	r1,(r30)
  866  00001908  afc1fff4	sw	-12(r30),r1
  867  0000190c          	L21_LF2:
  868  0000190c  8fc10000	lw	r1,(r30)
  869  00001910  90220000	lbu	r2,(r1)
  870  00001914  64410000	snei	r1,r2,#0
  871  00001918  1420000c	bnez	r1,L23_LF2
  872  0000191c  54000000	nop; delay slot nop
  873  00001920  0800001c	j	L22_LF2
  874  00001924  54000000	nop; delay slot nop
  875  00001928          	L23_LF2:
  876  00001928  8fc20000	lw	r2,(r30)
  877  0000192c  20410001	addi	r1,r2,#1
  878  00001930  00011020	add	r2,r0,r1
  879  00001934  afc20000	sw	(r30),r2
  880  00001938  0bffffd0	j	L21_LF2
  881  0000193c  54000000	nop; delay slot nop
  882  00001940          	L22_LF2:
  883  00001940  23bdfff8	addi	r29,r29,#-8
  884  00001944  001d0820	add	r1,r0,r29
  885  00001948  8fc20000	lw	r2,(r30)
  886  0000194c  ac220000	sw	(r1),r2
  887  00001950  8fc20004	lw	r2,4(r30)
  888  00001954  ac220004	sw	4(r1),r2
  889  00001958  0ffffe5c	jal	_dstrcpy
  890  0000195c  54000000	nop; delay slot nop
  891  00001960  23bd0008	addi	r29,r29,#8
  892  00001964  8fc1fff4	lw	r1,-12(r30)
  893  00001968  08000004	j	L20_LF2
  894  0000196c  54000000	nop; delay slot nop
  895  00001970          	L20_LF2:
  896  00001970  8fa20000	lw	r2,0(r29)
  897  00001974  8fdffff8	lw	r31,-8(r30)
  898  00001978  001ee820	add	r29,r0,r30
  899  0000197c  8fdefffc	lw	r30,-4(r30)
  900  00001980  4be00000	jr	r31
  901  00001984  54000000	nop
  902  00001988          	.endproc _dstrcat
  903  00001988          	.align 2
  904  00001988          	.proc _dstrncmp
  905  00001988          	.global _dstrncmp
  906  00001988          	_dstrncmp:
  907                      ;  Function 'dstrncmp'; 8 bytes of locals, 2 regs to save.
  908  00001988  afbefffc	sw	-4(r29),r30; push fp
  909  0000198c  001df020	add	r30,r0,r29; fp = sp
  910  00001990  afbffff8	sw	-8(r29),r31; push ret addr
  911  00001994  2fbd0018	subui	r29,r29,#24; alloc local storage
  912  00001998  afa20000	sw	0(r29),r2
  913  0000199c  afa30004	sw	4(r29),r3
  914  000019a0  54000000	nop
  915  000019a4  20010000	addi	r1,r0,#0
  916  000019a8  afc1fff4	sw	-12(r30),r1
  917  000019ac          	L25_LF2:
  918  000019ac  8fc1fff4	lw	r1,-12(r30)
  919  000019b0  8fc20008	lw	r2,8(r30)
  920  000019b4  0022082a	slt	r1,r1,r2
  921  000019b8  1420000c	bnez	r1,L28_LF2
  922  000019bc  54000000	nop; delay slot nop
  923  000019c0  08000088	j	L26_LF2
  924  000019c4  54000000	nop; delay slot nop
  925  000019c8          	L28_LF2:
  926  000019c8  8fc10004	lw	r1,4(r30)
  927  000019cc  90220000	lbu	r2,(r1)
  928  000019d0  64410000	snei	r1,r2,#0
  929  000019d4  14200018	bnez	r1,L29_LF2
  930  000019d8  54000000	nop; delay slot nop
  931  000019dc  20010000	addi	r1,r0,#0
  932  000019e0  080000d8	j	L24_LF2
  933  000019e4  54000000	nop; delay slot nop
  934  000019e8  08000028	j	L30_LF2
  935  000019ec  54000000	nop; delay slot nop
  936  000019f0          	L29_LF2:
  937  000019f0  8fc10000	lw	r1,(r30)
  938  000019f4  8fc20004	lw	r2,4(r30)
  939  000019f8  90210000	lbu	r1,(r1)
  940  000019fc  90420000	lbu	r2,(r2)
  941  00001a00  00220829	sne	r1,r1,r2
  942  00001a04  1020000c	beqz	r1,L30_LF2
  943  00001a08  54000000	nop; delay slot nop
  944  00001a0c  0800003c	j	L26_LF2
  945  00001a10  54000000	nop; delay slot nop
  946  00001a14          	L31_LF2:
  947  00001a14          	L30_LF2:
  948  00001a14  8fc20000	lw	r2,(r30)
  949  00001a18  20410001	addi	r1,r2,#1
  950  00001a1c  00011020	add	r2,r0,r1
  951  00001a20  afc20000	sw	(r30),r2
  952  00001a24  8fc20004	lw	r2,4(r30)
  953  00001a28  20410001	addi	r1,r2,#1
  954  00001a2c  00011020	add	r2,r0,r1
  955  00001a30  afc20004	sw	4(r30),r2
  956  00001a34          	L27_LF2:
  957  00001a34  8fc2fff4	lw	r2,-12(r30)
  958  00001a38  20410001	addi	r1,r2,#1
  959  00001a3c  00011020	add	r2,r0,r1
  960  00001a40  afc2fff4	sw	-12(r30),r2
  961  00001a44  0bffff64	j	L25_LF2
  962  00001a48  54000000	nop; delay slot nop
  963  00001a4c          	L26_LF2:
  964  00001a4c  8fc1fff4	lw	r1,-12(r30)
  965  00001a50  8fc20008	lw	r2,8(r30)
  966  00001a54  00220828	seq	r1,r1,r2
  967  00001a58  10200018	beqz	r1,L32_LF2
  968  00001a5c  54000000	nop; delay slot nop
  969  00001a60  20010000	addi	r1,r0,#0
  970  00001a64  08000054	j	L24_LF2
  971  00001a68  54000000	nop; delay slot nop
  972  00001a6c  0800004c	j	L33_LF2
  973  00001a70  54000000	nop; delay slot nop
  974  00001a74          	L32_LF2:
  975  00001a74  8fc20000	lw	r2,(r30)
  976  00001a78  90410000	lbu	r1,(r2)
  977  00001a7c  8fc20004	lw	r2,4(r30)
  978  00001a80  90430000	lbu	r3,(r2)
  979  00001a84  00230822	sub	r1,r1,r3
  980  00001a88  74220000	sgei	r2,r1,#0
  981  00001a8c  10400020	beqz	r2,L34_LF2
  982  00001a90  54000000	nop; delay slot nop
  983  00001a94  8fc10000	lw	r1,(r30)
  984  00001a98  8fc20004	lw	r2,4(r30)
  985  00001a9c  90210000	lbu	r1,(r1)
  986  00001aa0  90420000	lbu	r2,(r2)
  987  00001aa4  00220829	sne	r1,r1,r2
  988  00001aa8  08000008	j	L35_LF2
  989  00001aac  54000000	nop; delay slot nop
  990  00001ab0          	L34_LF2:
  991  00001ab0  2001ffff	addi	r1,r0,#-1
  992  00001ab4          	L35_LF2:
  993  00001ab4  08000004	j	L24_LF2
  994  00001ab8  54000000	nop; delay slot nop
  995  00001abc          	L33_LF2:
  996  00001abc          	L24_LF2:
  997  00001abc  8fa20000	lw	r2,0(r29)
  998  00001ac0  8fa30004	lw	r3,4(r29)
  999  00001ac4  8fdffff8	lw	r31,-8(r30)
 1000  00001ac8  001ee820	add	r29,r0,r30
 1001  00001acc  8fdefffc	lw	r30,-4(r30)
 1002  00001ad0  4be00000	jr	r31
 1003  00001ad4  54000000	nop
 1004  00001ad8          	.endproc _dstrncmp
 1005  00001ad8          	.align 2
 1006  00001ad8          	.proc _dstrlen
 1007  00001ad8          	.global _dstrlen
 1008  00001ad8          	_dstrlen:
 1009                      ;  Function 'dstrlen'; 8 bytes of locals, 1 regs to save.
 1010  00001ad8  afbefffc	sw	-4(r29),r30; push fp
 1011  00001adc  001df020	add	r30,r0,r29; fp = sp
 1012  00001ae0  afbffff8	sw	-8(r29),r31; push ret addr
 1013  00001ae4  2fbd0018	subui	r29,r29,#24; alloc local storage
 1014  00001ae8  afa20000	sw	0(r29),r2
 1015  00001aec  20010000	addi	r1,r0,#0
 1016  00001af0  afc1fff4	sw	-12(r30),r1
 1017  00001af4          	L37_LF2:
 1018  00001af4  8fc10000	lw	r1,(r30)
 1019  00001af8  20220001	addi	r2,r1,#1
 1020  00001afc  afc20000	sw	(r30),r2
 1021  00001b00  90210000	lbu	r1,(r1)
 1022  00001b04  64220000	snei	r2,r1,#0
 1023  00001b08  1440000c	bnez	r2,L39_LF2
 1024  00001b0c  54000000	nop; delay slot nop
 1025  00001b10  0800001c	j	L38_LF2
 1026  00001b14  54000000	nop; delay slot nop
 1027  00001b18          	L39_LF2:
 1028  00001b18  8fc2fff4	lw	r2,-12(r30)
 1029  00001b1c  20410001	addi	r1,r2,#1
 1030  00001b20  00011020	add	r2,r0,r1
 1031  00001b24  afc2fff4	sw	-12(r30),r2
 1032  00001b28  0bffffc8	j	L37_LF2
 1033  00001b2c  54000000	nop; delay slot nop
 1034  00001b30          	L38_LF2:
 1035  00001b30  8fc1fff4	lw	r1,-12(r30)
 1036  00001b34  08000004	j	L36_LF2
 1037  00001b38  54000000	nop; delay slot nop
 1038  00001b3c          	L36_LF2:
 1039  00001b3c  8fa20000	lw	r2,0(r29)
 1040  00001b40  8fdffff8	lw	r31,-8(r30)
 1041  00001b44  001ee820	add	r29,r0,r30
 1042  00001b48  8fdefffc	lw	r30,-4(r30)
 1043  00001b4c  4be00000	jr	r31
 1044  00001b50  54000000	nop
 1045  00001b54          	.endproc _dstrlen
 1046  00001b54          	.align 2
 1047  00001b54          	.proc _dstrstr
 1048  00001b54          	.global _dstrstr
 1049  00001b54          	_dstrstr:
 1050                      ;  Function 'dstrstr'; 8 bytes of locals, 1 regs to save.
 1051  00001b54  afbefffc	sw	-4(r29),r30; push fp
 1052  00001b58  001df020	add	r30,r0,r29; fp = sp
 1053  00001b5c  afbffff8	sw	-8(r29),r31; push ret addr
 1054  00001b60  2fbd0018	subui	r29,r29,#24; alloc local storage
 1055  00001b64  afa20000	sw	0(r29),r2
 1056  00001b68  23bdfff8	addi	r29,r29,#-8
 1057  00001b6c  001d0820	add	r1,r0,r29
 1058  00001b70  8fc20004	lw	r2,4(r30)
 1059  00001b74  ac220000	sw	(r1),r2
 1060  00001b78  0fffff5c	jal	_dstrlen
 1061  00001b7c  54000000	nop; delay slot nop
 1062  00001b80  23bd0008	addi	r29,r29,#8
 1063  00001b84  afc1fff4	sw	-12(r30),r1
 1064  00001b88          	L41_LF2:
 1065  00001b88  8fc10000	lw	r1,(r30)
 1066  00001b8c  90220000	lbu	r2,(r1)
 1067  00001b90  64410000	snei	r1,r2,#0
 1068  00001b94  1420000c	bnez	r1,L43_LF2
 1069  00001b98  54000000	nop; delay slot nop
 1070  00001b9c  08000060	j	L42_LF2
 1071  00001ba0  54000000	nop; delay slot nop
 1072  00001ba4          	L43_LF2:
 1073  00001ba4  23bdfff0	addi	r29,r29,#-16
 1074  00001ba8  001d0820	add	r1,r0,r29
 1075  00001bac  8fc20000	lw	r2,(r30)
 1076  00001bb0  ac220000	sw	(r1),r2
 1077  00001bb4  8fc20004	lw	r2,4(r30)
 1078  00001bb8  ac220004	sw	4(r1),r2
 1079  00001bbc  8fc2fff4	lw	r2,-12(r30)
 1080  00001bc0  ac220008	sw	8(r1),r2
 1081  00001bc4  0ffffdc0	jal	_dstrncmp
 1082  00001bc8  54000000	nop; delay slot nop
 1083  00001bcc  23bd0010	addi	r29,r29,#16
 1084  00001bd0  64220000	snei	r2,r1,#0
 1085  00001bd4  14400010	bnez	r2,L44_LF2
 1086  00001bd8  54000000	nop; delay slot nop
 1087  00001bdc  8fc10000	lw	r1,(r30)
 1088  00001be0  08000028	j	L40_LF2
 1089  00001be4  54000000	nop; delay slot nop
 1090  00001be8          	L44_LF2:
 1091  00001be8  8fc20000	lw	r2,(r30)
 1092  00001bec  20410001	addi	r1,r2,#1
 1093  00001bf0  00011020	add	r2,r0,r1
 1094  00001bf4  afc20000	sw	(r30),r2
 1095  00001bf8  0bffff8c	j	L41_LF2
 1096  00001bfc  54000000	nop; delay slot nop
 1097  00001c00          	L42_LF2:
 1098  00001c00  20010000	addi	r1,r0,#0
 1099  00001c04  08000004	j	L40_LF2
 1100  00001c08  54000000	nop; delay slot nop
 1101  00001c0c          	L40_LF2:
 1102  00001c0c  8fa20000	lw	r2,0(r29)
 1103  00001c10  8fdffff8	lw	r31,-8(r30)
 1104  00001c14  001ee820	add	r29,r0,r30
 1105  00001c18  8fdefffc	lw	r30,-4(r30)
 1106  00001c1c  4be00000	jr	r31
 1107  00001c20  54000000	nop
 1108  00001c24          	.endproc _dstrstr
 1109  00001c24          	.align 2
 1110  00001c24          	.proc _dmindex
 1111  00001c24          	.global _dmindex
 1112  00001c24          	_dmindex:
 1113                      ;  Function 'dmindex'; 8 bytes of locals, 1 regs to save.
 1114  00001c24  afbefffc	sw	-4(r29),r30; push fp
 1115  00001c28  001df020	add	r30,r0,r29; fp = sp
 1116  00001c2c  afbffff8	sw	-8(r29),r31; push ret addr
 1117  00001c30  2fbd0018	subui	r29,r29,#24; alloc local storage
 1118  00001c34  afa20000	sw	0(r29),r2
 1119  00001c38  54000000	nop
 1120  00001c3c          	L46_LF2:
 1121  00001c3c  8fc10000	lw	r1,(r30)
 1122  00001c40  90220000	lbu	r2,(r1)
 1123  00001c44  64410000	snei	r1,r2,#0
 1124  00001c48  1420000c	bnez	r1,L48_LF2
 1125  00001c4c  54000000	nop; delay slot nop
 1126  00001c50  08000070	j	L47_LF2
 1127  00001c54  54000000	nop; delay slot nop
 1128  00001c58          	L48_LF2:
 1129  00001c58  8fc10004	lw	r1,4(r30)
 1130  00001c5c  afc1fff4	sw	-12(r30),r1
 1131  00001c60          	L49_LF2:
 1132  00001c60  8fc1fff4	lw	r1,-12(r30)
 1133  00001c64  90220000	lbu	r2,(r1)
 1134  00001c68  64410000	snei	r1,r2,#0
 1135  00001c6c  1420000c	bnez	r1,L52_LF2
 1136  00001c70  54000000	nop; delay slot nop
 1137  00001c74  08000044	j	L50_LF2
 1138  00001c78  54000000	nop; delay slot nop
 1139  00001c7c          	L52_LF2:
 1140  00001c7c  8fc10000	lw	r1,(r30)
 1141  00001c80  8fc2fff4	lw	r2,-12(r30)
 1142  00001c84  90210000	lbu	r1,(r1)
 1143  00001c88  90420000	lbu	r2,(r2)
 1144  00001c8c  00220828	seq	r1,r1,r2
 1145  00001c90  10200010	beqz	r1,L51_LF2
 1146  00001c94  54000000	nop; delay slot nop
 1147  00001c98  8fc10000	lw	r1,(r30)
 1148  00001c9c  08000030	j	L45_LF2
 1149  00001ca0  54000000	nop; delay slot nop
 1150  00001ca4          	L53_LF2:
 1151  00001ca4          	L51_LF2:
 1152  00001ca4  8fc2fff4	lw	r2,-12(r30)
 1153  00001ca8  20410001	addi	r1,r2,#1
 1154  00001cac  00011020	add	r2,r0,r1
 1155  00001cb0  afc2fff4	sw	-12(r30),r2
 1156  00001cb4  0bffffa8	j	L49_LF2
 1157  00001cb8  54000000	nop; delay slot nop
 1158  00001cbc          	L50_LF2:
 1159  00001cbc  0bffff7c	j	L46_LF2
 1160  00001cc0  54000000	nop; delay slot nop
 1161  00001cc4          	L47_LF2:
 1162  00001cc4  20010000	addi	r1,r0,#0
 1163  00001cc8  08000004	j	L45_LF2
 1164  00001ccc  54000000	nop; delay slot nop
 1165  00001cd0          	L45_LF2:
 1166  00001cd0  8fa20000	lw	r2,0(r29)
 1167  00001cd4  8fdffff8	lw	r31,-8(r30)
 1168  00001cd8  001ee820	add	r29,r0,r30
 1169  00001cdc  8fdefffc	lw	r30,-4(r30)
 1170  00001ce0  4be00000	jr	r31
 1171  00001ce4  54000000	nop
 1172  00001ce8          	.endproc _dmindex
 1173  00001ce8          	.align 2
 1174  00001ce8          	.proc _dindex
 1175  00001ce8          	.global _dindex
 1176  00001ce8          	_dindex:
 1177                      ;  Function 'dindex'; 0 bytes of locals, 1 regs to save.
 1178  00001ce8  afbefffc	sw	-4(r29),r30; push fp
 1179  00001cec  001df020	add	r30,r0,r29; fp = sp
 1180  00001cf0  afbffff8	sw	-8(r29),r31; push ret addr
 1181  00001cf4  2fbd0010	subui	r29,r29,#16; alloc local storage
 1182  00001cf8  afa20000	sw	0(r29),r2
 1183  00001cfc  54000000	nop
 1184  00001d00          	L55_LF2:
 1185  00001d00  8fc10000	lw	r1,(r30)
 1186  00001d04  90220000	lbu	r2,(r1)
 1187  00001d08  64410000	snei	r1,r2,#0
 1188  00001d0c  1420000c	bnez	r1,L57_LF2
 1189  00001d10  54000000	nop; delay slot nop
 1190  00001d14  08000040	j	L56_LF2
 1191  00001d18  54000000	nop; delay slot nop
 1192  00001d1c          	L57_LF2:
 1193  00001d1c  8fc10000	lw	r1,(r30)
 1194  00001d20  90220000	lbu	r2,(r1)
 1195  00001d24  8fc10004	lw	r1,4(r30)
 1196  00001d28  00411028	seq	r2,r2,r1
 1197  00001d2c  10400010	beqz	r2,L58_LF2
 1198  00001d30  54000000	nop; delay slot nop
 1199  00001d34  8fc10000	lw	r1,(r30)
 1200  00001d38  08000028	j	L54_LF2
 1201  00001d3c  54000000	nop; delay slot nop
 1202  00001d40          	L58_LF2:
 1203  00001d40  8fc20000	lw	r2,(r30)
 1204  00001d44  20410001	addi	r1,r2,#1
 1205  00001d48  00011020	add	r2,r0,r1
 1206  00001d4c  afc20000	sw	(r30),r2
 1207  00001d50  0bffffac	j	L55_LF2
 1208  00001d54  54000000	nop; delay slot nop
 1209  00001d58          	L56_LF2:
 1210  00001d58  20010000	addi	r1,r0,#0
 1211  00001d5c  08000004	j	L54_LF2
 1212  00001d60  54000000	nop; delay slot nop
 1213  00001d64          	L54_LF2:
 1214  00001d64  8fa20000	lw	r2,0(r29)
 1215  00001d68  8fdffff8	lw	r31,-8(r30)
 1216  00001d6c  001ee820	add	r29,r0,r30
 1217  00001d70  8fdefffc	lw	r30,-4(r30)
 1218  00001d74  4be00000	jr	r31
 1219  00001d78  54000000	nop
 1220  00001d7c          	.endproc _dindex
 1221  00001d7c          	.align 2
 1222  00001d7c          	.proc _ditoa
 1223  00001d7c          	.global _ditoa
 1224  00001d7c          	_ditoa:
 1225                      ;  Function 'ditoa'; 8 bytes of locals, 2 regs to save.
 1226  00001d7c  afbefffc	sw	-4(r29),r30; push fp
 1227  00001d80  001df020	add	r30,r0,r29; fp = sp
 1228  00001d84  afbffff8	sw	-8(r29),r31; push ret addr
 1229  00001d88  2fbd0018	subui	r29,r29,#24; alloc local storage
 1230  00001d8c  afa20000	sw	0(r29),r2
 1231  00001d90  afa30004	sw	4(r29),r3
 1232  00001d94  8fc10000	lw	r1,(r30)
 1233  00001d98  68220000	slti	r2,r1,#0
 1234  00001d9c  1040002c	beqz	r2,L60_LF2
 1235  00001da0  54000000	nop; delay slot nop
 1236  00001da4  8fc10004	lw	r1,4(r30)
 1237  00001da8  20220001	addi	r2,r1,#1
 1238  00001dac  afc20004	sw	4(r30),r2
 1239  00001db0  2002002d	addi	r2,r0,(#0x2d)&0xff
 1240  00001db4  a0220000	sb	(r1),r2
 1241  00001db8  8fc10000	lw	r1,(r30)
 1242  00001dbc  00011022	sub	r2,r0,r1
 1243  00001dc0  afc20000	sw	(r30),r2
 1244  00001dc4  08000118	j	L61_LF2
 1245  00001dc8  54000000	nop; delay slot nop
 1246  00001dcc          	L60_LF2:
 1247  00001dcc  8fc10000	lw	r1,(r30)
 1248  00001dd0  64220000	snei	r2,r1,#0
 1249  00001dd4  14400020	bnez	r2,L62_LF2
 1250  00001dd8  54000000	nop; delay slot nop
 1251  00001ddc  8fc10004	lw	r1,4(r30)
 1252  00001de0  20220001	addi	r2,r1,#1
 1253  00001de4  afc20004	sw	4(r30),r2
 1254  00001de8  20020030	addi	r2,r0,(#0x30)&0xff
 1255  00001dec  a0220000	sb	(r1),r2
 1256  00001df0  080000ec	j	L61_LF2
 1257  00001df4  54000000	nop; delay slot nop
 1258  00001df8          	L62_LF2:
 1259  00001df8  20010001	addi	r1,r0,#1
 1260  00001dfc  afc1fff4	sw	-12(r30),r1
 1261  00001e00          	L64_LF2:
 1262  00001e00  8fc1fff4	lw	r1,-12(r30)
 1263  00001e04  8fc20000	lw	r2,(r30)
 1264  00001e08  0022082c	sle	r1,r1,r2
 1265  00001e0c  1420000c	bnez	r1,L66_LF2
 1266  00001e10  54000000	nop; delay slot nop
 1267  00001e14  08000024	j	L65_LF2
 1268  00001e18  54000000	nop; delay slot nop
 1269  00001e1c          	L67_LF2:
 1270  00001e1c          	L66_LF2:
 1271  00001e1c  8fc1fff4	lw	r1,-12(r30)
 1272  00001e20  00011820	add	r3,r0,r1
 1273  00001e24  50620002	slli	r2,r3,#0x2
 1274  00001e28  00411020	add	r2,r2,r1
 1275  00001e2c  50410001	slli	r1,r2,#0x1
 1276  00001e30  afc1fff4	sw	-12(r30),r1
 1277  00001e34  0bffffc8	j	L64_LF2
 1278  00001e38  54000000	nop; delay slot nop
 1279  00001e3c          	L65_LF2:
 1280  00001e3c  54000000	nop
 1281  00001e40          	L68_LF2:
 1282  00001e40  8fc1fff4	lw	r1,-12(r30)
 1283  00001e44  2002000a	addi	r2,r0,#10
 1284  00001e48  00200035	movi2fp	f0,r1
 1285  00001e4c  00400835	movi2fp	f1,r2
 1286  00001e50  0401000f	div	f0,f0,f1
 1287  00001e54  00000834	movfp2i	r1,f0
 1288  00001e58  afc1fff4	sw	-12(r30),r1
 1289  00001e5c  8fc10004	lw	r1,4(r30)
 1290  00001e60  20220001	addi	r2,r1,#1
 1291  00001e64  afc20004	sw	4(r30),r2
 1292  00001e68  8fc20000	lw	r2,(r30)
 1293  00001e6c  8fc3fff4	lw	r3,-12(r30)
 1294  00001e70  00400035	movi2fp	f0,r2
 1295  00001e74  00600835	movi2fp	f1,r3
 1296  00001e78  0401000f	div	f0,f0,f1
 1297  00001e7c  00001034	movfp2i	r2,f0
 1298  00001e80  00021820	add	r3,r0,r2
 1299  00001e84  20620030	addi	r2,r3,#48
 1300  00001e88  a0220000	sb	(r1),r2
 1301  00001e8c  8fc10000	lw	r1,(r30)
 1302  00001e90  8fc3fff4	lw	r3,-12(r30)
 1303  00001e94  00200035	movi2fp	f0,r1
 1304  00001e98  00600835	movi2fp	f1,r3
 1305  00001e9c  0401000f	div	f0,f0,f1
 1306  00001ea0  00001034	movfp2i	r2,f0
 1307  00001ea4  8fc3fff4	lw	r3,-12(r30)
 1308  00001ea8  00400035	movi2fp	f0,r2
 1309  00001eac  00600835	movi2fp	f1,r3
 1310  00001eb0  0401000e	mult	f0,f0,f1
 1311  00001eb4  00001034	movfp2i	r2,f0
 1312  00001eb8  00220822	sub	r1,r1,r2
 1313  00001ebc  afc10000	sw	(r30),r1
 1314  00001ec0          	L70_LF2:
 1315  00001ec0  8fc1fff4	lw	r1,-12(r30)
 1316  00001ec4  6c220001	sgti	r2,r1,#1
 1317  00001ec8  1440000c	bnez	r2,L71_LF2
 1318  00001ecc  54000000	nop; delay slot nop
 1319  00001ed0  0800000c	j	L61_LF2
 1320  00001ed4  54000000	nop; delay slot nop
 1321  00001ed8          	L71_LF2:
 1322  00001ed8  0bffff64	j	L68_LF2
 1323  00001edc  54000000	nop; delay slot nop
 1324  00001ee0          	L69_LF2:
 1325  00001ee0          	L63_LF2:
 1326  00001ee0          	L61_LF2:
 1327  00001ee0  8fc10004	lw	r1,4(r30)
 1328  00001ee4  20020000	addi	r2,r0,(#0x0)&0xff
 1329  00001ee8  a0220000	sb	(r1),r2
 1330  00001eec          	L59_LF2:
 1331  00001eec  8fa20000	lw	r2,0(r29)
 1332  00001ef0  8fa30004	lw	r3,4(r29)
 1333  00001ef4  8fdffff8	lw	r31,-8(r30)
 1334  00001ef8  001ee820	add	r29,r0,r30
 1335  00001efc  8fdefffc	lw	r30,-4(r30)
 1336  00001f00  4be00000	jr	r31
 1337  00001f04  54000000	nop
 1338  00001f08          	.endproc _ditoa
 1339  00001f08          	.align 2
 1340  00001f08          	.proc _dstrtol
 1341  00001f08          	.global _dstrtol
 1342  00001f08          	_dstrtol:
 1343                      ;  Function 'dstrtol'; 16 bytes of locals, 1 regs to save.
 1344  00001f08  afbefffc	sw	-4(r29),r30; push fp
 1345  00001f0c  001df020	add	r30,r0,r29; fp = sp
 1346  00001f10  afbffff8	sw	-8(r29),r31; push ret addr
 1347  00001f14  2fbd0020	subui	r29,r29,#32; alloc local storage
 1348  00001f18  afa20000	sw	0(r29),r2
 1349  00001f1c  20010000	addi	r1,r0,#0
 1350  00001f20  afc1fff4	sw	-12(r30),r1
 1351  00001f24          	L73_LF2:
 1352  00001f24  8fc10000	lw	r1,(r30)
 1353  00001f28  90220000	lbu	r2,(r1)
 1354  00001f2c  60410020	seqi	r1,r2,#32
 1355  00001f30  14200034	bnez	r1,L75_LF2
 1356  00001f34  54000000	nop; delay slot nop
 1357  00001f38  8fc10000	lw	r1,(r30)
 1358  00001f3c  90220000	lbu	r2,(r1)
 1359  00001f40  60410009	seqi	r1,r2,#9
 1360  00001f44  14200020	bnez	r1,L75_LF2
 1361  00001f48  54000000	nop; delay slot nop
 1362  00001f4c  8fc10000	lw	r1,(r30)
 1363  00001f50  90220000	lbu	r2,(r1)
 1364  00001f54  6041000a	seqi	r1,r2,#10
 1365  00001f58  1420000c	bnez	r1,L75_LF2
 1366  00001f5c  54000000	nop; delay slot nop
 1367  00001f60  0800001c	j	L74_LF2
 1368  00001f64  54000000	nop; delay slot nop
 1369  00001f68          	L75_LF2:
 1370  00001f68  8fc20000	lw	r2,(r30)
 1371  00001f6c  20410001	addi	r1,r2,#1
 1372  00001f70  00011020	add	r2,r0,r1
 1373  00001f74  afc20000	sw	(r30),r2
 1374  00001f78  0bffffa8	j	L73_LF2
 1375  00001f7c  54000000	nop; delay slot nop
 1376  00001f80          	L74_LF2:
 1377  00001f80  8fc10004	lw	r1,4(r30)
 1378  00001f84  64220000	snei	r2,r1,#0
 1379  00001f88  10400010	beqz	r2,L76_LF2
 1380  00001f8c  54000000	nop; delay slot nop
 1381  00001f90  8fc10004	lw	r1,4(r30)
 1382  00001f94  8fc20000	lw	r2,(r30)
 1383  00001f98  ac220000	sw	(r1),r2
 1384  00001f9c          	L76_LF2:
 1385  00001f9c  8fc10000	lw	r1,(r30)
 1386  00001fa0  90220000	lbu	r2,(r1)
 1387  00001fa4  64410000	snei	r1,r2,#0
 1388  00001fa8  14200010	bnez	r1,L77_LF2
 1389  00001fac  54000000	nop; delay slot nop
 1390  00001fb0  8fc1fff4	lw	r1,-12(r30)
 1391  00001fb4  08000294	j	L72_LF2
 1392  00001fb8  54000000	nop; delay slot nop
 1393  00001fbc          	L77_LF2:
 1394  00001fbc  8fc10000	lw	r1,(r30)
 1395  00001fc0  90220000	lbu	r2,(r1)
 1396  00001fc4  6041002d	seqi	r1,r2,#45
 1397  00001fc8  10200024	beqz	r1,L78_LF2
 1398  00001fcc  54000000	nop; delay slot nop
 1399  00001fd0  2001ffff	addi	r1,r0,#-1
 1400  00001fd4  afc1ffec	sw	-20(r30),r1
 1401  00001fd8  8fc20000	lw	r2,(r30)
 1402  00001fdc  20410001	addi	r1,r2,#1
 1403  00001fe0  00011020	add	r2,r0,r1
 1404  00001fe4  afc20000	sw	(r30),r2
 1405  00001fe8  0800000c	j	L79_LF2
 1406  00001fec  54000000	nop; delay slot nop
 1407  00001ff0          	L78_LF2:
 1408  00001ff0  20010001	addi	r1,r0,#1
 1409  00001ff4  afc1ffec	sw	-20(r30),r1
 1410  00001ff8          	L79_LF2:
 1411  00001ff8  8fc10008	lw	r1,8(r30)
 1412  00001ffc  64220000	snei	r2,r1,#0
 1413  00002000  14400090	bnez	r2,L80_LF2
 1414  00002004  54000000	nop; delay slot nop
 1415  00002008  8fc10000	lw	r1,(r30)
 1416  0000200c  90220000	lbu	r2,(r1)
 1417  00002010  60410030	seqi	r1,r2,#48
 1418  00002014  10200074	beqz	r1,L81_LF2
 1419  00002018  54000000	nop; delay slot nop
 1420  0000201c  8fc20000	lw	r2,(r30)
 1421  00002020  20410001	addi	r1,r2,#1
 1422  00002024  00011020	add	r2,r0,r1
 1423  00002028  afc20000	sw	(r30),r2
 1424  0000202c  8fc10000	lw	r1,(r30)
 1425  00002030  90220000	lbu	r2,(r1)
 1426  00002034  60410078	seqi	r1,r2,#120
 1427  00002038  14200020	bnez	r1,L83_LF2
 1428  0000203c  54000000	nop; delay slot nop
 1429  00002040  8fc10000	lw	r1,(r30)
 1430  00002044  90220000	lbu	r2,(r1)
 1431  00002048  60410058	seqi	r1,r2,#88
 1432  0000204c  1420000c	bnez	r1,L83_LF2
 1433  00002050  54000000	nop; delay slot nop
 1434  00002054  08000024	j	L82_LF2
 1435  00002058  54000000	nop; delay slot nop
 1436  0000205c          	L83_LF2:
 1437  0000205c  20010010	addi	r1,r0,#16
 1438  00002060  afc10008	sw	8(r30),r1
 1439  00002064  8fc20000	lw	r2,(r30)
 1440  00002068  20410001	addi	r1,r2,#1
 1441  0000206c  00011020	add	r2,r0,r1
 1442  00002070  afc20000	sw	(r30),r2
 1443  00002074  0800000c	j	L84_LF2
 1444  00002078  54000000	nop; delay slot nop
 1445  0000207c          	L82_LF2:
 1446  0000207c  20010008	addi	r1,r0,#8
 1447  00002080  afc10008	sw	8(r30),r1
 1448  00002084          	L84_LF2:
 1449  00002084  0800000c	j	L80_LF2
 1450  00002088  54000000	nop; delay slot nop
 1451  0000208c          	L81_LF2:
 1452  0000208c  2001000a	addi	r1,r0,#10
 1453  00002090  afc10008	sw	8(r30),r1
 1454  00002094          	L85_LF2:
 1455  00002094          	L80_LF2:
 1456  00002094  8fc10008	lw	r1,8(r30)
 1457  00002098  70220000	slei	r2,r1,#0
 1458  0000209c  1440001c	bnez	r2,L87_LF2
 1459  000020a0  54000000	nop; delay slot nop
 1460  000020a4  8fc10008	lw	r1,8(r30)
 1461  000020a8  6c220010	sgti	r2,r1,#16
 1462  000020ac  1440000c	bnez	r2,L87_LF2
 1463  000020b0  54000000	nop; delay slot nop
 1464  000020b4  08000010	j	L86_LF2
 1465  000020b8  54000000	nop; delay slot nop
 1466  000020bc          	L87_LF2:
 1467  000020bc  8fc1fff4	lw	r1,-12(r30)
 1468  000020c0  08000188	j	L72_LF2
 1469  000020c4  54000000	nop; delay slot nop
 1470  000020c8          	L86_LF2:
 1471  000020c8  54000000	nop
 1472  000020cc          	L88_LF2:
 1473  000020cc  8fc10000	lw	r1,(r30)
 1474  000020d0  90220000	lbu	r2,(r1)
 1475  000020d4  6c41002f	sgtui	r1,r2,#47
 1476  000020d8  10200030	beqz	r1,L91_LF2
 1477  000020dc  54000000	nop; delay slot nop
 1478  000020e0  8fc10000	lw	r1,(r30)
 1479  000020e4  90220000	lbu	r2,(r1)
 1480  000020e8  70410039	sleui	r1,r2,#57
 1481  000020ec  1020001c	beqz	r1,L91_LF2
 1482  000020f0  54000000	nop; delay slot nop
 1483  000020f4  8fc10000	lw	r1,(r30)
 1484  000020f8  90220000	lbu	r2,(r1)
 1485  000020fc  2041ffd0	addi	r1,r2,#-48
 1486  00002100  afc1fff0	sw	-16(r30),r1
 1487  00002104  0800008c	j	L92_LF2
 1488  00002108  54000000	nop; delay slot nop
 1489  0000210c          	L91_LF2:
 1490  0000210c  8fc10000	lw	r1,(r30)
 1491  00002110  90220000	lbu	r2,(r1)
 1492  00002114  6c410060	sgtui	r1,r2,#96
 1493  00002118  10200030	beqz	r1,L93_LF2
 1494  0000211c  54000000	nop; delay slot nop
 1495  00002120  8fc10000	lw	r1,(r30)
 1496  00002124  90220000	lbu	r2,(r1)
 1497  00002128  7041007a	sleui	r1,r2,#122
 1498  0000212c  1020001c	beqz	r1,L93_LF2
 1499  00002130  54000000	nop; delay slot nop
 1500  00002134  8fc10000	lw	r1,(r30)
 1501  00002138  90220000	lbu	r2,(r1)
 1502  0000213c  2041ffa9	addi	r1,r2,#-87
 1503  00002140  afc1fff0	sw	-16(r30),r1
 1504  00002144  0800004c	j	L92_LF2
 1505  00002148  54000000	nop; delay slot nop
 1506  0000214c          	L93_LF2:
 1507  0000214c  8fc10000	lw	r1,(r30)
 1508  00002150  90220000	lbu	r2,(r1)
 1509  00002154  6c410040	sgtui	r1,r2,#64
 1510  00002158  10200030	beqz	r1,L95_LF2
 1511  0000215c  54000000	nop; delay slot nop
 1512  00002160  8fc10000	lw	r1,(r30)
 1513  00002164  90220000	lbu	r2,(r1)
 1514  00002168  7041005a	sleui	r1,r2,#90
 1515  0000216c  1020001c	beqz	r1,L95_LF2
 1516  00002170  54000000	nop; delay slot nop
 1517  00002174  8fc10000	lw	r1,(r30)
 1518  00002178  90220000	lbu	r2,(r1)
 1519  0000217c  2041ffc9	addi	r1,r2,#-55
 1520  00002180  afc1fff0	sw	-16(r30),r1
 1521  00002184  0800000c	j	L92_LF2
 1522  00002188  54000000	nop; delay slot nop
 1523  0000218c          	L95_LF2:
 1524  0000218c  200103e8	addi	r1,r0,#1000
 1525  00002190  afc1fff0	sw	-16(r30),r1
 1526  00002194          	L96_LF2:
 1527  00002194          	L94_LF2:
 1528  00002194          	L92_LF2:
 1529  00002194  8fc1fff0	lw	r1,-16(r30)
 1530  00002198  8fc20008	lw	r2,8(r30)
 1531  0000219c  0022082a	slt	r1,r1,r2
 1532  000021a0  10200040	beqz	r1,L90_LF2
 1533  000021a4  54000000	nop; delay slot nop
 1534  000021a8  8fc1fff4	lw	r1,-12(r30)
 1535  000021ac  8fc20008	lw	r2,8(r30)
 1536  000021b0  00200035	movi2fp	f0,r1
 1537  000021b4  00400835	movi2fp	f1,r2
 1538  000021b8  0401000e	mult	f0,f0,f1
 1539  000021bc  00000834	movfp2i	r1,f0
 1540  000021c0  afc1fff4	sw	-12(r30),r1
 1541  000021c4  8fc1fff4	lw	r1,-12(r30)
 1542  000021c8  8fc2fff0	lw	r2,-16(r30)
 1543  000021cc  00220820	add	r1,r1,r2
 1544  000021d0  afc1fff4	sw	-12(r30),r1
 1545  000021d4  8fc20000	lw	r2,(r30)
 1546  000021d8  20410001	addi	r1,r2,#1
 1547  000021dc  00011020	add	r2,r0,r1
 1548  000021e0  afc20000	sw	(r30),r2
 1549  000021e4          	L97_LF2:
 1550  000021e4          	L90_LF2:
 1551  000021e4  8fc1fff0	lw	r1,-16(r30)
 1552  000021e8  8fc20008	lw	r2,8(r30)
 1553  000021ec  0022082a	slt	r1,r1,r2
 1554  000021f0  1420000c	bnez	r1,L98_LF2
 1555  000021f4  54000000	nop; delay slot nop
 1556  000021f8  0800000c	j	L89_LF2
 1557  000021fc  54000000	nop; delay slot nop
 1558  00002200          	L98_LF2:
 1559  00002200  0bfffec8	j	L88_LF2
 1560  00002204  54000000	nop; delay slot nop
 1561  00002208          	L89_LF2:
 1562  00002208  8fc10004	lw	r1,4(r30)
 1563  0000220c  64220000	snei	r2,r1,#0
 1564  00002210  10400010	beqz	r2,L99_LF2
 1565  00002214  54000000	nop; delay slot nop
 1566  00002218  8fc10004	lw	r1,4(r30)
 1567  0000221c  8fc20000	lw	r2,(r30)
 1568  00002220  ac220000	sw	(r1),r2
 1569  00002224          	L99_LF2:
 1570  00002224  8fc1fff4	lw	r1,-12(r30)
 1571  00002228  8fc2ffec	lw	r2,-20(r30)
 1572  0000222c  00200035	movi2fp	f0,r1
 1573  00002230  00400835	movi2fp	f1,r2
 1574  00002234  0401000e	mult	f0,f0,f1
 1575  00002238  00000834	movfp2i	r1,f0
 1576  0000223c  afc1fff4	sw	-12(r30),r1
 1577  00002240  8fc1fff4	lw	r1,-12(r30)
 1578  00002244  08000004	j	L72_LF2
 1579  00002248  54000000	nop; delay slot nop
 1580  0000224c          	L72_LF2:
 1581  0000224c  8fa20000	lw	r2,0(r29)
 1582  00002250  8fdffff8	lw	r31,-8(r30)
 1583  00002254  001ee820	add	r29,r0,r30
 1584  00002258  8fdefffc	lw	r30,-4(r30)
 1585  0000225c  4be00000	jr	r31
 1586  00002260  54000000	nop
 1587  00002264          	.endproc _dstrtol
 1588  00002264          	.align 2
 1589  00002264          	.proc _bcopy
 1590  00002264          	.global _bcopy
 1591  00002264          	_bcopy:
 1592                      ;  Function 'bcopy'; 0 bytes of locals, 2 regs to save.
 1593  00002264  afbefffc	sw	-4(r29),r30; push fp
 1594  00002268  001df020	add	r30,r0,r29; fp = sp
 1595  0000226c  afbffff8	sw	-8(r29),r31; push ret addr
 1596  00002270  2fbd0010	subui	r29,r29,#16; alloc local storage
 1597  00002274  afa20000	sw	0(r29),r2
 1598  00002278  afa30004	sw	4(r29),r3
 1599  0000227c  54000000	nop
 1600  00002280          	L101_LF2:
 1601  00002280  8fc10008	lw	r1,8(r30)
 1602  00002284  2022ffff	addi	r2,r1,#-1
 1603  00002288  afc20008	sw	8(r30),r2
 1604  0000228c  6c210000	sgti	r1,r1,#0
 1605  00002290  1420000c	bnez	r1,L103_LF2
 1606  00002294  54000000	nop; delay slot nop
 1607  00002298  0800002c	j	L102_LF2
 1608  0000229c  54000000	nop; delay slot nop
 1609  000022a0          	L103_LF2:
 1610  000022a0  8fc10004	lw	r1,4(r30)
 1611  000022a4  20220001	addi	r2,r1,#1
 1612  000022a8  afc20004	sw	4(r30),r2
 1613  000022ac  8fc20000	lw	r2,(r30)
 1614  000022b0  20430001	addi	r3,r2,#1
 1615  000022b4  afc30000	sw	(r30),r3
 1616  000022b8  80420000	lb	r2,(r2)
 1617  000022bc  a0220000	sb	(r1),r2
 1618  000022c0  0bffffbc	j	L101_LF2
 1619  000022c4  54000000	nop; delay slot nop
 1620  000022c8          	L102_LF2:
 1621  000022c8          	L100_LF2:
 1622  000022c8  8fa20000	lw	r2,0(r29)
 1623  000022cc  8fa30004	lw	r3,4(r29)
 1624  000022d0  8fdffff8	lw	r31,-8(r30)
 1625  000022d4  001ee820	add	r29,r0,r30
 1626  000022d8  8fdefffc	lw	r30,-4(r30)
 1627  000022dc  4be00000	jr	r31
 1628  000022e0  54000000	nop
 1629  000022e4          	.endproc _bcopy
 1630  000022e4          	.align 2
 1631  000022e4          	.proc _bzero
 1632  000022e4          	.global _bzero
 1633  000022e4          	_bzero:
 1634                      ;  Function 'bzero'; 0 bytes of locals, 1 regs to save.
 1635  000022e4  afbefffc	sw	-4(r29),r30; push fp
 1636  000022e8  001df020	add	r30,r0,r29; fp = sp
 1637  000022ec  afbffff8	sw	-8(r29),r31; push ret addr
 1638  000022f0  2fbd0010	subui	r29,r29,#16; alloc local storage
 1639  000022f4  afa20000	sw	0(r29),r2
 1640  000022f8  54000000	nop
 1641  000022fc          	L105_LF2:
 1642  000022fc  8fc10004	lw	r1,4(r30)
 1643  00002300  2022ffff	addi	r2,r1,#-1
 1644  00002304  afc20004	sw	4(r30),r2
 1645  00002308  6c210000	sgti	r1,r1,#0
 1646  0000230c  1420000c	bnez	r1,L107_LF2
 1647  00002310  54000000	nop; delay slot nop
 1648  00002314  08000020	j	L106_LF2
 1649  00002318  54000000	nop; delay slot nop
 1650  0000231c          	L107_LF2:
 1651  0000231c  8fc10000	lw	r1,(r30)
 1652  00002320  20220001	addi	r2,r1,#1
 1653  00002324  afc20000	sw	(r30),r2
 1654  00002328  20020000	addi	r2,r0,(#0x0)&0xff
 1655  0000232c  a0220000	sb	(r1),r2
 1656  00002330  0bffffc8	j	L105_LF2
 1657  00002334  54000000	nop; delay slot nop
 1658  00002338          	L106_LF2:
 1659  00002338          	L104_LF2:
 1660  00002338  8fa20000	lw	r2,0(r29)
 1661  0000233c  8fdffff8	lw	r31,-8(r30)
 1662  00002340  001ee820	add	r29,r0,r30
 1663  00002344  8fdefffc	lw	r30,-4(r30)
 1664  00002348  4be00000	jr	r31
 1665  0000234c  54000000	nop
 1666  00002350          	.endproc _bzero
 1667  00002350          	.align 2
 1668  00002350          	.proc _min
 1669  00002350          	.global _min
 1670  00002350          	_min:
 1671                      ;  Function 'min'; 0 bytes of locals, 2 regs to save.
 1672  00002350  afbefffc	sw	-4(r29),r30; push fp
 1673  00002354  001df020	add	r30,r0,r29; fp = sp
 1674  00002358  afbffff8	sw	-8(r29),r31; push ret addr
 1675  0000235c  2fbd0010	subui	r29,r29,#16; alloc local storage
 1676  00002360  afa20000	sw	0(r29),r2
 1677  00002364  afa30004	sw	4(r29),r3
 1678  00002368  8fc10000	lw	r1,(r30)
 1679  0000236c  8fc20004	lw	r2,4(r30)
 1680  00002370  0022182c	sle	r3,r1,r2
 1681  00002374  14600008	bnez	r3,L109_LF2
 1682  00002378  54000000	nop; delay slot nop
 1683  0000237c  8fc10004	lw	r1,4(r30)
 1684  00002380          	L109_LF2:
 1685  00002380  08000004	j	L108_LF2
 1686  00002384  54000000	nop; delay slot nop
 1687  00002388          	L108_LF2:
 1688  00002388  8fa20000	lw	r2,0(r29)
 1689  0000238c  8fa30004	lw	r3,4(r29)
 1690  00002390  8fdffff8	lw	r31,-8(r30)
 1691  00002394  001ee820	add	r29,r0,r30
 1692  00002398  8fdefffc	lw	r30,-4(r30)
 1693  0000239c  4be00000	jr	r31
 1694  000023a0  54000000	nop
 1695  000023a4          	.endproc _min
 1696  000023a4          	.align 2
 1697  000023a4          	.proc _max
 1698  000023a4          	.global _max
 1699  000023a4          	_max:
 1700                      ;  Function 'max'; 0 bytes of locals, 2 regs to save.
 1701  000023a4  afbefffc	sw	-4(r29),r30; push fp
 1702  000023a8  001df020	add	r30,r0,r29; fp = sp
 1703  000023ac  afbffff8	sw	-8(r29),r31; push ret addr
 1704  000023b0  2fbd0010	subui	r29,r29,#16; alloc local storage
 1705  000023b4  afa20000	sw	0(r29),r2
 1706  000023b8  afa30004	sw	4(r29),r3
 1707  000023bc  8fc10000	lw	r1,(r30)
 1708  000023c0  8fc20004	lw	r2,4(r30)
 1709  000023c4  0022182d	sge	r3,r1,r2
 1710  000023c8  14600008	bnez	r3,L111_LF2
 1711  000023cc  54000000	nop; delay slot nop
 1712  000023d0  8fc10004	lw	r1,4(r30)
 1713  000023d4          	L111_LF2:
 1714  000023d4  08000004	j	L110_LF2
 1715  000023d8  54000000	nop; delay slot nop
 1716  000023dc          	L110_LF2:
 1717  000023dc  8fa20000	lw	r2,0(r29)
 1718  000023e0  8fa30004	lw	r3,4(r29)
 1719  000023e4  8fdffff8	lw	r31,-8(r30)
 1720  000023e8  001ee820	add	r29,r0,r30
 1721  000023ec  8fdefffc	lw	r30,-4(r30)
 1722  000023f0  4be00000	jr	r31
 1723  000023f4  54000000	nop
 1724  000023f8          	.endproc _max
 1725                      ;;; Ethan L. Miller, 1999.  Released to the public domain
 1726                      ;;;
 1727                      ;;; Most of the traps are called in files from libtraps.
 1730  000023f8          	.align 2
 1731  000023f8          	.proc _exit
 1732  000023f8          	.global _exit
 1733  000023f8          	_exit:
 1734  000023f8  44000300	trap	#0x300
 1735  000023fc  4be00000	jr	r31
 1736  00002400  54000000	nop
 1737  00002404          	.endproc _exit
 1739                      ; for the benefit of gcc.
 1740  00002404          	.proc ___main
 1741  00002404          	.global ___main
 1742  00002404          	___main:
 1743  00002404  4be00000	jr	r31
 1744  00002408  54000000	nop
 1745  0000240c          	.endproc ___main
 1746  0000240c          	.text
 1747  0000240c          	.global _etext
 1748  0000240c          	_etext:
 1749  0000240c          	.align 3
 1750  00002410          	.data
 1751  00003136          	.global _edata
 1752  00003136          	_edata:
