 line   address	contents
    1                      ; Linked by DLX-LD.
    2                      ; MemSize 24576
    3                      ; Data size: 261
    4                      ; Text size: 4648
    5                      ; Stack size: 8192
    6  00000000          	.text 0x1000
    7  00001000          	.data 0x3000
    8                      ; Compiled by GCC
    9  00003000          	.text
   10  00001000          	.align 2
   11  00001000          	.proc _isspace
   12  00001000          	.global _isspace
   13  00001000          	_isspace:
   14                      ;  Function 'isspace'; 0 bytes of locals, 1 regs to save.
   15  00001000  afbefffc	sw	-4(r29),r30; push fp
   16  00001004  001df020	add	r30,r0,r29; fp = sp
   17  00001008  afbffff8	sw	-8(r29),r31; push ret addr
   18  0000100c  2fbd0010	subui	r29,r29,#16; alloc local storage
   19  00001010  afa20000	sw	0(r29),r2
   20  00001014  83c20003	lb	r2,3(r30)
   21  00001018  201f0000	addi	r31,r0,#0
   22  0000101c  304100ff	andi	r1,r2,#0x00ff
   23  00001020  60210020	seqi	r1,r1,#32
   24  00001024  14200018	bnez	r1,L6_LF0
   25  00001028  54000000	nop; not filled.
   26  0000102c  2041fff7	addi	r1,r2,#-9
   27  00001030  302100ff	andi	r1,r1,#0x00ff
   28  00001034  70210001	sleui	r1,r1,#1
   29  00001038  10200008	beqz	r1,L5_LF0
   30  0000103c  54000000	nop; not filled.
   31  00001040          	L6_LF0:
   32  00001040  201f0001	addi	r31,r0,#1
   33  00001044          	L5_LF0:
   34  00001044  001f0820	add	r1,r0,r31
   35  00001048  8fa20000	lw	r2,0(r29)
   36  0000104c  8fdffff8	lw	r31,-8(r30)
   37  00001050  001ee820	add	r29,r0,r30
   38  00001054  8fdefffc	lw	r30,-4(r30)
   39  00001058  4be00000	jr	r31
   40  0000105c  54000000	nop
   41  00001060          	.endproc _isspace
   42  00001060          	.align 2
   43  00001060          	.proc _isxdigit
   44  00001060          	.global _isxdigit
   45  00001060          	_isxdigit:
   46                      ;  Function 'isxdigit'; 0 bytes of locals, 1 regs to save.
   47  00001060  afbefffc	sw	-4(r29),r30; push fp
   48  00001064  001df020	add	r30,r0,r29; fp = sp
   49  00001068  afbffff8	sw	-8(r29),r31; push ret addr
   50  0000106c  2fbd0010	subui	r29,r29,#16; alloc local storage
   51  00001070  afa20000	sw	0(r29),r2
   52  00001074  83df0003	lb	r31,3(r30)
   53  00001078  20020000	addi	r2,r0,#0
   54  0000107c  23e1ffd0	addi	r1,r31,#-48
   55  00001080  302100ff	andi	r1,r1,#0x00ff
   56  00001084  70210009	sleui	r1,r1,#9
   57  00001088  14200028	bnez	r1,L12_LF0
   58  0000108c  54000000	nop; not filled.
   59  00001090  23e1ff9f	addi	r1,r31,#-97
   60  00001094  302100ff	andi	r1,r1,#0x00ff
   61  00001098  70210005	sleui	r1,r1,#5
   62  0000109c  14200014	bnez	r1,L12_LF0
   63  000010a0  54000000	nop; not filled.
   64  000010a4  33e100ff	andi	r1,r31,#0x00ff
   65  000010a8  64210041	snei	r1,r1,#65
   66  000010ac  14200008	bnez	r1,L11_LF0
   67  000010b0  54000000	nop; not filled.
   68  000010b4          	L12_LF0:
   69  000010b4  20020001	addi	r2,r0,#1
   70  000010b8          	L11_LF0:
   71  000010b8  00020820	add	r1,r0,r2
   72  000010bc  8fa20000	lw	r2,0(r29)
   73  000010c0  8fdffff8	lw	r31,-8(r30)
   74  000010c4  001ee820	add	r29,r0,r30
   75  000010c8  8fdefffc	lw	r30,-4(r30)
   76  000010cc  4be00000	jr	r31
   77  000010d0  54000000	nop
   78  000010d4          	.endproc _isxdigit
   79  000010d4          	.data
   80  00003000          	.align 2
   81  00003000          	LC0_LF0:
   82  00003000  55736167	.ascii "Usage: \000"
   82  00003004  653a2000	
   83  00003008          	.align 2
   84  00003008          	LC1_LF0:
   85  00003008  203c6861	.ascii " <handle_to_shared_memory_page> <handle_to_page_mapped_semaphore>\n\000"
   85  0000300c  6e646c65	
   85  00003010  5f746f5f	
   85  00003014  73686172	
   85  00003018  65645f6d	
   85  0000301c  656d6f72	
   85  00003020  795f7061	
   85  00003024  67653e20	
   85  00003028  3c68616e	
   85  0000302c  646c655f	
   85  00003030  746f5f70	
   85  00003034  6167655f	
   85  00003038  6d617070	
   85  0000303c  65645f73	
   85  00003040  656d6170	
   85  00003044  686f7265	
   85  00003048  3e0a00  	
   86  0000304b          	.align 2
   87  0000304c          	LC2_LF0:
   88  0000304c  436f756c	.ascii "Could not map the virtual address to the memory in \000"
   88  00003050  64206e6f	
   88  00003054  74206d61	
   88  00003058  70207468	
   88  0000305c  65207669	
   88  00003060  72747561	
   88  00003064  6c206164	
   88  00003068  64726573	
   88  0000306c  7320746f	
   88  00003070  20746865	
   88  00003074  206d656d	
   88  00003078  6f727920	
   88  0000307c  696e2000	
   89  00003080          	.align 2
   90  00003080          	LC3_LF0:
   91  00003080  2c206578	.ascii ", exiting...\n\000"
   91  00003084  6974696e	
   91  00003088  672e2e2e	
   91  0000308c  0a00    	
   92  0000308e          	.align 2
   93  00003090          	LC4_LF0:
   94  00003090  4c6f636b	.ascii "Lock acquired failed\n\000"
   94  00003094  20616371	
   94  00003098  75697265	
   94  0000309c  64206661	
   94  000030a0  696c6564	
   94  000030a4  0a00    	
   95  000030a6          	.align 2
   96  000030a8          	LC5_LF0:
   97  000030a8  436f6e73	.ascii "Consumer %d removed: %c\n\n\000"
   97  000030ac  756d6572	
   97  000030b0  20256420	
   97  000030b4  72656d6f	
   97  000030b8  7665643a	
   97  000030bc  2025630a	
   97  000030c0  0a00    	
   98  000030c2          	.align 2
   99  000030c4          	LC6_LF0:
  100  000030c4  4c6f636b	.ascii "Lock release failed\n\000"
  100  000030c8  2072656c	
  100  000030cc  65617365	
  100  000030d0  20666169	
  100  000030d4  6c65640a	
  100  000030d8  00      	
  101  000030d9          	.align 2
  102  000030dc          	LC7_LF0:
  103  000030dc  42616420	.ascii "Bad semaphore s_procs_completed (%d) in \000"
  103  000030e0  73656d61	
  103  000030e4  70686f72	
  103  000030e8  6520735f	
  103  000030ec  70726f63	
  103  000030f0  735f636f	
  103  000030f4  6d706c65	
  103  000030f8  74656420	
  103  000030fc  28256429	
  103  00003100  20696e20	
  103  00003104  00      	
  104  00003105          	.text
  105  000010d4          	.align 2
  106  000010d4          	.proc _main
  107  000010d4          	.global _main
  108  000010d4          	_main:
  109                      ;  Function 'main'; 0 bytes of locals, 0 regs to save.
  110  000010d4  afbefffc	sw	-4(r29),r30; push fp
  111  000010d8  001df020	add	r30,r0,r29; fp = sp
  112  000010dc  afbffff8	sw	-8(r29),r31; push ret addr
  113  000010e0  2fbd0008	subui	r29,r29,#8; alloc local storage
  114  000010e4  8fc20000	lw	r2,(r30)
  115  000010e8  8fc80004	lw	r8,4(r30)
  116  000010ec  0c001130	jal	___main
  117  000010f0  54000000	nop; not filled.
  118  000010f4  64410004	snei	r1,r2,#4
  119  000010f8  1020004c	beqz	r1,L14_LF0
  120  000010fc  54000000	nop; not filled.
  121  00001100  23bdfff8	addi	r29,r29,#-8
  122  00001104  3c0a0000	lhi	r10,((LC0_LF0)>>16)&0xffff
  123  00001108  254a3000	addui	r10,r10,(LC0_LF0)&0xffff
  124  0000110c  afaa0000	sw	(r29),r10
  125  00001110  0c000304	jal	_Printf
  126  00001114  54000000	nop; not filled.
  127  00001118  8d0a0000	lw	r10,(r8)
  128  0000111c  afaa0000	sw	(r29),r10
  129  00001120  0c0002f4	jal	_Printf
  130  00001124  54000000	nop; not filled.
  131  00001128  3c0a0000	lhi	r10,((LC1_LF0)>>16)&0xffff
  132  0000112c  254a3008	addui	r10,r10,(LC1_LF0)&0xffff
  133  00001130  afaa0000	sw	(r29),r10
  134  00001134  0c0002e0	jal	_Printf
  135  00001138  54000000	nop; not filled.
  136  0000113c  0c00038c	jal	_Exit
  137  00001140  54000000	nop; not filled.
  138  00001144  23bd0008	addi	r29,r29,#8
  139  00001148          	L14_LF0:
  140  00001148  23bdfff0	addi	r29,r29,#-16
  141  0000114c  8d0a0004	lw	r10,4(r8)
  142  00001150  afaa0000	sw	(r29),r10
  143  00001154  200a0000	addi	r10,r0,#0
  144  00001158  afaa0004	sw	4(r29),r10
  145  0000115c  200a000a	addi	r10,r0,#10
  146  00001160  afaa0008	sw	8(r29),r10
  147  00001164  0c000c10	jal	_dstrtol
  148  00001168  54000000	nop; not filled.
  149  0000116c  00011020	add	r2,r0,r1
  150  00001170  8d0a0008	lw	r10,8(r8)
  151  00001174  afaa0000	sw	(r29),r10
  152  00001178  200a0000	addi	r10,r0,#0
  153  0000117c  afaa0004	sw	4(r29),r10
  154  00001180  200a000a	addi	r10,r0,#10
  155  00001184  afaa0008	sw	8(r29),r10
  156  00001188  0c000bec	jal	_dstrtol
  157  0000118c  54000000	nop; not filled.
  158  00001190  00014820	add	r9,r0,r1
  159  00001194  8d0a000c	lw	r10,12(r8)
  160  00001198  afaa0000	sw	(r29),r10
  161  0000119c  200a0000	addi	r10,r0,#0
  162  000011a0  afaa0004	sw	4(r29),r10
  163  000011a4  200a000a	addi	r10,r0,#10
  164  000011a8  afaa0008	sw	8(r29),r10
  165  000011ac  0c000bc8	jal	_dstrtol
  166  000011b0  54000000	nop; not filled.
  167  000011b4  00013020	add	r6,r0,r1
  168  000011b8  afa20000	sw	(r29),r2
  169  000011bc  0c000288	jal	_shmat
  170  000011c0  54000000	nop; not filled.
  171  000011c4  00012020	add	r4,r0,r1
  172  000011c8  23bd0010	addi	r29,r29,#16
  173  000011cc  64810000	snei	r1,r4,#0
  174  000011d0  1420004c	bnez	r1,L15_LF0
  175  000011d4  54000000	nop; not filled.
  176  000011d8  23bdfff8	addi	r29,r29,#-8
  177  000011dc  3c0a0000	lhi	r10,((LC2_LF0)>>16)&0xffff
  178  000011e0  254a304c	addui	r10,r10,(LC2_LF0)&0xffff
  179  000011e4  afaa0000	sw	(r29),r10
  180  000011e8  0c00022c	jal	_Printf
  181  000011ec  54000000	nop; not filled.
  182  000011f0  8d0a0000	lw	r10,(r8)
  183  000011f4  afaa0000	sw	(r29),r10
  184  000011f8  0c00021c	jal	_Printf
  185  000011fc  54000000	nop; not filled.
  186  00001200  3c0a0000	lhi	r10,((LC3_LF0)>>16)&0xffff
  187  00001204  254a3080	addui	r10,r10,(LC3_LF0)&0xffff
  188  00001208  afaa0000	sw	(r29),r10
  189  0000120c  0c000208	jal	_Printf
  190  00001210  54000000	nop; not filled.
  191  00001214  0c0002b4	jal	_Exit
  192  00001218  54000000	nop; not filled.
  193  0000121c  23bd0008	addi	r29,r29,#8
  194  00001220          	L15_LF0:
  195  00001220  20050000	addi	r5,r0,#0
  196  00001224  2007000b	addi	r7,r0,#11
  197  00001228          	L19_LF0:
  198  00001228  23bdfff8	addi	r29,r29,#-8
  199  0000122c  afa60000	sw	(r29),r6
  200  00001230  0c000250	jal	_lock_acquire
  201  00001234  54000000	nop; not filled.
  202  00001238  23bd0008	addi	r29,r29,#8
  203  0000123c  64210001	snei	r1,r1,#1
  204  00001240  10200028	beqz	r1,L20_LF0
  205  00001244  54000000	nop; not filled.
  206  00001248  23bdfff8	addi	r29,r29,#-8
  207  0000124c  3c0a0000	lhi	r10,((LC4_LF0)>>16)&0xffff
  208  00001250  254a3090	addui	r10,r10,(LC4_LF0)&0xffff
  209  00001254  afaa0000	sw	(r29),r10
  210  00001258  0c0001bc	jal	_Printf
  211  0000125c  54000000	nop; not filled.
  212  00001260  0c000268	jal	_Exit
  213  00001264  54000000	nop; not filled.
  214  00001268  23bd0008	addi	r29,r29,#8
  215  0000126c          	L20_LF0:
  216  0000126c  8c830010	lw	r3,16(r4)
  217  00001270  00600035	movi2fp	f0,r3
  218  00001274  00e00835	movi2fp	f1,r7
  219  00001278  0401000f	div	f0,f0,f1
  220  0000127c  00001034	movfp2i	r2,f0
  221  00001280  50410001	slli	r1,r2,#0x1
  222  00001284  00220820	add	r1,r1,r2
  223  00001288  50210002	slli	r1,r1,#0x2
  224  0000128c  00220822	sub	r1,r1,r2
  225  00001290  00610822	sub	r1,r3,r1
  226  00001294  8c830014	lw	r3,20(r4)
  227  00001298  00230828	seq	r1,r1,r3
  228  0000129c  10200068	beqz	r1,L22_LF0
  229  000012a0  54000000	nop; not filled.
  230  000012a4  20630001	addi	r3,r3,#1
  231  000012a8  00600035	movi2fp	f0,r3
  232  000012ac  00e00835	movi2fp	f1,r7
  233  000012b0  0401000f	div	f0,f0,f1
  234  000012b4  00001034	movfp2i	r2,f0
  235  000012b8  50410001	slli	r1,r2,#0x1
  236  000012bc  00220820	add	r1,r1,r2
  237  000012c0  50210002	slli	r1,r1,#0x2
  238  000012c4  00220822	sub	r1,r1,r2
  239  000012c8  00610822	sub	r1,r3,r1
  240  000012cc  ac810014	sw	20(r4),r1
  241  000012d0  0c000150	jal	_getpid
  242  000012d4  54000000	nop; not filled.
  243  000012d8  23bdfff0	addi	r29,r29,#-16
  244  000012dc  3c0a0000	lhi	r10,((LC5_LF0)>>16)&0xffff
  245  000012e0  254a30a8	addui	r10,r10,(LC5_LF0)&0xffff
  246  000012e4  afaa0000	sw	(r29),r10
  247  000012e8  afa10004	sw	4(r29),r1
  248  000012ec  8c810014	lw	r1,20(r4)
  249  000012f0  00810820	add	r1,r4,r1
  250  000012f4  90210000	lbu	r1,(r1)
  251  000012f8  afa10008	sw	8(r29),r1
  252  000012fc  0c000118	jal	_Printf
  253  00001300  54000000	nop; not filled.
  254  00001304  23bd0010	addi	r29,r29,#16
  255  00001308          	L22_LF0:
  256  00001308  23bdfff8	addi	r29,r29,#-8
  257  0000130c  afa60000	sw	(r29),r6
  258  00001310  0c00017c	jal	_lock_release
  259  00001314  54000000	nop; not filled.
  260  00001318  23bd0008	addi	r29,r29,#8
  261  0000131c  64210001	snei	r1,r1,#1
  262  00001320  10200028	beqz	r1,L18_LF0
  263  00001324  54000000	nop; not filled.
  264  00001328  23bdfff8	addi	r29,r29,#-8
  265  0000132c  3c0a0000	lhi	r10,((LC6_LF0)>>16)&0xffff
  266  00001330  254a30c4	addui	r10,r10,(LC6_LF0)&0xffff
  267  00001334  afaa0000	sw	(r29),r10
  268  00001338  0c0000dc	jal	_Printf
  269  0000133c  54000000	nop; not filled.
  270  00001340  0c000188	jal	_Exit
  271  00001344  54000000	nop; not filled.
  272  00001348  23bd0008	addi	r29,r29,#8
  273  0000134c          	L18_LF0:
  274  0000134c  20a50001	addi	r5,r5,#1
  275  00001350  70a1000a	slei	r1,r5,#10
  276  00001354  1420fed0	bnez	r1,L19_LF0
  277  00001358  54000000	nop; not filled.
  278  0000135c  23bdfff8	addi	r29,r29,#-8
  279  00001360  afa90000	sw	(r29),r9
  280  00001364  0c000104	jal	_sem_signal
  281  00001368  54000000	nop; not filled.
  282  0000136c  23bd0008	addi	r29,r29,#8
  283  00001370  64210001	snei	r1,r1,#1
  284  00001374  10200050	beqz	r1,L25_LF0
  285  00001378  54000000	nop; not filled.
  286  0000137c  23bdfff8	addi	r29,r29,#-8
  287  00001380  3c0a0000	lhi	r10,((LC7_LF0)>>16)&0xffff
  288  00001384  254a30dc	addui	r10,r10,(LC7_LF0)&0xffff
  289  00001388  afaa0000	sw	(r29),r10
  290  0000138c  afa90004	sw	4(r29),r9
  291  00001390  0c000084	jal	_Printf
  292  00001394  54000000	nop; not filled.
  293  00001398  8d080000	lw	r8,(r8)
  294  0000139c  afa80000	sw	(r29),r8
  295  000013a0  0c000074	jal	_Printf
  296  000013a4  54000000	nop; not filled.
  297  000013a8  3c0a0000	lhi	r10,((LC3_LF0)>>16)&0xffff
  298  000013ac  254a3080	addui	r10,r10,(LC3_LF0)&0xffff
  299  000013b0  afaa0000	sw	(r29),r10
  300  000013b4  0c000060	jal	_Printf
  301  000013b8  54000000	nop; not filled.
  302  000013bc  0c00010c	jal	_Exit
  303  000013c0  54000000	nop; not filled.
  304  000013c4  23bd0008	addi	r29,r29,#8
  305  000013c8          	L25_LF0:
  306  000013c8  0c000e48	jal	_exit
  307  000013cc  54000000	nop
  308  000013d0          	.endproc _main
  309                      ;;;
  310                      ;;; Stub functions for DLX traps.
  311                      ;;;
  312                      ;;; Ethan L. Miller, 1999.  Released to the public domain.
  313                      ;;;
  314                      ;;; The traps such as Open and Close
  315                      ;;; (note the capital letters) are for use by user programs.  The traps
  316                      ;;; with names such as open and close (lower case) are for use by the OS.
  317                      ;;;
  320  000013d0          	.align 2
  322                      ;;; The following are the traps to be used by user-level programs
  323                      ;;;
  325  000013d0          	.align 2
  326  000013d0          	.proc _Open
  327  000013d0          	.global _Open
  328  000013d0          	_Open:
  329                      ;;; Note that trap #0x213 actually causes a trap vector in the OS of
  330                      ;;; 0x1213.  The same is true for other user traps.  Thus, a user trap
  331                      ;;; with trap #0x240 will result in a trap vector of 0x1240 in the OS.
  332  000013d0  44000213	trap	#0x213
  333  000013d4  4be00000	jr	r31
  334  000013d8  54000000	nop
  335  000013dc          	.endproc _Open
  337  000013dc          	.proc _Close
  338  000013dc          	.global _Close
  339  000013dc          	_Close:
  340  000013dc  44000214	trap	#0x214
  341  000013e0  4be00000	jr	r31
  342  000013e4  54000000	nop
  343  000013e8          	.endproc _Close
  345  000013e8          	.proc _Read
  346  000013e8          	.global _Read
  347  000013e8          	_Read:
  348  000013e8  44000210	trap	#0x210
  349  000013ec  4be00000	jr	r31
  350  000013f0  54000000	nop
  351  000013f4          	.endproc _Read
  353  000013f4          	.proc _Write
  354  000013f4          	.global _Write
  355  000013f4          	_Write:
  356  000013f4  44000211	trap	#0x211
  357  000013f8  4be00000	jr	r31
  358  000013fc  54000000	nop
  359  00001400          	.endproc _Write
  361  00001400          	.proc _Lseek
  362  00001400          	.global _Lseek
  363  00001400          	_Lseek:
  364  00001400  44000212	trap	#0x212
  365  00001404  4be00000	jr	r31
  366  00001408  54000000	nop
  367  0000140c          	.endproc _Lseek
  369  0000140c          	.proc _Putchar
  370  0000140c          	.global _Putchar
  371  0000140c          	_Putchar:
  372  0000140c  44000280	trap	#0x280
  373  00001410  4be00000	jr	r31
  374  00001414  54000000	nop
  375  00001418          	.endproc _Putchar
  377  00001418          	.proc _Printf
  378  00001418          	.global _Printf
  379  00001418          	_Printf:
  380  00001418  44000201	trap	#0x201
  381  0000141c  4be00000	jr	r31
  382  00001420  54000000	nop
  383  00001424          	.endproc _Printf
  385  00001424          	.proc _getpid
  386  00001424          	.global _getpid
  387  00001424          	_getpid:
  388  00001424  44000431	trap	#0x431
  389  00001428  4be00000	jr	r31
  390  0000142c  54000000	nop
  391  00001430          	.endproc _getpid
  393  00001430          	.proc _process_create
  394  00001430          	.global _process_create
  395  00001430          	_process_create:
  396  00001430  44000432	trap	#0x432
  397  00001434  4be00000	jr	r31
  398  00001438  54000000	nop
  399  0000143c          	.endproc _process_create
  401  0000143c          	.proc _shmget
  402  0000143c          	.global _shmget
  403  0000143c          	_shmget:
  404  0000143c  44000440	trap	#0x440
  405  00001440  4be00000	jr	r31
  406  00001444  54000000	nop
  407  00001448          	.endproc _shmget
  409  00001448          	.proc _shmat
  410  00001448          	.global _shmat
  411  00001448          	_shmat:
  412  00001448  44000441	trap	#0x441
  413  0000144c  4be00000	jr	r31
  414  00001450  54000000	nop
  415  00001454          	.endproc _shmat
  417  00001454          	.proc _sem_create
  418  00001454          	.global _sem_create
  419  00001454          	_sem_create:
  420  00001454  44000450	trap	#0x450
  421  00001458  4be00000	jr	r31
  422  0000145c  54000000	nop
  423  00001460          	.endproc _sem_create
  425  00001460          	.proc _sem_wait
  426  00001460          	.global _sem_wait
  427  00001460          	_sem_wait:
  428  00001460  44000451	trap	#0x451
  429  00001464  4be00000	jr	r31
  430  00001468  54000000	nop
  431  0000146c          	.endproc _sem_wait
  433  0000146c          	.proc _sem_signal
  434  0000146c          	.global _sem_signal
  435  0000146c          	_sem_signal:
  436  0000146c  44000452	trap	#0x452
  437  00001470  4be00000	jr	r31
  438  00001474  54000000	nop
  439  00001478          	.endproc _sem_signal
  441  00001478          	.proc _lock_create
  442  00001478          	.global _lock_create
  443  00001478          	_lock_create:
  444  00001478  44000453	trap	#0x453
  445  0000147c  4be00000	jr	r31
  446  00001480  54000000	nop
  447  00001484          	.endproc _lock_create
  449  00001484          	.proc _lock_acquire
  450  00001484          	.global _lock_acquire
  451  00001484          	_lock_acquire:
  452  00001484  44000454	trap	#0x454
  453  00001488  4be00000	jr	r31
  454  0000148c  54000000	nop
  455  00001490          	.endproc _lock_acquire
  457  00001490          	.proc _lock_release
  458  00001490          	.global _lock_release
  459  00001490          	_lock_release:
  460  00001490  44000455	trap	#0x455
  461  00001494  4be00000	jr	r31
  462  00001498  54000000	nop
  463  0000149c          	.endproc _lock_release
  465  0000149c          	.proc _cond_create
  466  0000149c          	.global _cond_create
  467  0000149c          	_cond_create:
  468  0000149c  44000456	trap	#0x456
  469  000014a0  4be00000	jr	r31
  470  000014a4  54000000	nop
  471  000014a8          	.endproc _cond_create
  473  000014a8          	.proc _cond_wait
  474  000014a8          	.global _cond_wait
  475  000014a8          	_cond_wait:
  476  000014a8  44000457	trap	#0x457
  477  000014ac  4be00000	jr	r31
  478  000014b0  54000000	nop
  479  000014b4          	.endproc _cond_wait
  481  000014b4          	.proc _cond_signal
  482  000014b4          	.global _cond_signal
  483  000014b4          	_cond_signal:
  484  000014b4  44000458	trap	#0x458
  485  000014b8  4be00000	jr	r31
  486  000014bc  54000000	nop
  487  000014c0          	.endproc _cond_signal
  489  000014c0          	.proc _cond_broadcast
  490  000014c0          	.global _cond_broadcast
  491  000014c0          	_cond_broadcast:
  492  000014c0  44000455	trap	#0x455
  493  000014c4  4be00000	jr	r31
  494  000014c8  54000000	nop
  495  000014cc          	.endproc _cond_broadcast
  497  000014cc          	.proc _Exit
  498  000014cc          	.global _Exit
  499  000014cc          	_Exit:
  500  000014cc  44000500	trap	#0x500
  501  000014d0  4be00000	jr	r31
  502  000014d4  54000000	nop
  503  000014d8          	.endproc _Exit
  504                      ; Compiled by GCC
  506  000014d8          	.align 2
  507  000014d8          	.proc _isspace
  508  000014d8          	.global _isspace
  509  000014d8          	_isspace:
  510                      ;  Function 'isspace'; 0 bytes of locals, 3 regs to save.
  511  000014d8  afbefffc	sw	-4(r29),r30; push fp
  512  000014dc  001df020	add	r30,r0,r29; fp = sp
  513  000014e0  afbffff8	sw	-8(r29),r31; push ret addr
  514  000014e4  2fbd0018	subui	r29,r29,#24; alloc local storage
  515  000014e8  afa20000	sw	0(r29),r2
  516  000014ec  afa30004	sw	4(r29),r3
  517  000014f0  afa40008	sw	8(r29),r4
  518  000014f4  83c20003	lb	r2,3(r30)
  519  000014f8  20010000	addi	r1,r0,#0
  520  000014fc  304300ff	andi	r3,r2,#0x00ff
  521  00001500  60640020	seqi	r4,r3,#32
  522  00001504  1480002c	bnez	r4,L3_LF2
  523  00001508  54000000	nop; delay slot nop
  524  0000150c  304300ff	andi	r3,r2,#0x00ff
  525  00001510  60640009	seqi	r4,r3,#9
  526  00001514  1480001c	bnez	r4,L3_LF2
  527  00001518  54000000	nop; delay slot nop
  528  0000151c  304300ff	andi	r3,r2,#0x00ff
  529  00001520  6064000a	seqi	r4,r3,#10
  530  00001524  1480000c	bnez	r4,L3_LF2
  531  00001528  54000000	nop; delay slot nop
  532  0000152c  08000008	j	L2_LF2
  533  00001530  54000000	nop; delay slot nop
  534  00001534          	L3_LF2:
  535  00001534  20010001	addi	r1,r0,#1
  536  00001538          	L2_LF2:
  537  00001538  08000004	j	L1_LF2
  538  0000153c  54000000	nop; delay slot nop
  539  00001540          	L1_LF2:
  540  00001540  8fa20000	lw	r2,0(r29)
  541  00001544  8fa30004	lw	r3,4(r29)
  542  00001548  8fa40008	lw	r4,8(r29)
  543  0000154c  8fdffff8	lw	r31,-8(r30)
  544  00001550  001ee820	add	r29,r0,r30
  545  00001554  8fdefffc	lw	r30,-4(r30)
  546  00001558  4be00000	jr	r31
  547  0000155c  54000000	nop
  548  00001560          	.endproc _isspace
  549  00001560          	.align 2
  550  00001560          	.proc _isxdigit
  551  00001560          	.global _isxdigit
  552  00001560          	_isxdigit:
  553                      ;  Function 'isxdigit'; 0 bytes of locals, 3 regs to save.
  554  00001560  afbefffc	sw	-4(r29),r30; push fp
  555  00001564  001df020	add	r30,r0,r29; fp = sp
  556  00001568  afbffff8	sw	-8(r29),r31; push ret addr
  557  0000156c  2fbd0018	subui	r29,r29,#24; alloc local storage
  558  00001570  afa20000	sw	0(r29),r2
  559  00001574  afa30004	sw	4(r29),r3
  560  00001578  afa40008	sw	8(r29),r4
  561  0000157c  83c20003	lb	r2,3(r30)
  562  00001580  20010000	addi	r1,r0,#0
  563  00001584  304300ff	andi	r3,r2,#0x00ff
  564  00001588  6c64002f	sgtui	r4,r3,#47
  565  0000158c  1080001c	beqz	r4,L7_LF2
  566  00001590  54000000	nop; delay slot nop
  567  00001594  304300ff	andi	r3,r2,#0x00ff
  568  00001598  70640039	sleui	r4,r3,#57
  569  0000159c  1480005c	bnez	r4,L6_LF2
  570  000015a0  54000000	nop; delay slot nop
  571  000015a4  08000004	j	L7_LF2
  572  000015a8  54000000	nop; delay slot nop
  573  000015ac          	L7_LF2:
  574  000015ac  304300ff	andi	r3,r2,#0x00ff
  575  000015b0  6c640060	sgtui	r4,r3,#96
  576  000015b4  1080001c	beqz	r4,L8_LF2
  577  000015b8  54000000	nop; delay slot nop
  578  000015bc  304300ff	andi	r3,r2,#0x00ff
  579  000015c0  70640066	sleui	r4,r3,#102
  580  000015c4  14800034	bnez	r4,L6_LF2
  581  000015c8  54000000	nop; delay slot nop
  582  000015cc  08000004	j	L8_LF2
  583  000015d0  54000000	nop; delay slot nop
  584  000015d4          	L8_LF2:
  585  000015d4  304300ff	andi	r3,r2,#0x00ff
  586  000015d8  6c640040	sgtui	r4,r3,#64
  587  000015dc  10800020	beqz	r4,L5_LF2
  588  000015e0  54000000	nop; delay slot nop
  589  000015e4  304300ff	andi	r3,r2,#0x00ff
  590  000015e8  70640041	sleui	r4,r3,#65
  591  000015ec  1480000c	bnez	r4,L6_LF2
  592  000015f0  54000000	nop; delay slot nop
  593  000015f4  08000008	j	L5_LF2
  594  000015f8  54000000	nop; delay slot nop
  595  000015fc          	L6_LF2:
  596  000015fc  20010001	addi	r1,r0,#1
  597  00001600          	L5_LF2:
  598  00001600  08000004	j	L4_LF2
  599  00001604  54000000	nop; delay slot nop
  600  00001608          	L4_LF2:
  601  00001608  8fa20000	lw	r2,0(r29)
  602  0000160c  8fa30004	lw	r3,4(r29)
  603  00001610  8fa40008	lw	r4,8(r29)
  604  00001614  8fdffff8	lw	r31,-8(r30)
  605  00001618  001ee820	add	r29,r0,r30
  606  0000161c  8fdefffc	lw	r30,-4(r30)
  607  00001620  4be00000	jr	r31
  608  00001624  54000000	nop
  609  00001628          	.endproc _isxdigit
  610  00001628          	.align 2
  611  00001628          	.proc _dstrcpy
  612  00001628          	.global _dstrcpy
  613  00001628          	_dstrcpy:
  614                      ;  Function 'dstrcpy'; 8 bytes of locals, 2 regs to save.
  615  00001628  afbefffc	sw	-4(r29),r30; push fp
  616  0000162c  001df020	add	r30,r0,r29; fp = sp
  617  00001630  afbffff8	sw	-8(r29),r31; push ret addr
  618  00001634  2fbd0018	subui	r29,r29,#24; alloc local storage
  619  00001638  afa20000	sw	0(r29),r2
  620  0000163c  afa30004	sw	4(r29),r3
  621  00001640  8fc10000	lw	r1,(r30)
  622  00001644  afc1fff4	sw	-12(r30),r1
  623  00001648          	L10_LF2:
  624  00001648  8fc10000	lw	r1,(r30)
  625  0000164c  20220001	addi	r2,r1,#1
  626  00001650  afc20000	sw	(r30),r2
  627  00001654  8fc20004	lw	r2,4(r30)
  628  00001658  20430001	addi	r3,r2,#1
  629  0000165c  afc30004	sw	4(r30),r3
  630  00001660  80420000	lb	r2,(r2)
  631  00001664  a0220000	sb	(r1),r2
  632  00001668  a3c2fff3	sb	-13(r30),r2
  633  0000166c          	L12_LF2:
  634  0000166c  93c1fff3	lbu	r1,-13(r30)
  635  00001670  64220000	snei	r2,r1,#0
  636  00001674  1440000c	bnez	r2,L13_LF2
  637  00001678  54000000	nop; delay slot nop
  638  0000167c  0800000c	j	L11_LF2
  639  00001680  54000000	nop; delay slot nop
  640  00001684          	L13_LF2:
  641  00001684  0bffffc0	j	L10_LF2
  642  00001688  54000000	nop; delay slot nop
  643  0000168c          	L11_LF2:
  644  0000168c  8fc1fff4	lw	r1,-12(r30)
  645  00001690  08000004	j	L9_LF2
  646  00001694  54000000	nop; delay slot nop
  647  00001698          	L9_LF2:
  648  00001698  8fa20000	lw	r2,0(r29)
  649  0000169c  8fa30004	lw	r3,4(r29)
  650  000016a0  8fdffff8	lw	r31,-8(r30)
  651  000016a4  001ee820	add	r29,r0,r30
  652  000016a8  8fdefffc	lw	r30,-4(r30)
  653  000016ac  4be00000	jr	r31
  654  000016b0  54000000	nop
  655  000016b4          	.endproc _dstrcpy
  656  000016b4          	.align 2
  657  000016b4          	.proc _dstrncpy
  658  000016b4          	.global _dstrncpy
  659  000016b4          	_dstrncpy:
  660                      ;  Function 'dstrncpy'; 8 bytes of locals, 2 regs to save.
  661  000016b4  afbefffc	sw	-4(r29),r30; push fp
  662  000016b8  001df020	add	r30,r0,r29; fp = sp
  663  000016bc  afbffff8	sw	-8(r29),r31; push ret addr
  664  000016c0  2fbd0018	subui	r29,r29,#24; alloc local storage
  665  000016c4  afa20000	sw	0(r29),r2
  666  000016c8  afa30004	sw	4(r29),r3
  667  000016cc  8fc10000	lw	r1,(r30)
  668  000016d0  afc1fff4	sw	-12(r30),r1
  669  000016d4          	L15_LF2:
  670  000016d4  8fc10008	lw	r1,8(r30)
  671  000016d8  2022ffff	addi	r2,r1,#-1
  672  000016dc  afc20008	sw	8(r30),r2
  673  000016e0  70210000	slei	r1,r1,#0
  674  000016e4  1020000c	beqz	r1,L18_LF2
  675  000016e8  54000000	nop; delay slot nop
  676  000016ec  08000048	j	L16_LF2
  677  000016f0  54000000	nop; delay slot nop
  678  000016f4          	L18_LF2:
  679  000016f4  8fc10000	lw	r1,(r30)
  680  000016f8  20220001	addi	r2,r1,#1
  681  000016fc  afc20000	sw	(r30),r2
  682  00001700  8fc20004	lw	r2,4(r30)
  683  00001704  20430001	addi	r3,r2,#1
  684  00001708  afc30004	sw	4(r30),r3
  685  0000170c  80420000	lb	r2,(r2)
  686  00001710  a0220000	sb	(r1),r2
  687  00001714  a3c2fff3	sb	-13(r30),r2
  688  00001718          	L17_LF2:
  689  00001718  93c1fff3	lbu	r1,-13(r30)
  690  0000171c  64220000	snei	r2,r1,#0
  691  00001720  1440000c	bnez	r2,L19_LF2
  692  00001724  54000000	nop; delay slot nop
  693  00001728  0800000c	j	L16_LF2
  694  0000172c  54000000	nop; delay slot nop
  695  00001730          	L19_LF2:
  696  00001730  0bffffa0	j	L15_LF2
  697  00001734  54000000	nop; delay slot nop
  698  00001738          	L16_LF2:
  699  00001738  8fc1fff4	lw	r1,-12(r30)
  700  0000173c  08000004	j	L14_LF2
  701  00001740  54000000	nop; delay slot nop
  702  00001744          	L14_LF2:
  703  00001744  8fa20000	lw	r2,0(r29)
  704  00001748  8fa30004	lw	r3,4(r29)
  705  0000174c  8fdffff8	lw	r31,-8(r30)
  706  00001750  001ee820	add	r29,r0,r30
  707  00001754  8fdefffc	lw	r30,-4(r30)
  708  00001758  4be00000	jr	r31
  709  0000175c  54000000	nop
  710  00001760          	.endproc _dstrncpy
  711  00001760          	.align 2
  712  00001760          	.proc _dstrcat
  713  00001760          	.global _dstrcat
  714  00001760          	_dstrcat:
  715                      ;  Function 'dstrcat'; 8 bytes of locals, 1 regs to save.
  716  00001760  afbefffc	sw	-4(r29),r30; push fp
  717  00001764  001df020	add	r30,r0,r29; fp = sp
  718  00001768  afbffff8	sw	-8(r29),r31; push ret addr
  719  0000176c  2fbd0018	subui	r29,r29,#24; alloc local storage
  720  00001770  afa20000	sw	0(r29),r2
  721  00001774  8fc10000	lw	r1,(r30)
  722  00001778  afc1fff4	sw	-12(r30),r1
  723  0000177c          	L21_LF2:
  724  0000177c  8fc10000	lw	r1,(r30)
  725  00001780  90220000	lbu	r2,(r1)
  726  00001784  64410000	snei	r1,r2,#0
  727  00001788  1420000c	bnez	r1,L23_LF2
  728  0000178c  54000000	nop; delay slot nop
  729  00001790  0800001c	j	L22_LF2
  730  00001794  54000000	nop; delay slot nop
  731  00001798          	L23_LF2:
  732  00001798  8fc20000	lw	r2,(r30)
  733  0000179c  20410001	addi	r1,r2,#1
  734  000017a0  00011020	add	r2,r0,r1
  735  000017a4  afc20000	sw	(r30),r2
  736  000017a8  0bffffd0	j	L21_LF2
  737  000017ac  54000000	nop; delay slot nop
  738  000017b0          	L22_LF2:
  739  000017b0  23bdfff8	addi	r29,r29,#-8
  740  000017b4  001d0820	add	r1,r0,r29
  741  000017b8  8fc20000	lw	r2,(r30)
  742  000017bc  ac220000	sw	(r1),r2
  743  000017c0  8fc20004	lw	r2,4(r30)
  744  000017c4  ac220004	sw	4(r1),r2
  745  000017c8  0ffffe5c	jal	_dstrcpy
  746  000017cc  54000000	nop; delay slot nop
  747  000017d0  23bd0008	addi	r29,r29,#8
  748  000017d4  8fc1fff4	lw	r1,-12(r30)
  749  000017d8  08000004	j	L20_LF2
  750  000017dc  54000000	nop; delay slot nop
  751  000017e0          	L20_LF2:
  752  000017e0  8fa20000	lw	r2,0(r29)
  753  000017e4  8fdffff8	lw	r31,-8(r30)
  754  000017e8  001ee820	add	r29,r0,r30
  755  000017ec  8fdefffc	lw	r30,-4(r30)
  756  000017f0  4be00000	jr	r31
  757  000017f4  54000000	nop
  758  000017f8          	.endproc _dstrcat
  759  000017f8          	.align 2
  760  000017f8          	.proc _dstrncmp
  761  000017f8          	.global _dstrncmp
  762  000017f8          	_dstrncmp:
  763                      ;  Function 'dstrncmp'; 8 bytes of locals, 2 regs to save.
  764  000017f8  afbefffc	sw	-4(r29),r30; push fp
  765  000017fc  001df020	add	r30,r0,r29; fp = sp
  766  00001800  afbffff8	sw	-8(r29),r31; push ret addr
  767  00001804  2fbd0018	subui	r29,r29,#24; alloc local storage
  768  00001808  afa20000	sw	0(r29),r2
  769  0000180c  afa30004	sw	4(r29),r3
  770  00001810  54000000	nop
  771  00001814  20010000	addi	r1,r0,#0
  772  00001818  afc1fff4	sw	-12(r30),r1
  773  0000181c          	L25_LF2:
  774  0000181c  8fc1fff4	lw	r1,-12(r30)
  775  00001820  8fc20008	lw	r2,8(r30)
  776  00001824  0022082a	slt	r1,r1,r2
  777  00001828  1420000c	bnez	r1,L28_LF2
  778  0000182c  54000000	nop; delay slot nop
  779  00001830  08000088	j	L26_LF2
  780  00001834  54000000	nop; delay slot nop
  781  00001838          	L28_LF2:
  782  00001838  8fc10004	lw	r1,4(r30)
  783  0000183c  90220000	lbu	r2,(r1)
  784  00001840  64410000	snei	r1,r2,#0
  785  00001844  14200018	bnez	r1,L29_LF2
  786  00001848  54000000	nop; delay slot nop
  787  0000184c  20010000	addi	r1,r0,#0
  788  00001850  080000d8	j	L24_LF2
  789  00001854  54000000	nop; delay slot nop
  790  00001858  08000028	j	L30_LF2
  791  0000185c  54000000	nop; delay slot nop
  792  00001860          	L29_LF2:
  793  00001860  8fc10000	lw	r1,(r30)
  794  00001864  8fc20004	lw	r2,4(r30)
  795  00001868  90210000	lbu	r1,(r1)
  796  0000186c  90420000	lbu	r2,(r2)
  797  00001870  00220829	sne	r1,r1,r2
  798  00001874  1020000c	beqz	r1,L30_LF2
  799  00001878  54000000	nop; delay slot nop
  800  0000187c  0800003c	j	L26_LF2
  801  00001880  54000000	nop; delay slot nop
  802  00001884          	L31_LF2:
  803  00001884          	L30_LF2:
  804  00001884  8fc20000	lw	r2,(r30)
  805  00001888  20410001	addi	r1,r2,#1
  806  0000188c  00011020	add	r2,r0,r1
  807  00001890  afc20000	sw	(r30),r2
  808  00001894  8fc20004	lw	r2,4(r30)
  809  00001898  20410001	addi	r1,r2,#1
  810  0000189c  00011020	add	r2,r0,r1
  811  000018a0  afc20004	sw	4(r30),r2
  812  000018a4          	L27_LF2:
  813  000018a4  8fc2fff4	lw	r2,-12(r30)
  814  000018a8  20410001	addi	r1,r2,#1
  815  000018ac  00011020	add	r2,r0,r1
  816  000018b0  afc2fff4	sw	-12(r30),r2
  817  000018b4  0bffff64	j	L25_LF2
  818  000018b8  54000000	nop; delay slot nop
  819  000018bc          	L26_LF2:
  820  000018bc  8fc1fff4	lw	r1,-12(r30)
  821  000018c0  8fc20008	lw	r2,8(r30)
  822  000018c4  00220828	seq	r1,r1,r2
  823  000018c8  10200018	beqz	r1,L32_LF2
  824  000018cc  54000000	nop; delay slot nop
  825  000018d0  20010000	addi	r1,r0,#0
  826  000018d4  08000054	j	L24_LF2
  827  000018d8  54000000	nop; delay slot nop
  828  000018dc  0800004c	j	L33_LF2
  829  000018e0  54000000	nop; delay slot nop
  830  000018e4          	L32_LF2:
  831  000018e4  8fc20000	lw	r2,(r30)
  832  000018e8  90410000	lbu	r1,(r2)
  833  000018ec  8fc20004	lw	r2,4(r30)
  834  000018f0  90430000	lbu	r3,(r2)
  835  000018f4  00230822	sub	r1,r1,r3
  836  000018f8  74220000	sgei	r2,r1,#0
  837  000018fc  10400020	beqz	r2,L34_LF2
  838  00001900  54000000	nop; delay slot nop
  839  00001904  8fc10000	lw	r1,(r30)
  840  00001908  8fc20004	lw	r2,4(r30)
  841  0000190c  90210000	lbu	r1,(r1)
  842  00001910  90420000	lbu	r2,(r2)
  843  00001914  00220829	sne	r1,r1,r2
  844  00001918  08000008	j	L35_LF2
  845  0000191c  54000000	nop; delay slot nop
  846  00001920          	L34_LF2:
  847  00001920  2001ffff	addi	r1,r0,#-1
  848  00001924          	L35_LF2:
  849  00001924  08000004	j	L24_LF2
  850  00001928  54000000	nop; delay slot nop
  851  0000192c          	L33_LF2:
  852  0000192c          	L24_LF2:
  853  0000192c  8fa20000	lw	r2,0(r29)
  854  00001930  8fa30004	lw	r3,4(r29)
  855  00001934  8fdffff8	lw	r31,-8(r30)
  856  00001938  001ee820	add	r29,r0,r30
  857  0000193c  8fdefffc	lw	r30,-4(r30)
  858  00001940  4be00000	jr	r31
  859  00001944  54000000	nop
  860  00001948          	.endproc _dstrncmp
  861  00001948          	.align 2
  862  00001948          	.proc _dstrlen
  863  00001948          	.global _dstrlen
  864  00001948          	_dstrlen:
  865                      ;  Function 'dstrlen'; 8 bytes of locals, 1 regs to save.
  866  00001948  afbefffc	sw	-4(r29),r30; push fp
  867  0000194c  001df020	add	r30,r0,r29; fp = sp
  868  00001950  afbffff8	sw	-8(r29),r31; push ret addr
  869  00001954  2fbd0018	subui	r29,r29,#24; alloc local storage
  870  00001958  afa20000	sw	0(r29),r2
  871  0000195c  20010000	addi	r1,r0,#0
  872  00001960  afc1fff4	sw	-12(r30),r1
  873  00001964          	L37_LF2:
  874  00001964  8fc10000	lw	r1,(r30)
  875  00001968  20220001	addi	r2,r1,#1
  876  0000196c  afc20000	sw	(r30),r2
  877  00001970  90210000	lbu	r1,(r1)
  878  00001974  64220000	snei	r2,r1,#0
  879  00001978  1440000c	bnez	r2,L39_LF2
  880  0000197c  54000000	nop; delay slot nop
  881  00001980  0800001c	j	L38_LF2
  882  00001984  54000000	nop; delay slot nop
  883  00001988          	L39_LF2:
  884  00001988  8fc2fff4	lw	r2,-12(r30)
  885  0000198c  20410001	addi	r1,r2,#1
  886  00001990  00011020	add	r2,r0,r1
  887  00001994  afc2fff4	sw	-12(r30),r2
  888  00001998  0bffffc8	j	L37_LF2
  889  0000199c  54000000	nop; delay slot nop
  890  000019a0          	L38_LF2:
  891  000019a0  8fc1fff4	lw	r1,-12(r30)
  892  000019a4  08000004	j	L36_LF2
  893  000019a8  54000000	nop; delay slot nop
  894  000019ac          	L36_LF2:
  895  000019ac  8fa20000	lw	r2,0(r29)
  896  000019b0  8fdffff8	lw	r31,-8(r30)
  897  000019b4  001ee820	add	r29,r0,r30
  898  000019b8  8fdefffc	lw	r30,-4(r30)
  899  000019bc  4be00000	jr	r31
  900  000019c0  54000000	nop
  901  000019c4          	.endproc _dstrlen
  902  000019c4          	.align 2
  903  000019c4          	.proc _dstrstr
  904  000019c4          	.global _dstrstr
  905  000019c4          	_dstrstr:
  906                      ;  Function 'dstrstr'; 8 bytes of locals, 1 regs to save.
  907  000019c4  afbefffc	sw	-4(r29),r30; push fp
  908  000019c8  001df020	add	r30,r0,r29; fp = sp
  909  000019cc  afbffff8	sw	-8(r29),r31; push ret addr
  910  000019d0  2fbd0018	subui	r29,r29,#24; alloc local storage
  911  000019d4  afa20000	sw	0(r29),r2
  912  000019d8  23bdfff8	addi	r29,r29,#-8
  913  000019dc  001d0820	add	r1,r0,r29
  914  000019e0  8fc20004	lw	r2,4(r30)
  915  000019e4  ac220000	sw	(r1),r2
  916  000019e8  0fffff5c	jal	_dstrlen
  917  000019ec  54000000	nop; delay slot nop
  918  000019f0  23bd0008	addi	r29,r29,#8
  919  000019f4  afc1fff4	sw	-12(r30),r1
  920  000019f8          	L41_LF2:
  921  000019f8  8fc10000	lw	r1,(r30)
  922  000019fc  90220000	lbu	r2,(r1)
  923  00001a00  64410000	snei	r1,r2,#0
  924  00001a04  1420000c	bnez	r1,L43_LF2
  925  00001a08  54000000	nop; delay slot nop
  926  00001a0c  08000060	j	L42_LF2
  927  00001a10  54000000	nop; delay slot nop
  928  00001a14          	L43_LF2:
  929  00001a14  23bdfff0	addi	r29,r29,#-16
  930  00001a18  001d0820	add	r1,r0,r29
  931  00001a1c  8fc20000	lw	r2,(r30)
  932  00001a20  ac220000	sw	(r1),r2
  933  00001a24  8fc20004	lw	r2,4(r30)
  934  00001a28  ac220004	sw	4(r1),r2
  935  00001a2c  8fc2fff4	lw	r2,-12(r30)
  936  00001a30  ac220008	sw	8(r1),r2
  937  00001a34  0ffffdc0	jal	_dstrncmp
  938  00001a38  54000000	nop; delay slot nop
  939  00001a3c  23bd0010	addi	r29,r29,#16
  940  00001a40  64220000	snei	r2,r1,#0
  941  00001a44  14400010	bnez	r2,L44_LF2
  942  00001a48  54000000	nop; delay slot nop
  943  00001a4c  8fc10000	lw	r1,(r30)
  944  00001a50  08000028	j	L40_LF2
  945  00001a54  54000000	nop; delay slot nop
  946  00001a58          	L44_LF2:
  947  00001a58  8fc20000	lw	r2,(r30)
  948  00001a5c  20410001	addi	r1,r2,#1
  949  00001a60  00011020	add	r2,r0,r1
  950  00001a64  afc20000	sw	(r30),r2
  951  00001a68  0bffff8c	j	L41_LF2
  952  00001a6c  54000000	nop; delay slot nop
  953  00001a70          	L42_LF2:
  954  00001a70  20010000	addi	r1,r0,#0
  955  00001a74  08000004	j	L40_LF2
  956  00001a78  54000000	nop; delay slot nop
  957  00001a7c          	L40_LF2:
  958  00001a7c  8fa20000	lw	r2,0(r29)
  959  00001a80  8fdffff8	lw	r31,-8(r30)
  960  00001a84  001ee820	add	r29,r0,r30
  961  00001a88  8fdefffc	lw	r30,-4(r30)
  962  00001a8c  4be00000	jr	r31
  963  00001a90  54000000	nop
  964  00001a94          	.endproc _dstrstr
  965  00001a94          	.align 2
  966  00001a94          	.proc _dmindex
  967  00001a94          	.global _dmindex
  968  00001a94          	_dmindex:
  969                      ;  Function 'dmindex'; 8 bytes of locals, 1 regs to save.
  970  00001a94  afbefffc	sw	-4(r29),r30; push fp
  971  00001a98  001df020	add	r30,r0,r29; fp = sp
  972  00001a9c  afbffff8	sw	-8(r29),r31; push ret addr
  973  00001aa0  2fbd0018	subui	r29,r29,#24; alloc local storage
  974  00001aa4  afa20000	sw	0(r29),r2
  975  00001aa8  54000000	nop
  976  00001aac          	L46_LF2:
  977  00001aac  8fc10000	lw	r1,(r30)
  978  00001ab0  90220000	lbu	r2,(r1)
  979  00001ab4  64410000	snei	r1,r2,#0
  980  00001ab8  1420000c	bnez	r1,L48_LF2
  981  00001abc  54000000	nop; delay slot nop
  982  00001ac0  08000070	j	L47_LF2
  983  00001ac4  54000000	nop; delay slot nop
  984  00001ac8          	L48_LF2:
  985  00001ac8  8fc10004	lw	r1,4(r30)
  986  00001acc  afc1fff4	sw	-12(r30),r1
  987  00001ad0          	L49_LF2:
  988  00001ad0  8fc1fff4	lw	r1,-12(r30)
  989  00001ad4  90220000	lbu	r2,(r1)
  990  00001ad8  64410000	snei	r1,r2,#0
  991  00001adc  1420000c	bnez	r1,L52_LF2
  992  00001ae0  54000000	nop; delay slot nop
  993  00001ae4  08000044	j	L50_LF2
  994  00001ae8  54000000	nop; delay slot nop
  995  00001aec          	L52_LF2:
  996  00001aec  8fc10000	lw	r1,(r30)
  997  00001af0  8fc2fff4	lw	r2,-12(r30)
  998  00001af4  90210000	lbu	r1,(r1)
  999  00001af8  90420000	lbu	r2,(r2)
 1000  00001afc  00220828	seq	r1,r1,r2
 1001  00001b00  10200010	beqz	r1,L51_LF2
 1002  00001b04  54000000	nop; delay slot nop
 1003  00001b08  8fc10000	lw	r1,(r30)
 1004  00001b0c  08000030	j	L45_LF2
 1005  00001b10  54000000	nop; delay slot nop
 1006  00001b14          	L53_LF2:
 1007  00001b14          	L51_LF2:
 1008  00001b14  8fc2fff4	lw	r2,-12(r30)
 1009  00001b18  20410001	addi	r1,r2,#1
 1010  00001b1c  00011020	add	r2,r0,r1
 1011  00001b20  afc2fff4	sw	-12(r30),r2
 1012  00001b24  0bffffa8	j	L49_LF2
 1013  00001b28  54000000	nop; delay slot nop
 1014  00001b2c          	L50_LF2:
 1015  00001b2c  0bffff7c	j	L46_LF2
 1016  00001b30  54000000	nop; delay slot nop
 1017  00001b34          	L47_LF2:
 1018  00001b34  20010000	addi	r1,r0,#0
 1019  00001b38  08000004	j	L45_LF2
 1020  00001b3c  54000000	nop; delay slot nop
 1021  00001b40          	L45_LF2:
 1022  00001b40  8fa20000	lw	r2,0(r29)
 1023  00001b44  8fdffff8	lw	r31,-8(r30)
 1024  00001b48  001ee820	add	r29,r0,r30
 1025  00001b4c  8fdefffc	lw	r30,-4(r30)
 1026  00001b50  4be00000	jr	r31
 1027  00001b54  54000000	nop
 1028  00001b58          	.endproc _dmindex
 1029  00001b58          	.align 2
 1030  00001b58          	.proc _dindex
 1031  00001b58          	.global _dindex
 1032  00001b58          	_dindex:
 1033                      ;  Function 'dindex'; 0 bytes of locals, 1 regs to save.
 1034  00001b58  afbefffc	sw	-4(r29),r30; push fp
 1035  00001b5c  001df020	add	r30,r0,r29; fp = sp
 1036  00001b60  afbffff8	sw	-8(r29),r31; push ret addr
 1037  00001b64  2fbd0010	subui	r29,r29,#16; alloc local storage
 1038  00001b68  afa20000	sw	0(r29),r2
 1039  00001b6c  54000000	nop
 1040  00001b70          	L55_LF2:
 1041  00001b70  8fc10000	lw	r1,(r30)
 1042  00001b74  90220000	lbu	r2,(r1)
 1043  00001b78  64410000	snei	r1,r2,#0
 1044  00001b7c  1420000c	bnez	r1,L57_LF2
 1045  00001b80  54000000	nop; delay slot nop
 1046  00001b84  08000040	j	L56_LF2
 1047  00001b88  54000000	nop; delay slot nop
 1048  00001b8c          	L57_LF2:
 1049  00001b8c  8fc10000	lw	r1,(r30)
 1050  00001b90  90220000	lbu	r2,(r1)
 1051  00001b94  8fc10004	lw	r1,4(r30)
 1052  00001b98  00411028	seq	r2,r2,r1
 1053  00001b9c  10400010	beqz	r2,L58_LF2
 1054  00001ba0  54000000	nop; delay slot nop
 1055  00001ba4  8fc10000	lw	r1,(r30)
 1056  00001ba8  08000028	j	L54_LF2
 1057  00001bac  54000000	nop; delay slot nop
 1058  00001bb0          	L58_LF2:
 1059  00001bb0  8fc20000	lw	r2,(r30)
 1060  00001bb4  20410001	addi	r1,r2,#1
 1061  00001bb8  00011020	add	r2,r0,r1
 1062  00001bbc  afc20000	sw	(r30),r2
 1063  00001bc0  0bffffac	j	L55_LF2
 1064  00001bc4  54000000	nop; delay slot nop
 1065  00001bc8          	L56_LF2:
 1066  00001bc8  20010000	addi	r1,r0,#0
 1067  00001bcc  08000004	j	L54_LF2
 1068  00001bd0  54000000	nop; delay slot nop
 1069  00001bd4          	L54_LF2:
 1070  00001bd4  8fa20000	lw	r2,0(r29)
 1071  00001bd8  8fdffff8	lw	r31,-8(r30)
 1072  00001bdc  001ee820	add	r29,r0,r30
 1073  00001be0  8fdefffc	lw	r30,-4(r30)
 1074  00001be4  4be00000	jr	r31
 1075  00001be8  54000000	nop
 1076  00001bec          	.endproc _dindex
 1077  00001bec          	.align 2
 1078  00001bec          	.proc _ditoa
 1079  00001bec          	.global _ditoa
 1080  00001bec          	_ditoa:
 1081                      ;  Function 'ditoa'; 8 bytes of locals, 2 regs to save.
 1082  00001bec  afbefffc	sw	-4(r29),r30; push fp
 1083  00001bf0  001df020	add	r30,r0,r29; fp = sp
 1084  00001bf4  afbffff8	sw	-8(r29),r31; push ret addr
 1085  00001bf8  2fbd0018	subui	r29,r29,#24; alloc local storage
 1086  00001bfc  afa20000	sw	0(r29),r2
 1087  00001c00  afa30004	sw	4(r29),r3
 1088  00001c04  8fc10000	lw	r1,(r30)
 1089  00001c08  68220000	slti	r2,r1,#0
 1090  00001c0c  1040002c	beqz	r2,L60_LF2
 1091  00001c10  54000000	nop; delay slot nop
 1092  00001c14  8fc10004	lw	r1,4(r30)
 1093  00001c18  20220001	addi	r2,r1,#1
 1094  00001c1c  afc20004	sw	4(r30),r2
 1095  00001c20  2002002d	addi	r2,r0,(#0x2d)&0xff
 1096  00001c24  a0220000	sb	(r1),r2
 1097  00001c28  8fc10000	lw	r1,(r30)
 1098  00001c2c  00011022	sub	r2,r0,r1
 1099  00001c30  afc20000	sw	(r30),r2
 1100  00001c34  08000118	j	L61_LF2
 1101  00001c38  54000000	nop; delay slot nop
 1102  00001c3c          	L60_LF2:
 1103  00001c3c  8fc10000	lw	r1,(r30)
 1104  00001c40  64220000	snei	r2,r1,#0
 1105  00001c44  14400020	bnez	r2,L62_LF2
 1106  00001c48  54000000	nop; delay slot nop
 1107  00001c4c  8fc10004	lw	r1,4(r30)
 1108  00001c50  20220001	addi	r2,r1,#1
 1109  00001c54  afc20004	sw	4(r30),r2
 1110  00001c58  20020030	addi	r2,r0,(#0x30)&0xff
 1111  00001c5c  a0220000	sb	(r1),r2
 1112  00001c60  080000ec	j	L61_LF2
 1113  00001c64  54000000	nop; delay slot nop
 1114  00001c68          	L62_LF2:
 1115  00001c68  20010001	addi	r1,r0,#1
 1116  00001c6c  afc1fff4	sw	-12(r30),r1
 1117  00001c70          	L64_LF2:
 1118  00001c70  8fc1fff4	lw	r1,-12(r30)
 1119  00001c74  8fc20000	lw	r2,(r30)
 1120  00001c78  0022082c	sle	r1,r1,r2
 1121  00001c7c  1420000c	bnez	r1,L66_LF2
 1122  00001c80  54000000	nop; delay slot nop
 1123  00001c84  08000024	j	L65_LF2
 1124  00001c88  54000000	nop; delay slot nop
 1125  00001c8c          	L67_LF2:
 1126  00001c8c          	L66_LF2:
 1127  00001c8c  8fc1fff4	lw	r1,-12(r30)
 1128  00001c90  00011820	add	r3,r0,r1
 1129  00001c94  50620002	slli	r2,r3,#0x2
 1130  00001c98  00411020	add	r2,r2,r1
 1131  00001c9c  50410001	slli	r1,r2,#0x1
 1132  00001ca0  afc1fff4	sw	-12(r30),r1
 1133  00001ca4  0bffffc8	j	L64_LF2
 1134  00001ca8  54000000	nop; delay slot nop
 1135  00001cac          	L65_LF2:
 1136  00001cac  54000000	nop
 1137  00001cb0          	L68_LF2:
 1138  00001cb0  8fc1fff4	lw	r1,-12(r30)
 1139  00001cb4  2002000a	addi	r2,r0,#10
 1140  00001cb8  00200035	movi2fp	f0,r1
 1141  00001cbc  00400835	movi2fp	f1,r2
 1142  00001cc0  0401000f	div	f0,f0,f1
 1143  00001cc4  00000834	movfp2i	r1,f0
 1144  00001cc8  afc1fff4	sw	-12(r30),r1
 1145  00001ccc  8fc10004	lw	r1,4(r30)
 1146  00001cd0  20220001	addi	r2,r1,#1
 1147  00001cd4  afc20004	sw	4(r30),r2
 1148  00001cd8  8fc20000	lw	r2,(r30)
 1149  00001cdc  8fc3fff4	lw	r3,-12(r30)
 1150  00001ce0  00400035	movi2fp	f0,r2
 1151  00001ce4  00600835	movi2fp	f1,r3
 1152  00001ce8  0401000f	div	f0,f0,f1
 1153  00001cec  00001034	movfp2i	r2,f0
 1154  00001cf0  00021820	add	r3,r0,r2
 1155  00001cf4  20620030	addi	r2,r3,#48
 1156  00001cf8  a0220000	sb	(r1),r2
 1157  00001cfc  8fc10000	lw	r1,(r30)
 1158  00001d00  8fc3fff4	lw	r3,-12(r30)
 1159  00001d04  00200035	movi2fp	f0,r1
 1160  00001d08  00600835	movi2fp	f1,r3
 1161  00001d0c  0401000f	div	f0,f0,f1
 1162  00001d10  00001034	movfp2i	r2,f0
 1163  00001d14  8fc3fff4	lw	r3,-12(r30)
 1164  00001d18  00400035	movi2fp	f0,r2
 1165  00001d1c  00600835	movi2fp	f1,r3
 1166  00001d20  0401000e	mult	f0,f0,f1
 1167  00001d24  00001034	movfp2i	r2,f0
 1168  00001d28  00220822	sub	r1,r1,r2
 1169  00001d2c  afc10000	sw	(r30),r1
 1170  00001d30          	L70_LF2:
 1171  00001d30  8fc1fff4	lw	r1,-12(r30)
 1172  00001d34  6c220001	sgti	r2,r1,#1
 1173  00001d38  1440000c	bnez	r2,L71_LF2
 1174  00001d3c  54000000	nop; delay slot nop
 1175  00001d40  0800000c	j	L61_LF2
 1176  00001d44  54000000	nop; delay slot nop
 1177  00001d48          	L71_LF2:
 1178  00001d48  0bffff64	j	L68_LF2
 1179  00001d4c  54000000	nop; delay slot nop
 1180  00001d50          	L69_LF2:
 1181  00001d50          	L63_LF2:
 1182  00001d50          	L61_LF2:
 1183  00001d50  8fc10004	lw	r1,4(r30)
 1184  00001d54  20020000	addi	r2,r0,(#0x0)&0xff
 1185  00001d58  a0220000	sb	(r1),r2
 1186  00001d5c          	L59_LF2:
 1187  00001d5c  8fa20000	lw	r2,0(r29)
 1188  00001d60  8fa30004	lw	r3,4(r29)
 1189  00001d64  8fdffff8	lw	r31,-8(r30)
 1190  00001d68  001ee820	add	r29,r0,r30
 1191  00001d6c  8fdefffc	lw	r30,-4(r30)
 1192  00001d70  4be00000	jr	r31
 1193  00001d74  54000000	nop
 1194  00001d78          	.endproc _ditoa
 1195  00001d78          	.align 2
 1196  00001d78          	.proc _dstrtol
 1197  00001d78          	.global _dstrtol
 1198  00001d78          	_dstrtol:
 1199                      ;  Function 'dstrtol'; 16 bytes of locals, 1 regs to save.
 1200  00001d78  afbefffc	sw	-4(r29),r30; push fp
 1201  00001d7c  001df020	add	r30,r0,r29; fp = sp
 1202  00001d80  afbffff8	sw	-8(r29),r31; push ret addr
 1203  00001d84  2fbd0020	subui	r29,r29,#32; alloc local storage
 1204  00001d88  afa20000	sw	0(r29),r2
 1205  00001d8c  20010000	addi	r1,r0,#0
 1206  00001d90  afc1fff4	sw	-12(r30),r1
 1207  00001d94          	L73_LF2:
 1208  00001d94  8fc10000	lw	r1,(r30)
 1209  00001d98  90220000	lbu	r2,(r1)
 1210  00001d9c  60410020	seqi	r1,r2,#32
 1211  00001da0  14200034	bnez	r1,L75_LF2
 1212  00001da4  54000000	nop; delay slot nop
 1213  00001da8  8fc10000	lw	r1,(r30)
 1214  00001dac  90220000	lbu	r2,(r1)
 1215  00001db0  60410009	seqi	r1,r2,#9
 1216  00001db4  14200020	bnez	r1,L75_LF2
 1217  00001db8  54000000	nop; delay slot nop
 1218  00001dbc  8fc10000	lw	r1,(r30)
 1219  00001dc0  90220000	lbu	r2,(r1)
 1220  00001dc4  6041000a	seqi	r1,r2,#10
 1221  00001dc8  1420000c	bnez	r1,L75_LF2
 1222  00001dcc  54000000	nop; delay slot nop
 1223  00001dd0  0800001c	j	L74_LF2
 1224  00001dd4  54000000	nop; delay slot nop
 1225  00001dd8          	L75_LF2:
 1226  00001dd8  8fc20000	lw	r2,(r30)
 1227  00001ddc  20410001	addi	r1,r2,#1
 1228  00001de0  00011020	add	r2,r0,r1
 1229  00001de4  afc20000	sw	(r30),r2
 1230  00001de8  0bffffa8	j	L73_LF2
 1231  00001dec  54000000	nop; delay slot nop
 1232  00001df0          	L74_LF2:
 1233  00001df0  8fc10004	lw	r1,4(r30)
 1234  00001df4  64220000	snei	r2,r1,#0
 1235  00001df8  10400010	beqz	r2,L76_LF2
 1236  00001dfc  54000000	nop; delay slot nop
 1237  00001e00  8fc10004	lw	r1,4(r30)
 1238  00001e04  8fc20000	lw	r2,(r30)
 1239  00001e08  ac220000	sw	(r1),r2
 1240  00001e0c          	L76_LF2:
 1241  00001e0c  8fc10000	lw	r1,(r30)
 1242  00001e10  90220000	lbu	r2,(r1)
 1243  00001e14  64410000	snei	r1,r2,#0
 1244  00001e18  14200010	bnez	r1,L77_LF2
 1245  00001e1c  54000000	nop; delay slot nop
 1246  00001e20  8fc1fff4	lw	r1,-12(r30)
 1247  00001e24  08000294	j	L72_LF2
 1248  00001e28  54000000	nop; delay slot nop
 1249  00001e2c          	L77_LF2:
 1250  00001e2c  8fc10000	lw	r1,(r30)
 1251  00001e30  90220000	lbu	r2,(r1)
 1252  00001e34  6041002d	seqi	r1,r2,#45
 1253  00001e38  10200024	beqz	r1,L78_LF2
 1254  00001e3c  54000000	nop; delay slot nop
 1255  00001e40  2001ffff	addi	r1,r0,#-1
 1256  00001e44  afc1ffec	sw	-20(r30),r1
 1257  00001e48  8fc20000	lw	r2,(r30)
 1258  00001e4c  20410001	addi	r1,r2,#1
 1259  00001e50  00011020	add	r2,r0,r1
 1260  00001e54  afc20000	sw	(r30),r2
 1261  00001e58  0800000c	j	L79_LF2
 1262  00001e5c  54000000	nop; delay slot nop
 1263  00001e60          	L78_LF2:
 1264  00001e60  20010001	addi	r1,r0,#1
 1265  00001e64  afc1ffec	sw	-20(r30),r1
 1266  00001e68          	L79_LF2:
 1267  00001e68  8fc10008	lw	r1,8(r30)
 1268  00001e6c  64220000	snei	r2,r1,#0
 1269  00001e70  14400090	bnez	r2,L80_LF2
 1270  00001e74  54000000	nop; delay slot nop
 1271  00001e78  8fc10000	lw	r1,(r30)
 1272  00001e7c  90220000	lbu	r2,(r1)
 1273  00001e80  60410030	seqi	r1,r2,#48
 1274  00001e84  10200074	beqz	r1,L81_LF2
 1275  00001e88  54000000	nop; delay slot nop
 1276  00001e8c  8fc20000	lw	r2,(r30)
 1277  00001e90  20410001	addi	r1,r2,#1
 1278  00001e94  00011020	add	r2,r0,r1
 1279  00001e98  afc20000	sw	(r30),r2
 1280  00001e9c  8fc10000	lw	r1,(r30)
 1281  00001ea0  90220000	lbu	r2,(r1)
 1282  00001ea4  60410078	seqi	r1,r2,#120
 1283  00001ea8  14200020	bnez	r1,L83_LF2
 1284  00001eac  54000000	nop; delay slot nop
 1285  00001eb0  8fc10000	lw	r1,(r30)
 1286  00001eb4  90220000	lbu	r2,(r1)
 1287  00001eb8  60410058	seqi	r1,r2,#88
 1288  00001ebc  1420000c	bnez	r1,L83_LF2
 1289  00001ec0  54000000	nop; delay slot nop
 1290  00001ec4  08000024	j	L82_LF2
 1291  00001ec8  54000000	nop; delay slot nop
 1292  00001ecc          	L83_LF2:
 1293  00001ecc  20010010	addi	r1,r0,#16
 1294  00001ed0  afc10008	sw	8(r30),r1
 1295  00001ed4  8fc20000	lw	r2,(r30)
 1296  00001ed8  20410001	addi	r1,r2,#1
 1297  00001edc  00011020	add	r2,r0,r1
 1298  00001ee0  afc20000	sw	(r30),r2
 1299  00001ee4  0800000c	j	L84_LF2
 1300  00001ee8  54000000	nop; delay slot nop
 1301  00001eec          	L82_LF2:
 1302  00001eec  20010008	addi	r1,r0,#8
 1303  00001ef0  afc10008	sw	8(r30),r1
 1304  00001ef4          	L84_LF2:
 1305  00001ef4  0800000c	j	L80_LF2
 1306  00001ef8  54000000	nop; delay slot nop
 1307  00001efc          	L81_LF2:
 1308  00001efc  2001000a	addi	r1,r0,#10
 1309  00001f00  afc10008	sw	8(r30),r1
 1310  00001f04          	L85_LF2:
 1311  00001f04          	L80_LF2:
 1312  00001f04  8fc10008	lw	r1,8(r30)
 1313  00001f08  70220000	slei	r2,r1,#0
 1314  00001f0c  1440001c	bnez	r2,L87_LF2
 1315  00001f10  54000000	nop; delay slot nop
 1316  00001f14  8fc10008	lw	r1,8(r30)
 1317  00001f18  6c220010	sgti	r2,r1,#16
 1318  00001f1c  1440000c	bnez	r2,L87_LF2
 1319  00001f20  54000000	nop; delay slot nop
 1320  00001f24  08000010	j	L86_LF2
 1321  00001f28  54000000	nop; delay slot nop
 1322  00001f2c          	L87_LF2:
 1323  00001f2c  8fc1fff4	lw	r1,-12(r30)
 1324  00001f30  08000188	j	L72_LF2
 1325  00001f34  54000000	nop; delay slot nop
 1326  00001f38          	L86_LF2:
 1327  00001f38  54000000	nop
 1328  00001f3c          	L88_LF2:
 1329  00001f3c  8fc10000	lw	r1,(r30)
 1330  00001f40  90220000	lbu	r2,(r1)
 1331  00001f44  6c41002f	sgtui	r1,r2,#47
 1332  00001f48  10200030	beqz	r1,L91_LF2
 1333  00001f4c  54000000	nop; delay slot nop
 1334  00001f50  8fc10000	lw	r1,(r30)
 1335  00001f54  90220000	lbu	r2,(r1)
 1336  00001f58  70410039	sleui	r1,r2,#57
 1337  00001f5c  1020001c	beqz	r1,L91_LF2
 1338  00001f60  54000000	nop; delay slot nop
 1339  00001f64  8fc10000	lw	r1,(r30)
 1340  00001f68  90220000	lbu	r2,(r1)
 1341  00001f6c  2041ffd0	addi	r1,r2,#-48
 1342  00001f70  afc1fff0	sw	-16(r30),r1
 1343  00001f74  0800008c	j	L92_LF2
 1344  00001f78  54000000	nop; delay slot nop
 1345  00001f7c          	L91_LF2:
 1346  00001f7c  8fc10000	lw	r1,(r30)
 1347  00001f80  90220000	lbu	r2,(r1)
 1348  00001f84  6c410060	sgtui	r1,r2,#96
 1349  00001f88  10200030	beqz	r1,L93_LF2
 1350  00001f8c  54000000	nop; delay slot nop
 1351  00001f90  8fc10000	lw	r1,(r30)
 1352  00001f94  90220000	lbu	r2,(r1)
 1353  00001f98  7041007a	sleui	r1,r2,#122
 1354  00001f9c  1020001c	beqz	r1,L93_LF2
 1355  00001fa0  54000000	nop; delay slot nop
 1356  00001fa4  8fc10000	lw	r1,(r30)
 1357  00001fa8  90220000	lbu	r2,(r1)
 1358  00001fac  2041ffa9	addi	r1,r2,#-87
 1359  00001fb0  afc1fff0	sw	-16(r30),r1
 1360  00001fb4  0800004c	j	L92_LF2
 1361  00001fb8  54000000	nop; delay slot nop
 1362  00001fbc          	L93_LF2:
 1363  00001fbc  8fc10000	lw	r1,(r30)
 1364  00001fc0  90220000	lbu	r2,(r1)
 1365  00001fc4  6c410040	sgtui	r1,r2,#64
 1366  00001fc8  10200030	beqz	r1,L95_LF2
 1367  00001fcc  54000000	nop; delay slot nop
 1368  00001fd0  8fc10000	lw	r1,(r30)
 1369  00001fd4  90220000	lbu	r2,(r1)
 1370  00001fd8  7041005a	sleui	r1,r2,#90
 1371  00001fdc  1020001c	beqz	r1,L95_LF2
 1372  00001fe0  54000000	nop; delay slot nop
 1373  00001fe4  8fc10000	lw	r1,(r30)
 1374  00001fe8  90220000	lbu	r2,(r1)
 1375  00001fec  2041ffc9	addi	r1,r2,#-55
 1376  00001ff0  afc1fff0	sw	-16(r30),r1
 1377  00001ff4  0800000c	j	L92_LF2
 1378  00001ff8  54000000	nop; delay slot nop
 1379  00001ffc          	L95_LF2:
 1380  00001ffc  200103e8	addi	r1,r0,#1000
 1381  00002000  afc1fff0	sw	-16(r30),r1
 1382  00002004          	L96_LF2:
 1383  00002004          	L94_LF2:
 1384  00002004          	L92_LF2:
 1385  00002004  8fc1fff0	lw	r1,-16(r30)
 1386  00002008  8fc20008	lw	r2,8(r30)
 1387  0000200c  0022082a	slt	r1,r1,r2
 1388  00002010  10200040	beqz	r1,L90_LF2
 1389  00002014  54000000	nop; delay slot nop
 1390  00002018  8fc1fff4	lw	r1,-12(r30)
 1391  0000201c  8fc20008	lw	r2,8(r30)
 1392  00002020  00200035	movi2fp	f0,r1
 1393  00002024  00400835	movi2fp	f1,r2
 1394  00002028  0401000e	mult	f0,f0,f1
 1395  0000202c  00000834	movfp2i	r1,f0
 1396  00002030  afc1fff4	sw	-12(r30),r1
 1397  00002034  8fc1fff4	lw	r1,-12(r30)
 1398  00002038  8fc2fff0	lw	r2,-16(r30)
 1399  0000203c  00220820	add	r1,r1,r2
 1400  00002040  afc1fff4	sw	-12(r30),r1
 1401  00002044  8fc20000	lw	r2,(r30)
 1402  00002048  20410001	addi	r1,r2,#1
 1403  0000204c  00011020	add	r2,r0,r1
 1404  00002050  afc20000	sw	(r30),r2
 1405  00002054          	L97_LF2:
 1406  00002054          	L90_LF2:
 1407  00002054  8fc1fff0	lw	r1,-16(r30)
 1408  00002058  8fc20008	lw	r2,8(r30)
 1409  0000205c  0022082a	slt	r1,r1,r2
 1410  00002060  1420000c	bnez	r1,L98_LF2
 1411  00002064  54000000	nop; delay slot nop
 1412  00002068  0800000c	j	L89_LF2
 1413  0000206c  54000000	nop; delay slot nop
 1414  00002070          	L98_LF2:
 1415  00002070  0bfffec8	j	L88_LF2
 1416  00002074  54000000	nop; delay slot nop
 1417  00002078          	L89_LF2:
 1418  00002078  8fc10004	lw	r1,4(r30)
 1419  0000207c  64220000	snei	r2,r1,#0
 1420  00002080  10400010	beqz	r2,L99_LF2
 1421  00002084  54000000	nop; delay slot nop
 1422  00002088  8fc10004	lw	r1,4(r30)
 1423  0000208c  8fc20000	lw	r2,(r30)
 1424  00002090  ac220000	sw	(r1),r2
 1425  00002094          	L99_LF2:
 1426  00002094  8fc1fff4	lw	r1,-12(r30)
 1427  00002098  8fc2ffec	lw	r2,-20(r30)
 1428  0000209c  00200035	movi2fp	f0,r1
 1429  000020a0  00400835	movi2fp	f1,r2
 1430  000020a4  0401000e	mult	f0,f0,f1
 1431  000020a8  00000834	movfp2i	r1,f0
 1432  000020ac  afc1fff4	sw	-12(r30),r1
 1433  000020b0  8fc1fff4	lw	r1,-12(r30)
 1434  000020b4  08000004	j	L72_LF2
 1435  000020b8  54000000	nop; delay slot nop
 1436  000020bc          	L72_LF2:
 1437  000020bc  8fa20000	lw	r2,0(r29)
 1438  000020c0  8fdffff8	lw	r31,-8(r30)
 1439  000020c4  001ee820	add	r29,r0,r30
 1440  000020c8  8fdefffc	lw	r30,-4(r30)
 1441  000020cc  4be00000	jr	r31
 1442  000020d0  54000000	nop
 1443  000020d4          	.endproc _dstrtol
 1444  000020d4          	.align 2
 1445  000020d4          	.proc _bcopy
 1446  000020d4          	.global _bcopy
 1447  000020d4          	_bcopy:
 1448                      ;  Function 'bcopy'; 0 bytes of locals, 2 regs to save.
 1449  000020d4  afbefffc	sw	-4(r29),r30; push fp
 1450  000020d8  001df020	add	r30,r0,r29; fp = sp
 1451  000020dc  afbffff8	sw	-8(r29),r31; push ret addr
 1452  000020e0  2fbd0010	subui	r29,r29,#16; alloc local storage
 1453  000020e4  afa20000	sw	0(r29),r2
 1454  000020e8  afa30004	sw	4(r29),r3
 1455  000020ec  54000000	nop
 1456  000020f0          	L101_LF2:
 1457  000020f0  8fc10008	lw	r1,8(r30)
 1458  000020f4  2022ffff	addi	r2,r1,#-1
 1459  000020f8  afc20008	sw	8(r30),r2
 1460  000020fc  6c210000	sgti	r1,r1,#0
 1461  00002100  1420000c	bnez	r1,L103_LF2
 1462  00002104  54000000	nop; delay slot nop
 1463  00002108  0800002c	j	L102_LF2
 1464  0000210c  54000000	nop; delay slot nop
 1465  00002110          	L103_LF2:
 1466  00002110  8fc10004	lw	r1,4(r30)
 1467  00002114  20220001	addi	r2,r1,#1
 1468  00002118  afc20004	sw	4(r30),r2
 1469  0000211c  8fc20000	lw	r2,(r30)
 1470  00002120  20430001	addi	r3,r2,#1
 1471  00002124  afc30000	sw	(r30),r3
 1472  00002128  80420000	lb	r2,(r2)
 1473  0000212c  a0220000	sb	(r1),r2
 1474  00002130  0bffffbc	j	L101_LF2
 1475  00002134  54000000	nop; delay slot nop
 1476  00002138          	L102_LF2:
 1477  00002138          	L100_LF2:
 1478  00002138  8fa20000	lw	r2,0(r29)
 1479  0000213c  8fa30004	lw	r3,4(r29)
 1480  00002140  8fdffff8	lw	r31,-8(r30)
 1481  00002144  001ee820	add	r29,r0,r30
 1482  00002148  8fdefffc	lw	r30,-4(r30)
 1483  0000214c  4be00000	jr	r31
 1484  00002150  54000000	nop
 1485  00002154          	.endproc _bcopy
 1486  00002154          	.align 2
 1487  00002154          	.proc _bzero
 1488  00002154          	.global _bzero
 1489  00002154          	_bzero:
 1490                      ;  Function 'bzero'; 0 bytes of locals, 1 regs to save.
 1491  00002154  afbefffc	sw	-4(r29),r30; push fp
 1492  00002158  001df020	add	r30,r0,r29; fp = sp
 1493  0000215c  afbffff8	sw	-8(r29),r31; push ret addr
 1494  00002160  2fbd0010	subui	r29,r29,#16; alloc local storage
 1495  00002164  afa20000	sw	0(r29),r2
 1496  00002168  54000000	nop
 1497  0000216c          	L105_LF2:
 1498  0000216c  8fc10004	lw	r1,4(r30)
 1499  00002170  2022ffff	addi	r2,r1,#-1
 1500  00002174  afc20004	sw	4(r30),r2
 1501  00002178  6c210000	sgti	r1,r1,#0
 1502  0000217c  1420000c	bnez	r1,L107_LF2
 1503  00002180  54000000	nop; delay slot nop
 1504  00002184  08000020	j	L106_LF2
 1505  00002188  54000000	nop; delay slot nop
 1506  0000218c          	L107_LF2:
 1507  0000218c  8fc10000	lw	r1,(r30)
 1508  00002190  20220001	addi	r2,r1,#1
 1509  00002194  afc20000	sw	(r30),r2
 1510  00002198  20020000	addi	r2,r0,(#0x0)&0xff
 1511  0000219c  a0220000	sb	(r1),r2
 1512  000021a0  0bffffc8	j	L105_LF2
 1513  000021a4  54000000	nop; delay slot nop
 1514  000021a8          	L106_LF2:
 1515  000021a8          	L104_LF2:
 1516  000021a8  8fa20000	lw	r2,0(r29)
 1517  000021ac  8fdffff8	lw	r31,-8(r30)
 1518  000021b0  001ee820	add	r29,r0,r30
 1519  000021b4  8fdefffc	lw	r30,-4(r30)
 1520  000021b8  4be00000	jr	r31
 1521  000021bc  54000000	nop
 1522  000021c0          	.endproc _bzero
 1523  000021c0          	.align 2
 1524  000021c0          	.proc _min
 1525  000021c0          	.global _min
 1526  000021c0          	_min:
 1527                      ;  Function 'min'; 0 bytes of locals, 2 regs to save.
 1528  000021c0  afbefffc	sw	-4(r29),r30; push fp
 1529  000021c4  001df020	add	r30,r0,r29; fp = sp
 1530  000021c8  afbffff8	sw	-8(r29),r31; push ret addr
 1531  000021cc  2fbd0010	subui	r29,r29,#16; alloc local storage
 1532  000021d0  afa20000	sw	0(r29),r2
 1533  000021d4  afa30004	sw	4(r29),r3
 1534  000021d8  8fc10000	lw	r1,(r30)
 1535  000021dc  8fc20004	lw	r2,4(r30)
 1536  000021e0  0022182c	sle	r3,r1,r2
 1537  000021e4  14600008	bnez	r3,L109_LF2
 1538  000021e8  54000000	nop; delay slot nop
 1539  000021ec  8fc10004	lw	r1,4(r30)
 1540  000021f0          	L109_LF2:
 1541  000021f0  08000004	j	L108_LF2
 1542  000021f4  54000000	nop; delay slot nop
 1543  000021f8          	L108_LF2:
 1544  000021f8  8fa20000	lw	r2,0(r29)
 1545  000021fc  8fa30004	lw	r3,4(r29)
 1546  00002200  8fdffff8	lw	r31,-8(r30)
 1547  00002204  001ee820	add	r29,r0,r30
 1548  00002208  8fdefffc	lw	r30,-4(r30)
 1549  0000220c  4be00000	jr	r31
 1550  00002210  54000000	nop
 1551  00002214          	.endproc _min
 1552                      ;;; Ethan L. Miller, 1999.  Released to the public domain
 1553                      ;;;
 1554                      ;;; Most of the traps are called in files from libtraps.
 1557  00002214          	.align 2
 1558  00002214          	.proc _exit
 1559  00002214          	.global _exit
 1560  00002214          	_exit:
 1561  00002214  44000300	trap	#0x300
 1562  00002218  4be00000	jr	r31
 1563  0000221c  54000000	nop
 1564  00002220          	.endproc _exit
 1566                      ; for the benefit of gcc.
 1567  00002220          	.proc ___main
 1568  00002220          	.global ___main
 1569  00002220          	___main:
 1570  00002220  4be00000	jr	r31
 1571  00002224  54000000	nop
 1572  00002228          	.endproc ___main
 1573  00002228          	.text
 1574  00002228          	.global _etext
 1575  00002228          	_etext:
 1576  00002228          	.align 3
 1577  00002228          	.data
 1578  00003105          	.global _edata
 1579  00003105          	_edata:
