 line   address	contents
    1                      ; Linked by DLX-LD.
    2                      ; MemSize 24576
    3                      ; Data size: 667
    4                      ; Text size: 6128
    5                      ; Stack size: 8192
    6  00000000          	.text 0x1000
    7  00001000          	.data 0x3000
    8                      ; Compiled by GCC
    9  00003000          	.text
   10  00001000          	.align 2
   11  00001000          	.proc _isspace
   12  00001000          	.global _isspace
   13  00001000          	_isspace:
   14                      ;  Function 'isspace'; 0 bytes of locals, 1 regs to save.
   15  00001000  afbefffc	sw	-4(r29),r30; push fp
   16  00001004  001df020	add	r30,r0,r29; fp = sp
   17  00001008  afbffff8	sw	-8(r29),r31; push ret addr
   18  0000100c  2fbd0010	subui	r29,r29,#16; alloc local storage
   19  00001010  afa20000	sw	0(r29),r2
   20  00001014  83c20003	lb	r2,3(r30)
   21  00001018  201f0000	addi	r31,r0,#0
   22  0000101c  304100ff	andi	r1,r2,#0x00ff
   23  00001020  60210020	seqi	r1,r1,#32
   24  00001024  14200018	bnez	r1,L6_LF0
   25  00001028  54000000	nop; not filled.
   26  0000102c  2041fff7	addi	r1,r2,#-9
   27  00001030  302100ff	andi	r1,r1,#0x00ff
   28  00001034  70210001	sleui	r1,r1,#1
   29  00001038  10200008	beqz	r1,L5_LF0
   30  0000103c  54000000	nop; not filled.
   31  00001040          	L6_LF0:
   32  00001040  201f0001	addi	r31,r0,#1
   33  00001044          	L5_LF0:
   34  00001044  001f0820	add	r1,r0,r31
   35  00001048  8fa20000	lw	r2,0(r29)
   36  0000104c  8fdffff8	lw	r31,-8(r30)
   37  00001050  001ee820	add	r29,r0,r30
   38  00001054  8fdefffc	lw	r30,-4(r30)
   39  00001058  4be00000	jr	r31
   40  0000105c  54000000	nop
   41  00001060          	.endproc _isspace
   42  00001060          	.align 2
   43  00001060          	.proc _isxdigit
   44  00001060          	.global _isxdigit
   45  00001060          	_isxdigit:
   46                      ;  Function 'isxdigit'; 0 bytes of locals, 1 regs to save.
   47  00001060  afbefffc	sw	-4(r29),r30; push fp
   48  00001064  001df020	add	r30,r0,r29; fp = sp
   49  00001068  afbffff8	sw	-8(r29),r31; push ret addr
   50  0000106c  2fbd0010	subui	r29,r29,#16; alloc local storage
   51  00001070  afa20000	sw	0(r29),r2
   52  00001074  83df0003	lb	r31,3(r30)
   53  00001078  20020000	addi	r2,r0,#0
   54  0000107c  23e1ffd0	addi	r1,r31,#-48
   55  00001080  302100ff	andi	r1,r1,#0x00ff
   56  00001084  70210009	sleui	r1,r1,#9
   57  00001088  14200028	bnez	r1,L12_LF0
   58  0000108c  54000000	nop; not filled.
   59  00001090  23e1ff9f	addi	r1,r31,#-97
   60  00001094  302100ff	andi	r1,r1,#0x00ff
   61  00001098  70210005	sleui	r1,r1,#5
   62  0000109c  14200014	bnez	r1,L12_LF0
   63  000010a0  54000000	nop; not filled.
   64  000010a4  33e100ff	andi	r1,r31,#0x00ff
   65  000010a8  64210041	snei	r1,r1,#65
   66  000010ac  14200008	bnez	r1,L11_LF0
   67  000010b0  54000000	nop; not filled.
   68  000010b4          	L12_LF0:
   69  000010b4  20020001	addi	r2,r0,#1
   70  000010b8          	L11_LF0:
   71  000010b8  00020820	add	r1,r0,r2
   72  000010bc  8fa20000	lw	r2,0(r29)
   73  000010c0  8fdffff8	lw	r31,-8(r30)
   74  000010c4  001ee820	add	r29,r0,r30
   75  000010c8  8fdefffc	lw	r30,-4(r30)
   76  000010cc  4be00000	jr	r31
   77  000010d0  54000000	nop
   78  000010d4          	.endproc _isxdigit
   79  000010d4          	.data
   80  00003000          	.align 2
   81  00003000          	LC0_LF0:
   82  00003000  55736167	.ascii "Usage: \000"
   82  00003004  653a2000	
   83  00003008          	.align 2
   84  00003008          	LC1_LF0:
   85  00003008  203c6e75	.ascii " <number of processes to create> \n\000"
   85  0000300c  6d626572	
   85  00003010  206f6620	
   85  00003014  70726f63	
   85  00003018  65737365	
   85  0000301c  7320746f	
   85  00003020  20637265	
   85  00003024  6174653e	
   85  00003028  200a00  	
   86  0000302b          	.align 2
   87  0000302c          	LC2_LF0:
   88  0000302c  43726561	.ascii "Creating %d S2s and %d COs.\n\000"
   88  00003030  74696e67	
   88  00003034  20256420	
   88  00003038  53327320	
   88  0000303c  616e6420	
   88  00003040  25642043	
   88  00003044  4f732e0a	
   88  00003048  00      	
   89  00003049          	.align 2
   90  0000304c          	LC3_LF0:
   91  0000304c  4572726f	.ascii "Error: Allocation of shared mem failed\n\000"
   91  00003050  723a2041	
   91  00003054  6c6c6f63	
   91  00003058  6174696f	
   91  0000305c  6e206f66	
   91  00003060  20736861	
   91  00003064  72656420	
   91  00003068  6d656d20	
   91  0000306c  6661696c	
   91  00003070  65640a00	
   92  00003074          	.align 2
   93  00003074          	LC4_LF0:
   94  00003074  4572726f	.ascii "Error: map the share mem failed\000"
   94  00003078  723a206d	
   94  0000307c  61702074	
   94  00003080  68652073	
   94  00003084  68617265	
   94  00003088  206d656d	
   94  0000308c  20666169	
   94  00003090  6c656400	
   95  00003094          	.align 2
   96  00003094          	LC5_LF0:
   97  00003094  43726561	.ascii "Create co mbox failed\000"
   97  00003098  74652063	
   97  0000309c  6f206d62	
   97  000030a0  6f782066	
   97  000030a4  61696c65	
   97  000030a8  6400    	
   98  000030aa          	.align 2
   99  000030ac          	LC6_LF0:
  100  000030ac  43726561	.ascii "Create S  mbox failed\000"
  100  000030b0  74652053	
  100  000030b4  20206d62	
  100  000030b8  6f782066	
  100  000030bc  61696c65	
  100  000030c0  6400    	
  101  000030c2          	.align 2
  102  000030c4          	LC7_LF0:
  103  000030c4  43726561	.ascii "Create o2 mbox failed\000"
  103  000030c8  7465206f	
  103  000030cc  32206d62	
  103  000030d0  6f782066	
  103  000030d4  61696c65	
  103  000030d8  6400    	
  104  000030da          	.align 2
  105  000030dc          	LC8_LF0:
  106  000030dc  43726561	.ascii "Create so4 mbox failed\000"
  106  000030e0  74652073	
  106  000030e4  6f34206d	
  106  000030e8  626f7820	
  106  000030ec  6661696c	
  106  000030f0  656400  	
  107  000030f3          	.align 2
  108  000030f4          	LC9_LF0:
  109  000030f4  43726561	.ascii "Create s2 mbox failed\000"
  109  000030f8  74652073	
  109  000030fc  32206d62	
  109  00003100  6f782066	
  109  00003104  61696c65	
  109  00003108  6400    	
  110  0000310a          	.align 2
  111  0000310c          	LC10_LF0:
  112  0000310c  6f70656e	.ascii "open s2 mbox failed\000"
  112  00003110  20733220	
  112  00003114  6d626f78	
  112  00003118  20666169	
  112  0000311c  6c656400	
  113  00003120          	.align 2
  114  00003120          	LC11_LF0:
  115  00003120  6f70656e	.ascii "open h2 mbox failed\000"
  115  00003124  20683220	
  115  00003128  6d626f78	
  115  0000312c  20666169	
  115  00003130  6c656400	
  116  00003134          	.align 2
  117  00003134          	LC12_LF0:
  118  00003134  6f70656e	.ascii "open o2 mbox failed\000"
  118  00003138  206f3220	
  118  0000313c  6d626f78	
  118  00003140  20666169	
  118  00003144  6c656400	
  119  00003148          	.align 2
  120  00003148          	LC13_LF0:
  121  00003148  6f70656e	.ascii "open so2 mbox failed\000"
  121  0000314c  20736f32	
  121  00003150  206d626f	
  121  00003154  78206661	
  121  00003158  696c6564	
  121  0000315c  00      	
  122  0000315d          	.align 2
  123  00003160          	LC14_LF0:
  124  00003160  6f70656e	.ascii "open h2so4 mbox failed\000"
  124  00003164  20683273	
  124  00003168  6f34206d	
  124  0000316c  626f7820	
  124  00003170  6661696c	
  124  00003174  656400  	
  125  00003177          	.align 2
  126  00003178          	LC15_LF0:
  127  00003178  6f70656e	.ascii "open co mbox failed\000"
  127  0000317c  20636f20	
  127  00003180  6d626f78	
  127  00003184  20666169	
  127  00003188  6c656400	
  128  0000318c          	.align 2
  129  0000318c          	LC16_LF0:
  130  0000318c  42616420	.ascii "Bad sem_create in \000"
  130  00003190  73656d5f	
  130  00003194  63726561	
  130  00003198  74652069	
  130  0000319c  6e2000  	
  131  0000319f          	.align 2
  132  000031a0          	LC17_LF0:
  133  000031a0  0a00    	.ascii "\n\000"
  134  000031a2          	.align 2
  135  000031a4          	LC18_LF0:
  136  000031a4  73325f69	.ascii "s2_injection.dlx.obj\000"
  136  000031a8  6e6a6563	
  136  000031ac  74696f6e	
  136  000031b0  2e646c78	
  136  000031b4  2e6f626a	
  136  000031b8  00      	
  137  000031b9          	.align 2
  138  000031bc          	LC19_LF0:
  139  000031bc  73325f62	.ascii "s2_break.dlx.obj\000"
  139  000031c0  7265616b	
  139  000031c4  2e646c78	
  139  000031c8  2e6f626a	
  139  000031cc  00      	
  140  000031cd          	.align 2
  141  000031d0          	LC20_LF0:
  142  000031d0  636f5f69	.ascii "co_injection.dlx.obj\000"
  142  000031d4  6e6a6563	
  142  000031d8  74696f6e	
  142  000031dc  2e646c78	
  142  000031e0  2e6f626a	
  142  000031e4  00      	
  143  000031e5          	.align 2
  144  000031e8          	LC21_LF0:
  145  000031e8  636f5f62	.ascii "co_break.dlx.obj\000"
  145  000031ec  7265616b	
  145  000031f0  2e646c78	
  145  000031f4  2e6f626a	
  145  000031f8  00      	
  146  000031f9          	.align 2
  147  000031fc          	LC22_LF0:
  148  000031fc  736f345f	.ascii "so4_form.dlx.obj\000"
  148  00003200  666f726d	
  148  00003204  2e646c78	
  148  00003208  2e6f626a	
  148  0000320c  00      	
  149  0000320d          	.align 2
  150  00003210          	LC23_LF0:
  151  00003210  42616420	.ascii "Bad semaphore s_procs_completed (%d) in \000"
  151  00003214  73656d61	
  151  00003218  70686f72	
  151  0000321c  6520735f	
  151  00003220  70726f63	
  151  00003224  735f636f	
  151  00003228  6d706c65	
  151  0000322c  74656420	
  151  00003230  28256429	
  151  00003234  20696e20	
  151  00003238  00      	
  152  00003239          	.align 2
  153  0000323c          	LC24_LF0:
  154  0000323c  25642053	.ascii "%d S2\'s left over. %d CO\'s left over. %d S\'s left over. %d O2\'s le"
  154  00003240  32277320	
  154  00003244  6c656674	
  154  00003248  206f7665	
  154  0000324c  722e2025	
  154  00003250  6420434f	
  154  00003254  2773206c	
  154  00003258  65667420	
  154  0000325c  6f766572	
  154  00003260  2e202564	
  154  00003264  20532773	
  154  00003268  206c6566	
  154  0000326c  74206f76	
  154  00003270  65722e20	
  154  00003274  2564204f	
  154  00003278  32277320	
  154  0000327c  6c65    	
  155  0000327e  6674206f	.ascii "ft over.\000"
  155  00003282  7665722e	
  155  00003286  00      	
  156  00003287          	.align 2
  157  00003288          	LC25_LF0:
  158  00003288  25642053	.ascii "%d SO4\'s created.\n\000"
  158  0000328c  4f342773	
  158  00003290  20637265	
  158  00003294  61746564	
  158  00003298  2e0a00  	
  159  0000329b          	.text
  160  000010d4          	.align 2
  161  000010d4          	.proc _main
  162  000010d4          	.global _main
  163  000010d4          	_main:
  164                      ;  Function 'main'; 144 bytes of locals, 0 regs to save.
  165  000010d4  afbefffc	sw	-4(r29),r30; push fp
  166  000010d8  001df020	add	r30,r0,r29; fp = sp
  167  000010dc  afbffff8	sw	-8(r29),r31; push ret addr
  168  000010e0  2fbd0098	subui	r29,r29,#152; alloc local storage
  169  000010e4  8fc20000	lw	r2,(r30)
  170  000010e8  8fce0004	lw	r14,4(r30)
  171  000010ec  0c0016f8	jal	___main
  172  000010f0  54000000	nop; not filled.
  173  000010f4  64410003	snei	r1,r2,#3
  174  000010f8  1020004c	beqz	r1,L14_LF0
  175  000010fc  54000000	nop; not filled.
  176  00001100  23bdfff8	addi	r29,r29,#-8
  177  00001104  3c130000	lhi	r19,((LC0_LF0)>>16)&0xffff
  178  00001108  26733000	addui	r19,r19,(LC0_LF0)&0xffff
  179  0000110c  afb30000	sw	(r29),r19
  180  00001110  0c000824	jal	_Printf
  181  00001114  54000000	nop; not filled.
  182  00001118  8dd30000	lw	r19,(r14)
  183  0000111c  afb30000	sw	(r29),r19
  184  00001120  0c000814	jal	_Printf
  185  00001124  54000000	nop; not filled.
  186  00001128  3c130000	lhi	r19,((LC1_LF0)>>16)&0xffff
  187  0000112c  26733008	addui	r19,r19,(LC1_LF0)&0xffff
  188  00001130  afb30000	sw	(r29),r19
  189  00001134  0c000800	jal	_Printf
  190  00001138  54000000	nop; not filled.
  191  0000113c  0c000900	jal	_Exit
  192  00001140  54000000	nop; not filled.
  193  00001144  23bd0008	addi	r29,r29,#8
  194  00001148          	L14_LF0:
  195  00001148  23bdfff0	addi	r29,r29,#-16
  196  0000114c  8dd30004	lw	r19,4(r14)
  197  00001150  afb30000	sw	(r29),r19
  198  00001154  20130000	addi	r19,r0,#0
  199  00001158  afb30004	sw	4(r29),r19
  200  0000115c  2013000a	addi	r19,r0,#10
  201  00001160  afb30008	sw	8(r29),r19
  202  00001164  0c001184	jal	_dstrtol
  203  00001168  54000000	nop; not filled.
  204  0000116c  00015820	add	r11,r0,r1
  205  00001170  8dd30008	lw	r19,8(r14)
  206  00001174  afb30000	sw	(r29),r19
  207  00001178  20130000	addi	r19,r0,#0
  208  0000117c  afb30004	sw	4(r29),r19
  209  00001180  2013000a	addi	r19,r0,#10
  210  00001184  afb30008	sw	8(r29),r19
  211  00001188  0c001160	jal	_dstrtol
  212  0000118c  54000000	nop; not filled.
  213  00001190  00013820	add	r7,r0,r1
  214  00001194  3c130000	lhi	r19,((LC2_LF0)>>16)&0xffff
  215  00001198  2673302c	addui	r19,r19,(LC2_LF0)&0xffff
  216  0000119c  afb30000	sw	(r29),r19
  217  000011a0  afab0004	sw	4(r29),r11
  218  000011a4  afa70008	sw	8(r29),r7
  219  000011a8  0c00078c	jal	_Printf
  220  000011ac  54000000	nop; not filled.
  221  000011b0  0c0007a8	jal	_shmget
  222  000011b4  54000000	nop; not filled.
  223  000011b8  00013020	add	r6,r0,r1
  224  000011bc  23bd0010	addi	r29,r29,#16
  225  000011c0  64c10000	snei	r1,r6,#0
  226  000011c4  14200028	bnez	r1,L15_LF0
  227  000011c8  54000000	nop; not filled.
  228  000011cc  23bdfff8	addi	r29,r29,#-8
  229  000011d0  3c130000	lhi	r19,((LC3_LF0)>>16)&0xffff
  230  000011d4  2673304c	addui	r19,r19,(LC3_LF0)&0xffff
  231  000011d8  afb30000	sw	(r29),r19
  232  000011dc  0c000758	jal	_Printf
  233  000011e0  54000000	nop; not filled.
  234  000011e4  0c000858	jal	_Exit
  235  000011e8  54000000	nop; not filled.
  236  000011ec  23bd0008	addi	r29,r29,#8
  237  000011f0          	L15_LF0:
  238  000011f0  23bdfff8	addi	r29,r29,#-8
  239  000011f4  afa60000	sw	(r29),r6
  240  000011f8  0c00076c	jal	_shmat
  241  000011fc  54000000	nop; not filled.
  242  00001200  00012820	add	r5,r0,r1
  243  00001204  23bd0008	addi	r29,r29,#8
  244  00001208  64a10000	snei	r1,r5,#0
  245  0000120c  14200028	bnez	r1,L16_LF0
  246  00001210  54000000	nop; not filled.
  247  00001214  23bdfff8	addi	r29,r29,#-8
  248  00001218  3c130000	lhi	r19,((LC4_LF0)>>16)&0xffff
  249  0000121c  26733074	addui	r19,r19,(LC4_LF0)&0xffff
  250  00001220  afb30000	sw	(r29),r19
  251  00001224  0c000710	jal	_Printf
  252  00001228  54000000	nop; not filled.
  253  0000122c  0c000810	jal	_Exit
  254  00001230  54000000	nop; not filled.
  255  00001234  23bd0008	addi	r29,r29,#8
  256  00001238          	L16_LF0:
  257  00001238  51640001	slli	r4,r11,#0x1
  258  0000123c  00071820	add	r3,r0,r7
  259  00001240  74e10000	sgei	r1,r7,#0
  260  00001244  14200008	bnez	r1,L17_LF0
  261  00001248  54000000	nop; not filled.
  262  0000124c  20e30003	addi	r3,r7,#3
  263  00001250          	L17_LF0:
  264  00001250  5c630002	srai	r3,r3,#0x2
  265  00001254  23bdfff8	addi	r29,r29,#-8
  266  00001258  50620001	slli	r2,r3,#0x1
  267  0000125c  afa30000	sw	(r29),r3
  268  00001260  afa40004	sw	4(r29),r4
  269  00001264  0c0014cc	jal	_min
  270  00001268  54000000	nop; not filled.
  271  0000126c  00016020	add	r12,r0,r1
  272  00001270  51810001	slli	r1,r12,#0x1
  273  00001274  00419022	sub	r18,r2,r1
  274  00001278  008c1022	sub	r2,r4,r12
  275  0000127c  5841001f	srli	r1,r2,#0x1f
  276  00001280  00410820	add	r1,r2,r1
  277  00001284  5c2f0001	srai	r15,r1,#0x1
  278  00001288  51e10001	slli	r1,r15,#0x1
  279  0000128c  00810822	sub	r1,r4,r1
  280  00001290  002c8022	sub	r16,r1,r12
  281  00001294  50610002	slli	r1,r3,#0x2
  282  00001298  00e18822	sub	r17,r7,r1
  283  0000129c  000c5020	add	r10,r0,r12
  284  000012a0  0c000748	jal	_mbox_create
  285  000012a4  54000000	nop; not filled.
  286  000012a8  aca10008	sw	8(r5),r1
  287  000012ac  23bd0008	addi	r29,r29,#8
  288  000012b0  6021ffff	seqi	r1,r1,#-1
  289  000012b4  10200028	beqz	r1,L20_LF0
  290  000012b8  54000000	nop; not filled.
  291  000012bc  23bdfff8	addi	r29,r29,#-8
  292  000012c0  3c130000	lhi	r19,((LC5_LF0)>>16)&0xffff
  293  000012c4  26733094	addui	r19,r19,(LC5_LF0)&0xffff
  294  000012c8  afb30000	sw	(r29),r19
  295  000012cc  0c000668	jal	_Printf
  296  000012d0  54000000	nop; not filled.
  297  000012d4  0c000768	jal	_Exit
  298  000012d8  54000000	nop; not filled.
  299  000012dc  23bd0008	addi	r29,r29,#8
  300  000012e0          	L20_LF0:
  301  000012e0  0c000708	jal	_mbox_create
  302  000012e4  54000000	nop; not filled.
  303  000012e8  aca10004	sw	4(r5),r1
  304  000012ec  6021ffff	seqi	r1,r1,#-1
  305  000012f0  10200028	beqz	r1,L21_LF0
  306  000012f4  54000000	nop; not filled.
  307  000012f8  23bdfff8	addi	r29,r29,#-8
  308  000012fc  3c130000	lhi	r19,((LC6_LF0)>>16)&0xffff
  309  00001300  267330ac	addui	r19,r19,(LC6_LF0)&0xffff
  310  00001304  afb30000	sw	(r29),r19
  311  00001308  0c00062c	jal	_Printf
  312  0000130c  54000000	nop; not filled.
  313  00001310  0c00072c	jal	_Exit
  314  00001314  54000000	nop; not filled.
  315  00001318  23bd0008	addi	r29,r29,#8
  316  0000131c          	L21_LF0:
  317  0000131c  0c0006cc	jal	_mbox_create
  318  00001320  54000000	nop; not filled.
  319  00001324  aca1000c	sw	12(r5),r1
  320  00001328  6021ffff	seqi	r1,r1,#-1
  321  0000132c  10200028	beqz	r1,L22_LF0
  322  00001330  54000000	nop; not filled.
  323  00001334  23bdfff8	addi	r29,r29,#-8
  324  00001338  3c130000	lhi	r19,((LC7_LF0)>>16)&0xffff
  325  0000133c  267330c4	addui	r19,r19,(LC7_LF0)&0xffff
  326  00001340  afb30000	sw	(r29),r19
  327  00001344  0c0005f0	jal	_Printf
  328  00001348  54000000	nop; not filled.
  329  0000134c  0c0006f0	jal	_Exit
  330  00001350  54000000	nop; not filled.
  331  00001354  23bd0008	addi	r29,r29,#8
  332  00001358          	L22_LF0:
  333  00001358  0c000690	jal	_mbox_create
  334  0000135c  54000000	nop; not filled.
  335  00001360  aca10014	sw	20(r5),r1
  336  00001364  6021ffff	seqi	r1,r1,#-1
  337  00001368  10200028	beqz	r1,L23_LF0
  338  0000136c  54000000	nop; not filled.
  339  00001370  23bdfff8	addi	r29,r29,#-8
  340  00001374  3c130000	lhi	r19,((LC8_LF0)>>16)&0xffff
  341  00001378  267330dc	addui	r19,r19,(LC8_LF0)&0xffff
  342  0000137c  afb30000	sw	(r29),r19
  343  00001380  0c0005b4	jal	_Printf
  344  00001384  54000000	nop; not filled.
  345  00001388  0c0006b4	jal	_Exit
  346  0000138c  54000000	nop; not filled.
  347  00001390  23bd0008	addi	r29,r29,#8
  348  00001394          	L23_LF0:
  349  00001394  0c000654	jal	_mbox_create
  350  00001398  54000000	nop; not filled.
  351  0000139c  aca10000	sw	(r5),r1
  352  000013a0  6021ffff	seqi	r1,r1,#-1
  353  000013a4  10200028	beqz	r1,L24_LF0
  354  000013a8  54000000	nop; not filled.
  355  000013ac  23bdfff8	addi	r29,r29,#-8
  356  000013b0  3c130000	lhi	r19,((LC9_LF0)>>16)&0xffff
  357  000013b4  267330f4	addui	r19,r19,(LC9_LF0)&0xffff
  358  000013b8  afb30000	sw	(r29),r19
  359  000013bc  0c000578	jal	_Printf
  360  000013c0  54000000	nop; not filled.
  361  000013c4  0c000678	jal	_Exit
  362  000013c8  54000000	nop; not filled.
  363  000013cc  23bd0008	addi	r29,r29,#8
  364  000013d0          	L24_LF0:
  365  000013d0  0c000618	jal	_mbox_create
  366  000013d4  54000000	nop; not filled.
  367  000013d8  aca10010	sw	16(r5),r1
  368  000013dc  6021ffff	seqi	r1,r1,#-1
  369  000013e0  10200028	beqz	r1,L25_LF0
  370  000013e4  54000000	nop; not filled.
  371  000013e8  23bdfff8	addi	r29,r29,#-8
  372  000013ec  3c130000	lhi	r19,((LC5_LF0)>>16)&0xffff
  373  000013f0  26733094	addui	r19,r19,(LC5_LF0)&0xffff
  374  000013f4  afb30000	sw	(r29),r19
  375  000013f8  0c00053c	jal	_Printf
  376  000013fc  54000000	nop; not filled.
  377  00001400  0c00063c	jal	_Exit
  378  00001404  54000000	nop; not filled.
  379  00001408  23bd0008	addi	r29,r29,#8
  380  0000140c          	L25_LF0:
  381  0000140c  23bdfff8	addi	r29,r29,#-8
  382  00001410  8cb30008	lw	r19,8(r5)
  383  00001414  afb30000	sw	(r29),r19
  384  00001418  0c0005dc	jal	_mbox_open
  385  0000141c  54000000	nop; not filled.
  386  00001420  23bd0008	addi	r29,r29,#8
  387  00001424  6021ffff	seqi	r1,r1,#-1
  388  00001428  10200028	beqz	r1,L26_LF0
  389  0000142c  54000000	nop; not filled.
  390  00001430  23bdfff8	addi	r29,r29,#-8
  391  00001434  3c130000	lhi	r19,((LC10_LF0)>>16)&0xffff
  392  00001438  2673310c	addui	r19,r19,(LC10_LF0)&0xffff
  393  0000143c  afb30000	sw	(r29),r19
  394  00001440  0c0004f4	jal	_Printf
  395  00001444  54000000	nop; not filled.
  396  00001448  0c0005f4	jal	_Exit
  397  0000144c  54000000	nop; not filled.
  398  00001450  23bd0008	addi	r29,r29,#8
  399  00001454          	L26_LF0:
  400  00001454  23bdfff8	addi	r29,r29,#-8
  401  00001458  8cb30000	lw	r19,(r5)
  402  0000145c  afb30000	sw	(r29),r19
  403  00001460  0c000594	jal	_mbox_open
  404  00001464  54000000	nop; not filled.
  405  00001468  23bd0008	addi	r29,r29,#8
  406  0000146c  6021ffff	seqi	r1,r1,#-1
  407  00001470  10200028	beqz	r1,L27_LF0
  408  00001474  54000000	nop; not filled.
  409  00001478  23bdfff8	addi	r29,r29,#-8
  410  0000147c  3c130000	lhi	r19,((LC11_LF0)>>16)&0xffff
  411  00001480  26733120	addui	r19,r19,(LC11_LF0)&0xffff
  412  00001484  afb30000	sw	(r29),r19
  413  00001488  0c0004ac	jal	_Printf
  414  0000148c  54000000	nop; not filled.
  415  00001490  0c0005ac	jal	_Exit
  416  00001494  54000000	nop; not filled.
  417  00001498  23bd0008	addi	r29,r29,#8
  418  0000149c          	L27_LF0:
  419  0000149c  23bdfff8	addi	r29,r29,#-8
  420  000014a0  8cb3000c	lw	r19,12(r5)
  421  000014a4  afb30000	sw	(r29),r19
  422  000014a8  0c00054c	jal	_mbox_open
  423  000014ac  54000000	nop; not filled.
  424  000014b0  23bd0008	addi	r29,r29,#8
  425  000014b4  6021ffff	seqi	r1,r1,#-1
  426  000014b8  10200028	beqz	r1,L28_LF0
  427  000014bc  54000000	nop; not filled.
  428  000014c0  23bdfff8	addi	r29,r29,#-8
  429  000014c4  3c130000	lhi	r19,((LC12_LF0)>>16)&0xffff
  430  000014c8  26733134	addui	r19,r19,(LC12_LF0)&0xffff
  431  000014cc  afb30000	sw	(r29),r19
  432  000014d0  0c000464	jal	_Printf
  433  000014d4  54000000	nop; not filled.
  434  000014d8  0c000564	jal	_Exit
  435  000014dc  54000000	nop; not filled.
  436  000014e0  23bd0008	addi	r29,r29,#8
  437  000014e4          	L28_LF0:
  438  000014e4  23bdfff8	addi	r29,r29,#-8
  439  000014e8  8cb30014	lw	r19,20(r5)
  440  000014ec  afb30000	sw	(r29),r19
  441  000014f0  0c000504	jal	_mbox_open
  442  000014f4  54000000	nop; not filled.
  443  000014f8  23bd0008	addi	r29,r29,#8
  444  000014fc  6021ffff	seqi	r1,r1,#-1
  445  00001500  10200028	beqz	r1,L29_LF0
  446  00001504  54000000	nop; not filled.
  447  00001508  23bdfff8	addi	r29,r29,#-8
  448  0000150c  3c130000	lhi	r19,((LC13_LF0)>>16)&0xffff
  449  00001510  26733148	addui	r19,r19,(LC13_LF0)&0xffff
  450  00001514  afb30000	sw	(r29),r19
  451  00001518  0c00041c	jal	_Printf
  452  0000151c  54000000	nop; not filled.
  453  00001520  0c00051c	jal	_Exit
  454  00001524  54000000	nop; not filled.
  455  00001528  23bd0008	addi	r29,r29,#8
  456  0000152c          	L29_LF0:
  457  0000152c  23bdfff8	addi	r29,r29,#-8
  458  00001530  8cb30004	lw	r19,4(r5)
  459  00001534  afb30000	sw	(r29),r19
  460  00001538  0c0004bc	jal	_mbox_open
  461  0000153c  54000000	nop; not filled.
  462  00001540  23bd0008	addi	r29,r29,#8
  463  00001544  6021ffff	seqi	r1,r1,#-1
  464  00001548  10200028	beqz	r1,L30_LF0
  465  0000154c  54000000	nop; not filled.
  466  00001550  23bdfff8	addi	r29,r29,#-8
  467  00001554  3c130000	lhi	r19,((LC14_LF0)>>16)&0xffff
  468  00001558  26733160	addui	r19,r19,(LC14_LF0)&0xffff
  469  0000155c  afb30000	sw	(r29),r19
  470  00001560  0c0003d4	jal	_Printf
  471  00001564  54000000	nop; not filled.
  472  00001568  0c0004d4	jal	_Exit
  473  0000156c  54000000	nop; not filled.
  474  00001570  23bd0008	addi	r29,r29,#8
  475  00001574          	L30_LF0:
  476  00001574  23bdfff8	addi	r29,r29,#-8
  477  00001578  8ca50010	lw	r5,16(r5)
  478  0000157c  afa50000	sw	(r29),r5
  479  00001580  0c000474	jal	_mbox_open
  480  00001584  54000000	nop; not filled.
  481  00001588  23bd0008	addi	r29,r29,#8
  482  0000158c  6021ffff	seqi	r1,r1,#-1
  483  00001590  10200028	beqz	r1,L31_LF0
  484  00001594  54000000	nop; not filled.
  485  00001598  23bdfff8	addi	r29,r29,#-8
  486  0000159c  3c130000	lhi	r19,((LC15_LF0)>>16)&0xffff
  487  000015a0  26733178	addui	r19,r19,(LC15_LF0)&0xffff
  488  000015a4  afb30000	sw	(r29),r19
  489  000015a8  0c00038c	jal	_Printf
  490  000015ac  54000000	nop; not filled.
  491  000015b0  0c00048c	jal	_Exit
  492  000015b4  54000000	nop; not filled.
  493  000015b8  23bd0008	addi	r29,r29,#8
  494  000015bc          	L31_LF0:
  495  000015bc  23bdfff8	addi	r29,r29,#-8
  496  000015c0  afad0000	sw	(r29),r13
  497  000015c4  23c4ffe8	addi	r4,r30,#-24
  498  000015c8  afa40004	sw	4(r29),r4
  499  000015cc  0c000b90	jal	_ditoa
  500  000015d0  54000000	nop; not filled.
  501  000015d4  afa60000	sw	(r29),r6
  502  000015d8  23c3ff78	addi	r3,r30,#-136
  503  000015dc  afa30004	sw	4(r29),r3
  504  000015e0  0c000b7c	jal	_ditoa
  505  000015e4  54000000	nop; not filled.
  506  000015e8  20010001	addi	r1,r0,#1
  507  000015ec  28210000	subi	r1,r1,#0
  508  000015f0  afa10000	sw	(r29),r1
  509  000015f4  0c00037c	jal	_sem_create
  510  000015f8  54000000	nop; not filled.
  511  000015fc  00016820	add	r13,r0,r1
  512  00001600  23bd0008	addi	r29,r29,#8
  513  00001604  61a1ffff	seqi	r1,r13,#-1
  514  00001608  1020004c	beqz	r1,L32_LF0
  515  0000160c  54000000	nop; not filled.
  516  00001610  23bdfff8	addi	r29,r29,#-8
  517  00001614  3c130000	lhi	r19,((LC16_LF0)>>16)&0xffff
  518  00001618  2673318c	addui	r19,r19,(LC16_LF0)&0xffff
  519  0000161c  afb30000	sw	(r29),r19
  520  00001620  0c000314	jal	_Printf
  521  00001624  54000000	nop; not filled.
  522  00001628  8dd30000	lw	r19,(r14)
  523  0000162c  afb30000	sw	(r29),r19
  524  00001630  0c000304	jal	_Printf
  525  00001634  54000000	nop; not filled.
  526  00001638  3c130000	lhi	r19,((LC17_LF0)>>16)&0xffff
  527  0000163c  267331a0	addui	r19,r19,(LC17_LF0)&0xffff
  528  00001640  afb30000	sw	(r29),r19
  529  00001644  0c0002f0	jal	_Printf
  530  00001648  54000000	nop; not filled.
  531  0000164c  0c0003f0	jal	_Exit
  532  00001650  54000000	nop; not filled.
  533  00001654  23bd0008	addi	r29,r29,#8
  534  00001658          	L32_LF0:
  535  00001658  000b2820	add	r5,r0,r11
  536  0000165c  00071020	add	r2,r0,r7
  537  00001660  74e10000	sgei	r1,r7,#0
  538  00001664  14200008	bnez	r1,L33_LF0
  539  00001668  54000000	nop; not filled.
  540  0000166c  20e20003	addi	r2,r7,#3
  541  00001670          	L33_LF0:
  542  00001670  5c460002	srai	r6,r2,#0x2
  543  00001674  00a70820	add	r1,r5,r7
  544  00001678  00250820	add	r1,r1,r5
  545  0000167c  00260820	add	r1,r1,r6
  546  00001680  002a0820	add	r1,r1,r10
  547  00001684  64210000	snei	r1,r1,#0
  548  00001688  102001ac	beqz	r1,L35_LF0
  549  0000168c  54000000	nop; not filled.
  550  00001690  23c9ff88	addi	r9,r30,#-120
  551  00001694  018a4022	sub	r8,r12,r10
  552  00001698          	L36_LF0:
  553  00001698  6d610000	sgti	r1,r11,#0
  554  0000169c  1020003c	beqz	r1,L37_LF0
  555  000016a0  54000000	nop; not filled.
  556  000016a4  23bdffe8	addi	r29,r29,#-24
  557  000016a8  3c130000	lhi	r19,((LC18_LF0)>>16)&0xffff
  558  000016ac  267331a4	addui	r19,r19,(LC18_LF0)&0xffff
  559  000016b0  afb30000	sw	(r29),r19
  560  000016b4  20130000	addi	r19,r0,#0
  561  000016b8  afb30004	sw	4(r29),r19
  562  000016bc  afb30008	sw	8(r29),r19
  563  000016c0  afa4000c	sw	12(r29),r4
  564  000016c4  afa30010	sw	16(r29),r3
  565  000016c8  afb30014	sw	20(r29),r19
  566  000016cc  0c000280	jal	_process_create
  567  000016d0  54000000	nop; not filled.
  568  000016d4  216bffff	addi	r11,r11,#-1
  569  000016d8  23bd0018	addi	r29,r29,#24
  570  000016dc          	L37_LF0:
  571  000016dc  6ca10000	sgti	r1,r5,#0
  572  000016e0  1020003c	beqz	r1,L38_LF0
  573  000016e4  54000000	nop; not filled.
  574  000016e8  23bdffe8	addi	r29,r29,#-24
  575  000016ec  3c130000	lhi	r19,((LC19_LF0)>>16)&0xffff
  576  000016f0  267331bc	addui	r19,r19,(LC19_LF0)&0xffff
  577  000016f4  afb30000	sw	(r29),r19
  578  000016f8  20130000	addi	r19,r0,#0
  579  000016fc  afb30004	sw	4(r29),r19
  580  00001700  afb30008	sw	8(r29),r19
  581  00001704  afa4000c	sw	12(r29),r4
  582  00001708  afa30010	sw	16(r29),r3
  583  0000170c  afb30014	sw	20(r29),r19
  584  00001710  0c00023c	jal	_process_create
  585  00001714  54000000	nop; not filled.
  586  00001718  20a5ffff	addi	r5,r5,#-1
  587  0000171c  23bd0018	addi	r29,r29,#24
  588  00001720          	L38_LF0:
  589  00001720  20020000	addi	r2,r0,#0
  590  00001724          	L42_LF0:
  591  00001724  6ce10000	sgti	r1,r7,#0
  592  00001728  1020003c	beqz	r1,L41_LF0
  593  0000172c  54000000	nop; not filled.
  594  00001730  23bdffe8	addi	r29,r29,#-24
  595  00001734  3c130000	lhi	r19,((LC20_LF0)>>16)&0xffff
  596  00001738  267331d0	addui	r19,r19,(LC20_LF0)&0xffff
  597  0000173c  afb30000	sw	(r29),r19
  598  00001740  20130000	addi	r19,r0,#0
  599  00001744  afb30004	sw	4(r29),r19
  600  00001748  afb30008	sw	8(r29),r19
  601  0000174c  afa4000c	sw	12(r29),r4
  602  00001750  afa30010	sw	16(r29),r3
  603  00001754  afb30014	sw	20(r29),r19
  604  00001758  0c0001f4	jal	_process_create
  605  0000175c  54000000	nop; not filled.
  606  00001760  20e7ffff	addi	r7,r7,#-1
  607  00001764  23bd0018	addi	r29,r29,#24
  608  00001768          	L41_LF0:
  609  00001768  20420001	addi	r2,r2,#1
  610  0000176c  70410003	slei	r1,r2,#3
  611  00001770  1420ffb0	bnez	r1,L42_LF0
  612  00001774  54000000	nop; not filled.
  613  00001778  6cc10000	sgti	r1,r6,#0
  614  0000177c  1020003c	beqz	r1,L45_LF0
  615  00001780  54000000	nop; not filled.
  616  00001784  23bdffe8	addi	r29,r29,#-24
  617  00001788  3c130000	lhi	r19,((LC21_LF0)>>16)&0xffff
  618  0000178c  267331e8	addui	r19,r19,(LC21_LF0)&0xffff
  619  00001790  afb30000	sw	(r29),r19
  620  00001794  20130000	addi	r19,r0,#0
  621  00001798  afb30004	sw	4(r29),r19
  622  0000179c  afb30008	sw	8(r29),r19
  623  000017a0  afa4000c	sw	12(r29),r4
  624  000017a4  afa30010	sw	16(r29),r3
  625  000017a8  afb30014	sw	20(r29),r19
  626  000017ac  0c0001a0	jal	_process_create
  627  000017b0  54000000	nop; not filled.
  628  000017b4  20c6ffff	addi	r6,r6,#-1
  629  000017b8  23bd0018	addi	r29,r29,#24
  630  000017bc          	L45_LF0:
  631  000017bc  6d410000	sgti	r1,r10,#0
  632  000017c0  10200058	beqz	r1,L34_LF0
  633  000017c4  54000000	nop; not filled.
  634  000017c8  23bdfff8	addi	r29,r29,#-8
  635  000017cc  afa80000	sw	(r29),r8
  636  000017d0  afa90004	sw	4(r29),r9
  637  000017d4  0c000988	jal	_ditoa
  638  000017d8  54000000	nop; not filled.
  639  000017dc  23bdffe8	addi	r29,r29,#-24
  640  000017e0  3c130000	lhi	r19,((LC22_LF0)>>16)&0xffff
  641  000017e4  267331fc	addui	r19,r19,(LC22_LF0)&0xffff
  642  000017e8  afb30000	sw	(r29),r19
  643  000017ec  20130000	addi	r19,r0,#0
  644  000017f0  afb30004	sw	4(r29),r19
  645  000017f4  afb30008	sw	8(r29),r19
  646  000017f8  afa4000c	sw	12(r29),r4
  647  000017fc  afa30010	sw	16(r29),r3
  648  00001800  afa90014	sw	20(r29),r9
  649  00001804  afb30018	sw	24(r29),r19
  650  00001808  0c000144	jal	_process_create
  651  0000180c  54000000	nop; not filled.
  652  00001810  21080001	addi	r8,r8,#1
  653  00001814  214affff	addi	r10,r10,#-1
  654  00001818  23bd0020	addi	r29,r29,#32
  655  0000181c          	L34_LF0:
  656  0000181c  01670820	add	r1,r11,r7
  657  00001820  00250820	add	r1,r1,r5
  658  00001824  00260820	add	r1,r1,r6
  659  00001828  002a0820	add	r1,r1,r10
  660  0000182c  64210000	snei	r1,r1,#0
  661  00001830  1420fe64	bnez	r1,L36_LF0
  662  00001834  54000000	nop; not filled.
  663  00001838          	L35_LF0:
  664  00001838  23bdfff8	addi	r29,r29,#-8
  665  0000183c  afad0000	sw	(r29),r13
  666  00001840  0c00013c	jal	_sem_wait
  667  00001844  54000000	nop; not filled.
  668  00001848  23bd0008	addi	r29,r29,#8
  669  0000184c  64210001	snei	r1,r1,#1
  670  00001850  10200050	beqz	r1,L48_LF0
  671  00001854  54000000	nop; not filled.
  672  00001858  23bdfff8	addi	r29,r29,#-8
  673  0000185c  3c130000	lhi	r19,((LC23_LF0)>>16)&0xffff
  674  00001860  26733210	addui	r19,r19,(LC23_LF0)&0xffff
  675  00001864  afb30000	sw	(r29),r19
  676  00001868  afad0004	sw	4(r29),r13
  677  0000186c  0c0000c8	jal	_Printf
  678  00001870  54000000	nop; not filled.
  679  00001874  8dce0000	lw	r14,(r14)
  680  00001878  afae0000	sw	(r29),r14
  681  0000187c  0c0000b8	jal	_Printf
  682  00001880  54000000	nop; not filled.
  683  00001884  3c130000	lhi	r19,((LC17_LF0)>>16)&0xffff
  684  00001888  267331a0	addui	r19,r19,(LC17_LF0)&0xffff
  685  0000188c  afb30000	sw	(r29),r19
  686  00001890  0c0000a4	jal	_Printf
  687  00001894  54000000	nop; not filled.
  688  00001898  0c0001a4	jal	_Exit
  689  0000189c  54000000	nop; not filled.
  690  000018a0  23bd0008	addi	r29,r29,#8
  691  000018a4          	L48_LF0:
  692  000018a4  23bdffe8	addi	r29,r29,#-24
  693  000018a8  3c130000	lhi	r19,((LC24_LF0)>>16)&0xffff
  694  000018ac  2673323c	addui	r19,r19,(LC24_LF0)&0xffff
  695  000018b0  afb30000	sw	(r29),r19
  696  000018b4  afaf0004	sw	4(r29),r15
  697  000018b8  afb10008	sw	8(r29),r17
  698  000018bc  afb0000c	sw	12(r29),r16
  699  000018c0  afb20010	sw	16(r29),r18
  700  000018c4  0c000070	jal	_Printf
  701  000018c8  54000000	nop; not filled.
  702  000018cc  3c130000	lhi	r19,((LC25_LF0)>>16)&0xffff
  703  000018d0  26733288	addui	r19,r19,(LC25_LF0)&0xffff
  704  000018d4  afb30000	sw	(r29),r19
  705  000018d8  afac0004	sw	4(r29),r12
  706  000018dc  0c000058	jal	_Printf
  707  000018e0  54000000	nop; not filled.
  708  000018e4  23bd0018	addi	r29,r29,#24
  709  000018e8  0c000ef0	jal	_exit
  710  000018ec  54000000	nop
  711  000018f0          	.endproc _main
  712                      ;;;
  713                      ;;; Stub functions for DLX traps.
  714                      ;;;
  715                      ;;; Ethan L. Miller, 1999.  Released to the public domain.
  716                      ;;;
  717                      ;;; The traps such as Open and Close
  718                      ;;; (note the capital letters) are for use by user programs.  The traps
  719                      ;;; with names such as open and close (lower case) are for use by the OS.
  720                      ;;;
  723  000018f0          	.align 2
  725                      ;;; The following are the traps to be used by user-level programs
  726                      ;;;
  728  000018f0          	.align 2
  729  000018f0          	.proc _Open
  730  000018f0          	.global _Open
  731  000018f0          	_Open:
  732                      ;;; Note that trap #0x213 actually causes a trap vector in the OS of
  733                      ;;; 0x1213.  The same is true for other user traps.  Thus, a user trap
  734                      ;;; with trap #0x240 will result in a trap vector of 0x1240 in the OS.
  735  000018f0  44000213	trap	#0x213
  736  000018f4  4be00000	jr	r31
  737  000018f8  54000000	nop
  738  000018fc          	.endproc _Open
  740  000018fc          	.proc _Close
  741  000018fc          	.global _Close
  742  000018fc          	_Close:
  743  000018fc  44000214	trap	#0x214
  744  00001900  4be00000	jr	r31
  745  00001904  54000000	nop
  746  00001908          	.endproc _Close
  748  00001908          	.proc _Read
  749  00001908          	.global _Read
  750  00001908          	_Read:
  751  00001908  44000210	trap	#0x210
  752  0000190c  4be00000	jr	r31
  753  00001910  54000000	nop
  754  00001914          	.endproc _Read
  756  00001914          	.proc _Write
  757  00001914          	.global _Write
  758  00001914          	_Write:
  759  00001914  44000211	trap	#0x211
  760  00001918  4be00000	jr	r31
  761  0000191c  54000000	nop
  762  00001920          	.endproc _Write
  764  00001920          	.proc _Lseek
  765  00001920          	.global _Lseek
  766  00001920          	_Lseek:
  767  00001920  44000212	trap	#0x212
  768  00001924  4be00000	jr	r31
  769  00001928  54000000	nop
  770  0000192c          	.endproc _Lseek
  772  0000192c          	.proc _Putchar
  773  0000192c          	.global _Putchar
  774  0000192c          	_Putchar:
  775  0000192c  44000280	trap	#0x280
  776  00001930  4be00000	jr	r31
  777  00001934  54000000	nop
  778  00001938          	.endproc _Putchar
  780  00001938          	.proc _Printf
  781  00001938          	.global _Printf
  782  00001938          	_Printf:
  783  00001938  44000201	trap	#0x201
  784  0000193c  4be00000	jr	r31
  785  00001940  54000000	nop
  786  00001944          	.endproc _Printf
  788  00001944          	.proc _getpid
  789  00001944          	.global _getpid
  790  00001944          	_getpid:
  791  00001944  44000431	trap	#0x431
  792  00001948  4be00000	jr	r31
  793  0000194c  54000000	nop
  794  00001950          	.endproc _getpid
  796  00001950          	.proc _process_create
  797  00001950          	.global _process_create
  798  00001950          	_process_create:
  799  00001950  44000432	trap	#0x432
  800  00001954  4be00000	jr	r31
  801  00001958  54000000	nop
  802  0000195c          	.endproc _process_create
  804  0000195c          	.proc _shmget
  805  0000195c          	.global _shmget
  806  0000195c          	_shmget:
  807  0000195c  44000440	trap	#0x440
  808  00001960  4be00000	jr	r31
  809  00001964  54000000	nop
  810  00001968          	.endproc _shmget
  812  00001968          	.proc _shmat
  813  00001968          	.global _shmat
  814  00001968          	_shmat:
  815  00001968  44000441	trap	#0x441
  816  0000196c  4be00000	jr	r31
  817  00001970  54000000	nop
  818  00001974          	.endproc _shmat
  820  00001974          	.proc _sem_create
  821  00001974          	.global _sem_create
  822  00001974          	_sem_create:
  823  00001974  44000450	trap	#0x450
  824  00001978  4be00000	jr	r31
  825  0000197c  54000000	nop
  826  00001980          	.endproc _sem_create
  828  00001980          	.proc _sem_wait
  829  00001980          	.global _sem_wait
  830  00001980          	_sem_wait:
  831  00001980  44000451	trap	#0x451
  832  00001984  4be00000	jr	r31
  833  00001988  54000000	nop
  834  0000198c          	.endproc _sem_wait
  836  0000198c          	.proc _sem_signal
  837  0000198c          	.global _sem_signal
  838  0000198c          	_sem_signal:
  839  0000198c  44000452	trap	#0x452
  840  00001990  4be00000	jr	r31
  841  00001994  54000000	nop
  842  00001998          	.endproc _sem_signal
  844  00001998          	.proc _lock_create
  845  00001998          	.global _lock_create
  846  00001998          	_lock_create:
  847  00001998  44000453	trap	#0x453
  848  0000199c  4be00000	jr	r31
  849  000019a0  54000000	nop
  850  000019a4          	.endproc _lock_create
  852  000019a4          	.proc _lock_acquire
  853  000019a4          	.global _lock_acquire
  854  000019a4          	_lock_acquire:
  855  000019a4  44000454	trap	#0x454
  856  000019a8  4be00000	jr	r31
  857  000019ac  54000000	nop
  858  000019b0          	.endproc _lock_acquire
  860  000019b0          	.proc _lock_release
  861  000019b0          	.global _lock_release
  862  000019b0          	_lock_release:
  863  000019b0  44000455	trap	#0x455
  864  000019b4  4be00000	jr	r31
  865  000019b8  54000000	nop
  866  000019bc          	.endproc _lock_release
  868  000019bc          	.proc _cond_create
  869  000019bc          	.global _cond_create
  870  000019bc          	_cond_create:
  871  000019bc  44000456	trap	#0x456
  872  000019c0  4be00000	jr	r31
  873  000019c4  54000000	nop
  874  000019c8          	.endproc _cond_create
  876  000019c8          	.proc _cond_wait
  877  000019c8          	.global _cond_wait
  878  000019c8          	_cond_wait:
  879  000019c8  44000457	trap	#0x457
  880  000019cc  4be00000	jr	r31
  881  000019d0  54000000	nop
  882  000019d4          	.endproc _cond_wait
  884  000019d4          	.proc _cond_signal
  885  000019d4          	.global _cond_signal
  886  000019d4          	_cond_signal:
  887  000019d4  44000458	trap	#0x458
  888  000019d8  4be00000	jr	r31
  889  000019dc  54000000	nop
  890  000019e0          	.endproc _cond_signal
  892  000019e0          	.proc _cond_broadcast
  893  000019e0          	.global _cond_broadcast
  894  000019e0          	_cond_broadcast:
  895  000019e0  44000459	trap	#0x459
  896  000019e4  4be00000	jr	r31
  897  000019e8  54000000	nop
  898  000019ec          	.endproc _cond_broadcast
  900  000019ec          	.proc _mbox_create
  901  000019ec          	.global _mbox_create
  902  000019ec          	_mbox_create:
  903  000019ec  44000460	trap	#0x460
  904  000019f0  4be00000	jr	r31
  905  000019f4  54000000	nop
  906  000019f8          	.endproc _mbox_create
  908  000019f8          	.proc _mbox_open
  909  000019f8          	.global _mbox_open
  910  000019f8          	_mbox_open:
  911  000019f8  44000461	trap	#0x461
  912  000019fc  4be00000	jr	r31
  913  00001a00  54000000	nop
  914  00001a04          	.endproc _mbox_open
  916  00001a04          	.proc _mbox_close
  917  00001a04          	.global _mbox_close
  918  00001a04          	_mbox_close:
  919  00001a04  44000462	trap	#0x462
  920  00001a08  4be00000	jr	r31
  921  00001a0c  54000000	nop
  922  00001a10          	.endproc _mbox_close
  924  00001a10          	.proc _mbox_send
  925  00001a10          	.global _mbox_send
  926  00001a10          	_mbox_send:
  927  00001a10  44000463	trap	#0x463
  928  00001a14  4be00000	jr	r31
  929  00001a18  54000000	nop
  930  00001a1c          	.endproc _mbox_send
  932  00001a1c          	.proc _mbox_recv
  933  00001a1c          	.global _mbox_recv
  934  00001a1c          	_mbox_recv:
  935  00001a1c  44000464	trap	#0x464
  936  00001a20  4be00000	jr	r31
  937  00001a24  54000000	nop
  938  00001a28          	.endproc _mbox_recv
  940  00001a28          	.proc _sleep
  941  00001a28          	.global _sleep
  942  00001a28          	_sleep:
  943  00001a28  44000465	trap	#0x465
  944  00001a2c  4be00000	jr	r31
  945  00001a30  54000000	nop
  946  00001a34          	.endproc _sleep
  948  00001a34          	.proc _yield
  949  00001a34          	.global _yield
  950  00001a34          	_yield:
  951  00001a34  44000466	trap	#0x466
  952  00001a38  4be00000	jr	r31
  953  00001a3c  54000000	nop
  954  00001a40          	.endproc _yield
  957  00001a40          	.proc _Exit
  958  00001a40          	.global _Exit
  959  00001a40          	_Exit:
  960  00001a40  44000500	trap	#0x500
  961  00001a44  4be00000	jr	r31
  962  00001a48  54000000	nop
  963  00001a4c          	.endproc _Exit
  964                      ; Compiled by GCC
  966  00001a4c          	.align 2
  967  00001a4c          	.proc _isspace
  968  00001a4c          	.global _isspace
  969  00001a4c          	_isspace:
  970                      ;  Function 'isspace'; 0 bytes of locals, 3 regs to save.
  971  00001a4c  afbefffc	sw	-4(r29),r30; push fp
  972  00001a50  001df020	add	r30,r0,r29; fp = sp
  973  00001a54  afbffff8	sw	-8(r29),r31; push ret addr
  974  00001a58  2fbd0018	subui	r29,r29,#24; alloc local storage
  975  00001a5c  afa20000	sw	0(r29),r2
  976  00001a60  afa30004	sw	4(r29),r3
  977  00001a64  afa40008	sw	8(r29),r4
  978  00001a68  83c20003	lb	r2,3(r30)
  979  00001a6c  20010000	addi	r1,r0,#0
  980  00001a70  304300ff	andi	r3,r2,#0x00ff
  981  00001a74  60640020	seqi	r4,r3,#32
  982  00001a78  1480002c	bnez	r4,L3_LF2
  983  00001a7c  54000000	nop; delay slot nop
  984  00001a80  304300ff	andi	r3,r2,#0x00ff
  985  00001a84  60640009	seqi	r4,r3,#9
  986  00001a88  1480001c	bnez	r4,L3_LF2
  987  00001a8c  54000000	nop; delay slot nop
  988  00001a90  304300ff	andi	r3,r2,#0x00ff
  989  00001a94  6064000a	seqi	r4,r3,#10
  990  00001a98  1480000c	bnez	r4,L3_LF2
  991  00001a9c  54000000	nop; delay slot nop
  992  00001aa0  08000008	j	L2_LF2
  993  00001aa4  54000000	nop; delay slot nop
  994  00001aa8          	L3_LF2:
  995  00001aa8  20010001	addi	r1,r0,#1
  996  00001aac          	L2_LF2:
  997  00001aac  08000004	j	L1_LF2
  998  00001ab0  54000000	nop; delay slot nop
  999  00001ab4          	L1_LF2:
 1000  00001ab4  8fa20000	lw	r2,0(r29)
 1001  00001ab8  8fa30004	lw	r3,4(r29)
 1002  00001abc  8fa40008	lw	r4,8(r29)
 1003  00001ac0  8fdffff8	lw	r31,-8(r30)
 1004  00001ac4  001ee820	add	r29,r0,r30
 1005  00001ac8  8fdefffc	lw	r30,-4(r30)
 1006  00001acc  4be00000	jr	r31
 1007  00001ad0  54000000	nop
 1008  00001ad4          	.endproc _isspace
 1009  00001ad4          	.align 2
 1010  00001ad4          	.proc _isxdigit
 1011  00001ad4          	.global _isxdigit
 1012  00001ad4          	_isxdigit:
 1013                      ;  Function 'isxdigit'; 0 bytes of locals, 3 regs to save.
 1014  00001ad4  afbefffc	sw	-4(r29),r30; push fp
 1015  00001ad8  001df020	add	r30,r0,r29; fp = sp
 1016  00001adc  afbffff8	sw	-8(r29),r31; push ret addr
 1017  00001ae0  2fbd0018	subui	r29,r29,#24; alloc local storage
 1018  00001ae4  afa20000	sw	0(r29),r2
 1019  00001ae8  afa30004	sw	4(r29),r3
 1020  00001aec  afa40008	sw	8(r29),r4
 1021  00001af0  83c20003	lb	r2,3(r30)
 1022  00001af4  20010000	addi	r1,r0,#0
 1023  00001af8  304300ff	andi	r3,r2,#0x00ff
 1024  00001afc  6c64002f	sgtui	r4,r3,#47
 1025  00001b00  1080001c	beqz	r4,L7_LF2
 1026  00001b04  54000000	nop; delay slot nop
 1027  00001b08  304300ff	andi	r3,r2,#0x00ff
 1028  00001b0c  70640039	sleui	r4,r3,#57
 1029  00001b10  1480005c	bnez	r4,L6_LF2
 1030  00001b14  54000000	nop; delay slot nop
 1031  00001b18  08000004	j	L7_LF2
 1032  00001b1c  54000000	nop; delay slot nop
 1033  00001b20          	L7_LF2:
 1034  00001b20  304300ff	andi	r3,r2,#0x00ff
 1035  00001b24  6c640060	sgtui	r4,r3,#96
 1036  00001b28  1080001c	beqz	r4,L8_LF2
 1037  00001b2c  54000000	nop; delay slot nop
 1038  00001b30  304300ff	andi	r3,r2,#0x00ff
 1039  00001b34  70640066	sleui	r4,r3,#102
 1040  00001b38  14800034	bnez	r4,L6_LF2
 1041  00001b3c  54000000	nop; delay slot nop
 1042  00001b40  08000004	j	L8_LF2
 1043  00001b44  54000000	nop; delay slot nop
 1044  00001b48          	L8_LF2:
 1045  00001b48  304300ff	andi	r3,r2,#0x00ff
 1046  00001b4c  6c640040	sgtui	r4,r3,#64
 1047  00001b50  10800020	beqz	r4,L5_LF2
 1048  00001b54  54000000	nop; delay slot nop
 1049  00001b58  304300ff	andi	r3,r2,#0x00ff
 1050  00001b5c  70640041	sleui	r4,r3,#65
 1051  00001b60  1480000c	bnez	r4,L6_LF2
 1052  00001b64  54000000	nop; delay slot nop
 1053  00001b68  08000008	j	L5_LF2
 1054  00001b6c  54000000	nop; delay slot nop
 1055  00001b70          	L6_LF2:
 1056  00001b70  20010001	addi	r1,r0,#1
 1057  00001b74          	L5_LF2:
 1058  00001b74  08000004	j	L4_LF2
 1059  00001b78  54000000	nop; delay slot nop
 1060  00001b7c          	L4_LF2:
 1061  00001b7c  8fa20000	lw	r2,0(r29)
 1062  00001b80  8fa30004	lw	r3,4(r29)
 1063  00001b84  8fa40008	lw	r4,8(r29)
 1064  00001b88  8fdffff8	lw	r31,-8(r30)
 1065  00001b8c  001ee820	add	r29,r0,r30
 1066  00001b90  8fdefffc	lw	r30,-4(r30)
 1067  00001b94  4be00000	jr	r31
 1068  00001b98  54000000	nop
 1069  00001b9c          	.endproc _isxdigit
 1070  00001b9c          	.align 2
 1071  00001b9c          	.proc _dstrcpy
 1072  00001b9c          	.global _dstrcpy
 1073  00001b9c          	_dstrcpy:
 1074                      ;  Function 'dstrcpy'; 8 bytes of locals, 2 regs to save.
 1075  00001b9c  afbefffc	sw	-4(r29),r30; push fp
 1076  00001ba0  001df020	add	r30,r0,r29; fp = sp
 1077  00001ba4  afbffff8	sw	-8(r29),r31; push ret addr
 1078  00001ba8  2fbd0018	subui	r29,r29,#24; alloc local storage
 1079  00001bac  afa20000	sw	0(r29),r2
 1080  00001bb0  afa30004	sw	4(r29),r3
 1081  00001bb4  8fc10000	lw	r1,(r30)
 1082  00001bb8  afc1fff4	sw	-12(r30),r1
 1083  00001bbc          	L10_LF2:
 1084  00001bbc  8fc10000	lw	r1,(r30)
 1085  00001bc0  20220001	addi	r2,r1,#1
 1086  00001bc4  afc20000	sw	(r30),r2
 1087  00001bc8  8fc20004	lw	r2,4(r30)
 1088  00001bcc  20430001	addi	r3,r2,#1
 1089  00001bd0  afc30004	sw	4(r30),r3
 1090  00001bd4  80420000	lb	r2,(r2)
 1091  00001bd8  a0220000	sb	(r1),r2
 1092  00001bdc  a3c2fff3	sb	-13(r30),r2
 1093  00001be0          	L12_LF2:
 1094  00001be0  93c1fff3	lbu	r1,-13(r30)
 1095  00001be4  64220000	snei	r2,r1,#0
 1096  00001be8  1440000c	bnez	r2,L13_LF2
 1097  00001bec  54000000	nop; delay slot nop
 1098  00001bf0  0800000c	j	L11_LF2
 1099  00001bf4  54000000	nop; delay slot nop
 1100  00001bf8          	L13_LF2:
 1101  00001bf8  0bffffc0	j	L10_LF2
 1102  00001bfc  54000000	nop; delay slot nop
 1103  00001c00          	L11_LF2:
 1104  00001c00  8fc1fff4	lw	r1,-12(r30)
 1105  00001c04  08000004	j	L9_LF2
 1106  00001c08  54000000	nop; delay slot nop
 1107  00001c0c          	L9_LF2:
 1108  00001c0c  8fa20000	lw	r2,0(r29)
 1109  00001c10  8fa30004	lw	r3,4(r29)
 1110  00001c14  8fdffff8	lw	r31,-8(r30)
 1111  00001c18  001ee820	add	r29,r0,r30
 1112  00001c1c  8fdefffc	lw	r30,-4(r30)
 1113  00001c20  4be00000	jr	r31
 1114  00001c24  54000000	nop
 1115  00001c28          	.endproc _dstrcpy
 1116  00001c28          	.align 2
 1117  00001c28          	.proc _dstrncpy
 1118  00001c28          	.global _dstrncpy
 1119  00001c28          	_dstrncpy:
 1120                      ;  Function 'dstrncpy'; 8 bytes of locals, 2 regs to save.
 1121  00001c28  afbefffc	sw	-4(r29),r30; push fp
 1122  00001c2c  001df020	add	r30,r0,r29; fp = sp
 1123  00001c30  afbffff8	sw	-8(r29),r31; push ret addr
 1124  00001c34  2fbd0018	subui	r29,r29,#24; alloc local storage
 1125  00001c38  afa20000	sw	0(r29),r2
 1126  00001c3c  afa30004	sw	4(r29),r3
 1127  00001c40  8fc10000	lw	r1,(r30)
 1128  00001c44  afc1fff4	sw	-12(r30),r1
 1129  00001c48          	L15_LF2:
 1130  00001c48  8fc10008	lw	r1,8(r30)
 1131  00001c4c  2022ffff	addi	r2,r1,#-1
 1132  00001c50  afc20008	sw	8(r30),r2
 1133  00001c54  70210000	slei	r1,r1,#0
 1134  00001c58  1020000c	beqz	r1,L18_LF2
 1135  00001c5c  54000000	nop; delay slot nop
 1136  00001c60  08000048	j	L16_LF2
 1137  00001c64  54000000	nop; delay slot nop
 1138  00001c68          	L18_LF2:
 1139  00001c68  8fc10000	lw	r1,(r30)
 1140  00001c6c  20220001	addi	r2,r1,#1
 1141  00001c70  afc20000	sw	(r30),r2
 1142  00001c74  8fc20004	lw	r2,4(r30)
 1143  00001c78  20430001	addi	r3,r2,#1
 1144  00001c7c  afc30004	sw	4(r30),r3
 1145  00001c80  80420000	lb	r2,(r2)
 1146  00001c84  a0220000	sb	(r1),r2
 1147  00001c88  a3c2fff3	sb	-13(r30),r2
 1148  00001c8c          	L17_LF2:
 1149  00001c8c  93c1fff3	lbu	r1,-13(r30)
 1150  00001c90  64220000	snei	r2,r1,#0
 1151  00001c94  1440000c	bnez	r2,L19_LF2
 1152  00001c98  54000000	nop; delay slot nop
 1153  00001c9c  0800000c	j	L16_LF2
 1154  00001ca0  54000000	nop; delay slot nop
 1155  00001ca4          	L19_LF2:
 1156  00001ca4  0bffffa0	j	L15_LF2
 1157  00001ca8  54000000	nop; delay slot nop
 1158  00001cac          	L16_LF2:
 1159  00001cac  8fc1fff4	lw	r1,-12(r30)
 1160  00001cb0  08000004	j	L14_LF2
 1161  00001cb4  54000000	nop; delay slot nop
 1162  00001cb8          	L14_LF2:
 1163  00001cb8  8fa20000	lw	r2,0(r29)
 1164  00001cbc  8fa30004	lw	r3,4(r29)
 1165  00001cc0  8fdffff8	lw	r31,-8(r30)
 1166  00001cc4  001ee820	add	r29,r0,r30
 1167  00001cc8  8fdefffc	lw	r30,-4(r30)
 1168  00001ccc  4be00000	jr	r31
 1169  00001cd0  54000000	nop
 1170  00001cd4          	.endproc _dstrncpy
 1171  00001cd4          	.align 2
 1172  00001cd4          	.proc _dstrcat
 1173  00001cd4          	.global _dstrcat
 1174  00001cd4          	_dstrcat:
 1175                      ;  Function 'dstrcat'; 8 bytes of locals, 1 regs to save.
 1176  00001cd4  afbefffc	sw	-4(r29),r30; push fp
 1177  00001cd8  001df020	add	r30,r0,r29; fp = sp
 1178  00001cdc  afbffff8	sw	-8(r29),r31; push ret addr
 1179  00001ce0  2fbd0018	subui	r29,r29,#24; alloc local storage
 1180  00001ce4  afa20000	sw	0(r29),r2
 1181  00001ce8  8fc10000	lw	r1,(r30)
 1182  00001cec  afc1fff4	sw	-12(r30),r1
 1183  00001cf0          	L21_LF2:
 1184  00001cf0  8fc10000	lw	r1,(r30)
 1185  00001cf4  90220000	lbu	r2,(r1)
 1186  00001cf8  64410000	snei	r1,r2,#0
 1187  00001cfc  1420000c	bnez	r1,L23_LF2
 1188  00001d00  54000000	nop; delay slot nop
 1189  00001d04  0800001c	j	L22_LF2
 1190  00001d08  54000000	nop; delay slot nop
 1191  00001d0c          	L23_LF2:
 1192  00001d0c  8fc20000	lw	r2,(r30)
 1193  00001d10  20410001	addi	r1,r2,#1
 1194  00001d14  00011020	add	r2,r0,r1
 1195  00001d18  afc20000	sw	(r30),r2
 1196  00001d1c  0bffffd0	j	L21_LF2
 1197  00001d20  54000000	nop; delay slot nop
 1198  00001d24          	L22_LF2:
 1199  00001d24  23bdfff8	addi	r29,r29,#-8
 1200  00001d28  001d0820	add	r1,r0,r29
 1201  00001d2c  8fc20000	lw	r2,(r30)
 1202  00001d30  ac220000	sw	(r1),r2
 1203  00001d34  8fc20004	lw	r2,4(r30)
 1204  00001d38  ac220004	sw	4(r1),r2
 1205  00001d3c  0ffffe5c	jal	_dstrcpy
 1206  00001d40  54000000	nop; delay slot nop
 1207  00001d44  23bd0008	addi	r29,r29,#8
 1208  00001d48  8fc1fff4	lw	r1,-12(r30)
 1209  00001d4c  08000004	j	L20_LF2
 1210  00001d50  54000000	nop; delay slot nop
 1211  00001d54          	L20_LF2:
 1212  00001d54  8fa20000	lw	r2,0(r29)
 1213  00001d58  8fdffff8	lw	r31,-8(r30)
 1214  00001d5c  001ee820	add	r29,r0,r30
 1215  00001d60  8fdefffc	lw	r30,-4(r30)
 1216  00001d64  4be00000	jr	r31
 1217  00001d68  54000000	nop
 1218  00001d6c          	.endproc _dstrcat
 1219  00001d6c          	.align 2
 1220  00001d6c          	.proc _dstrncmp
 1221  00001d6c          	.global _dstrncmp
 1222  00001d6c          	_dstrncmp:
 1223                      ;  Function 'dstrncmp'; 8 bytes of locals, 2 regs to save.
 1224  00001d6c  afbefffc	sw	-4(r29),r30; push fp
 1225  00001d70  001df020	add	r30,r0,r29; fp = sp
 1226  00001d74  afbffff8	sw	-8(r29),r31; push ret addr
 1227  00001d78  2fbd0018	subui	r29,r29,#24; alloc local storage
 1228  00001d7c  afa20000	sw	0(r29),r2
 1229  00001d80  afa30004	sw	4(r29),r3
 1230  00001d84  54000000	nop
 1231  00001d88  20010000	addi	r1,r0,#0
 1232  00001d8c  afc1fff4	sw	-12(r30),r1
 1233  00001d90          	L25_LF2:
 1234  00001d90  8fc1fff4	lw	r1,-12(r30)
 1235  00001d94  8fc20008	lw	r2,8(r30)
 1236  00001d98  0022082a	slt	r1,r1,r2
 1237  00001d9c  1420000c	bnez	r1,L28_LF2
 1238  00001da0  54000000	nop; delay slot nop
 1239  00001da4  08000088	j	L26_LF2
 1240  00001da8  54000000	nop; delay slot nop
 1241  00001dac          	L28_LF2:
 1242  00001dac  8fc10004	lw	r1,4(r30)
 1243  00001db0  90220000	lbu	r2,(r1)
 1244  00001db4  64410000	snei	r1,r2,#0
 1245  00001db8  14200018	bnez	r1,L29_LF2
 1246  00001dbc  54000000	nop; delay slot nop
 1247  00001dc0  20010000	addi	r1,r0,#0
 1248  00001dc4  080000d8	j	L24_LF2
 1249  00001dc8  54000000	nop; delay slot nop
 1250  00001dcc  08000028	j	L30_LF2
 1251  00001dd0  54000000	nop; delay slot nop
 1252  00001dd4          	L29_LF2:
 1253  00001dd4  8fc10000	lw	r1,(r30)
 1254  00001dd8  8fc20004	lw	r2,4(r30)
 1255  00001ddc  90210000	lbu	r1,(r1)
 1256  00001de0  90420000	lbu	r2,(r2)
 1257  00001de4  00220829	sne	r1,r1,r2
 1258  00001de8  1020000c	beqz	r1,L30_LF2
 1259  00001dec  54000000	nop; delay slot nop
 1260  00001df0  0800003c	j	L26_LF2
 1261  00001df4  54000000	nop; delay slot nop
 1262  00001df8          	L31_LF2:
 1263  00001df8          	L30_LF2:
 1264  00001df8  8fc20000	lw	r2,(r30)
 1265  00001dfc  20410001	addi	r1,r2,#1
 1266  00001e00  00011020	add	r2,r0,r1
 1267  00001e04  afc20000	sw	(r30),r2
 1268  00001e08  8fc20004	lw	r2,4(r30)
 1269  00001e0c  20410001	addi	r1,r2,#1
 1270  00001e10  00011020	add	r2,r0,r1
 1271  00001e14  afc20004	sw	4(r30),r2
 1272  00001e18          	L27_LF2:
 1273  00001e18  8fc2fff4	lw	r2,-12(r30)
 1274  00001e1c  20410001	addi	r1,r2,#1
 1275  00001e20  00011020	add	r2,r0,r1
 1276  00001e24  afc2fff4	sw	-12(r30),r2
 1277  00001e28  0bffff64	j	L25_LF2
 1278  00001e2c  54000000	nop; delay slot nop
 1279  00001e30          	L26_LF2:
 1280  00001e30  8fc1fff4	lw	r1,-12(r30)
 1281  00001e34  8fc20008	lw	r2,8(r30)
 1282  00001e38  00220828	seq	r1,r1,r2
 1283  00001e3c  10200018	beqz	r1,L32_LF2
 1284  00001e40  54000000	nop; delay slot nop
 1285  00001e44  20010000	addi	r1,r0,#0
 1286  00001e48  08000054	j	L24_LF2
 1287  00001e4c  54000000	nop; delay slot nop
 1288  00001e50  0800004c	j	L33_LF2
 1289  00001e54  54000000	nop; delay slot nop
 1290  00001e58          	L32_LF2:
 1291  00001e58  8fc20000	lw	r2,(r30)
 1292  00001e5c  90410000	lbu	r1,(r2)
 1293  00001e60  8fc20004	lw	r2,4(r30)
 1294  00001e64  90430000	lbu	r3,(r2)
 1295  00001e68  00230822	sub	r1,r1,r3
 1296  00001e6c  74220000	sgei	r2,r1,#0
 1297  00001e70  10400020	beqz	r2,L34_LF2
 1298  00001e74  54000000	nop; delay slot nop
 1299  00001e78  8fc10000	lw	r1,(r30)
 1300  00001e7c  8fc20004	lw	r2,4(r30)
 1301  00001e80  90210000	lbu	r1,(r1)
 1302  00001e84  90420000	lbu	r2,(r2)
 1303  00001e88  00220829	sne	r1,r1,r2
 1304  00001e8c  08000008	j	L35_LF2
 1305  00001e90  54000000	nop; delay slot nop
 1306  00001e94          	L34_LF2:
 1307  00001e94  2001ffff	addi	r1,r0,#-1
 1308  00001e98          	L35_LF2:
 1309  00001e98  08000004	j	L24_LF2
 1310  00001e9c  54000000	nop; delay slot nop
 1311  00001ea0          	L33_LF2:
 1312  00001ea0          	L24_LF2:
 1313  00001ea0  8fa20000	lw	r2,0(r29)
 1314  00001ea4  8fa30004	lw	r3,4(r29)
 1315  00001ea8  8fdffff8	lw	r31,-8(r30)
 1316  00001eac  001ee820	add	r29,r0,r30
 1317  00001eb0  8fdefffc	lw	r30,-4(r30)
 1318  00001eb4  4be00000	jr	r31
 1319  00001eb8  54000000	nop
 1320  00001ebc          	.endproc _dstrncmp
 1321  00001ebc          	.align 2
 1322  00001ebc          	.proc _dstrlen
 1323  00001ebc          	.global _dstrlen
 1324  00001ebc          	_dstrlen:
 1325                      ;  Function 'dstrlen'; 8 bytes of locals, 1 regs to save.
 1326  00001ebc  afbefffc	sw	-4(r29),r30; push fp
 1327  00001ec0  001df020	add	r30,r0,r29; fp = sp
 1328  00001ec4  afbffff8	sw	-8(r29),r31; push ret addr
 1329  00001ec8  2fbd0018	subui	r29,r29,#24; alloc local storage
 1330  00001ecc  afa20000	sw	0(r29),r2
 1331  00001ed0  20010000	addi	r1,r0,#0
 1332  00001ed4  afc1fff4	sw	-12(r30),r1
 1333  00001ed8          	L37_LF2:
 1334  00001ed8  8fc10000	lw	r1,(r30)
 1335  00001edc  20220001	addi	r2,r1,#1
 1336  00001ee0  afc20000	sw	(r30),r2
 1337  00001ee4  90210000	lbu	r1,(r1)
 1338  00001ee8  64220000	snei	r2,r1,#0
 1339  00001eec  1440000c	bnez	r2,L39_LF2
 1340  00001ef0  54000000	nop; delay slot nop
 1341  00001ef4  0800001c	j	L38_LF2
 1342  00001ef8  54000000	nop; delay slot nop
 1343  00001efc          	L39_LF2:
 1344  00001efc  8fc2fff4	lw	r2,-12(r30)
 1345  00001f00  20410001	addi	r1,r2,#1
 1346  00001f04  00011020	add	r2,r0,r1
 1347  00001f08  afc2fff4	sw	-12(r30),r2
 1348  00001f0c  0bffffc8	j	L37_LF2
 1349  00001f10  54000000	nop; delay slot nop
 1350  00001f14          	L38_LF2:
 1351  00001f14  8fc1fff4	lw	r1,-12(r30)
 1352  00001f18  08000004	j	L36_LF2
 1353  00001f1c  54000000	nop; delay slot nop
 1354  00001f20          	L36_LF2:
 1355  00001f20  8fa20000	lw	r2,0(r29)
 1356  00001f24  8fdffff8	lw	r31,-8(r30)
 1357  00001f28  001ee820	add	r29,r0,r30
 1358  00001f2c  8fdefffc	lw	r30,-4(r30)
 1359  00001f30  4be00000	jr	r31
 1360  00001f34  54000000	nop
 1361  00001f38          	.endproc _dstrlen
 1362  00001f38          	.align 2
 1363  00001f38          	.proc _dstrstr
 1364  00001f38          	.global _dstrstr
 1365  00001f38          	_dstrstr:
 1366                      ;  Function 'dstrstr'; 8 bytes of locals, 1 regs to save.
 1367  00001f38  afbefffc	sw	-4(r29),r30; push fp
 1368  00001f3c  001df020	add	r30,r0,r29; fp = sp
 1369  00001f40  afbffff8	sw	-8(r29),r31; push ret addr
 1370  00001f44  2fbd0018	subui	r29,r29,#24; alloc local storage
 1371  00001f48  afa20000	sw	0(r29),r2
 1372  00001f4c  23bdfff8	addi	r29,r29,#-8
 1373  00001f50  001d0820	add	r1,r0,r29
 1374  00001f54  8fc20004	lw	r2,4(r30)
 1375  00001f58  ac220000	sw	(r1),r2
 1376  00001f5c  0fffff5c	jal	_dstrlen
 1377  00001f60  54000000	nop; delay slot nop
 1378  00001f64  23bd0008	addi	r29,r29,#8
 1379  00001f68  afc1fff4	sw	-12(r30),r1
 1380  00001f6c          	L41_LF2:
 1381  00001f6c  8fc10000	lw	r1,(r30)
 1382  00001f70  90220000	lbu	r2,(r1)
 1383  00001f74  64410000	snei	r1,r2,#0
 1384  00001f78  1420000c	bnez	r1,L43_LF2
 1385  00001f7c  54000000	nop; delay slot nop
 1386  00001f80  08000060	j	L42_LF2
 1387  00001f84  54000000	nop; delay slot nop
 1388  00001f88          	L43_LF2:
 1389  00001f88  23bdfff0	addi	r29,r29,#-16
 1390  00001f8c  001d0820	add	r1,r0,r29
 1391  00001f90  8fc20000	lw	r2,(r30)
 1392  00001f94  ac220000	sw	(r1),r2
 1393  00001f98  8fc20004	lw	r2,4(r30)
 1394  00001f9c  ac220004	sw	4(r1),r2
 1395  00001fa0  8fc2fff4	lw	r2,-12(r30)
 1396  00001fa4  ac220008	sw	8(r1),r2
 1397  00001fa8  0ffffdc0	jal	_dstrncmp
 1398  00001fac  54000000	nop; delay slot nop
 1399  00001fb0  23bd0010	addi	r29,r29,#16
 1400  00001fb4  64220000	snei	r2,r1,#0
 1401  00001fb8  14400010	bnez	r2,L44_LF2
 1402  00001fbc  54000000	nop; delay slot nop
 1403  00001fc0  8fc10000	lw	r1,(r30)
 1404  00001fc4  08000028	j	L40_LF2
 1405  00001fc8  54000000	nop; delay slot nop
 1406  00001fcc          	L44_LF2:
 1407  00001fcc  8fc20000	lw	r2,(r30)
 1408  00001fd0  20410001	addi	r1,r2,#1
 1409  00001fd4  00011020	add	r2,r0,r1
 1410  00001fd8  afc20000	sw	(r30),r2
 1411  00001fdc  0bffff8c	j	L41_LF2
 1412  00001fe0  54000000	nop; delay slot nop
 1413  00001fe4          	L42_LF2:
 1414  00001fe4  20010000	addi	r1,r0,#0
 1415  00001fe8  08000004	j	L40_LF2
 1416  00001fec  54000000	nop; delay slot nop
 1417  00001ff0          	L40_LF2:
 1418  00001ff0  8fa20000	lw	r2,0(r29)
 1419  00001ff4  8fdffff8	lw	r31,-8(r30)
 1420  00001ff8  001ee820	add	r29,r0,r30
 1421  00001ffc  8fdefffc	lw	r30,-4(r30)
 1422  00002000  4be00000	jr	r31
 1423  00002004  54000000	nop
 1424  00002008          	.endproc _dstrstr
 1425  00002008          	.align 2
 1426  00002008          	.proc _dmindex
 1427  00002008          	.global _dmindex
 1428  00002008          	_dmindex:
 1429                      ;  Function 'dmindex'; 8 bytes of locals, 1 regs to save.
 1430  00002008  afbefffc	sw	-4(r29),r30; push fp
 1431  0000200c  001df020	add	r30,r0,r29; fp = sp
 1432  00002010  afbffff8	sw	-8(r29),r31; push ret addr
 1433  00002014  2fbd0018	subui	r29,r29,#24; alloc local storage
 1434  00002018  afa20000	sw	0(r29),r2
 1435  0000201c  54000000	nop
 1436  00002020          	L46_LF2:
 1437  00002020  8fc10000	lw	r1,(r30)
 1438  00002024  90220000	lbu	r2,(r1)
 1439  00002028  64410000	snei	r1,r2,#0
 1440  0000202c  1420000c	bnez	r1,L48_LF2
 1441  00002030  54000000	nop; delay slot nop
 1442  00002034  08000070	j	L47_LF2
 1443  00002038  54000000	nop; delay slot nop
 1444  0000203c          	L48_LF2:
 1445  0000203c  8fc10004	lw	r1,4(r30)
 1446  00002040  afc1fff4	sw	-12(r30),r1
 1447  00002044          	L49_LF2:
 1448  00002044  8fc1fff4	lw	r1,-12(r30)
 1449  00002048  90220000	lbu	r2,(r1)
 1450  0000204c  64410000	snei	r1,r2,#0
 1451  00002050  1420000c	bnez	r1,L52_LF2
 1452  00002054  54000000	nop; delay slot nop
 1453  00002058  08000044	j	L50_LF2
 1454  0000205c  54000000	nop; delay slot nop
 1455  00002060          	L52_LF2:
 1456  00002060  8fc10000	lw	r1,(r30)
 1457  00002064  8fc2fff4	lw	r2,-12(r30)
 1458  00002068  90210000	lbu	r1,(r1)
 1459  0000206c  90420000	lbu	r2,(r2)
 1460  00002070  00220828	seq	r1,r1,r2
 1461  00002074  10200010	beqz	r1,L51_LF2
 1462  00002078  54000000	nop; delay slot nop
 1463  0000207c  8fc10000	lw	r1,(r30)
 1464  00002080  08000030	j	L45_LF2
 1465  00002084  54000000	nop; delay slot nop
 1466  00002088          	L53_LF2:
 1467  00002088          	L51_LF2:
 1468  00002088  8fc2fff4	lw	r2,-12(r30)
 1469  0000208c  20410001	addi	r1,r2,#1
 1470  00002090  00011020	add	r2,r0,r1
 1471  00002094  afc2fff4	sw	-12(r30),r2
 1472  00002098  0bffffa8	j	L49_LF2
 1473  0000209c  54000000	nop; delay slot nop
 1474  000020a0          	L50_LF2:
 1475  000020a0  0bffff7c	j	L46_LF2
 1476  000020a4  54000000	nop; delay slot nop
 1477  000020a8          	L47_LF2:
 1478  000020a8  20010000	addi	r1,r0,#0
 1479  000020ac  08000004	j	L45_LF2
 1480  000020b0  54000000	nop; delay slot nop
 1481  000020b4          	L45_LF2:
 1482  000020b4  8fa20000	lw	r2,0(r29)
 1483  000020b8  8fdffff8	lw	r31,-8(r30)
 1484  000020bc  001ee820	add	r29,r0,r30
 1485  000020c0  8fdefffc	lw	r30,-4(r30)
 1486  000020c4  4be00000	jr	r31
 1487  000020c8  54000000	nop
 1488  000020cc          	.endproc _dmindex
 1489  000020cc          	.align 2
 1490  000020cc          	.proc _dindex
 1491  000020cc          	.global _dindex
 1492  000020cc          	_dindex:
 1493                      ;  Function 'dindex'; 0 bytes of locals, 1 regs to save.
 1494  000020cc  afbefffc	sw	-4(r29),r30; push fp
 1495  000020d0  001df020	add	r30,r0,r29; fp = sp
 1496  000020d4  afbffff8	sw	-8(r29),r31; push ret addr
 1497  000020d8  2fbd0010	subui	r29,r29,#16; alloc local storage
 1498  000020dc  afa20000	sw	0(r29),r2
 1499  000020e0  54000000	nop
 1500  000020e4          	L55_LF2:
 1501  000020e4  8fc10000	lw	r1,(r30)
 1502  000020e8  90220000	lbu	r2,(r1)
 1503  000020ec  64410000	snei	r1,r2,#0
 1504  000020f0  1420000c	bnez	r1,L57_LF2
 1505  000020f4  54000000	nop; delay slot nop
 1506  000020f8  08000040	j	L56_LF2
 1507  000020fc  54000000	nop; delay slot nop
 1508  00002100          	L57_LF2:
 1509  00002100  8fc10000	lw	r1,(r30)
 1510  00002104  90220000	lbu	r2,(r1)
 1511  00002108  8fc10004	lw	r1,4(r30)
 1512  0000210c  00411028	seq	r2,r2,r1
 1513  00002110  10400010	beqz	r2,L58_LF2
 1514  00002114  54000000	nop; delay slot nop
 1515  00002118  8fc10000	lw	r1,(r30)
 1516  0000211c  08000028	j	L54_LF2
 1517  00002120  54000000	nop; delay slot nop
 1518  00002124          	L58_LF2:
 1519  00002124  8fc20000	lw	r2,(r30)
 1520  00002128  20410001	addi	r1,r2,#1
 1521  0000212c  00011020	add	r2,r0,r1
 1522  00002130  afc20000	sw	(r30),r2
 1523  00002134  0bffffac	j	L55_LF2
 1524  00002138  54000000	nop; delay slot nop
 1525  0000213c          	L56_LF2:
 1526  0000213c  20010000	addi	r1,r0,#0
 1527  00002140  08000004	j	L54_LF2
 1528  00002144  54000000	nop; delay slot nop
 1529  00002148          	L54_LF2:
 1530  00002148  8fa20000	lw	r2,0(r29)
 1531  0000214c  8fdffff8	lw	r31,-8(r30)
 1532  00002150  001ee820	add	r29,r0,r30
 1533  00002154  8fdefffc	lw	r30,-4(r30)
 1534  00002158  4be00000	jr	r31
 1535  0000215c  54000000	nop
 1536  00002160          	.endproc _dindex
 1537  00002160          	.align 2
 1538  00002160          	.proc _ditoa
 1539  00002160          	.global _ditoa
 1540  00002160          	_ditoa:
 1541                      ;  Function 'ditoa'; 8 bytes of locals, 2 regs to save.
 1542  00002160  afbefffc	sw	-4(r29),r30; push fp
 1543  00002164  001df020	add	r30,r0,r29; fp = sp
 1544  00002168  afbffff8	sw	-8(r29),r31; push ret addr
 1545  0000216c  2fbd0018	subui	r29,r29,#24; alloc local storage
 1546  00002170  afa20000	sw	0(r29),r2
 1547  00002174  afa30004	sw	4(r29),r3
 1548  00002178  8fc10000	lw	r1,(r30)
 1549  0000217c  68220000	slti	r2,r1,#0
 1550  00002180  1040002c	beqz	r2,L60_LF2
 1551  00002184  54000000	nop; delay slot nop
 1552  00002188  8fc10004	lw	r1,4(r30)
 1553  0000218c  20220001	addi	r2,r1,#1
 1554  00002190  afc20004	sw	4(r30),r2
 1555  00002194  2002002d	addi	r2,r0,(#0x2d)&0xff
 1556  00002198  a0220000	sb	(r1),r2
 1557  0000219c  8fc10000	lw	r1,(r30)
 1558  000021a0  00011022	sub	r2,r0,r1
 1559  000021a4  afc20000	sw	(r30),r2
 1560  000021a8  08000118	j	L61_LF2
 1561  000021ac  54000000	nop; delay slot nop
 1562  000021b0          	L60_LF2:
 1563  000021b0  8fc10000	lw	r1,(r30)
 1564  000021b4  64220000	snei	r2,r1,#0
 1565  000021b8  14400020	bnez	r2,L62_LF2
 1566  000021bc  54000000	nop; delay slot nop
 1567  000021c0  8fc10004	lw	r1,4(r30)
 1568  000021c4  20220001	addi	r2,r1,#1
 1569  000021c8  afc20004	sw	4(r30),r2
 1570  000021cc  20020030	addi	r2,r0,(#0x30)&0xff
 1571  000021d0  a0220000	sb	(r1),r2
 1572  000021d4  080000ec	j	L61_LF2
 1573  000021d8  54000000	nop; delay slot nop
 1574  000021dc          	L62_LF2:
 1575  000021dc  20010001	addi	r1,r0,#1
 1576  000021e0  afc1fff4	sw	-12(r30),r1
 1577  000021e4          	L64_LF2:
 1578  000021e4  8fc1fff4	lw	r1,-12(r30)
 1579  000021e8  8fc20000	lw	r2,(r30)
 1580  000021ec  0022082c	sle	r1,r1,r2
 1581  000021f0  1420000c	bnez	r1,L66_LF2
 1582  000021f4  54000000	nop; delay slot nop
 1583  000021f8  08000024	j	L65_LF2
 1584  000021fc  54000000	nop; delay slot nop
 1585  00002200          	L67_LF2:
 1586  00002200          	L66_LF2:
 1587  00002200  8fc1fff4	lw	r1,-12(r30)
 1588  00002204  00011820	add	r3,r0,r1
 1589  00002208  50620002	slli	r2,r3,#0x2
 1590  0000220c  00411020	add	r2,r2,r1
 1591  00002210  50410001	slli	r1,r2,#0x1
 1592  00002214  afc1fff4	sw	-12(r30),r1
 1593  00002218  0bffffc8	j	L64_LF2
 1594  0000221c  54000000	nop; delay slot nop
 1595  00002220          	L65_LF2:
 1596  00002220  54000000	nop
 1597  00002224          	L68_LF2:
 1598  00002224  8fc1fff4	lw	r1,-12(r30)
 1599  00002228  2002000a	addi	r2,r0,#10
 1600  0000222c  00200035	movi2fp	f0,r1
 1601  00002230  00400835	movi2fp	f1,r2
 1602  00002234  0401000f	div	f0,f0,f1
 1603  00002238  00000834	movfp2i	r1,f0
 1604  0000223c  afc1fff4	sw	-12(r30),r1
 1605  00002240  8fc10004	lw	r1,4(r30)
 1606  00002244  20220001	addi	r2,r1,#1
 1607  00002248  afc20004	sw	4(r30),r2
 1608  0000224c  8fc20000	lw	r2,(r30)
 1609  00002250  8fc3fff4	lw	r3,-12(r30)
 1610  00002254  00400035	movi2fp	f0,r2
 1611  00002258  00600835	movi2fp	f1,r3
 1612  0000225c  0401000f	div	f0,f0,f1
 1613  00002260  00001034	movfp2i	r2,f0
 1614  00002264  00021820	add	r3,r0,r2
 1615  00002268  20620030	addi	r2,r3,#48
 1616  0000226c  a0220000	sb	(r1),r2
 1617  00002270  8fc10000	lw	r1,(r30)
 1618  00002274  8fc3fff4	lw	r3,-12(r30)
 1619  00002278  00200035	movi2fp	f0,r1
 1620  0000227c  00600835	movi2fp	f1,r3
 1621  00002280  0401000f	div	f0,f0,f1
 1622  00002284  00001034	movfp2i	r2,f0
 1623  00002288  8fc3fff4	lw	r3,-12(r30)
 1624  0000228c  00400035	movi2fp	f0,r2
 1625  00002290  00600835	movi2fp	f1,r3
 1626  00002294  0401000e	mult	f0,f0,f1
 1627  00002298  00001034	movfp2i	r2,f0
 1628  0000229c  00220822	sub	r1,r1,r2
 1629  000022a0  afc10000	sw	(r30),r1
 1630  000022a4          	L70_LF2:
 1631  000022a4  8fc1fff4	lw	r1,-12(r30)
 1632  000022a8  6c220001	sgti	r2,r1,#1
 1633  000022ac  1440000c	bnez	r2,L71_LF2
 1634  000022b0  54000000	nop; delay slot nop
 1635  000022b4  0800000c	j	L61_LF2
 1636  000022b8  54000000	nop; delay slot nop
 1637  000022bc          	L71_LF2:
 1638  000022bc  0bffff64	j	L68_LF2
 1639  000022c0  54000000	nop; delay slot nop
 1640  000022c4          	L69_LF2:
 1641  000022c4          	L63_LF2:
 1642  000022c4          	L61_LF2:
 1643  000022c4  8fc10004	lw	r1,4(r30)
 1644  000022c8  20020000	addi	r2,r0,(#0x0)&0xff
 1645  000022cc  a0220000	sb	(r1),r2
 1646  000022d0          	L59_LF2:
 1647  000022d0  8fa20000	lw	r2,0(r29)
 1648  000022d4  8fa30004	lw	r3,4(r29)
 1649  000022d8  8fdffff8	lw	r31,-8(r30)
 1650  000022dc  001ee820	add	r29,r0,r30
 1651  000022e0  8fdefffc	lw	r30,-4(r30)
 1652  000022e4  4be00000	jr	r31
 1653  000022e8  54000000	nop
 1654  000022ec          	.endproc _ditoa
 1655  000022ec          	.align 2
 1656  000022ec          	.proc _dstrtol
 1657  000022ec          	.global _dstrtol
 1658  000022ec          	_dstrtol:
 1659                      ;  Function 'dstrtol'; 16 bytes of locals, 1 regs to save.
 1660  000022ec  afbefffc	sw	-4(r29),r30; push fp
 1661  000022f0  001df020	add	r30,r0,r29; fp = sp
 1662  000022f4  afbffff8	sw	-8(r29),r31; push ret addr
 1663  000022f8  2fbd0020	subui	r29,r29,#32; alloc local storage
 1664  000022fc  afa20000	sw	0(r29),r2
 1665  00002300  20010000	addi	r1,r0,#0
 1666  00002304  afc1fff4	sw	-12(r30),r1
 1667  00002308          	L73_LF2:
 1668  00002308  8fc10000	lw	r1,(r30)
 1669  0000230c  90220000	lbu	r2,(r1)
 1670  00002310  60410020	seqi	r1,r2,#32
 1671  00002314  14200034	bnez	r1,L75_LF2
 1672  00002318  54000000	nop; delay slot nop
 1673  0000231c  8fc10000	lw	r1,(r30)
 1674  00002320  90220000	lbu	r2,(r1)
 1675  00002324  60410009	seqi	r1,r2,#9
 1676  00002328  14200020	bnez	r1,L75_LF2
 1677  0000232c  54000000	nop; delay slot nop
 1678  00002330  8fc10000	lw	r1,(r30)
 1679  00002334  90220000	lbu	r2,(r1)
 1680  00002338  6041000a	seqi	r1,r2,#10
 1681  0000233c  1420000c	bnez	r1,L75_LF2
 1682  00002340  54000000	nop; delay slot nop
 1683  00002344  0800001c	j	L74_LF2
 1684  00002348  54000000	nop; delay slot nop
 1685  0000234c          	L75_LF2:
 1686  0000234c  8fc20000	lw	r2,(r30)
 1687  00002350  20410001	addi	r1,r2,#1
 1688  00002354  00011020	add	r2,r0,r1
 1689  00002358  afc20000	sw	(r30),r2
 1690  0000235c  0bffffa8	j	L73_LF2
 1691  00002360  54000000	nop; delay slot nop
 1692  00002364          	L74_LF2:
 1693  00002364  8fc10004	lw	r1,4(r30)
 1694  00002368  64220000	snei	r2,r1,#0
 1695  0000236c  10400010	beqz	r2,L76_LF2
 1696  00002370  54000000	nop; delay slot nop
 1697  00002374  8fc10004	lw	r1,4(r30)
 1698  00002378  8fc20000	lw	r2,(r30)
 1699  0000237c  ac220000	sw	(r1),r2
 1700  00002380          	L76_LF2:
 1701  00002380  8fc10000	lw	r1,(r30)
 1702  00002384  90220000	lbu	r2,(r1)
 1703  00002388  64410000	snei	r1,r2,#0
 1704  0000238c  14200010	bnez	r1,L77_LF2
 1705  00002390  54000000	nop; delay slot nop
 1706  00002394  8fc1fff4	lw	r1,-12(r30)
 1707  00002398  08000294	j	L72_LF2
 1708  0000239c  54000000	nop; delay slot nop
 1709  000023a0          	L77_LF2:
 1710  000023a0  8fc10000	lw	r1,(r30)
 1711  000023a4  90220000	lbu	r2,(r1)
 1712  000023a8  6041002d	seqi	r1,r2,#45
 1713  000023ac  10200024	beqz	r1,L78_LF2
 1714  000023b0  54000000	nop; delay slot nop
 1715  000023b4  2001ffff	addi	r1,r0,#-1
 1716  000023b8  afc1ffec	sw	-20(r30),r1
 1717  000023bc  8fc20000	lw	r2,(r30)
 1718  000023c0  20410001	addi	r1,r2,#1
 1719  000023c4  00011020	add	r2,r0,r1
 1720  000023c8  afc20000	sw	(r30),r2
 1721  000023cc  0800000c	j	L79_LF2
 1722  000023d0  54000000	nop; delay slot nop
 1723  000023d4          	L78_LF2:
 1724  000023d4  20010001	addi	r1,r0,#1
 1725  000023d8  afc1ffec	sw	-20(r30),r1
 1726  000023dc          	L79_LF2:
 1727  000023dc  8fc10008	lw	r1,8(r30)
 1728  000023e0  64220000	snei	r2,r1,#0
 1729  000023e4  14400090	bnez	r2,L80_LF2
 1730  000023e8  54000000	nop; delay slot nop
 1731  000023ec  8fc10000	lw	r1,(r30)
 1732  000023f0  90220000	lbu	r2,(r1)
 1733  000023f4  60410030	seqi	r1,r2,#48
 1734  000023f8  10200074	beqz	r1,L81_LF2
 1735  000023fc  54000000	nop; delay slot nop
 1736  00002400  8fc20000	lw	r2,(r30)
 1737  00002404  20410001	addi	r1,r2,#1
 1738  00002408  00011020	add	r2,r0,r1
 1739  0000240c  afc20000	sw	(r30),r2
 1740  00002410  8fc10000	lw	r1,(r30)
 1741  00002414  90220000	lbu	r2,(r1)
 1742  00002418  60410078	seqi	r1,r2,#120
 1743  0000241c  14200020	bnez	r1,L83_LF2
 1744  00002420  54000000	nop; delay slot nop
 1745  00002424  8fc10000	lw	r1,(r30)
 1746  00002428  90220000	lbu	r2,(r1)
 1747  0000242c  60410058	seqi	r1,r2,#88
 1748  00002430  1420000c	bnez	r1,L83_LF2
 1749  00002434  54000000	nop; delay slot nop
 1750  00002438  08000024	j	L82_LF2
 1751  0000243c  54000000	nop; delay slot nop
 1752  00002440          	L83_LF2:
 1753  00002440  20010010	addi	r1,r0,#16
 1754  00002444  afc10008	sw	8(r30),r1
 1755  00002448  8fc20000	lw	r2,(r30)
 1756  0000244c  20410001	addi	r1,r2,#1
 1757  00002450  00011020	add	r2,r0,r1
 1758  00002454  afc20000	sw	(r30),r2
 1759  00002458  0800000c	j	L84_LF2
 1760  0000245c  54000000	nop; delay slot nop
 1761  00002460          	L82_LF2:
 1762  00002460  20010008	addi	r1,r0,#8
 1763  00002464  afc10008	sw	8(r30),r1
 1764  00002468          	L84_LF2:
 1765  00002468  0800000c	j	L80_LF2
 1766  0000246c  54000000	nop; delay slot nop
 1767  00002470          	L81_LF2:
 1768  00002470  2001000a	addi	r1,r0,#10
 1769  00002474  afc10008	sw	8(r30),r1
 1770  00002478          	L85_LF2:
 1771  00002478          	L80_LF2:
 1772  00002478  8fc10008	lw	r1,8(r30)
 1773  0000247c  70220000	slei	r2,r1,#0
 1774  00002480  1440001c	bnez	r2,L87_LF2
 1775  00002484  54000000	nop; delay slot nop
 1776  00002488  8fc10008	lw	r1,8(r30)
 1777  0000248c  6c220010	sgti	r2,r1,#16
 1778  00002490  1440000c	bnez	r2,L87_LF2
 1779  00002494  54000000	nop; delay slot nop
 1780  00002498  08000010	j	L86_LF2
 1781  0000249c  54000000	nop; delay slot nop
 1782  000024a0          	L87_LF2:
 1783  000024a0  8fc1fff4	lw	r1,-12(r30)
 1784  000024a4  08000188	j	L72_LF2
 1785  000024a8  54000000	nop; delay slot nop
 1786  000024ac          	L86_LF2:
 1787  000024ac  54000000	nop
 1788  000024b0          	L88_LF2:
 1789  000024b0  8fc10000	lw	r1,(r30)
 1790  000024b4  90220000	lbu	r2,(r1)
 1791  000024b8  6c41002f	sgtui	r1,r2,#47
 1792  000024bc  10200030	beqz	r1,L91_LF2
 1793  000024c0  54000000	nop; delay slot nop
 1794  000024c4  8fc10000	lw	r1,(r30)
 1795  000024c8  90220000	lbu	r2,(r1)
 1796  000024cc  70410039	sleui	r1,r2,#57
 1797  000024d0  1020001c	beqz	r1,L91_LF2
 1798  000024d4  54000000	nop; delay slot nop
 1799  000024d8  8fc10000	lw	r1,(r30)
 1800  000024dc  90220000	lbu	r2,(r1)
 1801  000024e0  2041ffd0	addi	r1,r2,#-48
 1802  000024e4  afc1fff0	sw	-16(r30),r1
 1803  000024e8  0800008c	j	L92_LF2
 1804  000024ec  54000000	nop; delay slot nop
 1805  000024f0          	L91_LF2:
 1806  000024f0  8fc10000	lw	r1,(r30)
 1807  000024f4  90220000	lbu	r2,(r1)
 1808  000024f8  6c410060	sgtui	r1,r2,#96
 1809  000024fc  10200030	beqz	r1,L93_LF2
 1810  00002500  54000000	nop; delay slot nop
 1811  00002504  8fc10000	lw	r1,(r30)
 1812  00002508  90220000	lbu	r2,(r1)
 1813  0000250c  7041007a	sleui	r1,r2,#122
 1814  00002510  1020001c	beqz	r1,L93_LF2
 1815  00002514  54000000	nop; delay slot nop
 1816  00002518  8fc10000	lw	r1,(r30)
 1817  0000251c  90220000	lbu	r2,(r1)
 1818  00002520  2041ffa9	addi	r1,r2,#-87
 1819  00002524  afc1fff0	sw	-16(r30),r1
 1820  00002528  0800004c	j	L92_LF2
 1821  0000252c  54000000	nop; delay slot nop
 1822  00002530          	L93_LF2:
 1823  00002530  8fc10000	lw	r1,(r30)
 1824  00002534  90220000	lbu	r2,(r1)
 1825  00002538  6c410040	sgtui	r1,r2,#64
 1826  0000253c  10200030	beqz	r1,L95_LF2
 1827  00002540  54000000	nop; delay slot nop
 1828  00002544  8fc10000	lw	r1,(r30)
 1829  00002548  90220000	lbu	r2,(r1)
 1830  0000254c  7041005a	sleui	r1,r2,#90
 1831  00002550  1020001c	beqz	r1,L95_LF2
 1832  00002554  54000000	nop; delay slot nop
 1833  00002558  8fc10000	lw	r1,(r30)
 1834  0000255c  90220000	lbu	r2,(r1)
 1835  00002560  2041ffc9	addi	r1,r2,#-55
 1836  00002564  afc1fff0	sw	-16(r30),r1
 1837  00002568  0800000c	j	L92_LF2
 1838  0000256c  54000000	nop; delay slot nop
 1839  00002570          	L95_LF2:
 1840  00002570  200103e8	addi	r1,r0,#1000
 1841  00002574  afc1fff0	sw	-16(r30),r1
 1842  00002578          	L96_LF2:
 1843  00002578          	L94_LF2:
 1844  00002578          	L92_LF2:
 1845  00002578  8fc1fff0	lw	r1,-16(r30)
 1846  0000257c  8fc20008	lw	r2,8(r30)
 1847  00002580  0022082a	slt	r1,r1,r2
 1848  00002584  10200040	beqz	r1,L90_LF2
 1849  00002588  54000000	nop; delay slot nop
 1850  0000258c  8fc1fff4	lw	r1,-12(r30)
 1851  00002590  8fc20008	lw	r2,8(r30)
 1852  00002594  00200035	movi2fp	f0,r1
 1853  00002598  00400835	movi2fp	f1,r2
 1854  0000259c  0401000e	mult	f0,f0,f1
 1855  000025a0  00000834	movfp2i	r1,f0
 1856  000025a4  afc1fff4	sw	-12(r30),r1
 1857  000025a8  8fc1fff4	lw	r1,-12(r30)
 1858  000025ac  8fc2fff0	lw	r2,-16(r30)
 1859  000025b0  00220820	add	r1,r1,r2
 1860  000025b4  afc1fff4	sw	-12(r30),r1
 1861  000025b8  8fc20000	lw	r2,(r30)
 1862  000025bc  20410001	addi	r1,r2,#1
 1863  000025c0  00011020	add	r2,r0,r1
 1864  000025c4  afc20000	sw	(r30),r2
 1865  000025c8          	L97_LF2:
 1866  000025c8          	L90_LF2:
 1867  000025c8  8fc1fff0	lw	r1,-16(r30)
 1868  000025cc  8fc20008	lw	r2,8(r30)
 1869  000025d0  0022082a	slt	r1,r1,r2
 1870  000025d4  1420000c	bnez	r1,L98_LF2
 1871  000025d8  54000000	nop; delay slot nop
 1872  000025dc  0800000c	j	L89_LF2
 1873  000025e0  54000000	nop; delay slot nop
 1874  000025e4          	L98_LF2:
 1875  000025e4  0bfffec8	j	L88_LF2
 1876  000025e8  54000000	nop; delay slot nop
 1877  000025ec          	L89_LF2:
 1878  000025ec  8fc10004	lw	r1,4(r30)
 1879  000025f0  64220000	snei	r2,r1,#0
 1880  000025f4  10400010	beqz	r2,L99_LF2
 1881  000025f8  54000000	nop; delay slot nop
 1882  000025fc  8fc10004	lw	r1,4(r30)
 1883  00002600  8fc20000	lw	r2,(r30)
 1884  00002604  ac220000	sw	(r1),r2
 1885  00002608          	L99_LF2:
 1886  00002608  8fc1fff4	lw	r1,-12(r30)
 1887  0000260c  8fc2ffec	lw	r2,-20(r30)
 1888  00002610  00200035	movi2fp	f0,r1
 1889  00002614  00400835	movi2fp	f1,r2
 1890  00002618  0401000e	mult	f0,f0,f1
 1891  0000261c  00000834	movfp2i	r1,f0
 1892  00002620  afc1fff4	sw	-12(r30),r1
 1893  00002624  8fc1fff4	lw	r1,-12(r30)
 1894  00002628  08000004	j	L72_LF2
 1895  0000262c  54000000	nop; delay slot nop
 1896  00002630          	L72_LF2:
 1897  00002630  8fa20000	lw	r2,0(r29)
 1898  00002634  8fdffff8	lw	r31,-8(r30)
 1899  00002638  001ee820	add	r29,r0,r30
 1900  0000263c  8fdefffc	lw	r30,-4(r30)
 1901  00002640  4be00000	jr	r31
 1902  00002644  54000000	nop
 1903  00002648          	.endproc _dstrtol
 1904  00002648          	.align 2
 1905  00002648          	.proc _bcopy
 1906  00002648          	.global _bcopy
 1907  00002648          	_bcopy:
 1908                      ;  Function 'bcopy'; 0 bytes of locals, 2 regs to save.
 1909  00002648  afbefffc	sw	-4(r29),r30; push fp
 1910  0000264c  001df020	add	r30,r0,r29; fp = sp
 1911  00002650  afbffff8	sw	-8(r29),r31; push ret addr
 1912  00002654  2fbd0010	subui	r29,r29,#16; alloc local storage
 1913  00002658  afa20000	sw	0(r29),r2
 1914  0000265c  afa30004	sw	4(r29),r3
 1915  00002660  54000000	nop
 1916  00002664          	L101_LF2:
 1917  00002664  8fc10008	lw	r1,8(r30)
 1918  00002668  2022ffff	addi	r2,r1,#-1
 1919  0000266c  afc20008	sw	8(r30),r2
 1920  00002670  6c210000	sgti	r1,r1,#0
 1921  00002674  1420000c	bnez	r1,L103_LF2
 1922  00002678  54000000	nop; delay slot nop
 1923  0000267c  0800002c	j	L102_LF2
 1924  00002680  54000000	nop; delay slot nop
 1925  00002684          	L103_LF2:
 1926  00002684  8fc10004	lw	r1,4(r30)
 1927  00002688  20220001	addi	r2,r1,#1
 1928  0000268c  afc20004	sw	4(r30),r2
 1929  00002690  8fc20000	lw	r2,(r30)
 1930  00002694  20430001	addi	r3,r2,#1
 1931  00002698  afc30000	sw	(r30),r3
 1932  0000269c  80420000	lb	r2,(r2)
 1933  000026a0  a0220000	sb	(r1),r2
 1934  000026a4  0bffffbc	j	L101_LF2
 1935  000026a8  54000000	nop; delay slot nop
 1936  000026ac          	L102_LF2:
 1937  000026ac          	L100_LF2:
 1938  000026ac  8fa20000	lw	r2,0(r29)
 1939  000026b0  8fa30004	lw	r3,4(r29)
 1940  000026b4  8fdffff8	lw	r31,-8(r30)
 1941  000026b8  001ee820	add	r29,r0,r30
 1942  000026bc  8fdefffc	lw	r30,-4(r30)
 1943  000026c0  4be00000	jr	r31
 1944  000026c4  54000000	nop
 1945  000026c8          	.endproc _bcopy
 1946  000026c8          	.align 2
 1947  000026c8          	.proc _bzero
 1948  000026c8          	.global _bzero
 1949  000026c8          	_bzero:
 1950                      ;  Function 'bzero'; 0 bytes of locals, 1 regs to save.
 1951  000026c8  afbefffc	sw	-4(r29),r30; push fp
 1952  000026cc  001df020	add	r30,r0,r29; fp = sp
 1953  000026d0  afbffff8	sw	-8(r29),r31; push ret addr
 1954  000026d4  2fbd0010	subui	r29,r29,#16; alloc local storage
 1955  000026d8  afa20000	sw	0(r29),r2
 1956  000026dc  54000000	nop
 1957  000026e0          	L105_LF2:
 1958  000026e0  8fc10004	lw	r1,4(r30)
 1959  000026e4  2022ffff	addi	r2,r1,#-1
 1960  000026e8  afc20004	sw	4(r30),r2
 1961  000026ec  6c210000	sgti	r1,r1,#0
 1962  000026f0  1420000c	bnez	r1,L107_LF2
 1963  000026f4  54000000	nop; delay slot nop
 1964  000026f8  08000020	j	L106_LF2
 1965  000026fc  54000000	nop; delay slot nop
 1966  00002700          	L107_LF2:
 1967  00002700  8fc10000	lw	r1,(r30)
 1968  00002704  20220001	addi	r2,r1,#1
 1969  00002708  afc20000	sw	(r30),r2
 1970  0000270c  20020000	addi	r2,r0,(#0x0)&0xff
 1971  00002710  a0220000	sb	(r1),r2
 1972  00002714  0bffffc8	j	L105_LF2
 1973  00002718  54000000	nop; delay slot nop
 1974  0000271c          	L106_LF2:
 1975  0000271c          	L104_LF2:
 1976  0000271c  8fa20000	lw	r2,0(r29)
 1977  00002720  8fdffff8	lw	r31,-8(r30)
 1978  00002724  001ee820	add	r29,r0,r30
 1979  00002728  8fdefffc	lw	r30,-4(r30)
 1980  0000272c  4be00000	jr	r31
 1981  00002730  54000000	nop
 1982  00002734          	.endproc _bzero
 1983  00002734          	.align 2
 1984  00002734          	.proc _min
 1985  00002734          	.global _min
 1986  00002734          	_min:
 1987                      ;  Function 'min'; 0 bytes of locals, 2 regs to save.
 1988  00002734  afbefffc	sw	-4(r29),r30; push fp
 1989  00002738  001df020	add	r30,r0,r29; fp = sp
 1990  0000273c  afbffff8	sw	-8(r29),r31; push ret addr
 1991  00002740  2fbd0010	subui	r29,r29,#16; alloc local storage
 1992  00002744  afa20000	sw	0(r29),r2
 1993  00002748  afa30004	sw	4(r29),r3
 1994  0000274c  8fc10000	lw	r1,(r30)
 1995  00002750  8fc20004	lw	r2,4(r30)
 1996  00002754  0022182c	sle	r3,r1,r2
 1997  00002758  14600008	bnez	r3,L109_LF2
 1998  0000275c  54000000	nop; delay slot nop
 1999  00002760  8fc10004	lw	r1,4(r30)
 2000  00002764          	L109_LF2:
 2001  00002764  08000004	j	L108_LF2
 2002  00002768  54000000	nop; delay slot nop
 2003  0000276c          	L108_LF2:
 2004  0000276c  8fa20000	lw	r2,0(r29)
 2005  00002770  8fa30004	lw	r3,4(r29)
 2006  00002774  8fdffff8	lw	r31,-8(r30)
 2007  00002778  001ee820	add	r29,r0,r30
 2008  0000277c  8fdefffc	lw	r30,-4(r30)
 2009  00002780  4be00000	jr	r31
 2010  00002784  54000000	nop
 2011  00002788          	.endproc _min
 2012  00002788          	.align 2
 2013  00002788          	.proc _max
 2014  00002788          	.global _max
 2015  00002788          	_max:
 2016                      ;  Function 'max'; 0 bytes of locals, 2 regs to save.
 2017  00002788  afbefffc	sw	-4(r29),r30; push fp
 2018  0000278c  001df020	add	r30,r0,r29; fp = sp
 2019  00002790  afbffff8	sw	-8(r29),r31; push ret addr
 2020  00002794  2fbd0010	subui	r29,r29,#16; alloc local storage
 2021  00002798  afa20000	sw	0(r29),r2
 2022  0000279c  afa30004	sw	4(r29),r3
 2023  000027a0  8fc10000	lw	r1,(r30)
 2024  000027a4  8fc20004	lw	r2,4(r30)
 2025  000027a8  0022182d	sge	r3,r1,r2
 2026  000027ac  14600008	bnez	r3,L111_LF2
 2027  000027b0  54000000	nop; delay slot nop
 2028  000027b4  8fc10004	lw	r1,4(r30)
 2029  000027b8          	L111_LF2:
 2030  000027b8  08000004	j	L110_LF2
 2031  000027bc  54000000	nop; delay slot nop
 2032  000027c0          	L110_LF2:
 2033  000027c0  8fa20000	lw	r2,0(r29)
 2034  000027c4  8fa30004	lw	r3,4(r29)
 2035  000027c8  8fdffff8	lw	r31,-8(r30)
 2036  000027cc  001ee820	add	r29,r0,r30
 2037  000027d0  8fdefffc	lw	r30,-4(r30)
 2038  000027d4  4be00000	jr	r31
 2039  000027d8  54000000	nop
 2040  000027dc          	.endproc _max
 2041                      ;;; Ethan L. Miller, 1999.  Released to the public domain
 2042                      ;;;
 2043                      ;;; Most of the traps are called in files from libtraps.
 2046  000027dc          	.align 2
 2047  000027dc          	.proc _exit
 2048  000027dc          	.global _exit
 2049  000027dc          	_exit:
 2050  000027dc  44000300	trap	#0x300
 2051  000027e0  4be00000	jr	r31
 2052  000027e4  54000000	nop
 2053  000027e8          	.endproc _exit
 2055                      ; for the benefit of gcc.
 2056  000027e8          	.proc ___main
 2057  000027e8          	.global ___main
 2058  000027e8          	___main:
 2059  000027e8  4be00000	jr	r31
 2060  000027ec  54000000	nop
 2061  000027f0          	.endproc ___main
 2062  000027f0          	.text
 2063  000027f0          	.global _etext
 2064  000027f0          	_etext:
 2065  000027f0          	.align 3
 2066  000027f0          	.data
 2067  0000329b          	.global _edata
 2068  0000329b          	_edata:
