 line   address	contents
    1                      ; Linked by DLX-LD.
    2                      ; MemSize 24576
    3                      ; Data size: 310
    4                      ; Text size: 4704
    5                      ; Stack size: 8192
    6  00000000          	.text 0x1000
    7  00001000          	.data 0x3000
    8                      ; Compiled by GCC
    9  00003000          	.text
   10  00001000          	.align 2
   11  00001000          	.proc _isspace
   12  00001000          	.global _isspace
   13  00001000          	_isspace:
   14                      ;  Function 'isspace'; 0 bytes of locals, 1 regs to save.
   15  00001000  afbefffc	sw	-4(r29),r30; push fp
   16  00001004  001df020	add	r30,r0,r29; fp = sp
   17  00001008  afbffff8	sw	-8(r29),r31; push ret addr
   18  0000100c  2fbd0010	subui	r29,r29,#16; alloc local storage
   19  00001010  afa20000	sw	0(r29),r2
   20  00001014  83c20003	lb	r2,3(r30)
   21  00001018  201f0000	addi	r31,r0,#0
   22  0000101c  304100ff	andi	r1,r2,#0x00ff
   23  00001020  60210020	seqi	r1,r1,#32
   24  00001024  14200018	bnez	r1,L6_LF0
   25  00001028  54000000	nop; not filled.
   26  0000102c  2041fff7	addi	r1,r2,#-9
   27  00001030  302100ff	andi	r1,r1,#0x00ff
   28  00001034  70210001	sleui	r1,r1,#1
   29  00001038  10200008	beqz	r1,L5_LF0
   30  0000103c  54000000	nop; not filled.
   31  00001040          	L6_LF0:
   32  00001040  201f0001	addi	r31,r0,#1
   33  00001044          	L5_LF0:
   34  00001044  001f0820	add	r1,r0,r31
   35  00001048  8fa20000	lw	r2,0(r29)
   36  0000104c  8fdffff8	lw	r31,-8(r30)
   37  00001050  001ee820	add	r29,r0,r30
   38  00001054  8fdefffc	lw	r30,-4(r30)
   39  00001058  4be00000	jr	r31
   40  0000105c  54000000	nop
   41  00001060          	.endproc _isspace
   42  00001060          	.align 2
   43  00001060          	.proc _isxdigit
   44  00001060          	.global _isxdigit
   45  00001060          	_isxdigit:
   46                      ;  Function 'isxdigit'; 0 bytes of locals, 1 regs to save.
   47  00001060  afbefffc	sw	-4(r29),r30; push fp
   48  00001064  001df020	add	r30,r0,r29; fp = sp
   49  00001068  afbffff8	sw	-8(r29),r31; push ret addr
   50  0000106c  2fbd0010	subui	r29,r29,#16; alloc local storage
   51  00001070  afa20000	sw	0(r29),r2
   52  00001074  83df0003	lb	r31,3(r30)
   53  00001078  20020000	addi	r2,r0,#0
   54  0000107c  23e1ffd0	addi	r1,r31,#-48
   55  00001080  302100ff	andi	r1,r1,#0x00ff
   56  00001084  70210009	sleui	r1,r1,#9
   57  00001088  14200028	bnez	r1,L12_LF0
   58  0000108c  54000000	nop; not filled.
   59  00001090  23e1ff9f	addi	r1,r31,#-97
   60  00001094  302100ff	andi	r1,r1,#0x00ff
   61  00001098  70210005	sleui	r1,r1,#5
   62  0000109c  14200014	bnez	r1,L12_LF0
   63  000010a0  54000000	nop; not filled.
   64  000010a4  33e100ff	andi	r1,r31,#0x00ff
   65  000010a8  64210041	snei	r1,r1,#65
   66  000010ac  14200008	bnez	r1,L11_LF0
   67  000010b0  54000000	nop; not filled.
   68  000010b4          	L12_LF0:
   69  000010b4  20020001	addi	r2,r0,#1
   70  000010b8          	L11_LF0:
   71  000010b8  00020820	add	r1,r0,r2
   72  000010bc  8fa20000	lw	r2,0(r29)
   73  000010c0  8fdffff8	lw	r31,-8(r30)
   74  000010c4  001ee820	add	r29,r0,r30
   75  000010c8  8fdefffc	lw	r30,-4(r30)
   76  000010cc  4be00000	jr	r31
   77  000010d0  54000000	nop
   78  000010d4          	.endproc _isxdigit
   79  000010d4          	.data
   80  00003000          	.align 2
   81  00003000          	LC0_LF0:
   82  00003000  55736167	.ascii "Usage: \000"
   82  00003004  653a2000	
   83  00003008          	.align 2
   84  00003008          	LC1_LF0:
   85  00003008  20546865	.ascii " The s2 injection process failed \n\000"
   85  0000300c  20733220	
   85  00003010  696e6a65	
   85  00003014  6374696f	
   85  00003018  6e207072	
   85  0000301c  6f636573	
   85  00003020  73206661	
   85  00003024  696c6564	
   85  00003028  200a00  	
   86  0000302b          	.align 2
   87  0000302c          	LC2_LF0:
   88  0000302c  4d617020	.ascii "Map failed in SO injection \n\000"
   88  00003030  6661696c	
   88  00003034  65642069	
   88  00003038  6e20534f	
   88  0000303c  20696e6a	
   88  00003040  65637469	
   88  00003044  6f6e200a	
   88  00003048  00      	
   89  00003049          	.align 2
   90  0000304c          	LC3_LF0:
   91  0000304c  4f70656e	.ascii "Open the CO mailbox failed, check the condition\n\000"
   91  00003050  20746865	
   91  00003054  20434f20	
   91  00003058  6d61696c	
   91  0000305c  626f7820	
   91  00003060  6661696c	
   91  00003064  65642c20	
   91  00003068  63686563	
   91  0000306c  6b207468	
   91  00003070  6520636f	
   91  00003074  6e646974	
   91  00003078  696f6e0a	
   91  0000307c  00      	
   92  0000307d          	.align 2
   93  00003080          	LC4_LF0:
   94  00003080  434f00  	.ascii "CO\000"
   95  00003083          	.align 2
   96  00003084          	LC5_LF0:
   97  00003084  496e6a65	.ascii "Injection C0 failed, current PID is %d \n\000"
   97  00003088  6374696f	
   97  0000308c  6e204330	
   97  00003090  20666169	
   97  00003094  6c65642c	
   97  00003098  20637572	
   97  0000309c  72656e74	
   97  000030a0  20504944	
   97  000030a4  20697320	
   97  000030a8  2564200a	
   97  000030ac  00      	
   98  000030ad          	.align 2
   99  000030b0          	LC6_LF0:
  100  000030b0  4661696c	.ascii "Failed to close s2 mailbox\000"
  100  000030b4  65642074	
  100  000030b8  6f20636c	
  100  000030bc  6f736520	
  100  000030c0  7332206d	
  100  000030c4  61696c62	
  100  000030c8  6f7800  	
  101  000030cb          	.align 2
  102  000030cc          	LC7_LF0:
  103  000030cc  434f2069	.ascii "CO injected into Radeon atmosphere, PID: %d\n\000"
  103  000030d0  6e6a6563	
  103  000030d4  74656420	
  103  000030d8  696e746f	
  103  000030dc  20526164	
  103  000030e0  656f6e20	
  103  000030e4  61746d6f	
  103  000030e8  73706865	
  103  000030ec  72652c20	
  103  000030f0  5049443a	
  103  000030f4  2025640a	
  103  000030f8  00      	
  104  000030f9          	.align 2
  105  000030fc          	LC8_LF0:
  106  000030fc  42616420	.ascii "Bad semaphore s_procs_completed (%d) in \000"
  106  00003100  73656d61	
  106  00003104  70686f72	
  106  00003108  6520735f	
  106  0000310c  70726f63	
  106  00003110  735f636f	
  106  00003114  6d706c65	
  106  00003118  74656420	
  106  0000311c  28256429	
  106  00003120  20696e20	
  106  00003124  00      	
  107  00003125          	.align 2
  108  00003128          	LC9_LF0:
  109  00003128  2c206578	.ascii ", exiting...\n\000"
  109  0000312c  6974696e	
  109  00003130  672e2e2e	
  109  00003134  0a00    	
  110  00003136          	.text
  111  000010d4          	.align 2
  112  000010d4          	.proc _main
  113  000010d4          	.global _main
  114  000010d4          	_main:
  115                      ;  Function 'main'; 0 bytes of locals, 0 regs to save.
  116  000010d4  afbefffc	sw	-4(r29),r30; push fp
  117  000010d8  001df020	add	r30,r0,r29; fp = sp
  118  000010dc  afbffff8	sw	-8(r29),r31; push ret addr
  119  000010e0  2fbd0008	subui	r29,r29,#8; alloc local storage
  120  000010e4  8fc20000	lw	r2,(r30)
  121  000010e8  8fc30004	lw	r3,4(r30)
  122  000010ec  0c001168	jal	___main
  123  000010f0  54000000	nop; not filled.
  124  000010f4  64410003	snei	r1,r2,#3
  125  000010f8  1020004c	beqz	r1,L14_LF0
  126  000010fc  54000000	nop; not filled.
  127  00001100  23bdfff8	addi	r29,r29,#-8
  128  00001104  3c050000	lhi	r5,((LC0_LF0)>>16)&0xffff
  129  00001108  24a53000	addui	r5,r5,(LC0_LF0)&0xffff
  130  0000110c  afa50000	sw	(r29),r5
  131  00001110  0c000294	jal	_Printf
  132  00001114  54000000	nop; not filled.
  133  00001118  8c650000	lw	r5,(r3)
  134  0000111c  afa50000	sw	(r29),r5
  135  00001120  0c000284	jal	_Printf
  136  00001124  54000000	nop; not filled.
  137  00001128  3c050000	lhi	r5,((LC1_LF0)>>16)&0xffff
  138  0000112c  24a53008	addui	r5,r5,(LC1_LF0)&0xffff
  139  00001130  afa50000	sw	(r29),r5
  140  00001134  0c000270	jal	_Printf
  141  00001138  54000000	nop; not filled.
  142  0000113c  0c000370	jal	_Exit
  143  00001140  54000000	nop; not filled.
  144  00001144  23bd0008	addi	r29,r29,#8
  145  00001148          	L14_LF0:
  146  00001148  23bdfff0	addi	r29,r29,#-16
  147  0000114c  8c650004	lw	r5,4(r3)
  148  00001150  afa50000	sw	(r29),r5
  149  00001154  20050000	addi	r5,r0,#0
  150  00001158  afa50004	sw	4(r29),r5
  151  0000115c  2005000a	addi	r5,r0,#10
  152  00001160  afa50008	sw	8(r29),r5
  153  00001164  0c000bf4	jal	_dstrtol
  154  00001168  54000000	nop; not filled.
  155  0000116c  00012020	add	r4,r0,r1
  156  00001170  8c650008	lw	r5,8(r3)
  157  00001174  afa50000	sw	(r29),r5
  158  00001178  20050000	addi	r5,r0,#0
  159  0000117c  afa50004	sw	4(r29),r5
  160  00001180  2005000a	addi	r5,r0,#10
  161  00001184  afa50008	sw	8(r29),r5
  162  00001188  0c000bd0	jal	_dstrtol
  163  0000118c  54000000	nop; not filled.
  164  00001190  afa10000	sw	(r29),r1
  165  00001194  0c000240	jal	_shmat
  166  00001198  54000000	nop; not filled.
  167  0000119c  00011020	add	r2,r0,r1
  168  000011a0  23bd0010	addi	r29,r29,#16
  169  000011a4  64410000	snei	r1,r2,#0
  170  000011a8  14200028	bnez	r1,L15_LF0
  171  000011ac  54000000	nop; not filled.
  172  000011b0  23bdfff8	addi	r29,r29,#-8
  173  000011b4  3c050000	lhi	r5,((LC2_LF0)>>16)&0xffff
  174  000011b8  24a5302c	addui	r5,r5,(LC2_LF0)&0xffff
  175  000011bc  afa50000	sw	(r29),r5
  176  000011c0  0c0001e4	jal	_Printf
  177  000011c4  54000000	nop; not filled.
  178  000011c8  0c0002e4	jal	_Exit
  179  000011cc  54000000	nop; not filled.
  180  000011d0  23bd0008	addi	r29,r29,#8
  181  000011d4          	L15_LF0:
  182  000011d4  23bdfff8	addi	r29,r29,#-8
  183  000011d8  8c450008	lw	r5,8(r2)
  184  000011dc  afa50000	sw	(r29),r5
  185  000011e0  0c000284	jal	_mbox_open
  186  000011e4  54000000	nop; not filled.
  187  000011e8  23bd0008	addi	r29,r29,#8
  188  000011ec  64210001	snei	r1,r1,#1
  189  000011f0  10200028	beqz	r1,L16_LF0
  190  000011f4  54000000	nop; not filled.
  191  000011f8  23bdfff8	addi	r29,r29,#-8
  192  000011fc  3c050000	lhi	r5,((LC3_LF0)>>16)&0xffff
  193  00001200  24a5304c	addui	r5,r5,(LC3_LF0)&0xffff
  194  00001204  afa50000	sw	(r29),r5
  195  00001208  0c00019c	jal	_Printf
  196  0000120c  54000000	nop; not filled.
  197  00001210  0c00029c	jal	_Exit
  198  00001214  54000000	nop; not filled.
  199  00001218  23bd0008	addi	r29,r29,#8
  200  0000121c          	L16_LF0:
  201  0000121c  23bdfff0	addi	r29,r29,#-16
  202  00001220  8c450008	lw	r5,8(r2)
  203  00001224  afa50000	sw	(r29),r5
  204  00001228  20050002	addi	r5,r0,#2
  205  0000122c  afa50004	sw	4(r29),r5
  206  00001230  3c050000	lhi	r5,((LC4_LF0)>>16)&0xffff
  207  00001234  24a53080	addui	r5,r5,(LC4_LF0)&0xffff
  208  00001238  afa50008	sw	8(r29),r5
  209  0000123c  0c000240	jal	_mbox_send
  210  00001240  54000000	nop; not filled.
  211  00001244  23bd0010	addi	r29,r29,#16
  212  00001248  64210001	snei	r1,r1,#1
  213  0000124c  10200034	beqz	r1,L17_LF0
  214  00001250  54000000	nop; not filled.
  215  00001254  0c00015c	jal	_getpid
  216  00001258  54000000	nop; not filled.
  217  0000125c  23bdfff8	addi	r29,r29,#-8
  218  00001260  3c050000	lhi	r5,((LC5_LF0)>>16)&0xffff
  219  00001264  24a53084	addui	r5,r5,(LC5_LF0)&0xffff
  220  00001268  afa50000	sw	(r29),r5
  221  0000126c  afa10004	sw	4(r29),r1
  222  00001270  0c000134	jal	_Printf
  223  00001274  54000000	nop; not filled.
  224  00001278  0c000234	jal	_Exit
  225  0000127c  54000000	nop; not filled.
  226  00001280  23bd0008	addi	r29,r29,#8
  227  00001284          	L17_LF0:
  228  00001284  23bdfff8	addi	r29,r29,#-8
  229  00001288  8c420008	lw	r2,8(r2)
  230  0000128c  afa20000	sw	(r29),r2
  231  00001290  0c0001e0	jal	_mbox_close
  232  00001294  54000000	nop; not filled.
  233  00001298  23bd0008	addi	r29,r29,#8
  234  0000129c  64210001	snei	r1,r1,#1
  235  000012a0  10200028	beqz	r1,L18_LF0
  236  000012a4  54000000	nop; not filled.
  237  000012a8  23bdfff8	addi	r29,r29,#-8
  238  000012ac  3c050000	lhi	r5,((LC6_LF0)>>16)&0xffff
  239  000012b0  24a530b0	addui	r5,r5,(LC6_LF0)&0xffff
  240  000012b4  afa50000	sw	(r29),r5
  241  000012b8  0c0000ec	jal	_Printf
  242  000012bc  54000000	nop; not filled.
  243  000012c0  0c0001ec	jal	_Exit
  244  000012c4  54000000	nop; not filled.
  245  000012c8  23bd0008	addi	r29,r29,#8
  246  000012cc          	L18_LF0:
  247  000012cc  0c0000e4	jal	_getpid
  248  000012d0  54000000	nop; not filled.
  249  000012d4  23bdfff8	addi	r29,r29,#-8
  250  000012d8  3c050000	lhi	r5,((LC7_LF0)>>16)&0xffff
  251  000012dc  24a530cc	addui	r5,r5,(LC7_LF0)&0xffff
  252  000012e0  afa50000	sw	(r29),r5
  253  000012e4  afa10004	sw	4(r29),r1
  254  000012e8  0c0000bc	jal	_Printf
  255  000012ec  54000000	nop; not filled.
  256  000012f0  afa40000	sw	(r29),r4
  257  000012f4  0c000104	jal	_sem_signal
  258  000012f8  54000000	nop; not filled.
  259  000012fc  23bd0008	addi	r29,r29,#8
  260  00001300  64210001	snei	r1,r1,#1
  261  00001304  10200050	beqz	r1,L19_LF0
  262  00001308  54000000	nop; not filled.
  263  0000130c  23bdfff8	addi	r29,r29,#-8
  264  00001310  3c050000	lhi	r5,((LC8_LF0)>>16)&0xffff
  265  00001314  24a530fc	addui	r5,r5,(LC8_LF0)&0xffff
  266  00001318  afa50000	sw	(r29),r5
  267  0000131c  afa40004	sw	4(r29),r4
  268  00001320  0c000084	jal	_Printf
  269  00001324  54000000	nop; not filled.
  270  00001328  8c630000	lw	r3,(r3)
  271  0000132c  afa30000	sw	(r29),r3
  272  00001330  0c000074	jal	_Printf
  273  00001334  54000000	nop; not filled.
  274  00001338  3c050000	lhi	r5,((LC9_LF0)>>16)&0xffff
  275  0000133c  24a53128	addui	r5,r5,(LC9_LF0)&0xffff
  276  00001340  afa50000	sw	(r29),r5
  277  00001344  0c000060	jal	_Printf
  278  00001348  54000000	nop; not filled.
  279  0000134c  0c000160	jal	_Exit
  280  00001350  54000000	nop; not filled.
  281  00001354  23bd0008	addi	r29,r29,#8
  282  00001358          	L19_LF0:
  283  00001358  0c000ef0	jal	_exit
  284  0000135c  54000000	nop
  285  00001360          	.endproc _main
  286                      ;;;
  287                      ;;; Stub functions for DLX traps.
  288                      ;;;
  289                      ;;; Ethan L. Miller, 1999.  Released to the public domain.
  290                      ;;;
  291                      ;;; The traps such as Open and Close
  292                      ;;; (note the capital letters) are for use by user programs.  The traps
  293                      ;;; with names such as open and close (lower case) are for use by the OS.
  294                      ;;;
  297  00001360          	.align 2
  299                      ;;; The following are the traps to be used by user-level programs
  300                      ;;;
  302  00001360          	.align 2
  303  00001360          	.proc _Open
  304  00001360          	.global _Open
  305  00001360          	_Open:
  306                      ;;; Note that trap #0x213 actually causes a trap vector in the OS of
  307                      ;;; 0x1213.  The same is true for other user traps.  Thus, a user trap
  308                      ;;; with trap #0x240 will result in a trap vector of 0x1240 in the OS.
  309  00001360  44000213	trap	#0x213
  310  00001364  4be00000	jr	r31
  311  00001368  54000000	nop
  312  0000136c          	.endproc _Open
  314  0000136c          	.proc _Close
  315  0000136c          	.global _Close
  316  0000136c          	_Close:
  317  0000136c  44000214	trap	#0x214
  318  00001370  4be00000	jr	r31
  319  00001374  54000000	nop
  320  00001378          	.endproc _Close
  322  00001378          	.proc _Read
  323  00001378          	.global _Read
  324  00001378          	_Read:
  325  00001378  44000210	trap	#0x210
  326  0000137c  4be00000	jr	r31
  327  00001380  54000000	nop
  328  00001384          	.endproc _Read
  330  00001384          	.proc _Write
  331  00001384          	.global _Write
  332  00001384          	_Write:
  333  00001384  44000211	trap	#0x211
  334  00001388  4be00000	jr	r31
  335  0000138c  54000000	nop
  336  00001390          	.endproc _Write
  338  00001390          	.proc _Lseek
  339  00001390          	.global _Lseek
  340  00001390          	_Lseek:
  341  00001390  44000212	trap	#0x212
  342  00001394  4be00000	jr	r31
  343  00001398  54000000	nop
  344  0000139c          	.endproc _Lseek
  346  0000139c          	.proc _Putchar
  347  0000139c          	.global _Putchar
  348  0000139c          	_Putchar:
  349  0000139c  44000280	trap	#0x280
  350  000013a0  4be00000	jr	r31
  351  000013a4  54000000	nop
  352  000013a8          	.endproc _Putchar
  354  000013a8          	.proc _Printf
  355  000013a8          	.global _Printf
  356  000013a8          	_Printf:
  357  000013a8  44000201	trap	#0x201
  358  000013ac  4be00000	jr	r31
  359  000013b0  54000000	nop
  360  000013b4          	.endproc _Printf
  362  000013b4          	.proc _getpid
  363  000013b4          	.global _getpid
  364  000013b4          	_getpid:
  365  000013b4  44000431	trap	#0x431
  366  000013b8  4be00000	jr	r31
  367  000013bc  54000000	nop
  368  000013c0          	.endproc _getpid
  370  000013c0          	.proc _process_create
  371  000013c0          	.global _process_create
  372  000013c0          	_process_create:
  373  000013c0  44000432	trap	#0x432
  374  000013c4  4be00000	jr	r31
  375  000013c8  54000000	nop
  376  000013cc          	.endproc _process_create
  378  000013cc          	.proc _shmget
  379  000013cc          	.global _shmget
  380  000013cc          	_shmget:
  381  000013cc  44000440	trap	#0x440
  382  000013d0  4be00000	jr	r31
  383  000013d4  54000000	nop
  384  000013d8          	.endproc _shmget
  386  000013d8          	.proc _shmat
  387  000013d8          	.global _shmat
  388  000013d8          	_shmat:
  389  000013d8  44000441	trap	#0x441
  390  000013dc  4be00000	jr	r31
  391  000013e0  54000000	nop
  392  000013e4          	.endproc _shmat
  394  000013e4          	.proc _sem_create
  395  000013e4          	.global _sem_create
  396  000013e4          	_sem_create:
  397  000013e4  44000450	trap	#0x450
  398  000013e8  4be00000	jr	r31
  399  000013ec  54000000	nop
  400  000013f0          	.endproc _sem_create
  402  000013f0          	.proc _sem_wait
  403  000013f0          	.global _sem_wait
  404  000013f0          	_sem_wait:
  405  000013f0  44000451	trap	#0x451
  406  000013f4  4be00000	jr	r31
  407  000013f8  54000000	nop
  408  000013fc          	.endproc _sem_wait
  410  000013fc          	.proc _sem_signal
  411  000013fc          	.global _sem_signal
  412  000013fc          	_sem_signal:
  413  000013fc  44000452	trap	#0x452
  414  00001400  4be00000	jr	r31
  415  00001404  54000000	nop
  416  00001408          	.endproc _sem_signal
  418  00001408          	.proc _lock_create
  419  00001408          	.global _lock_create
  420  00001408          	_lock_create:
  421  00001408  44000453	trap	#0x453
  422  0000140c  4be00000	jr	r31
  423  00001410  54000000	nop
  424  00001414          	.endproc _lock_create
  426  00001414          	.proc _lock_acquire
  427  00001414          	.global _lock_acquire
  428  00001414          	_lock_acquire:
  429  00001414  44000454	trap	#0x454
  430  00001418  4be00000	jr	r31
  431  0000141c  54000000	nop
  432  00001420          	.endproc _lock_acquire
  434  00001420          	.proc _lock_release
  435  00001420          	.global _lock_release
  436  00001420          	_lock_release:
  437  00001420  44000455	trap	#0x455
  438  00001424  4be00000	jr	r31
  439  00001428  54000000	nop
  440  0000142c          	.endproc _lock_release
  442  0000142c          	.proc _cond_create
  443  0000142c          	.global _cond_create
  444  0000142c          	_cond_create:
  445  0000142c  44000456	trap	#0x456
  446  00001430  4be00000	jr	r31
  447  00001434  54000000	nop
  448  00001438          	.endproc _cond_create
  450  00001438          	.proc _cond_wait
  451  00001438          	.global _cond_wait
  452  00001438          	_cond_wait:
  453  00001438  44000457	trap	#0x457
  454  0000143c  4be00000	jr	r31
  455  00001440  54000000	nop
  456  00001444          	.endproc _cond_wait
  458  00001444          	.proc _cond_signal
  459  00001444          	.global _cond_signal
  460  00001444          	_cond_signal:
  461  00001444  44000458	trap	#0x458
  462  00001448  4be00000	jr	r31
  463  0000144c  54000000	nop
  464  00001450          	.endproc _cond_signal
  466  00001450          	.proc _cond_broadcast
  467  00001450          	.global _cond_broadcast
  468  00001450          	_cond_broadcast:
  469  00001450  44000459	trap	#0x459
  470  00001454  4be00000	jr	r31
  471  00001458  54000000	nop
  472  0000145c          	.endproc _cond_broadcast
  474  0000145c          	.proc _mbox_create
  475  0000145c          	.global _mbox_create
  476  0000145c          	_mbox_create:
  477  0000145c  44000460	trap	#0x460
  478  00001460  4be00000	jr	r31
  479  00001464  54000000	nop
  480  00001468          	.endproc _mbox_create
  482  00001468          	.proc _mbox_open
  483  00001468          	.global _mbox_open
  484  00001468          	_mbox_open:
  485  00001468  44000461	trap	#0x461
  486  0000146c  4be00000	jr	r31
  487  00001470  54000000	nop
  488  00001474          	.endproc _mbox_open
  490  00001474          	.proc _mbox_close
  491  00001474          	.global _mbox_close
  492  00001474          	_mbox_close:
  493  00001474  44000462	trap	#0x462
  494  00001478  4be00000	jr	r31
  495  0000147c  54000000	nop
  496  00001480          	.endproc _mbox_close
  498  00001480          	.proc _mbox_send
  499  00001480          	.global _mbox_send
  500  00001480          	_mbox_send:
  501  00001480  44000463	trap	#0x463
  502  00001484  4be00000	jr	r31
  503  00001488  54000000	nop
  504  0000148c          	.endproc _mbox_send
  506  0000148c          	.proc _mbox_recv
  507  0000148c          	.global _mbox_recv
  508  0000148c          	_mbox_recv:
  509  0000148c  44000464	trap	#0x464
  510  00001490  4be00000	jr	r31
  511  00001494  54000000	nop
  512  00001498          	.endproc _mbox_recv
  514  00001498          	.proc _sleep
  515  00001498          	.global _sleep
  516  00001498          	_sleep:
  517  00001498  44000465	trap	#0x465
  518  0000149c  4be00000	jr	r31
  519  000014a0  54000000	nop
  520  000014a4          	.endproc _sleep
  522  000014a4          	.proc _yield
  523  000014a4          	.global _yield
  524  000014a4          	_yield:
  525  000014a4  44000466	trap	#0x466
  526  000014a8  4be00000	jr	r31
  527  000014ac  54000000	nop
  528  000014b0          	.endproc _yield
  531  000014b0          	.proc _Exit
  532  000014b0          	.global _Exit
  533  000014b0          	_Exit:
  534  000014b0  44000500	trap	#0x500
  535  000014b4  4be00000	jr	r31
  536  000014b8  54000000	nop
  537  000014bc          	.endproc _Exit
  538                      ; Compiled by GCC
  540  000014bc          	.align 2
  541  000014bc          	.proc _isspace
  542  000014bc          	.global _isspace
  543  000014bc          	_isspace:
  544                      ;  Function 'isspace'; 0 bytes of locals, 3 regs to save.
  545  000014bc  afbefffc	sw	-4(r29),r30; push fp
  546  000014c0  001df020	add	r30,r0,r29; fp = sp
  547  000014c4  afbffff8	sw	-8(r29),r31; push ret addr
  548  000014c8  2fbd0018	subui	r29,r29,#24; alloc local storage
  549  000014cc  afa20000	sw	0(r29),r2
  550  000014d0  afa30004	sw	4(r29),r3
  551  000014d4  afa40008	sw	8(r29),r4
  552  000014d8  83c20003	lb	r2,3(r30)
  553  000014dc  20010000	addi	r1,r0,#0
  554  000014e0  304300ff	andi	r3,r2,#0x00ff
  555  000014e4  60640020	seqi	r4,r3,#32
  556  000014e8  1480002c	bnez	r4,L3_LF2
  557  000014ec  54000000	nop; delay slot nop
  558  000014f0  304300ff	andi	r3,r2,#0x00ff
  559  000014f4  60640009	seqi	r4,r3,#9
  560  000014f8  1480001c	bnez	r4,L3_LF2
  561  000014fc  54000000	nop; delay slot nop
  562  00001500  304300ff	andi	r3,r2,#0x00ff
  563  00001504  6064000a	seqi	r4,r3,#10
  564  00001508  1480000c	bnez	r4,L3_LF2
  565  0000150c  54000000	nop; delay slot nop
  566  00001510  08000008	j	L2_LF2
  567  00001514  54000000	nop; delay slot nop
  568  00001518          	L3_LF2:
  569  00001518  20010001	addi	r1,r0,#1
  570  0000151c          	L2_LF2:
  571  0000151c  08000004	j	L1_LF2
  572  00001520  54000000	nop; delay slot nop
  573  00001524          	L1_LF2:
  574  00001524  8fa20000	lw	r2,0(r29)
  575  00001528  8fa30004	lw	r3,4(r29)
  576  0000152c  8fa40008	lw	r4,8(r29)
  577  00001530  8fdffff8	lw	r31,-8(r30)
  578  00001534  001ee820	add	r29,r0,r30
  579  00001538  8fdefffc	lw	r30,-4(r30)
  580  0000153c  4be00000	jr	r31
  581  00001540  54000000	nop
  582  00001544          	.endproc _isspace
  583  00001544          	.align 2
  584  00001544          	.proc _isxdigit
  585  00001544          	.global _isxdigit
  586  00001544          	_isxdigit:
  587                      ;  Function 'isxdigit'; 0 bytes of locals, 3 regs to save.
  588  00001544  afbefffc	sw	-4(r29),r30; push fp
  589  00001548  001df020	add	r30,r0,r29; fp = sp
  590  0000154c  afbffff8	sw	-8(r29),r31; push ret addr
  591  00001550  2fbd0018	subui	r29,r29,#24; alloc local storage
  592  00001554  afa20000	sw	0(r29),r2
  593  00001558  afa30004	sw	4(r29),r3
  594  0000155c  afa40008	sw	8(r29),r4
  595  00001560  83c20003	lb	r2,3(r30)
  596  00001564  20010000	addi	r1,r0,#0
  597  00001568  304300ff	andi	r3,r2,#0x00ff
  598  0000156c  6c64002f	sgtui	r4,r3,#47
  599  00001570  1080001c	beqz	r4,L7_LF2
  600  00001574  54000000	nop; delay slot nop
  601  00001578  304300ff	andi	r3,r2,#0x00ff
  602  0000157c  70640039	sleui	r4,r3,#57
  603  00001580  1480005c	bnez	r4,L6_LF2
  604  00001584  54000000	nop; delay slot nop
  605  00001588  08000004	j	L7_LF2
  606  0000158c  54000000	nop; delay slot nop
  607  00001590          	L7_LF2:
  608  00001590  304300ff	andi	r3,r2,#0x00ff
  609  00001594  6c640060	sgtui	r4,r3,#96
  610  00001598  1080001c	beqz	r4,L8_LF2
  611  0000159c  54000000	nop; delay slot nop
  612  000015a0  304300ff	andi	r3,r2,#0x00ff
  613  000015a4  70640066	sleui	r4,r3,#102
  614  000015a8  14800034	bnez	r4,L6_LF2
  615  000015ac  54000000	nop; delay slot nop
  616  000015b0  08000004	j	L8_LF2
  617  000015b4  54000000	nop; delay slot nop
  618  000015b8          	L8_LF2:
  619  000015b8  304300ff	andi	r3,r2,#0x00ff
  620  000015bc  6c640040	sgtui	r4,r3,#64
  621  000015c0  10800020	beqz	r4,L5_LF2
  622  000015c4  54000000	nop; delay slot nop
  623  000015c8  304300ff	andi	r3,r2,#0x00ff
  624  000015cc  70640041	sleui	r4,r3,#65
  625  000015d0  1480000c	bnez	r4,L6_LF2
  626  000015d4  54000000	nop; delay slot nop
  627  000015d8  08000008	j	L5_LF2
  628  000015dc  54000000	nop; delay slot nop
  629  000015e0          	L6_LF2:
  630  000015e0  20010001	addi	r1,r0,#1
  631  000015e4          	L5_LF2:
  632  000015e4  08000004	j	L4_LF2
  633  000015e8  54000000	nop; delay slot nop
  634  000015ec          	L4_LF2:
  635  000015ec  8fa20000	lw	r2,0(r29)
  636  000015f0  8fa30004	lw	r3,4(r29)
  637  000015f4  8fa40008	lw	r4,8(r29)
  638  000015f8  8fdffff8	lw	r31,-8(r30)
  639  000015fc  001ee820	add	r29,r0,r30
  640  00001600  8fdefffc	lw	r30,-4(r30)
  641  00001604  4be00000	jr	r31
  642  00001608  54000000	nop
  643  0000160c          	.endproc _isxdigit
  644  0000160c          	.align 2
  645  0000160c          	.proc _dstrcpy
  646  0000160c          	.global _dstrcpy
  647  0000160c          	_dstrcpy:
  648                      ;  Function 'dstrcpy'; 8 bytes of locals, 2 regs to save.
  649  0000160c  afbefffc	sw	-4(r29),r30; push fp
  650  00001610  001df020	add	r30,r0,r29; fp = sp
  651  00001614  afbffff8	sw	-8(r29),r31; push ret addr
  652  00001618  2fbd0018	subui	r29,r29,#24; alloc local storage
  653  0000161c  afa20000	sw	0(r29),r2
  654  00001620  afa30004	sw	4(r29),r3
  655  00001624  8fc10000	lw	r1,(r30)
  656  00001628  afc1fff4	sw	-12(r30),r1
  657  0000162c          	L10_LF2:
  658  0000162c  8fc10000	lw	r1,(r30)
  659  00001630  20220001	addi	r2,r1,#1
  660  00001634  afc20000	sw	(r30),r2
  661  00001638  8fc20004	lw	r2,4(r30)
  662  0000163c  20430001	addi	r3,r2,#1
  663  00001640  afc30004	sw	4(r30),r3
  664  00001644  80420000	lb	r2,(r2)
  665  00001648  a0220000	sb	(r1),r2
  666  0000164c  a3c2fff3	sb	-13(r30),r2
  667  00001650          	L12_LF2:
  668  00001650  93c1fff3	lbu	r1,-13(r30)
  669  00001654  64220000	snei	r2,r1,#0
  670  00001658  1440000c	bnez	r2,L13_LF2
  671  0000165c  54000000	nop; delay slot nop
  672  00001660  0800000c	j	L11_LF2
  673  00001664  54000000	nop; delay slot nop
  674  00001668          	L13_LF2:
  675  00001668  0bffffc0	j	L10_LF2
  676  0000166c  54000000	nop; delay slot nop
  677  00001670          	L11_LF2:
  678  00001670  8fc1fff4	lw	r1,-12(r30)
  679  00001674  08000004	j	L9_LF2
  680  00001678  54000000	nop; delay slot nop
  681  0000167c          	L9_LF2:
  682  0000167c  8fa20000	lw	r2,0(r29)
  683  00001680  8fa30004	lw	r3,4(r29)
  684  00001684  8fdffff8	lw	r31,-8(r30)
  685  00001688  001ee820	add	r29,r0,r30
  686  0000168c  8fdefffc	lw	r30,-4(r30)
  687  00001690  4be00000	jr	r31
  688  00001694  54000000	nop
  689  00001698          	.endproc _dstrcpy
  690  00001698          	.align 2
  691  00001698          	.proc _dstrncpy
  692  00001698          	.global _dstrncpy
  693  00001698          	_dstrncpy:
  694                      ;  Function 'dstrncpy'; 8 bytes of locals, 2 regs to save.
  695  00001698  afbefffc	sw	-4(r29),r30; push fp
  696  0000169c  001df020	add	r30,r0,r29; fp = sp
  697  000016a0  afbffff8	sw	-8(r29),r31; push ret addr
  698  000016a4  2fbd0018	subui	r29,r29,#24; alloc local storage
  699  000016a8  afa20000	sw	0(r29),r2
  700  000016ac  afa30004	sw	4(r29),r3
  701  000016b0  8fc10000	lw	r1,(r30)
  702  000016b4  afc1fff4	sw	-12(r30),r1
  703  000016b8          	L15_LF2:
  704  000016b8  8fc10008	lw	r1,8(r30)
  705  000016bc  2022ffff	addi	r2,r1,#-1
  706  000016c0  afc20008	sw	8(r30),r2
  707  000016c4  70210000	slei	r1,r1,#0
  708  000016c8  1020000c	beqz	r1,L18_LF2
  709  000016cc  54000000	nop; delay slot nop
  710  000016d0  08000048	j	L16_LF2
  711  000016d4  54000000	nop; delay slot nop
  712  000016d8          	L18_LF2:
  713  000016d8  8fc10000	lw	r1,(r30)
  714  000016dc  20220001	addi	r2,r1,#1
  715  000016e0  afc20000	sw	(r30),r2
  716  000016e4  8fc20004	lw	r2,4(r30)
  717  000016e8  20430001	addi	r3,r2,#1
  718  000016ec  afc30004	sw	4(r30),r3
  719  000016f0  80420000	lb	r2,(r2)
  720  000016f4  a0220000	sb	(r1),r2
  721  000016f8  a3c2fff3	sb	-13(r30),r2
  722  000016fc          	L17_LF2:
  723  000016fc  93c1fff3	lbu	r1,-13(r30)
  724  00001700  64220000	snei	r2,r1,#0
  725  00001704  1440000c	bnez	r2,L19_LF2
  726  00001708  54000000	nop; delay slot nop
  727  0000170c  0800000c	j	L16_LF2
  728  00001710  54000000	nop; delay slot nop
  729  00001714          	L19_LF2:
  730  00001714  0bffffa0	j	L15_LF2
  731  00001718  54000000	nop; delay slot nop
  732  0000171c          	L16_LF2:
  733  0000171c  8fc1fff4	lw	r1,-12(r30)
  734  00001720  08000004	j	L14_LF2
  735  00001724  54000000	nop; delay slot nop
  736  00001728          	L14_LF2:
  737  00001728  8fa20000	lw	r2,0(r29)
  738  0000172c  8fa30004	lw	r3,4(r29)
  739  00001730  8fdffff8	lw	r31,-8(r30)
  740  00001734  001ee820	add	r29,r0,r30
  741  00001738  8fdefffc	lw	r30,-4(r30)
  742  0000173c  4be00000	jr	r31
  743  00001740  54000000	nop
  744  00001744          	.endproc _dstrncpy
  745  00001744          	.align 2
  746  00001744          	.proc _dstrcat
  747  00001744          	.global _dstrcat
  748  00001744          	_dstrcat:
  749                      ;  Function 'dstrcat'; 8 bytes of locals, 1 regs to save.
  750  00001744  afbefffc	sw	-4(r29),r30; push fp
  751  00001748  001df020	add	r30,r0,r29; fp = sp
  752  0000174c  afbffff8	sw	-8(r29),r31; push ret addr
  753  00001750  2fbd0018	subui	r29,r29,#24; alloc local storage
  754  00001754  afa20000	sw	0(r29),r2
  755  00001758  8fc10000	lw	r1,(r30)
  756  0000175c  afc1fff4	sw	-12(r30),r1
  757  00001760          	L21_LF2:
  758  00001760  8fc10000	lw	r1,(r30)
  759  00001764  90220000	lbu	r2,(r1)
  760  00001768  64410000	snei	r1,r2,#0
  761  0000176c  1420000c	bnez	r1,L23_LF2
  762  00001770  54000000	nop; delay slot nop
  763  00001774  0800001c	j	L22_LF2
  764  00001778  54000000	nop; delay slot nop
  765  0000177c          	L23_LF2:
  766  0000177c  8fc20000	lw	r2,(r30)
  767  00001780  20410001	addi	r1,r2,#1
  768  00001784  00011020	add	r2,r0,r1
  769  00001788  afc20000	sw	(r30),r2
  770  0000178c  0bffffd0	j	L21_LF2
  771  00001790  54000000	nop; delay slot nop
  772  00001794          	L22_LF2:
  773  00001794  23bdfff8	addi	r29,r29,#-8
  774  00001798  001d0820	add	r1,r0,r29
  775  0000179c  8fc20000	lw	r2,(r30)
  776  000017a0  ac220000	sw	(r1),r2
  777  000017a4  8fc20004	lw	r2,4(r30)
  778  000017a8  ac220004	sw	4(r1),r2
  779  000017ac  0ffffe5c	jal	_dstrcpy
  780  000017b0  54000000	nop; delay slot nop
  781  000017b4  23bd0008	addi	r29,r29,#8
  782  000017b8  8fc1fff4	lw	r1,-12(r30)
  783  000017bc  08000004	j	L20_LF2
  784  000017c0  54000000	nop; delay slot nop
  785  000017c4          	L20_LF2:
  786  000017c4  8fa20000	lw	r2,0(r29)
  787  000017c8  8fdffff8	lw	r31,-8(r30)
  788  000017cc  001ee820	add	r29,r0,r30
  789  000017d0  8fdefffc	lw	r30,-4(r30)
  790  000017d4  4be00000	jr	r31
  791  000017d8  54000000	nop
  792  000017dc          	.endproc _dstrcat
  793  000017dc          	.align 2
  794  000017dc          	.proc _dstrncmp
  795  000017dc          	.global _dstrncmp
  796  000017dc          	_dstrncmp:
  797                      ;  Function 'dstrncmp'; 8 bytes of locals, 2 regs to save.
  798  000017dc  afbefffc	sw	-4(r29),r30; push fp
  799  000017e0  001df020	add	r30,r0,r29; fp = sp
  800  000017e4  afbffff8	sw	-8(r29),r31; push ret addr
  801  000017e8  2fbd0018	subui	r29,r29,#24; alloc local storage
  802  000017ec  afa20000	sw	0(r29),r2
  803  000017f0  afa30004	sw	4(r29),r3
  804  000017f4  54000000	nop
  805  000017f8  20010000	addi	r1,r0,#0
  806  000017fc  afc1fff4	sw	-12(r30),r1
  807  00001800          	L25_LF2:
  808  00001800  8fc1fff4	lw	r1,-12(r30)
  809  00001804  8fc20008	lw	r2,8(r30)
  810  00001808  0022082a	slt	r1,r1,r2
  811  0000180c  1420000c	bnez	r1,L28_LF2
  812  00001810  54000000	nop; delay slot nop
  813  00001814  08000088	j	L26_LF2
  814  00001818  54000000	nop; delay slot nop
  815  0000181c          	L28_LF2:
  816  0000181c  8fc10004	lw	r1,4(r30)
  817  00001820  90220000	lbu	r2,(r1)
  818  00001824  64410000	snei	r1,r2,#0
  819  00001828  14200018	bnez	r1,L29_LF2
  820  0000182c  54000000	nop; delay slot nop
  821  00001830  20010000	addi	r1,r0,#0
  822  00001834  080000d8	j	L24_LF2
  823  00001838  54000000	nop; delay slot nop
  824  0000183c  08000028	j	L30_LF2
  825  00001840  54000000	nop; delay slot nop
  826  00001844          	L29_LF2:
  827  00001844  8fc10000	lw	r1,(r30)
  828  00001848  8fc20004	lw	r2,4(r30)
  829  0000184c  90210000	lbu	r1,(r1)
  830  00001850  90420000	lbu	r2,(r2)
  831  00001854  00220829	sne	r1,r1,r2
  832  00001858  1020000c	beqz	r1,L30_LF2
  833  0000185c  54000000	nop; delay slot nop
  834  00001860  0800003c	j	L26_LF2
  835  00001864  54000000	nop; delay slot nop
  836  00001868          	L31_LF2:
  837  00001868          	L30_LF2:
  838  00001868  8fc20000	lw	r2,(r30)
  839  0000186c  20410001	addi	r1,r2,#1
  840  00001870  00011020	add	r2,r0,r1
  841  00001874  afc20000	sw	(r30),r2
  842  00001878  8fc20004	lw	r2,4(r30)
  843  0000187c  20410001	addi	r1,r2,#1
  844  00001880  00011020	add	r2,r0,r1
  845  00001884  afc20004	sw	4(r30),r2
  846  00001888          	L27_LF2:
  847  00001888  8fc2fff4	lw	r2,-12(r30)
  848  0000188c  20410001	addi	r1,r2,#1
  849  00001890  00011020	add	r2,r0,r1
  850  00001894  afc2fff4	sw	-12(r30),r2
  851  00001898  0bffff64	j	L25_LF2
  852  0000189c  54000000	nop; delay slot nop
  853  000018a0          	L26_LF2:
  854  000018a0  8fc1fff4	lw	r1,-12(r30)
  855  000018a4  8fc20008	lw	r2,8(r30)
  856  000018a8  00220828	seq	r1,r1,r2
  857  000018ac  10200018	beqz	r1,L32_LF2
  858  000018b0  54000000	nop; delay slot nop
  859  000018b4  20010000	addi	r1,r0,#0
  860  000018b8  08000054	j	L24_LF2
  861  000018bc  54000000	nop; delay slot nop
  862  000018c0  0800004c	j	L33_LF2
  863  000018c4  54000000	nop; delay slot nop
  864  000018c8          	L32_LF2:
  865  000018c8  8fc20000	lw	r2,(r30)
  866  000018cc  90410000	lbu	r1,(r2)
  867  000018d0  8fc20004	lw	r2,4(r30)
  868  000018d4  90430000	lbu	r3,(r2)
  869  000018d8  00230822	sub	r1,r1,r3
  870  000018dc  74220000	sgei	r2,r1,#0
  871  000018e0  10400020	beqz	r2,L34_LF2
  872  000018e4  54000000	nop; delay slot nop
  873  000018e8  8fc10000	lw	r1,(r30)
  874  000018ec  8fc20004	lw	r2,4(r30)
  875  000018f0  90210000	lbu	r1,(r1)
  876  000018f4  90420000	lbu	r2,(r2)
  877  000018f8  00220829	sne	r1,r1,r2
  878  000018fc  08000008	j	L35_LF2
  879  00001900  54000000	nop; delay slot nop
  880  00001904          	L34_LF2:
  881  00001904  2001ffff	addi	r1,r0,#-1
  882  00001908          	L35_LF2:
  883  00001908  08000004	j	L24_LF2
  884  0000190c  54000000	nop; delay slot nop
  885  00001910          	L33_LF2:
  886  00001910          	L24_LF2:
  887  00001910  8fa20000	lw	r2,0(r29)
  888  00001914  8fa30004	lw	r3,4(r29)
  889  00001918  8fdffff8	lw	r31,-8(r30)
  890  0000191c  001ee820	add	r29,r0,r30
  891  00001920  8fdefffc	lw	r30,-4(r30)
  892  00001924  4be00000	jr	r31
  893  00001928  54000000	nop
  894  0000192c          	.endproc _dstrncmp
  895  0000192c          	.align 2
  896  0000192c          	.proc _dstrlen
  897  0000192c          	.global _dstrlen
  898  0000192c          	_dstrlen:
  899                      ;  Function 'dstrlen'; 8 bytes of locals, 1 regs to save.
  900  0000192c  afbefffc	sw	-4(r29),r30; push fp
  901  00001930  001df020	add	r30,r0,r29; fp = sp
  902  00001934  afbffff8	sw	-8(r29),r31; push ret addr
  903  00001938  2fbd0018	subui	r29,r29,#24; alloc local storage
  904  0000193c  afa20000	sw	0(r29),r2
  905  00001940  20010000	addi	r1,r0,#0
  906  00001944  afc1fff4	sw	-12(r30),r1
  907  00001948          	L37_LF2:
  908  00001948  8fc10000	lw	r1,(r30)
  909  0000194c  20220001	addi	r2,r1,#1
  910  00001950  afc20000	sw	(r30),r2
  911  00001954  90210000	lbu	r1,(r1)
  912  00001958  64220000	snei	r2,r1,#0
  913  0000195c  1440000c	bnez	r2,L39_LF2
  914  00001960  54000000	nop; delay slot nop
  915  00001964  0800001c	j	L38_LF2
  916  00001968  54000000	nop; delay slot nop
  917  0000196c          	L39_LF2:
  918  0000196c  8fc2fff4	lw	r2,-12(r30)
  919  00001970  20410001	addi	r1,r2,#1
  920  00001974  00011020	add	r2,r0,r1
  921  00001978  afc2fff4	sw	-12(r30),r2
  922  0000197c  0bffffc8	j	L37_LF2
  923  00001980  54000000	nop; delay slot nop
  924  00001984          	L38_LF2:
  925  00001984  8fc1fff4	lw	r1,-12(r30)
  926  00001988  08000004	j	L36_LF2
  927  0000198c  54000000	nop; delay slot nop
  928  00001990          	L36_LF2:
  929  00001990  8fa20000	lw	r2,0(r29)
  930  00001994  8fdffff8	lw	r31,-8(r30)
  931  00001998  001ee820	add	r29,r0,r30
  932  0000199c  8fdefffc	lw	r30,-4(r30)
  933  000019a0  4be00000	jr	r31
  934  000019a4  54000000	nop
  935  000019a8          	.endproc _dstrlen
  936  000019a8          	.align 2
  937  000019a8          	.proc _dstrstr
  938  000019a8          	.global _dstrstr
  939  000019a8          	_dstrstr:
  940                      ;  Function 'dstrstr'; 8 bytes of locals, 1 regs to save.
  941  000019a8  afbefffc	sw	-4(r29),r30; push fp
  942  000019ac  001df020	add	r30,r0,r29; fp = sp
  943  000019b0  afbffff8	sw	-8(r29),r31; push ret addr
  944  000019b4  2fbd0018	subui	r29,r29,#24; alloc local storage
  945  000019b8  afa20000	sw	0(r29),r2
  946  000019bc  23bdfff8	addi	r29,r29,#-8
  947  000019c0  001d0820	add	r1,r0,r29
  948  000019c4  8fc20004	lw	r2,4(r30)
  949  000019c8  ac220000	sw	(r1),r2
  950  000019cc  0fffff5c	jal	_dstrlen
  951  000019d0  54000000	nop; delay slot nop
  952  000019d4  23bd0008	addi	r29,r29,#8
  953  000019d8  afc1fff4	sw	-12(r30),r1
  954  000019dc          	L41_LF2:
  955  000019dc  8fc10000	lw	r1,(r30)
  956  000019e0  90220000	lbu	r2,(r1)
  957  000019e4  64410000	snei	r1,r2,#0
  958  000019e8  1420000c	bnez	r1,L43_LF2
  959  000019ec  54000000	nop; delay slot nop
  960  000019f0  08000060	j	L42_LF2
  961  000019f4  54000000	nop; delay slot nop
  962  000019f8          	L43_LF2:
  963  000019f8  23bdfff0	addi	r29,r29,#-16
  964  000019fc  001d0820	add	r1,r0,r29
  965  00001a00  8fc20000	lw	r2,(r30)
  966  00001a04  ac220000	sw	(r1),r2
  967  00001a08  8fc20004	lw	r2,4(r30)
  968  00001a0c  ac220004	sw	4(r1),r2
  969  00001a10  8fc2fff4	lw	r2,-12(r30)
  970  00001a14  ac220008	sw	8(r1),r2
  971  00001a18  0ffffdc0	jal	_dstrncmp
  972  00001a1c  54000000	nop; delay slot nop
  973  00001a20  23bd0010	addi	r29,r29,#16
  974  00001a24  64220000	snei	r2,r1,#0
  975  00001a28  14400010	bnez	r2,L44_LF2
  976  00001a2c  54000000	nop; delay slot nop
  977  00001a30  8fc10000	lw	r1,(r30)
  978  00001a34  08000028	j	L40_LF2
  979  00001a38  54000000	nop; delay slot nop
  980  00001a3c          	L44_LF2:
  981  00001a3c  8fc20000	lw	r2,(r30)
  982  00001a40  20410001	addi	r1,r2,#1
  983  00001a44  00011020	add	r2,r0,r1
  984  00001a48  afc20000	sw	(r30),r2
  985  00001a4c  0bffff8c	j	L41_LF2
  986  00001a50  54000000	nop; delay slot nop
  987  00001a54          	L42_LF2:
  988  00001a54  20010000	addi	r1,r0,#0
  989  00001a58  08000004	j	L40_LF2
  990  00001a5c  54000000	nop; delay slot nop
  991  00001a60          	L40_LF2:
  992  00001a60  8fa20000	lw	r2,0(r29)
  993  00001a64  8fdffff8	lw	r31,-8(r30)
  994  00001a68  001ee820	add	r29,r0,r30
  995  00001a6c  8fdefffc	lw	r30,-4(r30)
  996  00001a70  4be00000	jr	r31
  997  00001a74  54000000	nop
  998  00001a78          	.endproc _dstrstr
  999  00001a78          	.align 2
 1000  00001a78          	.proc _dmindex
 1001  00001a78          	.global _dmindex
 1002  00001a78          	_dmindex:
 1003                      ;  Function 'dmindex'; 8 bytes of locals, 1 regs to save.
 1004  00001a78  afbefffc	sw	-4(r29),r30; push fp
 1005  00001a7c  001df020	add	r30,r0,r29; fp = sp
 1006  00001a80  afbffff8	sw	-8(r29),r31; push ret addr
 1007  00001a84  2fbd0018	subui	r29,r29,#24; alloc local storage
 1008  00001a88  afa20000	sw	0(r29),r2
 1009  00001a8c  54000000	nop
 1010  00001a90          	L46_LF2:
 1011  00001a90  8fc10000	lw	r1,(r30)
 1012  00001a94  90220000	lbu	r2,(r1)
 1013  00001a98  64410000	snei	r1,r2,#0
 1014  00001a9c  1420000c	bnez	r1,L48_LF2
 1015  00001aa0  54000000	nop; delay slot nop
 1016  00001aa4  08000070	j	L47_LF2
 1017  00001aa8  54000000	nop; delay slot nop
 1018  00001aac          	L48_LF2:
 1019  00001aac  8fc10004	lw	r1,4(r30)
 1020  00001ab0  afc1fff4	sw	-12(r30),r1
 1021  00001ab4          	L49_LF2:
 1022  00001ab4  8fc1fff4	lw	r1,-12(r30)
 1023  00001ab8  90220000	lbu	r2,(r1)
 1024  00001abc  64410000	snei	r1,r2,#0
 1025  00001ac0  1420000c	bnez	r1,L52_LF2
 1026  00001ac4  54000000	nop; delay slot nop
 1027  00001ac8  08000044	j	L50_LF2
 1028  00001acc  54000000	nop; delay slot nop
 1029  00001ad0          	L52_LF2:
 1030  00001ad0  8fc10000	lw	r1,(r30)
 1031  00001ad4  8fc2fff4	lw	r2,-12(r30)
 1032  00001ad8  90210000	lbu	r1,(r1)
 1033  00001adc  90420000	lbu	r2,(r2)
 1034  00001ae0  00220828	seq	r1,r1,r2
 1035  00001ae4  10200010	beqz	r1,L51_LF2
 1036  00001ae8  54000000	nop; delay slot nop
 1037  00001aec  8fc10000	lw	r1,(r30)
 1038  00001af0  08000030	j	L45_LF2
 1039  00001af4  54000000	nop; delay slot nop
 1040  00001af8          	L53_LF2:
 1041  00001af8          	L51_LF2:
 1042  00001af8  8fc2fff4	lw	r2,-12(r30)
 1043  00001afc  20410001	addi	r1,r2,#1
 1044  00001b00  00011020	add	r2,r0,r1
 1045  00001b04  afc2fff4	sw	-12(r30),r2
 1046  00001b08  0bffffa8	j	L49_LF2
 1047  00001b0c  54000000	nop; delay slot nop
 1048  00001b10          	L50_LF2:
 1049  00001b10  0bffff7c	j	L46_LF2
 1050  00001b14  54000000	nop; delay slot nop
 1051  00001b18          	L47_LF2:
 1052  00001b18  20010000	addi	r1,r0,#0
 1053  00001b1c  08000004	j	L45_LF2
 1054  00001b20  54000000	nop; delay slot nop
 1055  00001b24          	L45_LF2:
 1056  00001b24  8fa20000	lw	r2,0(r29)
 1057  00001b28  8fdffff8	lw	r31,-8(r30)
 1058  00001b2c  001ee820	add	r29,r0,r30
 1059  00001b30  8fdefffc	lw	r30,-4(r30)
 1060  00001b34  4be00000	jr	r31
 1061  00001b38  54000000	nop
 1062  00001b3c          	.endproc _dmindex
 1063  00001b3c          	.align 2
 1064  00001b3c          	.proc _dindex
 1065  00001b3c          	.global _dindex
 1066  00001b3c          	_dindex:
 1067                      ;  Function 'dindex'; 0 bytes of locals, 1 regs to save.
 1068  00001b3c  afbefffc	sw	-4(r29),r30; push fp
 1069  00001b40  001df020	add	r30,r0,r29; fp = sp
 1070  00001b44  afbffff8	sw	-8(r29),r31; push ret addr
 1071  00001b48  2fbd0010	subui	r29,r29,#16; alloc local storage
 1072  00001b4c  afa20000	sw	0(r29),r2
 1073  00001b50  54000000	nop
 1074  00001b54          	L55_LF2:
 1075  00001b54  8fc10000	lw	r1,(r30)
 1076  00001b58  90220000	lbu	r2,(r1)
 1077  00001b5c  64410000	snei	r1,r2,#0
 1078  00001b60  1420000c	bnez	r1,L57_LF2
 1079  00001b64  54000000	nop; delay slot nop
 1080  00001b68  08000040	j	L56_LF2
 1081  00001b6c  54000000	nop; delay slot nop
 1082  00001b70          	L57_LF2:
 1083  00001b70  8fc10000	lw	r1,(r30)
 1084  00001b74  90220000	lbu	r2,(r1)
 1085  00001b78  8fc10004	lw	r1,4(r30)
 1086  00001b7c  00411028	seq	r2,r2,r1
 1087  00001b80  10400010	beqz	r2,L58_LF2
 1088  00001b84  54000000	nop; delay slot nop
 1089  00001b88  8fc10000	lw	r1,(r30)
 1090  00001b8c  08000028	j	L54_LF2
 1091  00001b90  54000000	nop; delay slot nop
 1092  00001b94          	L58_LF2:
 1093  00001b94  8fc20000	lw	r2,(r30)
 1094  00001b98  20410001	addi	r1,r2,#1
 1095  00001b9c  00011020	add	r2,r0,r1
 1096  00001ba0  afc20000	sw	(r30),r2
 1097  00001ba4  0bffffac	j	L55_LF2
 1098  00001ba8  54000000	nop; delay slot nop
 1099  00001bac          	L56_LF2:
 1100  00001bac  20010000	addi	r1,r0,#0
 1101  00001bb0  08000004	j	L54_LF2
 1102  00001bb4  54000000	nop; delay slot nop
 1103  00001bb8          	L54_LF2:
 1104  00001bb8  8fa20000	lw	r2,0(r29)
 1105  00001bbc  8fdffff8	lw	r31,-8(r30)
 1106  00001bc0  001ee820	add	r29,r0,r30
 1107  00001bc4  8fdefffc	lw	r30,-4(r30)
 1108  00001bc8  4be00000	jr	r31
 1109  00001bcc  54000000	nop
 1110  00001bd0          	.endproc _dindex
 1111  00001bd0          	.align 2
 1112  00001bd0          	.proc _ditoa
 1113  00001bd0          	.global _ditoa
 1114  00001bd0          	_ditoa:
 1115                      ;  Function 'ditoa'; 8 bytes of locals, 2 regs to save.
 1116  00001bd0  afbefffc	sw	-4(r29),r30; push fp
 1117  00001bd4  001df020	add	r30,r0,r29; fp = sp
 1118  00001bd8  afbffff8	sw	-8(r29),r31; push ret addr
 1119  00001bdc  2fbd0018	subui	r29,r29,#24; alloc local storage
 1120  00001be0  afa20000	sw	0(r29),r2
 1121  00001be4  afa30004	sw	4(r29),r3
 1122  00001be8  8fc10000	lw	r1,(r30)
 1123  00001bec  68220000	slti	r2,r1,#0
 1124  00001bf0  1040002c	beqz	r2,L60_LF2
 1125  00001bf4  54000000	nop; delay slot nop
 1126  00001bf8  8fc10004	lw	r1,4(r30)
 1127  00001bfc  20220001	addi	r2,r1,#1
 1128  00001c00  afc20004	sw	4(r30),r2
 1129  00001c04  2002002d	addi	r2,r0,(#0x2d)&0xff
 1130  00001c08  a0220000	sb	(r1),r2
 1131  00001c0c  8fc10000	lw	r1,(r30)
 1132  00001c10  00011022	sub	r2,r0,r1
 1133  00001c14  afc20000	sw	(r30),r2
 1134  00001c18  08000118	j	L61_LF2
 1135  00001c1c  54000000	nop; delay slot nop
 1136  00001c20          	L60_LF2:
 1137  00001c20  8fc10000	lw	r1,(r30)
 1138  00001c24  64220000	snei	r2,r1,#0
 1139  00001c28  14400020	bnez	r2,L62_LF2
 1140  00001c2c  54000000	nop; delay slot nop
 1141  00001c30  8fc10004	lw	r1,4(r30)
 1142  00001c34  20220001	addi	r2,r1,#1
 1143  00001c38  afc20004	sw	4(r30),r2
 1144  00001c3c  20020030	addi	r2,r0,(#0x30)&0xff
 1145  00001c40  a0220000	sb	(r1),r2
 1146  00001c44  080000ec	j	L61_LF2
 1147  00001c48  54000000	nop; delay slot nop
 1148  00001c4c          	L62_LF2:
 1149  00001c4c  20010001	addi	r1,r0,#1
 1150  00001c50  afc1fff4	sw	-12(r30),r1
 1151  00001c54          	L64_LF2:
 1152  00001c54  8fc1fff4	lw	r1,-12(r30)
 1153  00001c58  8fc20000	lw	r2,(r30)
 1154  00001c5c  0022082c	sle	r1,r1,r2
 1155  00001c60  1420000c	bnez	r1,L66_LF2
 1156  00001c64  54000000	nop; delay slot nop
 1157  00001c68  08000024	j	L65_LF2
 1158  00001c6c  54000000	nop; delay slot nop
 1159  00001c70          	L67_LF2:
 1160  00001c70          	L66_LF2:
 1161  00001c70  8fc1fff4	lw	r1,-12(r30)
 1162  00001c74  00011820	add	r3,r0,r1
 1163  00001c78  50620002	slli	r2,r3,#0x2
 1164  00001c7c  00411020	add	r2,r2,r1
 1165  00001c80  50410001	slli	r1,r2,#0x1
 1166  00001c84  afc1fff4	sw	-12(r30),r1
 1167  00001c88  0bffffc8	j	L64_LF2
 1168  00001c8c  54000000	nop; delay slot nop
 1169  00001c90          	L65_LF2:
 1170  00001c90  54000000	nop
 1171  00001c94          	L68_LF2:
 1172  00001c94  8fc1fff4	lw	r1,-12(r30)
 1173  00001c98  2002000a	addi	r2,r0,#10
 1174  00001c9c  00200035	movi2fp	f0,r1
 1175  00001ca0  00400835	movi2fp	f1,r2
 1176  00001ca4  0401000f	div	f0,f0,f1
 1177  00001ca8  00000834	movfp2i	r1,f0
 1178  00001cac  afc1fff4	sw	-12(r30),r1
 1179  00001cb0  8fc10004	lw	r1,4(r30)
 1180  00001cb4  20220001	addi	r2,r1,#1
 1181  00001cb8  afc20004	sw	4(r30),r2
 1182  00001cbc  8fc20000	lw	r2,(r30)
 1183  00001cc0  8fc3fff4	lw	r3,-12(r30)
 1184  00001cc4  00400035	movi2fp	f0,r2
 1185  00001cc8  00600835	movi2fp	f1,r3
 1186  00001ccc  0401000f	div	f0,f0,f1
 1187  00001cd0  00001034	movfp2i	r2,f0
 1188  00001cd4  00021820	add	r3,r0,r2
 1189  00001cd8  20620030	addi	r2,r3,#48
 1190  00001cdc  a0220000	sb	(r1),r2
 1191  00001ce0  8fc10000	lw	r1,(r30)
 1192  00001ce4  8fc3fff4	lw	r3,-12(r30)
 1193  00001ce8  00200035	movi2fp	f0,r1
 1194  00001cec  00600835	movi2fp	f1,r3
 1195  00001cf0  0401000f	div	f0,f0,f1
 1196  00001cf4  00001034	movfp2i	r2,f0
 1197  00001cf8  8fc3fff4	lw	r3,-12(r30)
 1198  00001cfc  00400035	movi2fp	f0,r2
 1199  00001d00  00600835	movi2fp	f1,r3
 1200  00001d04  0401000e	mult	f0,f0,f1
 1201  00001d08  00001034	movfp2i	r2,f0
 1202  00001d0c  00220822	sub	r1,r1,r2
 1203  00001d10  afc10000	sw	(r30),r1
 1204  00001d14          	L70_LF2:
 1205  00001d14  8fc1fff4	lw	r1,-12(r30)
 1206  00001d18  6c220001	sgti	r2,r1,#1
 1207  00001d1c  1440000c	bnez	r2,L71_LF2
 1208  00001d20  54000000	nop; delay slot nop
 1209  00001d24  0800000c	j	L61_LF2
 1210  00001d28  54000000	nop; delay slot nop
 1211  00001d2c          	L71_LF2:
 1212  00001d2c  0bffff64	j	L68_LF2
 1213  00001d30  54000000	nop; delay slot nop
 1214  00001d34          	L69_LF2:
 1215  00001d34          	L63_LF2:
 1216  00001d34          	L61_LF2:
 1217  00001d34  8fc10004	lw	r1,4(r30)
 1218  00001d38  20020000	addi	r2,r0,(#0x0)&0xff
 1219  00001d3c  a0220000	sb	(r1),r2
 1220  00001d40          	L59_LF2:
 1221  00001d40  8fa20000	lw	r2,0(r29)
 1222  00001d44  8fa30004	lw	r3,4(r29)
 1223  00001d48  8fdffff8	lw	r31,-8(r30)
 1224  00001d4c  001ee820	add	r29,r0,r30
 1225  00001d50  8fdefffc	lw	r30,-4(r30)
 1226  00001d54  4be00000	jr	r31
 1227  00001d58  54000000	nop
 1228  00001d5c          	.endproc _ditoa
 1229  00001d5c          	.align 2
 1230  00001d5c          	.proc _dstrtol
 1231  00001d5c          	.global _dstrtol
 1232  00001d5c          	_dstrtol:
 1233                      ;  Function 'dstrtol'; 16 bytes of locals, 1 regs to save.
 1234  00001d5c  afbefffc	sw	-4(r29),r30; push fp
 1235  00001d60  001df020	add	r30,r0,r29; fp = sp
 1236  00001d64  afbffff8	sw	-8(r29),r31; push ret addr
 1237  00001d68  2fbd0020	subui	r29,r29,#32; alloc local storage
 1238  00001d6c  afa20000	sw	0(r29),r2
 1239  00001d70  20010000	addi	r1,r0,#0
 1240  00001d74  afc1fff4	sw	-12(r30),r1
 1241  00001d78          	L73_LF2:
 1242  00001d78  8fc10000	lw	r1,(r30)
 1243  00001d7c  90220000	lbu	r2,(r1)
 1244  00001d80  60410020	seqi	r1,r2,#32
 1245  00001d84  14200034	bnez	r1,L75_LF2
 1246  00001d88  54000000	nop; delay slot nop
 1247  00001d8c  8fc10000	lw	r1,(r30)
 1248  00001d90  90220000	lbu	r2,(r1)
 1249  00001d94  60410009	seqi	r1,r2,#9
 1250  00001d98  14200020	bnez	r1,L75_LF2
 1251  00001d9c  54000000	nop; delay slot nop
 1252  00001da0  8fc10000	lw	r1,(r30)
 1253  00001da4  90220000	lbu	r2,(r1)
 1254  00001da8  6041000a	seqi	r1,r2,#10
 1255  00001dac  1420000c	bnez	r1,L75_LF2
 1256  00001db0  54000000	nop; delay slot nop
 1257  00001db4  0800001c	j	L74_LF2
 1258  00001db8  54000000	nop; delay slot nop
 1259  00001dbc          	L75_LF2:
 1260  00001dbc  8fc20000	lw	r2,(r30)
 1261  00001dc0  20410001	addi	r1,r2,#1
 1262  00001dc4  00011020	add	r2,r0,r1
 1263  00001dc8  afc20000	sw	(r30),r2
 1264  00001dcc  0bffffa8	j	L73_LF2
 1265  00001dd0  54000000	nop; delay slot nop
 1266  00001dd4          	L74_LF2:
 1267  00001dd4  8fc10004	lw	r1,4(r30)
 1268  00001dd8  64220000	snei	r2,r1,#0
 1269  00001ddc  10400010	beqz	r2,L76_LF2
 1270  00001de0  54000000	nop; delay slot nop
 1271  00001de4  8fc10004	lw	r1,4(r30)
 1272  00001de8  8fc20000	lw	r2,(r30)
 1273  00001dec  ac220000	sw	(r1),r2
 1274  00001df0          	L76_LF2:
 1275  00001df0  8fc10000	lw	r1,(r30)
 1276  00001df4  90220000	lbu	r2,(r1)
 1277  00001df8  64410000	snei	r1,r2,#0
 1278  00001dfc  14200010	bnez	r1,L77_LF2
 1279  00001e00  54000000	nop; delay slot nop
 1280  00001e04  8fc1fff4	lw	r1,-12(r30)
 1281  00001e08  08000294	j	L72_LF2
 1282  00001e0c  54000000	nop; delay slot nop
 1283  00001e10          	L77_LF2:
 1284  00001e10  8fc10000	lw	r1,(r30)
 1285  00001e14  90220000	lbu	r2,(r1)
 1286  00001e18  6041002d	seqi	r1,r2,#45
 1287  00001e1c  10200024	beqz	r1,L78_LF2
 1288  00001e20  54000000	nop; delay slot nop
 1289  00001e24  2001ffff	addi	r1,r0,#-1
 1290  00001e28  afc1ffec	sw	-20(r30),r1
 1291  00001e2c  8fc20000	lw	r2,(r30)
 1292  00001e30  20410001	addi	r1,r2,#1
 1293  00001e34  00011020	add	r2,r0,r1
 1294  00001e38  afc20000	sw	(r30),r2
 1295  00001e3c  0800000c	j	L79_LF2
 1296  00001e40  54000000	nop; delay slot nop
 1297  00001e44          	L78_LF2:
 1298  00001e44  20010001	addi	r1,r0,#1
 1299  00001e48  afc1ffec	sw	-20(r30),r1
 1300  00001e4c          	L79_LF2:
 1301  00001e4c  8fc10008	lw	r1,8(r30)
 1302  00001e50  64220000	snei	r2,r1,#0
 1303  00001e54  14400090	bnez	r2,L80_LF2
 1304  00001e58  54000000	nop; delay slot nop
 1305  00001e5c  8fc10000	lw	r1,(r30)
 1306  00001e60  90220000	lbu	r2,(r1)
 1307  00001e64  60410030	seqi	r1,r2,#48
 1308  00001e68  10200074	beqz	r1,L81_LF2
 1309  00001e6c  54000000	nop; delay slot nop
 1310  00001e70  8fc20000	lw	r2,(r30)
 1311  00001e74  20410001	addi	r1,r2,#1
 1312  00001e78  00011020	add	r2,r0,r1
 1313  00001e7c  afc20000	sw	(r30),r2
 1314  00001e80  8fc10000	lw	r1,(r30)
 1315  00001e84  90220000	lbu	r2,(r1)
 1316  00001e88  60410078	seqi	r1,r2,#120
 1317  00001e8c  14200020	bnez	r1,L83_LF2
 1318  00001e90  54000000	nop; delay slot nop
 1319  00001e94  8fc10000	lw	r1,(r30)
 1320  00001e98  90220000	lbu	r2,(r1)
 1321  00001e9c  60410058	seqi	r1,r2,#88
 1322  00001ea0  1420000c	bnez	r1,L83_LF2
 1323  00001ea4  54000000	nop; delay slot nop
 1324  00001ea8  08000024	j	L82_LF2
 1325  00001eac  54000000	nop; delay slot nop
 1326  00001eb0          	L83_LF2:
 1327  00001eb0  20010010	addi	r1,r0,#16
 1328  00001eb4  afc10008	sw	8(r30),r1
 1329  00001eb8  8fc20000	lw	r2,(r30)
 1330  00001ebc  20410001	addi	r1,r2,#1
 1331  00001ec0  00011020	add	r2,r0,r1
 1332  00001ec4  afc20000	sw	(r30),r2
 1333  00001ec8  0800000c	j	L84_LF2
 1334  00001ecc  54000000	nop; delay slot nop
 1335  00001ed0          	L82_LF2:
 1336  00001ed0  20010008	addi	r1,r0,#8
 1337  00001ed4  afc10008	sw	8(r30),r1
 1338  00001ed8          	L84_LF2:
 1339  00001ed8  0800000c	j	L80_LF2
 1340  00001edc  54000000	nop; delay slot nop
 1341  00001ee0          	L81_LF2:
 1342  00001ee0  2001000a	addi	r1,r0,#10
 1343  00001ee4  afc10008	sw	8(r30),r1
 1344  00001ee8          	L85_LF2:
 1345  00001ee8          	L80_LF2:
 1346  00001ee8  8fc10008	lw	r1,8(r30)
 1347  00001eec  70220000	slei	r2,r1,#0
 1348  00001ef0  1440001c	bnez	r2,L87_LF2
 1349  00001ef4  54000000	nop; delay slot nop
 1350  00001ef8  8fc10008	lw	r1,8(r30)
 1351  00001efc  6c220010	sgti	r2,r1,#16
 1352  00001f00  1440000c	bnez	r2,L87_LF2
 1353  00001f04  54000000	nop; delay slot nop
 1354  00001f08  08000010	j	L86_LF2
 1355  00001f0c  54000000	nop; delay slot nop
 1356  00001f10          	L87_LF2:
 1357  00001f10  8fc1fff4	lw	r1,-12(r30)
 1358  00001f14  08000188	j	L72_LF2
 1359  00001f18  54000000	nop; delay slot nop
 1360  00001f1c          	L86_LF2:
 1361  00001f1c  54000000	nop
 1362  00001f20          	L88_LF2:
 1363  00001f20  8fc10000	lw	r1,(r30)
 1364  00001f24  90220000	lbu	r2,(r1)
 1365  00001f28  6c41002f	sgtui	r1,r2,#47
 1366  00001f2c  10200030	beqz	r1,L91_LF2
 1367  00001f30  54000000	nop; delay slot nop
 1368  00001f34  8fc10000	lw	r1,(r30)
 1369  00001f38  90220000	lbu	r2,(r1)
 1370  00001f3c  70410039	sleui	r1,r2,#57
 1371  00001f40  1020001c	beqz	r1,L91_LF2
 1372  00001f44  54000000	nop; delay slot nop
 1373  00001f48  8fc10000	lw	r1,(r30)
 1374  00001f4c  90220000	lbu	r2,(r1)
 1375  00001f50  2041ffd0	addi	r1,r2,#-48
 1376  00001f54  afc1fff0	sw	-16(r30),r1
 1377  00001f58  0800008c	j	L92_LF2
 1378  00001f5c  54000000	nop; delay slot nop
 1379  00001f60          	L91_LF2:
 1380  00001f60  8fc10000	lw	r1,(r30)
 1381  00001f64  90220000	lbu	r2,(r1)
 1382  00001f68  6c410060	sgtui	r1,r2,#96
 1383  00001f6c  10200030	beqz	r1,L93_LF2
 1384  00001f70  54000000	nop; delay slot nop
 1385  00001f74  8fc10000	lw	r1,(r30)
 1386  00001f78  90220000	lbu	r2,(r1)
 1387  00001f7c  7041007a	sleui	r1,r2,#122
 1388  00001f80  1020001c	beqz	r1,L93_LF2
 1389  00001f84  54000000	nop; delay slot nop
 1390  00001f88  8fc10000	lw	r1,(r30)
 1391  00001f8c  90220000	lbu	r2,(r1)
 1392  00001f90  2041ffa9	addi	r1,r2,#-87
 1393  00001f94  afc1fff0	sw	-16(r30),r1
 1394  00001f98  0800004c	j	L92_LF2
 1395  00001f9c  54000000	nop; delay slot nop
 1396  00001fa0          	L93_LF2:
 1397  00001fa0  8fc10000	lw	r1,(r30)
 1398  00001fa4  90220000	lbu	r2,(r1)
 1399  00001fa8  6c410040	sgtui	r1,r2,#64
 1400  00001fac  10200030	beqz	r1,L95_LF2
 1401  00001fb0  54000000	nop; delay slot nop
 1402  00001fb4  8fc10000	lw	r1,(r30)
 1403  00001fb8  90220000	lbu	r2,(r1)
 1404  00001fbc  7041005a	sleui	r1,r2,#90
 1405  00001fc0  1020001c	beqz	r1,L95_LF2
 1406  00001fc4  54000000	nop; delay slot nop
 1407  00001fc8  8fc10000	lw	r1,(r30)
 1408  00001fcc  90220000	lbu	r2,(r1)
 1409  00001fd0  2041ffc9	addi	r1,r2,#-55
 1410  00001fd4  afc1fff0	sw	-16(r30),r1
 1411  00001fd8  0800000c	j	L92_LF2
 1412  00001fdc  54000000	nop; delay slot nop
 1413  00001fe0          	L95_LF2:
 1414  00001fe0  200103e8	addi	r1,r0,#1000
 1415  00001fe4  afc1fff0	sw	-16(r30),r1
 1416  00001fe8          	L96_LF2:
 1417  00001fe8          	L94_LF2:
 1418  00001fe8          	L92_LF2:
 1419  00001fe8  8fc1fff0	lw	r1,-16(r30)
 1420  00001fec  8fc20008	lw	r2,8(r30)
 1421  00001ff0  0022082a	slt	r1,r1,r2
 1422  00001ff4  10200040	beqz	r1,L90_LF2
 1423  00001ff8  54000000	nop; delay slot nop
 1424  00001ffc  8fc1fff4	lw	r1,-12(r30)
 1425  00002000  8fc20008	lw	r2,8(r30)
 1426  00002004  00200035	movi2fp	f0,r1
 1427  00002008  00400835	movi2fp	f1,r2
 1428  0000200c  0401000e	mult	f0,f0,f1
 1429  00002010  00000834	movfp2i	r1,f0
 1430  00002014  afc1fff4	sw	-12(r30),r1
 1431  00002018  8fc1fff4	lw	r1,-12(r30)
 1432  0000201c  8fc2fff0	lw	r2,-16(r30)
 1433  00002020  00220820	add	r1,r1,r2
 1434  00002024  afc1fff4	sw	-12(r30),r1
 1435  00002028  8fc20000	lw	r2,(r30)
 1436  0000202c  20410001	addi	r1,r2,#1
 1437  00002030  00011020	add	r2,r0,r1
 1438  00002034  afc20000	sw	(r30),r2
 1439  00002038          	L97_LF2:
 1440  00002038          	L90_LF2:
 1441  00002038  8fc1fff0	lw	r1,-16(r30)
 1442  0000203c  8fc20008	lw	r2,8(r30)
 1443  00002040  0022082a	slt	r1,r1,r2
 1444  00002044  1420000c	bnez	r1,L98_LF2
 1445  00002048  54000000	nop; delay slot nop
 1446  0000204c  0800000c	j	L89_LF2
 1447  00002050  54000000	nop; delay slot nop
 1448  00002054          	L98_LF2:
 1449  00002054  0bfffec8	j	L88_LF2
 1450  00002058  54000000	nop; delay slot nop
 1451  0000205c          	L89_LF2:
 1452  0000205c  8fc10004	lw	r1,4(r30)
 1453  00002060  64220000	snei	r2,r1,#0
 1454  00002064  10400010	beqz	r2,L99_LF2
 1455  00002068  54000000	nop; delay slot nop
 1456  0000206c  8fc10004	lw	r1,4(r30)
 1457  00002070  8fc20000	lw	r2,(r30)
 1458  00002074  ac220000	sw	(r1),r2
 1459  00002078          	L99_LF2:
 1460  00002078  8fc1fff4	lw	r1,-12(r30)
 1461  0000207c  8fc2ffec	lw	r2,-20(r30)
 1462  00002080  00200035	movi2fp	f0,r1
 1463  00002084  00400835	movi2fp	f1,r2
 1464  00002088  0401000e	mult	f0,f0,f1
 1465  0000208c  00000834	movfp2i	r1,f0
 1466  00002090  afc1fff4	sw	-12(r30),r1
 1467  00002094  8fc1fff4	lw	r1,-12(r30)
 1468  00002098  08000004	j	L72_LF2
 1469  0000209c  54000000	nop; delay slot nop
 1470  000020a0          	L72_LF2:
 1471  000020a0  8fa20000	lw	r2,0(r29)
 1472  000020a4  8fdffff8	lw	r31,-8(r30)
 1473  000020a8  001ee820	add	r29,r0,r30
 1474  000020ac  8fdefffc	lw	r30,-4(r30)
 1475  000020b0  4be00000	jr	r31
 1476  000020b4  54000000	nop
 1477  000020b8          	.endproc _dstrtol
 1478  000020b8          	.align 2
 1479  000020b8          	.proc _bcopy
 1480  000020b8          	.global _bcopy
 1481  000020b8          	_bcopy:
 1482                      ;  Function 'bcopy'; 0 bytes of locals, 2 regs to save.
 1483  000020b8  afbefffc	sw	-4(r29),r30; push fp
 1484  000020bc  001df020	add	r30,r0,r29; fp = sp
 1485  000020c0  afbffff8	sw	-8(r29),r31; push ret addr
 1486  000020c4  2fbd0010	subui	r29,r29,#16; alloc local storage
 1487  000020c8  afa20000	sw	0(r29),r2
 1488  000020cc  afa30004	sw	4(r29),r3
 1489  000020d0  54000000	nop
 1490  000020d4          	L101_LF2:
 1491  000020d4  8fc10008	lw	r1,8(r30)
 1492  000020d8  2022ffff	addi	r2,r1,#-1
 1493  000020dc  afc20008	sw	8(r30),r2
 1494  000020e0  6c210000	sgti	r1,r1,#0
 1495  000020e4  1420000c	bnez	r1,L103_LF2
 1496  000020e8  54000000	nop; delay slot nop
 1497  000020ec  0800002c	j	L102_LF2
 1498  000020f0  54000000	nop; delay slot nop
 1499  000020f4          	L103_LF2:
 1500  000020f4  8fc10004	lw	r1,4(r30)
 1501  000020f8  20220001	addi	r2,r1,#1
 1502  000020fc  afc20004	sw	4(r30),r2
 1503  00002100  8fc20000	lw	r2,(r30)
 1504  00002104  20430001	addi	r3,r2,#1
 1505  00002108  afc30000	sw	(r30),r3
 1506  0000210c  80420000	lb	r2,(r2)
 1507  00002110  a0220000	sb	(r1),r2
 1508  00002114  0bffffbc	j	L101_LF2
 1509  00002118  54000000	nop; delay slot nop
 1510  0000211c          	L102_LF2:
 1511  0000211c          	L100_LF2:
 1512  0000211c  8fa20000	lw	r2,0(r29)
 1513  00002120  8fa30004	lw	r3,4(r29)
 1514  00002124  8fdffff8	lw	r31,-8(r30)
 1515  00002128  001ee820	add	r29,r0,r30
 1516  0000212c  8fdefffc	lw	r30,-4(r30)
 1517  00002130  4be00000	jr	r31
 1518  00002134  54000000	nop
 1519  00002138          	.endproc _bcopy
 1520  00002138          	.align 2
 1521  00002138          	.proc _bzero
 1522  00002138          	.global _bzero
 1523  00002138          	_bzero:
 1524                      ;  Function 'bzero'; 0 bytes of locals, 1 regs to save.
 1525  00002138  afbefffc	sw	-4(r29),r30; push fp
 1526  0000213c  001df020	add	r30,r0,r29; fp = sp
 1527  00002140  afbffff8	sw	-8(r29),r31; push ret addr
 1528  00002144  2fbd0010	subui	r29,r29,#16; alloc local storage
 1529  00002148  afa20000	sw	0(r29),r2
 1530  0000214c  54000000	nop
 1531  00002150          	L105_LF2:
 1532  00002150  8fc10004	lw	r1,4(r30)
 1533  00002154  2022ffff	addi	r2,r1,#-1
 1534  00002158  afc20004	sw	4(r30),r2
 1535  0000215c  6c210000	sgti	r1,r1,#0
 1536  00002160  1420000c	bnez	r1,L107_LF2
 1537  00002164  54000000	nop; delay slot nop
 1538  00002168  08000020	j	L106_LF2
 1539  0000216c  54000000	nop; delay slot nop
 1540  00002170          	L107_LF2:
 1541  00002170  8fc10000	lw	r1,(r30)
 1542  00002174  20220001	addi	r2,r1,#1
 1543  00002178  afc20000	sw	(r30),r2
 1544  0000217c  20020000	addi	r2,r0,(#0x0)&0xff
 1545  00002180  a0220000	sb	(r1),r2
 1546  00002184  0bffffc8	j	L105_LF2
 1547  00002188  54000000	nop; delay slot nop
 1548  0000218c          	L106_LF2:
 1549  0000218c          	L104_LF2:
 1550  0000218c  8fa20000	lw	r2,0(r29)
 1551  00002190  8fdffff8	lw	r31,-8(r30)
 1552  00002194  001ee820	add	r29,r0,r30
 1553  00002198  8fdefffc	lw	r30,-4(r30)
 1554  0000219c  4be00000	jr	r31
 1555  000021a0  54000000	nop
 1556  000021a4          	.endproc _bzero
 1557  000021a4          	.align 2
 1558  000021a4          	.proc _min
 1559  000021a4          	.global _min
 1560  000021a4          	_min:
 1561                      ;  Function 'min'; 0 bytes of locals, 2 regs to save.
 1562  000021a4  afbefffc	sw	-4(r29),r30; push fp
 1563  000021a8  001df020	add	r30,r0,r29; fp = sp
 1564  000021ac  afbffff8	sw	-8(r29),r31; push ret addr
 1565  000021b0  2fbd0010	subui	r29,r29,#16; alloc local storage
 1566  000021b4  afa20000	sw	0(r29),r2
 1567  000021b8  afa30004	sw	4(r29),r3
 1568  000021bc  8fc10000	lw	r1,(r30)
 1569  000021c0  8fc20004	lw	r2,4(r30)
 1570  000021c4  0022182c	sle	r3,r1,r2
 1571  000021c8  14600008	bnez	r3,L109_LF2
 1572  000021cc  54000000	nop; delay slot nop
 1573  000021d0  8fc10004	lw	r1,4(r30)
 1574  000021d4          	L109_LF2:
 1575  000021d4  08000004	j	L108_LF2
 1576  000021d8  54000000	nop; delay slot nop
 1577  000021dc          	L108_LF2:
 1578  000021dc  8fa20000	lw	r2,0(r29)
 1579  000021e0  8fa30004	lw	r3,4(r29)
 1580  000021e4  8fdffff8	lw	r31,-8(r30)
 1581  000021e8  001ee820	add	r29,r0,r30
 1582  000021ec  8fdefffc	lw	r30,-4(r30)
 1583  000021f0  4be00000	jr	r31
 1584  000021f4  54000000	nop
 1585  000021f8          	.endproc _min
 1586  000021f8          	.align 2
 1587  000021f8          	.proc _max
 1588  000021f8          	.global _max
 1589  000021f8          	_max:
 1590                      ;  Function 'max'; 0 bytes of locals, 2 regs to save.
 1591  000021f8  afbefffc	sw	-4(r29),r30; push fp
 1592  000021fc  001df020	add	r30,r0,r29; fp = sp
 1593  00002200  afbffff8	sw	-8(r29),r31; push ret addr
 1594  00002204  2fbd0010	subui	r29,r29,#16; alloc local storage
 1595  00002208  afa20000	sw	0(r29),r2
 1596  0000220c  afa30004	sw	4(r29),r3
 1597  00002210  8fc10000	lw	r1,(r30)
 1598  00002214  8fc20004	lw	r2,4(r30)
 1599  00002218  0022182d	sge	r3,r1,r2
 1600  0000221c  14600008	bnez	r3,L111_LF2
 1601  00002220  54000000	nop; delay slot nop
 1602  00002224  8fc10004	lw	r1,4(r30)
 1603  00002228          	L111_LF2:
 1604  00002228  08000004	j	L110_LF2
 1605  0000222c  54000000	nop; delay slot nop
 1606  00002230          	L110_LF2:
 1607  00002230  8fa20000	lw	r2,0(r29)
 1608  00002234  8fa30004	lw	r3,4(r29)
 1609  00002238  8fdffff8	lw	r31,-8(r30)
 1610  0000223c  001ee820	add	r29,r0,r30
 1611  00002240  8fdefffc	lw	r30,-4(r30)
 1612  00002244  4be00000	jr	r31
 1613  00002248  54000000	nop
 1614  0000224c          	.endproc _max
 1615                      ;;; Ethan L. Miller, 1999.  Released to the public domain
 1616                      ;;;
 1617                      ;;; Most of the traps are called in files from libtraps.
 1620  0000224c          	.align 2
 1621  0000224c          	.proc _exit
 1622  0000224c          	.global _exit
 1623  0000224c          	_exit:
 1624  0000224c  44000300	trap	#0x300
 1625  00002250  4be00000	jr	r31
 1626  00002254  54000000	nop
 1627  00002258          	.endproc _exit
 1629                      ; for the benefit of gcc.
 1630  00002258          	.proc ___main
 1631  00002258          	.global ___main
 1632  00002258          	___main:
 1633  00002258  4be00000	jr	r31
 1634  0000225c  54000000	nop
 1635  00002260          	.endproc ___main
 1636  00002260          	.text
 1637  00002260          	.global _etext
 1638  00002260          	_etext:
 1639  00002260          	.align 3
 1640  00002260          	.data
 1641  00003136          	.global _edata
 1642  00003136          	_edata:
