 line   address	contents
    1                      ; Linked by DLX-LD.
    2                      ; MemSize 24576
    3                      ; Data size: 354
    4                      ; Text size: 5268
    5                      ; Stack size: 8192
    6  00000000          	.text 0x1000
    7  00001000          	.data 0x3000
    8                      ; Compiled by GCC
    9  00003000          	.text
   10  00001000          	.align 2
   11  00001000          	.proc _isspace
   12  00001000          	.global _isspace
   13  00001000          	_isspace:
   14                      ;  Function 'isspace'; 0 bytes of locals, 1 regs to save.
   15  00001000  afbefffc	sw	-4(r29),r30; push fp
   16  00001004  001df020	add	r30,r0,r29; fp = sp
   17  00001008  afbffff8	sw	-8(r29),r31; push ret addr
   18  0000100c  2fbd0010	subui	r29,r29,#16; alloc local storage
   19  00001010  afa20000	sw	0(r29),r2
   20  00001014  83c20003	lb	r2,3(r30)
   21  00001018  201f0000	addi	r31,r0,#0
   22  0000101c  304100ff	andi	r1,r2,#0x00ff
   23  00001020  60210020	seqi	r1,r1,#32
   24  00001024  14200018	bnez	r1,L6_LF0
   25  00001028  54000000	nop; not filled.
   26  0000102c  2041fff7	addi	r1,r2,#-9
   27  00001030  302100ff	andi	r1,r1,#0x00ff
   28  00001034  70210001	sleui	r1,r1,#1
   29  00001038  10200008	beqz	r1,L5_LF0
   30  0000103c  54000000	nop; not filled.
   31  00001040          	L6_LF0:
   32  00001040  201f0001	addi	r31,r0,#1
   33  00001044          	L5_LF0:
   34  00001044  001f0820	add	r1,r0,r31
   35  00001048  8fa20000	lw	r2,0(r29)
   36  0000104c  8fdffff8	lw	r31,-8(r30)
   37  00001050  001ee820	add	r29,r0,r30
   38  00001054  8fdefffc	lw	r30,-4(r30)
   39  00001058  4be00000	jr	r31
   40  0000105c  54000000	nop
   41  00001060          	.endproc _isspace
   42  00001060          	.align 2
   43  00001060          	.proc _isxdigit
   44  00001060          	.global _isxdigit
   45  00001060          	_isxdigit:
   46                      ;  Function 'isxdigit'; 0 bytes of locals, 1 regs to save.
   47  00001060  afbefffc	sw	-4(r29),r30; push fp
   48  00001064  001df020	add	r30,r0,r29; fp = sp
   49  00001068  afbffff8	sw	-8(r29),r31; push ret addr
   50  0000106c  2fbd0010	subui	r29,r29,#16; alloc local storage
   51  00001070  afa20000	sw	0(r29),r2
   52  00001074  83df0003	lb	r31,3(r30)
   53  00001078  20020000	addi	r2,r0,#0
   54  0000107c  23e1ffd0	addi	r1,r31,#-48
   55  00001080  302100ff	andi	r1,r1,#0x00ff
   56  00001084  70210009	sleui	r1,r1,#9
   57  00001088  14200028	bnez	r1,L12_LF0
   58  0000108c  54000000	nop; not filled.
   59  00001090  23e1ff9f	addi	r1,r31,#-97
   60  00001094  302100ff	andi	r1,r1,#0x00ff
   61  00001098  70210005	sleui	r1,r1,#5
   62  0000109c  14200014	bnez	r1,L12_LF0
   63  000010a0  54000000	nop; not filled.
   64  000010a4  33e100ff	andi	r1,r31,#0x00ff
   65  000010a8  64210041	snei	r1,r1,#65
   66  000010ac  14200008	bnez	r1,L11_LF0
   67  000010b0  54000000	nop; not filled.
   68  000010b4          	L12_LF0:
   69  000010b4  20020001	addi	r2,r0,#1
   70  000010b8          	L11_LF0:
   71  000010b8  00020820	add	r1,r0,r2
   72  000010bc  8fa20000	lw	r2,0(r29)
   73  000010c0  8fdffff8	lw	r31,-8(r30)
   74  000010c4  001ee820	add	r29,r0,r30
   75  000010c8  8fdefffc	lw	r30,-4(r30)
   76  000010cc  4be00000	jr	r31
   77  000010d0  54000000	nop
   78  000010d4          	.endproc _isxdigit
   79  000010d4          	.data
   80  00003000          	.align 2
   81  00003000          	LC0_LF0:
   82  00003000  55736167	.ascii "Usage: \000"
   82  00003004  653a2000	
   83  00003008          	.align 2
   84  00003008          	LC1_LF0:
   85  00003008  203c6861	.ascii " <handle_to_shared_memory_page> <handle_to_page_mapped_semaphore>\n\000"
   85  0000300c  6e646c65	
   85  00003010  5f746f5f	
   85  00003014  73686172	
   85  00003018  65645f6d	
   85  0000301c  656d6f72	
   85  00003020  795f7061	
   85  00003024  67653e20	
   85  00003028  3c68616e	
   85  0000302c  646c655f	
   85  00003030  746f5f70	
   85  00003034  6167655f	
   85  00003038  6d617070	
   85  0000303c  65645f73	
   85  00003040  656d6170	
   85  00003044  686f7265	
   85  00003048  3e0a00  	
   86  0000304b          	.align 2
   87  0000304c          	LC2_LF0:
   88  0000304c  4d617020	.ascii "Map failed in SO injection \n\000"
   88  00003050  6661696c	
   88  00003054  65642069	
   88  00003058  6e20534f	
   88  0000305c  20696e6a	
   88  00003060  65637469	
   88  00003064  6f6e200a	
   88  00003068  00      	
   89  00003069          	.align 2
   90  0000306c          	LC3_LF0:
   91  0000306c  4f70656e	.ascii "Open the mailbox failed, check the condition\000"
   91  00003070  20746865	
   91  00003074  206d6169	
   91  00003078  6c626f78	
   91  0000307c  20666169	
   91  00003080  6c65642c	
   91  00003084  20636865	
   91  00003088  636b2074	
   91  0000308c  68652063	
   91  00003090  6f6e6469	
   91  00003094  74696f6e	
   91  00003098  00      	
   92  00003099          	.align 2
   93  0000309c          	LC4_LF0:
   94  0000309c  436c6f73	.ascii "Close the mailbox failed, check the condition\000"
   94  000030a0  65207468	
   94  000030a4  65206d61	
   94  000030a8  696c626f	
   94  000030ac  78206661	
   94  000030b0  696c6564	
   94  000030b4  2c206368	
   94  000030b8  65636b20	
   94  000030bc  74686520	
   94  000030c0  636f6e64	
   94  000030c4  6974696f	
   94  000030c8  6e00    	
   95  000030ca          	.align 2
   96  000030cc          	LC5_LF0:
   97  000030cc  4f3200  	.ascii "O2\000"
   98  000030cf          	.align 2
   99  000030d0          	LC6_LF0:
  100  000030d0  433200  	.ascii "C2\000"
  101  000030d3          	.align 2
  102  000030d4          	LC7_LF0:
  103  000030d4  496e6a65	.ascii "Injection C2 failed, current PID is %d \n\000"
  103  000030d8  6374696f	
  103  000030dc  6e204332	
  103  000030e0  20666169	
  103  000030e4  6c65642c	
  103  000030e8  20637572	
  103  000030ec  72656e74	
  103  000030f0  20504944	
  103  000030f4  20697320	
  103  000030f8  2564200a	
  103  000030fc  00      	
  104  000030fd          	.align 2
  105  00003100          	LC8_LF0:
  106  00003100  3420434f	.ascii "4 CO -> 2 O2 + 2 C2 reacted, PID: %d\n\000"
  106  00003104  202d3e20	
  106  00003108  32204f32	
  106  0000310c  202b2032	
  106  00003110  20433220	
  106  00003114  72656163	
  106  00003118  7465642c	
  106  0000311c  20504944	
  106  00003120  3a202564	
  106  00003124  0a00    	
  107  00003126          	.align 2
  108  00003128          	LC9_LF0:
  109  00003128  42616420	.ascii "Bad semaphore s_procs_completed (%d) in \000"
  109  0000312c  73656d61	
  109  00003130  70686f72	
  109  00003134  6520735f	
  109  00003138  70726f63	
  109  0000313c  735f636f	
  109  00003140  6d706c65	
  109  00003144  74656420	
  109  00003148  28256429	
  109  0000314c  20696e20	
  109  00003150  00      	
  110  00003151          	.align 2
  111  00003154          	LC10_LF0:
  112  00003154  2c206578	.ascii ", exiting...\n\000"
  112  00003158  6974696e	
  112  0000315c  672e2e2e	
  112  00003160  0a00    	
  113  00003162          	.text
  114  000010d4          	.align 2
  115  000010d4          	.proc _main
  116  000010d4          	.global _main
  117  000010d4          	_main:
  118                      ;  Function 'main'; 8 bytes of locals, 0 regs to save.
  119  000010d4  afbefffc	sw	-4(r29),r30; push fp
  120  000010d8  001df020	add	r30,r0,r29; fp = sp
  121  000010dc  afbffff8	sw	-8(r29),r31; push ret addr
  122  000010e0  2fbd0010	subui	r29,r29,#16; alloc local storage
  123  000010e4  8fc20000	lw	r2,(r30)
  124  000010e8  8fc40004	lw	r4,4(r30)
  125  000010ec  0c00139c	jal	___main
  126  000010f0  54000000	nop; not filled.
  127  000010f4  64410003	snei	r1,r2,#3
  128  000010f8  1020004c	beqz	r1,L14_LF0
  129  000010fc  54000000	nop; not filled.
  130  00001100  23bdfff8	addi	r29,r29,#-8
  131  00001104  3c060000	lhi	r6,((LC0_LF0)>>16)&0xffff
  132  00001108  24c63000	addui	r6,r6,(LC0_LF0)&0xffff
  133  0000110c  afa60000	sw	(r29),r6
  134  00001110  0c0004c8	jal	_Printf
  135  00001114  54000000	nop; not filled.
  136  00001118  8c860000	lw	r6,(r4)
  137  0000111c  afa60000	sw	(r29),r6
  138  00001120  0c0004b8	jal	_Printf
  139  00001124  54000000	nop; not filled.
  140  00001128  3c060000	lhi	r6,((LC1_LF0)>>16)&0xffff
  141  0000112c  24c63008	addui	r6,r6,(LC1_LF0)&0xffff
  142  00001130  afa60000	sw	(r29),r6
  143  00001134  0c0004a4	jal	_Printf
  144  00001138  54000000	nop; not filled.
  145  0000113c  0c0005a4	jal	_Exit
  146  00001140  54000000	nop; not filled.
  147  00001144  23bd0008	addi	r29,r29,#8
  148  00001148          	L14_LF0:
  149  00001148  23bdfff0	addi	r29,r29,#-16
  150  0000114c  8c860004	lw	r6,4(r4)
  151  00001150  afa60000	sw	(r29),r6
  152  00001154  20060000	addi	r6,r0,#0
  153  00001158  afa60004	sw	4(r29),r6
  154  0000115c  2006000a	addi	r6,r0,#10
  155  00001160  afa60008	sw	8(r29),r6
  156  00001164  0c000e28	jal	_dstrtol
  157  00001168  54000000	nop; not filled.
  158  0000116c  00012820	add	r5,r0,r1
  159  00001170  8c860008	lw	r6,8(r4)
  160  00001174  afa60000	sw	(r29),r6
  161  00001178  20060000	addi	r6,r0,#0
  162  0000117c  afa60004	sw	4(r29),r6
  163  00001180  2006000a	addi	r6,r0,#10
  164  00001184  afa60008	sw	8(r29),r6
  165  00001188  0c000e04	jal	_dstrtol
  166  0000118c  54000000	nop; not filled.
  167  00001190  afa10000	sw	(r29),r1
  168  00001194  0c000474	jal	_shmat
  169  00001198  54000000	nop; not filled.
  170  0000119c  00011820	add	r3,r0,r1
  171  000011a0  23bd0010	addi	r29,r29,#16
  172  000011a4  64610000	snei	r1,r3,#0
  173  000011a8  14200028	bnez	r1,L15_LF0
  174  000011ac  54000000	nop; not filled.
  175  000011b0  23bdfff8	addi	r29,r29,#-8
  176  000011b4  3c060000	lhi	r6,((LC2_LF0)>>16)&0xffff
  177  000011b8  24c6304c	addui	r6,r6,(LC2_LF0)&0xffff
  178  000011bc  afa60000	sw	(r29),r6
  179  000011c0  0c000418	jal	_Printf
  180  000011c4  54000000	nop; not filled.
  181  000011c8  0c000518	jal	_Exit
  182  000011cc  54000000	nop; not filled.
  183  000011d0  23bd0008	addi	r29,r29,#8
  184  000011d4          	L15_LF0:
  185  000011d4  23bdfff8	addi	r29,r29,#-8
  186  000011d8  8c660008	lw	r6,8(r3)
  187  000011dc  afa60000	sw	(r29),r6
  188  000011e0  0c0004b8	jal	_mbox_open
  189  000011e4  54000000	nop; not filled.
  190  000011e8  23bd0008	addi	r29,r29,#8
  191  000011ec  64210001	snei	r1,r1,#1
  192  000011f0  10200028	beqz	r1,L16_LF0
  193  000011f4  54000000	nop; not filled.
  194  000011f8  23bdfff8	addi	r29,r29,#-8
  195  000011fc  3c060000	lhi	r6,((LC3_LF0)>>16)&0xffff
  196  00001200  24c6306c	addui	r6,r6,(LC3_LF0)&0xffff
  197  00001204  afa60000	sw	(r29),r6
  198  00001208  0c0003d0	jal	_Printf
  199  0000120c  54000000	nop; not filled.
  200  00001210  0c0004d0	jal	_Exit
  201  00001214  54000000	nop; not filled.
  202  00001218  23bd0008	addi	r29,r29,#8
  203  0000121c          	L16_LF0:
  204  0000121c  23bdfff0	addi	r29,r29,#-16
  205  00001220  8c660008	lw	r6,8(r3)
  206  00001224  afa60000	sw	(r29),r6
  207  00001228  20060002	addi	r6,r0,#2
  208  0000122c  afa60004	sw	4(r29),r6
  209  00001230  23c2fff0	addi	r2,r30,#-16
  210  00001234  afa20008	sw	8(r29),r2
  211  00001238  0c000484	jal	_mbox_recv
  212  0000123c  54000000	nop; not filled.
  213  00001240  8c660008	lw	r6,8(r3)
  214  00001244  afa60000	sw	(r29),r6
  215  00001248  20060002	addi	r6,r0,#2
  216  0000124c  afa60004	sw	4(r29),r6
  217  00001250  afa20008	sw	8(r29),r2
  218  00001254  0c000468	jal	_mbox_recv
  219  00001258  54000000	nop; not filled.
  220  0000125c  8c660008	lw	r6,8(r3)
  221  00001260  afa60000	sw	(r29),r6
  222  00001264  20060002	addi	r6,r0,#2
  223  00001268  afa60004	sw	4(r29),r6
  224  0000126c  afa20008	sw	8(r29),r2
  225  00001270  0c00044c	jal	_mbox_recv
  226  00001274  54000000	nop; not filled.
  227  00001278  8c660008	lw	r6,8(r3)
  228  0000127c  afa60000	sw	(r29),r6
  229  00001280  20060002	addi	r6,r0,#2
  230  00001284  afa60004	sw	4(r29),r6
  231  00001288  afa20008	sw	8(r29),r2
  232  0000128c  0c000430	jal	_mbox_recv
  233  00001290  54000000	nop; not filled.
  234  00001294  8c660008	lw	r6,8(r3)
  235  00001298  afa60000	sw	(r29),r6
  236  0000129c  0c000408	jal	_mbox_close
  237  000012a0  54000000	nop; not filled.
  238  000012a4  23bd0010	addi	r29,r29,#16
  239  000012a8  64210001	snei	r1,r1,#1
  240  000012ac  10200028	beqz	r1,L17_LF0
  241  000012b0  54000000	nop; not filled.
  242  000012b4  23bdfff8	addi	r29,r29,#-8
  243  000012b8  3c060000	lhi	r6,((LC4_LF0)>>16)&0xffff
  244  000012bc  24c6309c	addui	r6,r6,(LC4_LF0)&0xffff
  245  000012c0  afa60000	sw	(r29),r6
  246  000012c4  0c000314	jal	_Printf
  247  000012c8  54000000	nop; not filled.
  248  000012cc  0c000414	jal	_Exit
  249  000012d0  54000000	nop; not filled.
  250  000012d4  23bd0008	addi	r29,r29,#8
  251  000012d8          	L17_LF0:
  252  000012d8  23bdfff8	addi	r29,r29,#-8
  253  000012dc  8c66000c	lw	r6,12(r3)
  254  000012e0  afa60000	sw	(r29),r6
  255  000012e4  0c0003b4	jal	_mbox_open
  256  000012e8  54000000	nop; not filled.
  257  000012ec  23bd0008	addi	r29,r29,#8
  258  000012f0  64210001	snei	r1,r1,#1
  259  000012f4  10200028	beqz	r1,L18_LF0
  260  000012f8  54000000	nop; not filled.
  261  000012fc  23bdfff8	addi	r29,r29,#-8
  262  00001300  3c060000	lhi	r6,((LC3_LF0)>>16)&0xffff
  263  00001304  24c6306c	addui	r6,r6,(LC3_LF0)&0xffff
  264  00001308  afa60000	sw	(r29),r6
  265  0000130c  0c0002cc	jal	_Printf
  266  00001310  54000000	nop; not filled.
  267  00001314  0c0003cc	jal	_Exit
  268  00001318  54000000	nop; not filled.
  269  0000131c  23bd0008	addi	r29,r29,#8
  270  00001320          	L18_LF0:
  271  00001320  23bdfff0	addi	r29,r29,#-16
  272  00001324  8c66000c	lw	r6,12(r3)
  273  00001328  afa60000	sw	(r29),r6
  274  0000132c  20060002	addi	r6,r0,#2
  275  00001330  afa60004	sw	4(r29),r6
  276  00001334  3c020000	lhi	r2,((LC5_LF0)>>16)&0xffff
  277  00001338  244230cc	addui	r2,r2,(LC5_LF0)&0xffff
  278  0000133c  afa20008	sw	8(r29),r2
  279  00001340  0c000370	jal	_mbox_send
  280  00001344  54000000	nop; not filled.
  281  00001348  8c66000c	lw	r6,12(r3)
  282  0000134c  afa60000	sw	(r29),r6
  283  00001350  20060002	addi	r6,r0,#2
  284  00001354  afa60004	sw	4(r29),r6
  285  00001358  afa20008	sw	8(r29),r2
  286  0000135c  0c000354	jal	_mbox_send
  287  00001360  54000000	nop; not filled.
  288  00001364  8c66000c	lw	r6,12(r3)
  289  00001368  afa60000	sw	(r29),r6
  290  0000136c  0c000338	jal	_mbox_close
  291  00001370  54000000	nop; not filled.
  292  00001374  23bd0010	addi	r29,r29,#16
  293  00001378  64210001	snei	r1,r1,#1
  294  0000137c  10200028	beqz	r1,L19_LF0
  295  00001380  54000000	nop; not filled.
  296  00001384  23bdfff8	addi	r29,r29,#-8
  297  00001388  3c060000	lhi	r6,((LC4_LF0)>>16)&0xffff
  298  0000138c  24c6309c	addui	r6,r6,(LC4_LF0)&0xffff
  299  00001390  afa60000	sw	(r29),r6
  300  00001394  0c000244	jal	_Printf
  301  00001398  54000000	nop; not filled.
  302  0000139c  0c000344	jal	_Exit
  303  000013a0  54000000	nop; not filled.
  304  000013a4  23bd0008	addi	r29,r29,#8
  305  000013a8          	L19_LF0:
  306  000013a8  23bdfff8	addi	r29,r29,#-8
  307  000013ac  8c660010	lw	r6,16(r3)
  308  000013b0  afa60000	sw	(r29),r6
  309  000013b4  0c0002e4	jal	_mbox_open
  310  000013b8  54000000	nop; not filled.
  311  000013bc  23bd0008	addi	r29,r29,#8
  312  000013c0  64210001	snei	r1,r1,#1
  313  000013c4  10200028	beqz	r1,L20_LF0
  314  000013c8  54000000	nop; not filled.
  315  000013cc  23bdfff8	addi	r29,r29,#-8
  316  000013d0  3c060000	lhi	r6,((LC3_LF0)>>16)&0xffff
  317  000013d4  24c6306c	addui	r6,r6,(LC3_LF0)&0xffff
  318  000013d8  afa60000	sw	(r29),r6
  319  000013dc  0c0001fc	jal	_Printf
  320  000013e0  54000000	nop; not filled.
  321  000013e4  0c0002fc	jal	_Exit
  322  000013e8  54000000	nop; not filled.
  323  000013ec  23bd0008	addi	r29,r29,#8
  324  000013f0          	L20_LF0:
  325  000013f0  23bdfff0	addi	r29,r29,#-16
  326  000013f4  8c660010	lw	r6,16(r3)
  327  000013f8  afa60000	sw	(r29),r6
  328  000013fc  20060002	addi	r6,r0,#2
  329  00001400  afa60004	sw	4(r29),r6
  330  00001404  3c020000	lhi	r2,((LC6_LF0)>>16)&0xffff
  331  00001408  244230d0	addui	r2,r2,(LC6_LF0)&0xffff
  332  0000140c  afa20008	sw	8(r29),r2
  333  00001410  0c0002a0	jal	_mbox_send
  334  00001414  54000000	nop; not filled.
  335  00001418  23bd0010	addi	r29,r29,#16
  336  0000141c  64210001	snei	r1,r1,#1
  337  00001420  10200034	beqz	r1,L21_LF0
  338  00001424  54000000	nop; not filled.
  339  00001428  0c0001bc	jal	_getpid
  340  0000142c  54000000	nop; not filled.
  341  00001430  23bdfff8	addi	r29,r29,#-8
  342  00001434  3c060000	lhi	r6,((LC7_LF0)>>16)&0xffff
  343  00001438  24c630d4	addui	r6,r6,(LC7_LF0)&0xffff
  344  0000143c  afa60000	sw	(r29),r6
  345  00001440  afa10004	sw	4(r29),r1
  346  00001444  0c000194	jal	_Printf
  347  00001448  54000000	nop; not filled.
  348  0000144c  0c000294	jal	_Exit
  349  00001450  54000000	nop; not filled.
  350  00001454  23bd0008	addi	r29,r29,#8
  351  00001458          	L21_LF0:
  352  00001458  23bdfff0	addi	r29,r29,#-16
  353  0000145c  8c660010	lw	r6,16(r3)
  354  00001460  afa60000	sw	(r29),r6
  355  00001464  20060002	addi	r6,r0,#2
  356  00001468  afa60004	sw	4(r29),r6
  357  0000146c  afa20008	sw	8(r29),r2
  358  00001470  0c000240	jal	_mbox_send
  359  00001474  54000000	nop; not filled.
  360  00001478  23bd0010	addi	r29,r29,#16
  361  0000147c  64210001	snei	r1,r1,#1
  362  00001480  10200034	beqz	r1,L22_LF0
  363  00001484  54000000	nop; not filled.
  364  00001488  0c00015c	jal	_getpid
  365  0000148c  54000000	nop; not filled.
  366  00001490  23bdfff8	addi	r29,r29,#-8
  367  00001494  3c060000	lhi	r6,((LC7_LF0)>>16)&0xffff
  368  00001498  24c630d4	addui	r6,r6,(LC7_LF0)&0xffff
  369  0000149c  afa60000	sw	(r29),r6
  370  000014a0  afa10004	sw	4(r29),r1
  371  000014a4  0c000134	jal	_Printf
  372  000014a8  54000000	nop; not filled.
  373  000014ac  0c000234	jal	_Exit
  374  000014b0  54000000	nop; not filled.
  375  000014b4  23bd0008	addi	r29,r29,#8
  376  000014b8          	L22_LF0:
  377  000014b8  23bdfff8	addi	r29,r29,#-8
  378  000014bc  8c630010	lw	r3,16(r3)
  379  000014c0  afa30000	sw	(r29),r3
  380  000014c4  0c0001e0	jal	_mbox_close
  381  000014c8  54000000	nop; not filled.
  382  000014cc  23bd0008	addi	r29,r29,#8
  383  000014d0  64210001	snei	r1,r1,#1
  384  000014d4  10200028	beqz	r1,L23_LF0
  385  000014d8  54000000	nop; not filled.
  386  000014dc  23bdfff8	addi	r29,r29,#-8
  387  000014e0  3c060000	lhi	r6,((LC4_LF0)>>16)&0xffff
  388  000014e4  24c6309c	addui	r6,r6,(LC4_LF0)&0xffff
  389  000014e8  afa60000	sw	(r29),r6
  390  000014ec  0c0000ec	jal	_Printf
  391  000014f0  54000000	nop; not filled.
  392  000014f4  0c0001ec	jal	_Exit
  393  000014f8  54000000	nop; not filled.
  394  000014fc  23bd0008	addi	r29,r29,#8
  395  00001500          	L23_LF0:
  396  00001500  0c0000e4	jal	_getpid
  397  00001504  54000000	nop; not filled.
  398  00001508  23bdfff8	addi	r29,r29,#-8
  399  0000150c  3c060000	lhi	r6,((LC8_LF0)>>16)&0xffff
  400  00001510  24c63100	addui	r6,r6,(LC8_LF0)&0xffff
  401  00001514  afa60000	sw	(r29),r6
  402  00001518  afa10004	sw	4(r29),r1
  403  0000151c  0c0000bc	jal	_Printf
  404  00001520  54000000	nop; not filled.
  405  00001524  afa50000	sw	(r29),r5
  406  00001528  0c000104	jal	_sem_signal
  407  0000152c  54000000	nop; not filled.
  408  00001530  23bd0008	addi	r29,r29,#8
  409  00001534  64210001	snei	r1,r1,#1
  410  00001538  10200050	beqz	r1,L24_LF0
  411  0000153c  54000000	nop; not filled.
  412  00001540  23bdfff8	addi	r29,r29,#-8
  413  00001544  3c060000	lhi	r6,((LC9_LF0)>>16)&0xffff
  414  00001548  24c63128	addui	r6,r6,(LC9_LF0)&0xffff
  415  0000154c  afa60000	sw	(r29),r6
  416  00001550  afa50004	sw	4(r29),r5
  417  00001554  0c000084	jal	_Printf
  418  00001558  54000000	nop; not filled.
  419  0000155c  8c840000	lw	r4,(r4)
  420  00001560  afa40000	sw	(r29),r4
  421  00001564  0c000074	jal	_Printf
  422  00001568  54000000	nop; not filled.
  423  0000156c  3c060000	lhi	r6,((LC10_LF0)>>16)&0xffff
  424  00001570  24c63154	addui	r6,r6,(LC10_LF0)&0xffff
  425  00001574  afa60000	sw	(r29),r6
  426  00001578  0c000060	jal	_Printf
  427  0000157c  54000000	nop; not filled.
  428  00001580  0c000160	jal	_Exit
  429  00001584  54000000	nop; not filled.
  430  00001588  23bd0008	addi	r29,r29,#8
  431  0000158c          	L24_LF0:
  432  0000158c  0c000ef0	jal	_exit
  433  00001590  54000000	nop
  434  00001594          	.endproc _main
  435                      ;;;
  436                      ;;; Stub functions for DLX traps.
  437                      ;;;
  438                      ;;; Ethan L. Miller, 1999.  Released to the public domain.
  439                      ;;;
  440                      ;;; The traps such as Open and Close
  441                      ;;; (note the capital letters) are for use by user programs.  The traps
  442                      ;;; with names such as open and close (lower case) are for use by the OS.
  443                      ;;;
  446  00001594          	.align 2
  448                      ;;; The following are the traps to be used by user-level programs
  449                      ;;;
  451  00001594          	.align 2
  452  00001594          	.proc _Open
  453  00001594          	.global _Open
  454  00001594          	_Open:
  455                      ;;; Note that trap #0x213 actually causes a trap vector in the OS of
  456                      ;;; 0x1213.  The same is true for other user traps.  Thus, a user trap
  457                      ;;; with trap #0x240 will result in a trap vector of 0x1240 in the OS.
  458  00001594  44000213	trap	#0x213
  459  00001598  4be00000	jr	r31
  460  0000159c  54000000	nop
  461  000015a0          	.endproc _Open
  463  000015a0          	.proc _Close
  464  000015a0          	.global _Close
  465  000015a0          	_Close:
  466  000015a0  44000214	trap	#0x214
  467  000015a4  4be00000	jr	r31
  468  000015a8  54000000	nop
  469  000015ac          	.endproc _Close
  471  000015ac          	.proc _Read
  472  000015ac          	.global _Read
  473  000015ac          	_Read:
  474  000015ac  44000210	trap	#0x210
  475  000015b0  4be00000	jr	r31
  476  000015b4  54000000	nop
  477  000015b8          	.endproc _Read
  479  000015b8          	.proc _Write
  480  000015b8          	.global _Write
  481  000015b8          	_Write:
  482  000015b8  44000211	trap	#0x211
  483  000015bc  4be00000	jr	r31
  484  000015c0  54000000	nop
  485  000015c4          	.endproc _Write
  487  000015c4          	.proc _Lseek
  488  000015c4          	.global _Lseek
  489  000015c4          	_Lseek:
  490  000015c4  44000212	trap	#0x212
  491  000015c8  4be00000	jr	r31
  492  000015cc  54000000	nop
  493  000015d0          	.endproc _Lseek
  495  000015d0          	.proc _Putchar
  496  000015d0          	.global _Putchar
  497  000015d0          	_Putchar:
  498  000015d0  44000280	trap	#0x280
  499  000015d4  4be00000	jr	r31
  500  000015d8  54000000	nop
  501  000015dc          	.endproc _Putchar
  503  000015dc          	.proc _Printf
  504  000015dc          	.global _Printf
  505  000015dc          	_Printf:
  506  000015dc  44000201	trap	#0x201
  507  000015e0  4be00000	jr	r31
  508  000015e4  54000000	nop
  509  000015e8          	.endproc _Printf
  511  000015e8          	.proc _getpid
  512  000015e8          	.global _getpid
  513  000015e8          	_getpid:
  514  000015e8  44000431	trap	#0x431
  515  000015ec  4be00000	jr	r31
  516  000015f0  54000000	nop
  517  000015f4          	.endproc _getpid
  519  000015f4          	.proc _process_create
  520  000015f4          	.global _process_create
  521  000015f4          	_process_create:
  522  000015f4  44000432	trap	#0x432
  523  000015f8  4be00000	jr	r31
  524  000015fc  54000000	nop
  525  00001600          	.endproc _process_create
  527  00001600          	.proc _shmget
  528  00001600          	.global _shmget
  529  00001600          	_shmget:
  530  00001600  44000440	trap	#0x440
  531  00001604  4be00000	jr	r31
  532  00001608  54000000	nop
  533  0000160c          	.endproc _shmget
  535  0000160c          	.proc _shmat
  536  0000160c          	.global _shmat
  537  0000160c          	_shmat:
  538  0000160c  44000441	trap	#0x441
  539  00001610  4be00000	jr	r31
  540  00001614  54000000	nop
  541  00001618          	.endproc _shmat
  543  00001618          	.proc _sem_create
  544  00001618          	.global _sem_create
  545  00001618          	_sem_create:
  546  00001618  44000450	trap	#0x450
  547  0000161c  4be00000	jr	r31
  548  00001620  54000000	nop
  549  00001624          	.endproc _sem_create
  551  00001624          	.proc _sem_wait
  552  00001624          	.global _sem_wait
  553  00001624          	_sem_wait:
  554  00001624  44000451	trap	#0x451
  555  00001628  4be00000	jr	r31
  556  0000162c  54000000	nop
  557  00001630          	.endproc _sem_wait
  559  00001630          	.proc _sem_signal
  560  00001630          	.global _sem_signal
  561  00001630          	_sem_signal:
  562  00001630  44000452	trap	#0x452
  563  00001634  4be00000	jr	r31
  564  00001638  54000000	nop
  565  0000163c          	.endproc _sem_signal
  567  0000163c          	.proc _lock_create
  568  0000163c          	.global _lock_create
  569  0000163c          	_lock_create:
  570  0000163c  44000453	trap	#0x453
  571  00001640  4be00000	jr	r31
  572  00001644  54000000	nop
  573  00001648          	.endproc _lock_create
  575  00001648          	.proc _lock_acquire
  576  00001648          	.global _lock_acquire
  577  00001648          	_lock_acquire:
  578  00001648  44000454	trap	#0x454
  579  0000164c  4be00000	jr	r31
  580  00001650  54000000	nop
  581  00001654          	.endproc _lock_acquire
  583  00001654          	.proc _lock_release
  584  00001654          	.global _lock_release
  585  00001654          	_lock_release:
  586  00001654  44000455	trap	#0x455
  587  00001658  4be00000	jr	r31
  588  0000165c  54000000	nop
  589  00001660          	.endproc _lock_release
  591  00001660          	.proc _cond_create
  592  00001660          	.global _cond_create
  593  00001660          	_cond_create:
  594  00001660  44000456	trap	#0x456
  595  00001664  4be00000	jr	r31
  596  00001668  54000000	nop
  597  0000166c          	.endproc _cond_create
  599  0000166c          	.proc _cond_wait
  600  0000166c          	.global _cond_wait
  601  0000166c          	_cond_wait:
  602  0000166c  44000457	trap	#0x457
  603  00001670  4be00000	jr	r31
  604  00001674  54000000	nop
  605  00001678          	.endproc _cond_wait
  607  00001678          	.proc _cond_signal
  608  00001678          	.global _cond_signal
  609  00001678          	_cond_signal:
  610  00001678  44000458	trap	#0x458
  611  0000167c  4be00000	jr	r31
  612  00001680  54000000	nop
  613  00001684          	.endproc _cond_signal
  615  00001684          	.proc _cond_broadcast
  616  00001684          	.global _cond_broadcast
  617  00001684          	_cond_broadcast:
  618  00001684  44000459	trap	#0x459
  619  00001688  4be00000	jr	r31
  620  0000168c  54000000	nop
  621  00001690          	.endproc _cond_broadcast
  623  00001690          	.proc _mbox_create
  624  00001690          	.global _mbox_create
  625  00001690          	_mbox_create:
  626  00001690  44000460	trap	#0x460
  627  00001694  4be00000	jr	r31
  628  00001698  54000000	nop
  629  0000169c          	.endproc _mbox_create
  631  0000169c          	.proc _mbox_open
  632  0000169c          	.global _mbox_open
  633  0000169c          	_mbox_open:
  634  0000169c  44000461	trap	#0x461
  635  000016a0  4be00000	jr	r31
  636  000016a4  54000000	nop
  637  000016a8          	.endproc _mbox_open
  639  000016a8          	.proc _mbox_close
  640  000016a8          	.global _mbox_close
  641  000016a8          	_mbox_close:
  642  000016a8  44000462	trap	#0x462
  643  000016ac  4be00000	jr	r31
  644  000016b0  54000000	nop
  645  000016b4          	.endproc _mbox_close
  647  000016b4          	.proc _mbox_send
  648  000016b4          	.global _mbox_send
  649  000016b4          	_mbox_send:
  650  000016b4  44000463	trap	#0x463
  651  000016b8  4be00000	jr	r31
  652  000016bc  54000000	nop
  653  000016c0          	.endproc _mbox_send
  655  000016c0          	.proc _mbox_recv
  656  000016c0          	.global _mbox_recv
  657  000016c0          	_mbox_recv:
  658  000016c0  44000464	trap	#0x464
  659  000016c4  4be00000	jr	r31
  660  000016c8  54000000	nop
  661  000016cc          	.endproc _mbox_recv
  663  000016cc          	.proc _sleep
  664  000016cc          	.global _sleep
  665  000016cc          	_sleep:
  666  000016cc  44000465	trap	#0x465
  667  000016d0  4be00000	jr	r31
  668  000016d4  54000000	nop
  669  000016d8          	.endproc _sleep
  671  000016d8          	.proc _yield
  672  000016d8          	.global _yield
  673  000016d8          	_yield:
  674  000016d8  44000466	trap	#0x466
  675  000016dc  4be00000	jr	r31
  676  000016e0  54000000	nop
  677  000016e4          	.endproc _yield
  680  000016e4          	.proc _Exit
  681  000016e4          	.global _Exit
  682  000016e4          	_Exit:
  683  000016e4  44000500	trap	#0x500
  684  000016e8  4be00000	jr	r31
  685  000016ec  54000000	nop
  686  000016f0          	.endproc _Exit
  687                      ; Compiled by GCC
  689  000016f0          	.align 2
  690  000016f0          	.proc _isspace
  691  000016f0          	.global _isspace
  692  000016f0          	_isspace:
  693                      ;  Function 'isspace'; 0 bytes of locals, 3 regs to save.
  694  000016f0  afbefffc	sw	-4(r29),r30; push fp
  695  000016f4  001df020	add	r30,r0,r29; fp = sp
  696  000016f8  afbffff8	sw	-8(r29),r31; push ret addr
  697  000016fc  2fbd0018	subui	r29,r29,#24; alloc local storage
  698  00001700  afa20000	sw	0(r29),r2
  699  00001704  afa30004	sw	4(r29),r3
  700  00001708  afa40008	sw	8(r29),r4
  701  0000170c  83c20003	lb	r2,3(r30)
  702  00001710  20010000	addi	r1,r0,#0
  703  00001714  304300ff	andi	r3,r2,#0x00ff
  704  00001718  60640020	seqi	r4,r3,#32
  705  0000171c  1480002c	bnez	r4,L3_LF2
  706  00001720  54000000	nop; delay slot nop
  707  00001724  304300ff	andi	r3,r2,#0x00ff
  708  00001728  60640009	seqi	r4,r3,#9
  709  0000172c  1480001c	bnez	r4,L3_LF2
  710  00001730  54000000	nop; delay slot nop
  711  00001734  304300ff	andi	r3,r2,#0x00ff
  712  00001738  6064000a	seqi	r4,r3,#10
  713  0000173c  1480000c	bnez	r4,L3_LF2
  714  00001740  54000000	nop; delay slot nop
  715  00001744  08000008	j	L2_LF2
  716  00001748  54000000	nop; delay slot nop
  717  0000174c          	L3_LF2:
  718  0000174c  20010001	addi	r1,r0,#1
  719  00001750          	L2_LF2:
  720  00001750  08000004	j	L1_LF2
  721  00001754  54000000	nop; delay slot nop
  722  00001758          	L1_LF2:
  723  00001758  8fa20000	lw	r2,0(r29)
  724  0000175c  8fa30004	lw	r3,4(r29)
  725  00001760  8fa40008	lw	r4,8(r29)
  726  00001764  8fdffff8	lw	r31,-8(r30)
  727  00001768  001ee820	add	r29,r0,r30
  728  0000176c  8fdefffc	lw	r30,-4(r30)
  729  00001770  4be00000	jr	r31
  730  00001774  54000000	nop
  731  00001778          	.endproc _isspace
  732  00001778          	.align 2
  733  00001778          	.proc _isxdigit
  734  00001778          	.global _isxdigit
  735  00001778          	_isxdigit:
  736                      ;  Function 'isxdigit'; 0 bytes of locals, 3 regs to save.
  737  00001778  afbefffc	sw	-4(r29),r30; push fp
  738  0000177c  001df020	add	r30,r0,r29; fp = sp
  739  00001780  afbffff8	sw	-8(r29),r31; push ret addr
  740  00001784  2fbd0018	subui	r29,r29,#24; alloc local storage
  741  00001788  afa20000	sw	0(r29),r2
  742  0000178c  afa30004	sw	4(r29),r3
  743  00001790  afa40008	sw	8(r29),r4
  744  00001794  83c20003	lb	r2,3(r30)
  745  00001798  20010000	addi	r1,r0,#0
  746  0000179c  304300ff	andi	r3,r2,#0x00ff
  747  000017a0  6c64002f	sgtui	r4,r3,#47
  748  000017a4  1080001c	beqz	r4,L7_LF2
  749  000017a8  54000000	nop; delay slot nop
  750  000017ac  304300ff	andi	r3,r2,#0x00ff
  751  000017b0  70640039	sleui	r4,r3,#57
  752  000017b4  1480005c	bnez	r4,L6_LF2
  753  000017b8  54000000	nop; delay slot nop
  754  000017bc  08000004	j	L7_LF2
  755  000017c0  54000000	nop; delay slot nop
  756  000017c4          	L7_LF2:
  757  000017c4  304300ff	andi	r3,r2,#0x00ff
  758  000017c8  6c640060	sgtui	r4,r3,#96
  759  000017cc  1080001c	beqz	r4,L8_LF2
  760  000017d0  54000000	nop; delay slot nop
  761  000017d4  304300ff	andi	r3,r2,#0x00ff
  762  000017d8  70640066	sleui	r4,r3,#102
  763  000017dc  14800034	bnez	r4,L6_LF2
  764  000017e0  54000000	nop; delay slot nop
  765  000017e4  08000004	j	L8_LF2
  766  000017e8  54000000	nop; delay slot nop
  767  000017ec          	L8_LF2:
  768  000017ec  304300ff	andi	r3,r2,#0x00ff
  769  000017f0  6c640040	sgtui	r4,r3,#64
  770  000017f4  10800020	beqz	r4,L5_LF2
  771  000017f8  54000000	nop; delay slot nop
  772  000017fc  304300ff	andi	r3,r2,#0x00ff
  773  00001800  70640041	sleui	r4,r3,#65
  774  00001804  1480000c	bnez	r4,L6_LF2
  775  00001808  54000000	nop; delay slot nop
  776  0000180c  08000008	j	L5_LF2
  777  00001810  54000000	nop; delay slot nop
  778  00001814          	L6_LF2:
  779  00001814  20010001	addi	r1,r0,#1
  780  00001818          	L5_LF2:
  781  00001818  08000004	j	L4_LF2
  782  0000181c  54000000	nop; delay slot nop
  783  00001820          	L4_LF2:
  784  00001820  8fa20000	lw	r2,0(r29)
  785  00001824  8fa30004	lw	r3,4(r29)
  786  00001828  8fa40008	lw	r4,8(r29)
  787  0000182c  8fdffff8	lw	r31,-8(r30)
  788  00001830  001ee820	add	r29,r0,r30
  789  00001834  8fdefffc	lw	r30,-4(r30)
  790  00001838  4be00000	jr	r31
  791  0000183c  54000000	nop
  792  00001840          	.endproc _isxdigit
  793  00001840          	.align 2
  794  00001840          	.proc _dstrcpy
  795  00001840          	.global _dstrcpy
  796  00001840          	_dstrcpy:
  797                      ;  Function 'dstrcpy'; 8 bytes of locals, 2 regs to save.
  798  00001840  afbefffc	sw	-4(r29),r30; push fp
  799  00001844  001df020	add	r30,r0,r29; fp = sp
  800  00001848  afbffff8	sw	-8(r29),r31; push ret addr
  801  0000184c  2fbd0018	subui	r29,r29,#24; alloc local storage
  802  00001850  afa20000	sw	0(r29),r2
  803  00001854  afa30004	sw	4(r29),r3
  804  00001858  8fc10000	lw	r1,(r30)
  805  0000185c  afc1fff4	sw	-12(r30),r1
  806  00001860          	L10_LF2:
  807  00001860  8fc10000	lw	r1,(r30)
  808  00001864  20220001	addi	r2,r1,#1
  809  00001868  afc20000	sw	(r30),r2
  810  0000186c  8fc20004	lw	r2,4(r30)
  811  00001870  20430001	addi	r3,r2,#1
  812  00001874  afc30004	sw	4(r30),r3
  813  00001878  80420000	lb	r2,(r2)
  814  0000187c  a0220000	sb	(r1),r2
  815  00001880  a3c2fff3	sb	-13(r30),r2
  816  00001884          	L12_LF2:
  817  00001884  93c1fff3	lbu	r1,-13(r30)
  818  00001888  64220000	snei	r2,r1,#0
  819  0000188c  1440000c	bnez	r2,L13_LF2
  820  00001890  54000000	nop; delay slot nop
  821  00001894  0800000c	j	L11_LF2
  822  00001898  54000000	nop; delay slot nop
  823  0000189c          	L13_LF2:
  824  0000189c  0bffffc0	j	L10_LF2
  825  000018a0  54000000	nop; delay slot nop
  826  000018a4          	L11_LF2:
  827  000018a4  8fc1fff4	lw	r1,-12(r30)
  828  000018a8  08000004	j	L9_LF2
  829  000018ac  54000000	nop; delay slot nop
  830  000018b0          	L9_LF2:
  831  000018b0  8fa20000	lw	r2,0(r29)
  832  000018b4  8fa30004	lw	r3,4(r29)
  833  000018b8  8fdffff8	lw	r31,-8(r30)
  834  000018bc  001ee820	add	r29,r0,r30
  835  000018c0  8fdefffc	lw	r30,-4(r30)
  836  000018c4  4be00000	jr	r31
  837  000018c8  54000000	nop
  838  000018cc          	.endproc _dstrcpy
  839  000018cc          	.align 2
  840  000018cc          	.proc _dstrncpy
  841  000018cc          	.global _dstrncpy
  842  000018cc          	_dstrncpy:
  843                      ;  Function 'dstrncpy'; 8 bytes of locals, 2 regs to save.
  844  000018cc  afbefffc	sw	-4(r29),r30; push fp
  845  000018d0  001df020	add	r30,r0,r29; fp = sp
  846  000018d4  afbffff8	sw	-8(r29),r31; push ret addr
  847  000018d8  2fbd0018	subui	r29,r29,#24; alloc local storage
  848  000018dc  afa20000	sw	0(r29),r2
  849  000018e0  afa30004	sw	4(r29),r3
  850  000018e4  8fc10000	lw	r1,(r30)
  851  000018e8  afc1fff4	sw	-12(r30),r1
  852  000018ec          	L15_LF2:
  853  000018ec  8fc10008	lw	r1,8(r30)
  854  000018f0  2022ffff	addi	r2,r1,#-1
  855  000018f4  afc20008	sw	8(r30),r2
  856  000018f8  70210000	slei	r1,r1,#0
  857  000018fc  1020000c	beqz	r1,L18_LF2
  858  00001900  54000000	nop; delay slot nop
  859  00001904  08000048	j	L16_LF2
  860  00001908  54000000	nop; delay slot nop
  861  0000190c          	L18_LF2:
  862  0000190c  8fc10000	lw	r1,(r30)
  863  00001910  20220001	addi	r2,r1,#1
  864  00001914  afc20000	sw	(r30),r2
  865  00001918  8fc20004	lw	r2,4(r30)
  866  0000191c  20430001	addi	r3,r2,#1
  867  00001920  afc30004	sw	4(r30),r3
  868  00001924  80420000	lb	r2,(r2)
  869  00001928  a0220000	sb	(r1),r2
  870  0000192c  a3c2fff3	sb	-13(r30),r2
  871  00001930          	L17_LF2:
  872  00001930  93c1fff3	lbu	r1,-13(r30)
  873  00001934  64220000	snei	r2,r1,#0
  874  00001938  1440000c	bnez	r2,L19_LF2
  875  0000193c  54000000	nop; delay slot nop
  876  00001940  0800000c	j	L16_LF2
  877  00001944  54000000	nop; delay slot nop
  878  00001948          	L19_LF2:
  879  00001948  0bffffa0	j	L15_LF2
  880  0000194c  54000000	nop; delay slot nop
  881  00001950          	L16_LF2:
  882  00001950  8fc1fff4	lw	r1,-12(r30)
  883  00001954  08000004	j	L14_LF2
  884  00001958  54000000	nop; delay slot nop
  885  0000195c          	L14_LF2:
  886  0000195c  8fa20000	lw	r2,0(r29)
  887  00001960  8fa30004	lw	r3,4(r29)
  888  00001964  8fdffff8	lw	r31,-8(r30)
  889  00001968  001ee820	add	r29,r0,r30
  890  0000196c  8fdefffc	lw	r30,-4(r30)
  891  00001970  4be00000	jr	r31
  892  00001974  54000000	nop
  893  00001978          	.endproc _dstrncpy
  894  00001978          	.align 2
  895  00001978          	.proc _dstrcat
  896  00001978          	.global _dstrcat
  897  00001978          	_dstrcat:
  898                      ;  Function 'dstrcat'; 8 bytes of locals, 1 regs to save.
  899  00001978  afbefffc	sw	-4(r29),r30; push fp
  900  0000197c  001df020	add	r30,r0,r29; fp = sp
  901  00001980  afbffff8	sw	-8(r29),r31; push ret addr
  902  00001984  2fbd0018	subui	r29,r29,#24; alloc local storage
  903  00001988  afa20000	sw	0(r29),r2
  904  0000198c  8fc10000	lw	r1,(r30)
  905  00001990  afc1fff4	sw	-12(r30),r1
  906  00001994          	L21_LF2:
  907  00001994  8fc10000	lw	r1,(r30)
  908  00001998  90220000	lbu	r2,(r1)
  909  0000199c  64410000	snei	r1,r2,#0
  910  000019a0  1420000c	bnez	r1,L23_LF2
  911  000019a4  54000000	nop; delay slot nop
  912  000019a8  0800001c	j	L22_LF2
  913  000019ac  54000000	nop; delay slot nop
  914  000019b0          	L23_LF2:
  915  000019b0  8fc20000	lw	r2,(r30)
  916  000019b4  20410001	addi	r1,r2,#1
  917  000019b8  00011020	add	r2,r0,r1
  918  000019bc  afc20000	sw	(r30),r2
  919  000019c0  0bffffd0	j	L21_LF2
  920  000019c4  54000000	nop; delay slot nop
  921  000019c8          	L22_LF2:
  922  000019c8  23bdfff8	addi	r29,r29,#-8
  923  000019cc  001d0820	add	r1,r0,r29
  924  000019d0  8fc20000	lw	r2,(r30)
  925  000019d4  ac220000	sw	(r1),r2
  926  000019d8  8fc20004	lw	r2,4(r30)
  927  000019dc  ac220004	sw	4(r1),r2
  928  000019e0  0ffffe5c	jal	_dstrcpy
  929  000019e4  54000000	nop; delay slot nop
  930  000019e8  23bd0008	addi	r29,r29,#8
  931  000019ec  8fc1fff4	lw	r1,-12(r30)
  932  000019f0  08000004	j	L20_LF2
  933  000019f4  54000000	nop; delay slot nop
  934  000019f8          	L20_LF2:
  935  000019f8  8fa20000	lw	r2,0(r29)
  936  000019fc  8fdffff8	lw	r31,-8(r30)
  937  00001a00  001ee820	add	r29,r0,r30
  938  00001a04  8fdefffc	lw	r30,-4(r30)
  939  00001a08  4be00000	jr	r31
  940  00001a0c  54000000	nop
  941  00001a10          	.endproc _dstrcat
  942  00001a10          	.align 2
  943  00001a10          	.proc _dstrncmp
  944  00001a10          	.global _dstrncmp
  945  00001a10          	_dstrncmp:
  946                      ;  Function 'dstrncmp'; 8 bytes of locals, 2 regs to save.
  947  00001a10  afbefffc	sw	-4(r29),r30; push fp
  948  00001a14  001df020	add	r30,r0,r29; fp = sp
  949  00001a18  afbffff8	sw	-8(r29),r31; push ret addr
  950  00001a1c  2fbd0018	subui	r29,r29,#24; alloc local storage
  951  00001a20  afa20000	sw	0(r29),r2
  952  00001a24  afa30004	sw	4(r29),r3
  953  00001a28  54000000	nop
  954  00001a2c  20010000	addi	r1,r0,#0
  955  00001a30  afc1fff4	sw	-12(r30),r1
  956  00001a34          	L25_LF2:
  957  00001a34  8fc1fff4	lw	r1,-12(r30)
  958  00001a38  8fc20008	lw	r2,8(r30)
  959  00001a3c  0022082a	slt	r1,r1,r2
  960  00001a40  1420000c	bnez	r1,L28_LF2
  961  00001a44  54000000	nop; delay slot nop
  962  00001a48  08000088	j	L26_LF2
  963  00001a4c  54000000	nop; delay slot nop
  964  00001a50          	L28_LF2:
  965  00001a50  8fc10004	lw	r1,4(r30)
  966  00001a54  90220000	lbu	r2,(r1)
  967  00001a58  64410000	snei	r1,r2,#0
  968  00001a5c  14200018	bnez	r1,L29_LF2
  969  00001a60  54000000	nop; delay slot nop
  970  00001a64  20010000	addi	r1,r0,#0
  971  00001a68  080000d8	j	L24_LF2
  972  00001a6c  54000000	nop; delay slot nop
  973  00001a70  08000028	j	L30_LF2
  974  00001a74  54000000	nop; delay slot nop
  975  00001a78          	L29_LF2:
  976  00001a78  8fc10000	lw	r1,(r30)
  977  00001a7c  8fc20004	lw	r2,4(r30)
  978  00001a80  90210000	lbu	r1,(r1)
  979  00001a84  90420000	lbu	r2,(r2)
  980  00001a88  00220829	sne	r1,r1,r2
  981  00001a8c  1020000c	beqz	r1,L30_LF2
  982  00001a90  54000000	nop; delay slot nop
  983  00001a94  0800003c	j	L26_LF2
  984  00001a98  54000000	nop; delay slot nop
  985  00001a9c          	L31_LF2:
  986  00001a9c          	L30_LF2:
  987  00001a9c  8fc20000	lw	r2,(r30)
  988  00001aa0  20410001	addi	r1,r2,#1
  989  00001aa4  00011020	add	r2,r0,r1
  990  00001aa8  afc20000	sw	(r30),r2
  991  00001aac  8fc20004	lw	r2,4(r30)
  992  00001ab0  20410001	addi	r1,r2,#1
  993  00001ab4  00011020	add	r2,r0,r1
  994  00001ab8  afc20004	sw	4(r30),r2
  995  00001abc          	L27_LF2:
  996  00001abc  8fc2fff4	lw	r2,-12(r30)
  997  00001ac0  20410001	addi	r1,r2,#1
  998  00001ac4  00011020	add	r2,r0,r1
  999  00001ac8  afc2fff4	sw	-12(r30),r2
 1000  00001acc  0bffff64	j	L25_LF2
 1001  00001ad0  54000000	nop; delay slot nop
 1002  00001ad4          	L26_LF2:
 1003  00001ad4  8fc1fff4	lw	r1,-12(r30)
 1004  00001ad8  8fc20008	lw	r2,8(r30)
 1005  00001adc  00220828	seq	r1,r1,r2
 1006  00001ae0  10200018	beqz	r1,L32_LF2
 1007  00001ae4  54000000	nop; delay slot nop
 1008  00001ae8  20010000	addi	r1,r0,#0
 1009  00001aec  08000054	j	L24_LF2
 1010  00001af0  54000000	nop; delay slot nop
 1011  00001af4  0800004c	j	L33_LF2
 1012  00001af8  54000000	nop; delay slot nop
 1013  00001afc          	L32_LF2:
 1014  00001afc  8fc20000	lw	r2,(r30)
 1015  00001b00  90410000	lbu	r1,(r2)
 1016  00001b04  8fc20004	lw	r2,4(r30)
 1017  00001b08  90430000	lbu	r3,(r2)
 1018  00001b0c  00230822	sub	r1,r1,r3
 1019  00001b10  74220000	sgei	r2,r1,#0
 1020  00001b14  10400020	beqz	r2,L34_LF2
 1021  00001b18  54000000	nop; delay slot nop
 1022  00001b1c  8fc10000	lw	r1,(r30)
 1023  00001b20  8fc20004	lw	r2,4(r30)
 1024  00001b24  90210000	lbu	r1,(r1)
 1025  00001b28  90420000	lbu	r2,(r2)
 1026  00001b2c  00220829	sne	r1,r1,r2
 1027  00001b30  08000008	j	L35_LF2
 1028  00001b34  54000000	nop; delay slot nop
 1029  00001b38          	L34_LF2:
 1030  00001b38  2001ffff	addi	r1,r0,#-1
 1031  00001b3c          	L35_LF2:
 1032  00001b3c  08000004	j	L24_LF2
 1033  00001b40  54000000	nop; delay slot nop
 1034  00001b44          	L33_LF2:
 1035  00001b44          	L24_LF2:
 1036  00001b44  8fa20000	lw	r2,0(r29)
 1037  00001b48  8fa30004	lw	r3,4(r29)
 1038  00001b4c  8fdffff8	lw	r31,-8(r30)
 1039  00001b50  001ee820	add	r29,r0,r30
 1040  00001b54  8fdefffc	lw	r30,-4(r30)
 1041  00001b58  4be00000	jr	r31
 1042  00001b5c  54000000	nop
 1043  00001b60          	.endproc _dstrncmp
 1044  00001b60          	.align 2
 1045  00001b60          	.proc _dstrlen
 1046  00001b60          	.global _dstrlen
 1047  00001b60          	_dstrlen:
 1048                      ;  Function 'dstrlen'; 8 bytes of locals, 1 regs to save.
 1049  00001b60  afbefffc	sw	-4(r29),r30; push fp
 1050  00001b64  001df020	add	r30,r0,r29; fp = sp
 1051  00001b68  afbffff8	sw	-8(r29),r31; push ret addr
 1052  00001b6c  2fbd0018	subui	r29,r29,#24; alloc local storage
 1053  00001b70  afa20000	sw	0(r29),r2
 1054  00001b74  20010000	addi	r1,r0,#0
 1055  00001b78  afc1fff4	sw	-12(r30),r1
 1056  00001b7c          	L37_LF2:
 1057  00001b7c  8fc10000	lw	r1,(r30)
 1058  00001b80  20220001	addi	r2,r1,#1
 1059  00001b84  afc20000	sw	(r30),r2
 1060  00001b88  90210000	lbu	r1,(r1)
 1061  00001b8c  64220000	snei	r2,r1,#0
 1062  00001b90  1440000c	bnez	r2,L39_LF2
 1063  00001b94  54000000	nop; delay slot nop
 1064  00001b98  0800001c	j	L38_LF2
 1065  00001b9c  54000000	nop; delay slot nop
 1066  00001ba0          	L39_LF2:
 1067  00001ba0  8fc2fff4	lw	r2,-12(r30)
 1068  00001ba4  20410001	addi	r1,r2,#1
 1069  00001ba8  00011020	add	r2,r0,r1
 1070  00001bac  afc2fff4	sw	-12(r30),r2
 1071  00001bb0  0bffffc8	j	L37_LF2
 1072  00001bb4  54000000	nop; delay slot nop
 1073  00001bb8          	L38_LF2:
 1074  00001bb8  8fc1fff4	lw	r1,-12(r30)
 1075  00001bbc  08000004	j	L36_LF2
 1076  00001bc0  54000000	nop; delay slot nop
 1077  00001bc4          	L36_LF2:
 1078  00001bc4  8fa20000	lw	r2,0(r29)
 1079  00001bc8  8fdffff8	lw	r31,-8(r30)
 1080  00001bcc  001ee820	add	r29,r0,r30
 1081  00001bd0  8fdefffc	lw	r30,-4(r30)
 1082  00001bd4  4be00000	jr	r31
 1083  00001bd8  54000000	nop
 1084  00001bdc          	.endproc _dstrlen
 1085  00001bdc          	.align 2
 1086  00001bdc          	.proc _dstrstr
 1087  00001bdc          	.global _dstrstr
 1088  00001bdc          	_dstrstr:
 1089                      ;  Function 'dstrstr'; 8 bytes of locals, 1 regs to save.
 1090  00001bdc  afbefffc	sw	-4(r29),r30; push fp
 1091  00001be0  001df020	add	r30,r0,r29; fp = sp
 1092  00001be4  afbffff8	sw	-8(r29),r31; push ret addr
 1093  00001be8  2fbd0018	subui	r29,r29,#24; alloc local storage
 1094  00001bec  afa20000	sw	0(r29),r2
 1095  00001bf0  23bdfff8	addi	r29,r29,#-8
 1096  00001bf4  001d0820	add	r1,r0,r29
 1097  00001bf8  8fc20004	lw	r2,4(r30)
 1098  00001bfc  ac220000	sw	(r1),r2
 1099  00001c00  0fffff5c	jal	_dstrlen
 1100  00001c04  54000000	nop; delay slot nop
 1101  00001c08  23bd0008	addi	r29,r29,#8
 1102  00001c0c  afc1fff4	sw	-12(r30),r1
 1103  00001c10          	L41_LF2:
 1104  00001c10  8fc10000	lw	r1,(r30)
 1105  00001c14  90220000	lbu	r2,(r1)
 1106  00001c18  64410000	snei	r1,r2,#0
 1107  00001c1c  1420000c	bnez	r1,L43_LF2
 1108  00001c20  54000000	nop; delay slot nop
 1109  00001c24  08000060	j	L42_LF2
 1110  00001c28  54000000	nop; delay slot nop
 1111  00001c2c          	L43_LF2:
 1112  00001c2c  23bdfff0	addi	r29,r29,#-16
 1113  00001c30  001d0820	add	r1,r0,r29
 1114  00001c34  8fc20000	lw	r2,(r30)
 1115  00001c38  ac220000	sw	(r1),r2
 1116  00001c3c  8fc20004	lw	r2,4(r30)
 1117  00001c40  ac220004	sw	4(r1),r2
 1118  00001c44  8fc2fff4	lw	r2,-12(r30)
 1119  00001c48  ac220008	sw	8(r1),r2
 1120  00001c4c  0ffffdc0	jal	_dstrncmp
 1121  00001c50  54000000	nop; delay slot nop
 1122  00001c54  23bd0010	addi	r29,r29,#16
 1123  00001c58  64220000	snei	r2,r1,#0
 1124  00001c5c  14400010	bnez	r2,L44_LF2
 1125  00001c60  54000000	nop; delay slot nop
 1126  00001c64  8fc10000	lw	r1,(r30)
 1127  00001c68  08000028	j	L40_LF2
 1128  00001c6c  54000000	nop; delay slot nop
 1129  00001c70          	L44_LF2:
 1130  00001c70  8fc20000	lw	r2,(r30)
 1131  00001c74  20410001	addi	r1,r2,#1
 1132  00001c78  00011020	add	r2,r0,r1
 1133  00001c7c  afc20000	sw	(r30),r2
 1134  00001c80  0bffff8c	j	L41_LF2
 1135  00001c84  54000000	nop; delay slot nop
 1136  00001c88          	L42_LF2:
 1137  00001c88  20010000	addi	r1,r0,#0
 1138  00001c8c  08000004	j	L40_LF2
 1139  00001c90  54000000	nop; delay slot nop
 1140  00001c94          	L40_LF2:
 1141  00001c94  8fa20000	lw	r2,0(r29)
 1142  00001c98  8fdffff8	lw	r31,-8(r30)
 1143  00001c9c  001ee820	add	r29,r0,r30
 1144  00001ca0  8fdefffc	lw	r30,-4(r30)
 1145  00001ca4  4be00000	jr	r31
 1146  00001ca8  54000000	nop
 1147  00001cac          	.endproc _dstrstr
 1148  00001cac          	.align 2
 1149  00001cac          	.proc _dmindex
 1150  00001cac          	.global _dmindex
 1151  00001cac          	_dmindex:
 1152                      ;  Function 'dmindex'; 8 bytes of locals, 1 regs to save.
 1153  00001cac  afbefffc	sw	-4(r29),r30; push fp
 1154  00001cb0  001df020	add	r30,r0,r29; fp = sp
 1155  00001cb4  afbffff8	sw	-8(r29),r31; push ret addr
 1156  00001cb8  2fbd0018	subui	r29,r29,#24; alloc local storage
 1157  00001cbc  afa20000	sw	0(r29),r2
 1158  00001cc0  54000000	nop
 1159  00001cc4          	L46_LF2:
 1160  00001cc4  8fc10000	lw	r1,(r30)
 1161  00001cc8  90220000	lbu	r2,(r1)
 1162  00001ccc  64410000	snei	r1,r2,#0
 1163  00001cd0  1420000c	bnez	r1,L48_LF2
 1164  00001cd4  54000000	nop; delay slot nop
 1165  00001cd8  08000070	j	L47_LF2
 1166  00001cdc  54000000	nop; delay slot nop
 1167  00001ce0          	L48_LF2:
 1168  00001ce0  8fc10004	lw	r1,4(r30)
 1169  00001ce4  afc1fff4	sw	-12(r30),r1
 1170  00001ce8          	L49_LF2:
 1171  00001ce8  8fc1fff4	lw	r1,-12(r30)
 1172  00001cec  90220000	lbu	r2,(r1)
 1173  00001cf0  64410000	snei	r1,r2,#0
 1174  00001cf4  1420000c	bnez	r1,L52_LF2
 1175  00001cf8  54000000	nop; delay slot nop
 1176  00001cfc  08000044	j	L50_LF2
 1177  00001d00  54000000	nop; delay slot nop
 1178  00001d04          	L52_LF2:
 1179  00001d04  8fc10000	lw	r1,(r30)
 1180  00001d08  8fc2fff4	lw	r2,-12(r30)
 1181  00001d0c  90210000	lbu	r1,(r1)
 1182  00001d10  90420000	lbu	r2,(r2)
 1183  00001d14  00220828	seq	r1,r1,r2
 1184  00001d18  10200010	beqz	r1,L51_LF2
 1185  00001d1c  54000000	nop; delay slot nop
 1186  00001d20  8fc10000	lw	r1,(r30)
 1187  00001d24  08000030	j	L45_LF2
 1188  00001d28  54000000	nop; delay slot nop
 1189  00001d2c          	L53_LF2:
 1190  00001d2c          	L51_LF2:
 1191  00001d2c  8fc2fff4	lw	r2,-12(r30)
 1192  00001d30  20410001	addi	r1,r2,#1
 1193  00001d34  00011020	add	r2,r0,r1
 1194  00001d38  afc2fff4	sw	-12(r30),r2
 1195  00001d3c  0bffffa8	j	L49_LF2
 1196  00001d40  54000000	nop; delay slot nop
 1197  00001d44          	L50_LF2:
 1198  00001d44  0bffff7c	j	L46_LF2
 1199  00001d48  54000000	nop; delay slot nop
 1200  00001d4c          	L47_LF2:
 1201  00001d4c  20010000	addi	r1,r0,#0
 1202  00001d50  08000004	j	L45_LF2
 1203  00001d54  54000000	nop; delay slot nop
 1204  00001d58          	L45_LF2:
 1205  00001d58  8fa20000	lw	r2,0(r29)
 1206  00001d5c  8fdffff8	lw	r31,-8(r30)
 1207  00001d60  001ee820	add	r29,r0,r30
 1208  00001d64  8fdefffc	lw	r30,-4(r30)
 1209  00001d68  4be00000	jr	r31
 1210  00001d6c  54000000	nop
 1211  00001d70          	.endproc _dmindex
 1212  00001d70          	.align 2
 1213  00001d70          	.proc _dindex
 1214  00001d70          	.global _dindex
 1215  00001d70          	_dindex:
 1216                      ;  Function 'dindex'; 0 bytes of locals, 1 regs to save.
 1217  00001d70  afbefffc	sw	-4(r29),r30; push fp
 1218  00001d74  001df020	add	r30,r0,r29; fp = sp
 1219  00001d78  afbffff8	sw	-8(r29),r31; push ret addr
 1220  00001d7c  2fbd0010	subui	r29,r29,#16; alloc local storage
 1221  00001d80  afa20000	sw	0(r29),r2
 1222  00001d84  54000000	nop
 1223  00001d88          	L55_LF2:
 1224  00001d88  8fc10000	lw	r1,(r30)
 1225  00001d8c  90220000	lbu	r2,(r1)
 1226  00001d90  64410000	snei	r1,r2,#0
 1227  00001d94  1420000c	bnez	r1,L57_LF2
 1228  00001d98  54000000	nop; delay slot nop
 1229  00001d9c  08000040	j	L56_LF2
 1230  00001da0  54000000	nop; delay slot nop
 1231  00001da4          	L57_LF2:
 1232  00001da4  8fc10000	lw	r1,(r30)
 1233  00001da8  90220000	lbu	r2,(r1)
 1234  00001dac  8fc10004	lw	r1,4(r30)
 1235  00001db0  00411028	seq	r2,r2,r1
 1236  00001db4  10400010	beqz	r2,L58_LF2
 1237  00001db8  54000000	nop; delay slot nop
 1238  00001dbc  8fc10000	lw	r1,(r30)
 1239  00001dc0  08000028	j	L54_LF2
 1240  00001dc4  54000000	nop; delay slot nop
 1241  00001dc8          	L58_LF2:
 1242  00001dc8  8fc20000	lw	r2,(r30)
 1243  00001dcc  20410001	addi	r1,r2,#1
 1244  00001dd0  00011020	add	r2,r0,r1
 1245  00001dd4  afc20000	sw	(r30),r2
 1246  00001dd8  0bffffac	j	L55_LF2
 1247  00001ddc  54000000	nop; delay slot nop
 1248  00001de0          	L56_LF2:
 1249  00001de0  20010000	addi	r1,r0,#0
 1250  00001de4  08000004	j	L54_LF2
 1251  00001de8  54000000	nop; delay slot nop
 1252  00001dec          	L54_LF2:
 1253  00001dec  8fa20000	lw	r2,0(r29)
 1254  00001df0  8fdffff8	lw	r31,-8(r30)
 1255  00001df4  001ee820	add	r29,r0,r30
 1256  00001df8  8fdefffc	lw	r30,-4(r30)
 1257  00001dfc  4be00000	jr	r31
 1258  00001e00  54000000	nop
 1259  00001e04          	.endproc _dindex
 1260  00001e04          	.align 2
 1261  00001e04          	.proc _ditoa
 1262  00001e04          	.global _ditoa
 1263  00001e04          	_ditoa:
 1264                      ;  Function 'ditoa'; 8 bytes of locals, 2 regs to save.
 1265  00001e04  afbefffc	sw	-4(r29),r30; push fp
 1266  00001e08  001df020	add	r30,r0,r29; fp = sp
 1267  00001e0c  afbffff8	sw	-8(r29),r31; push ret addr
 1268  00001e10  2fbd0018	subui	r29,r29,#24; alloc local storage
 1269  00001e14  afa20000	sw	0(r29),r2
 1270  00001e18  afa30004	sw	4(r29),r3
 1271  00001e1c  8fc10000	lw	r1,(r30)
 1272  00001e20  68220000	slti	r2,r1,#0
 1273  00001e24  1040002c	beqz	r2,L60_LF2
 1274  00001e28  54000000	nop; delay slot nop
 1275  00001e2c  8fc10004	lw	r1,4(r30)
 1276  00001e30  20220001	addi	r2,r1,#1
 1277  00001e34  afc20004	sw	4(r30),r2
 1278  00001e38  2002002d	addi	r2,r0,(#0x2d)&0xff
 1279  00001e3c  a0220000	sb	(r1),r2
 1280  00001e40  8fc10000	lw	r1,(r30)
 1281  00001e44  00011022	sub	r2,r0,r1
 1282  00001e48  afc20000	sw	(r30),r2
 1283  00001e4c  08000118	j	L61_LF2
 1284  00001e50  54000000	nop; delay slot nop
 1285  00001e54          	L60_LF2:
 1286  00001e54  8fc10000	lw	r1,(r30)
 1287  00001e58  64220000	snei	r2,r1,#0
 1288  00001e5c  14400020	bnez	r2,L62_LF2
 1289  00001e60  54000000	nop; delay slot nop
 1290  00001e64  8fc10004	lw	r1,4(r30)
 1291  00001e68  20220001	addi	r2,r1,#1
 1292  00001e6c  afc20004	sw	4(r30),r2
 1293  00001e70  20020030	addi	r2,r0,(#0x30)&0xff
 1294  00001e74  a0220000	sb	(r1),r2
 1295  00001e78  080000ec	j	L61_LF2
 1296  00001e7c  54000000	nop; delay slot nop
 1297  00001e80          	L62_LF2:
 1298  00001e80  20010001	addi	r1,r0,#1
 1299  00001e84  afc1fff4	sw	-12(r30),r1
 1300  00001e88          	L64_LF2:
 1301  00001e88  8fc1fff4	lw	r1,-12(r30)
 1302  00001e8c  8fc20000	lw	r2,(r30)
 1303  00001e90  0022082c	sle	r1,r1,r2
 1304  00001e94  1420000c	bnez	r1,L66_LF2
 1305  00001e98  54000000	nop; delay slot nop
 1306  00001e9c  08000024	j	L65_LF2
 1307  00001ea0  54000000	nop; delay slot nop
 1308  00001ea4          	L67_LF2:
 1309  00001ea4          	L66_LF2:
 1310  00001ea4  8fc1fff4	lw	r1,-12(r30)
 1311  00001ea8  00011820	add	r3,r0,r1
 1312  00001eac  50620002	slli	r2,r3,#0x2
 1313  00001eb0  00411020	add	r2,r2,r1
 1314  00001eb4  50410001	slli	r1,r2,#0x1
 1315  00001eb8  afc1fff4	sw	-12(r30),r1
 1316  00001ebc  0bffffc8	j	L64_LF2
 1317  00001ec0  54000000	nop; delay slot nop
 1318  00001ec4          	L65_LF2:
 1319  00001ec4  54000000	nop
 1320  00001ec8          	L68_LF2:
 1321  00001ec8  8fc1fff4	lw	r1,-12(r30)
 1322  00001ecc  2002000a	addi	r2,r0,#10
 1323  00001ed0  00200035	movi2fp	f0,r1
 1324  00001ed4  00400835	movi2fp	f1,r2
 1325  00001ed8  0401000f	div	f0,f0,f1
 1326  00001edc  00000834	movfp2i	r1,f0
 1327  00001ee0  afc1fff4	sw	-12(r30),r1
 1328  00001ee4  8fc10004	lw	r1,4(r30)
 1329  00001ee8  20220001	addi	r2,r1,#1
 1330  00001eec  afc20004	sw	4(r30),r2
 1331  00001ef0  8fc20000	lw	r2,(r30)
 1332  00001ef4  8fc3fff4	lw	r3,-12(r30)
 1333  00001ef8  00400035	movi2fp	f0,r2
 1334  00001efc  00600835	movi2fp	f1,r3
 1335  00001f00  0401000f	div	f0,f0,f1
 1336  00001f04  00001034	movfp2i	r2,f0
 1337  00001f08  00021820	add	r3,r0,r2
 1338  00001f0c  20620030	addi	r2,r3,#48
 1339  00001f10  a0220000	sb	(r1),r2
 1340  00001f14  8fc10000	lw	r1,(r30)
 1341  00001f18  8fc3fff4	lw	r3,-12(r30)
 1342  00001f1c  00200035	movi2fp	f0,r1
 1343  00001f20  00600835	movi2fp	f1,r3
 1344  00001f24  0401000f	div	f0,f0,f1
 1345  00001f28  00001034	movfp2i	r2,f0
 1346  00001f2c  8fc3fff4	lw	r3,-12(r30)
 1347  00001f30  00400035	movi2fp	f0,r2
 1348  00001f34  00600835	movi2fp	f1,r3
 1349  00001f38  0401000e	mult	f0,f0,f1
 1350  00001f3c  00001034	movfp2i	r2,f0
 1351  00001f40  00220822	sub	r1,r1,r2
 1352  00001f44  afc10000	sw	(r30),r1
 1353  00001f48          	L70_LF2:
 1354  00001f48  8fc1fff4	lw	r1,-12(r30)
 1355  00001f4c  6c220001	sgti	r2,r1,#1
 1356  00001f50  1440000c	bnez	r2,L71_LF2
 1357  00001f54  54000000	nop; delay slot nop
 1358  00001f58  0800000c	j	L61_LF2
 1359  00001f5c  54000000	nop; delay slot nop
 1360  00001f60          	L71_LF2:
 1361  00001f60  0bffff64	j	L68_LF2
 1362  00001f64  54000000	nop; delay slot nop
 1363  00001f68          	L69_LF2:
 1364  00001f68          	L63_LF2:
 1365  00001f68          	L61_LF2:
 1366  00001f68  8fc10004	lw	r1,4(r30)
 1367  00001f6c  20020000	addi	r2,r0,(#0x0)&0xff
 1368  00001f70  a0220000	sb	(r1),r2
 1369  00001f74          	L59_LF2:
 1370  00001f74  8fa20000	lw	r2,0(r29)
 1371  00001f78  8fa30004	lw	r3,4(r29)
 1372  00001f7c  8fdffff8	lw	r31,-8(r30)
 1373  00001f80  001ee820	add	r29,r0,r30
 1374  00001f84  8fdefffc	lw	r30,-4(r30)
 1375  00001f88  4be00000	jr	r31
 1376  00001f8c  54000000	nop
 1377  00001f90          	.endproc _ditoa
 1378  00001f90          	.align 2
 1379  00001f90          	.proc _dstrtol
 1380  00001f90          	.global _dstrtol
 1381  00001f90          	_dstrtol:
 1382                      ;  Function 'dstrtol'; 16 bytes of locals, 1 regs to save.
 1383  00001f90  afbefffc	sw	-4(r29),r30; push fp
 1384  00001f94  001df020	add	r30,r0,r29; fp = sp
 1385  00001f98  afbffff8	sw	-8(r29),r31; push ret addr
 1386  00001f9c  2fbd0020	subui	r29,r29,#32; alloc local storage
 1387  00001fa0  afa20000	sw	0(r29),r2
 1388  00001fa4  20010000	addi	r1,r0,#0
 1389  00001fa8  afc1fff4	sw	-12(r30),r1
 1390  00001fac          	L73_LF2:
 1391  00001fac  8fc10000	lw	r1,(r30)
 1392  00001fb0  90220000	lbu	r2,(r1)
 1393  00001fb4  60410020	seqi	r1,r2,#32
 1394  00001fb8  14200034	bnez	r1,L75_LF2
 1395  00001fbc  54000000	nop; delay slot nop
 1396  00001fc0  8fc10000	lw	r1,(r30)
 1397  00001fc4  90220000	lbu	r2,(r1)
 1398  00001fc8  60410009	seqi	r1,r2,#9
 1399  00001fcc  14200020	bnez	r1,L75_LF2
 1400  00001fd0  54000000	nop; delay slot nop
 1401  00001fd4  8fc10000	lw	r1,(r30)
 1402  00001fd8  90220000	lbu	r2,(r1)
 1403  00001fdc  6041000a	seqi	r1,r2,#10
 1404  00001fe0  1420000c	bnez	r1,L75_LF2
 1405  00001fe4  54000000	nop; delay slot nop
 1406  00001fe8  0800001c	j	L74_LF2
 1407  00001fec  54000000	nop; delay slot nop
 1408  00001ff0          	L75_LF2:
 1409  00001ff0  8fc20000	lw	r2,(r30)
 1410  00001ff4  20410001	addi	r1,r2,#1
 1411  00001ff8  00011020	add	r2,r0,r1
 1412  00001ffc  afc20000	sw	(r30),r2
 1413  00002000  0bffffa8	j	L73_LF2
 1414  00002004  54000000	nop; delay slot nop
 1415  00002008          	L74_LF2:
 1416  00002008  8fc10004	lw	r1,4(r30)
 1417  0000200c  64220000	snei	r2,r1,#0
 1418  00002010  10400010	beqz	r2,L76_LF2
 1419  00002014  54000000	nop; delay slot nop
 1420  00002018  8fc10004	lw	r1,4(r30)
 1421  0000201c  8fc20000	lw	r2,(r30)
 1422  00002020  ac220000	sw	(r1),r2
 1423  00002024          	L76_LF2:
 1424  00002024  8fc10000	lw	r1,(r30)
 1425  00002028  90220000	lbu	r2,(r1)
 1426  0000202c  64410000	snei	r1,r2,#0
 1427  00002030  14200010	bnez	r1,L77_LF2
 1428  00002034  54000000	nop; delay slot nop
 1429  00002038  8fc1fff4	lw	r1,-12(r30)
 1430  0000203c  08000294	j	L72_LF2
 1431  00002040  54000000	nop; delay slot nop
 1432  00002044          	L77_LF2:
 1433  00002044  8fc10000	lw	r1,(r30)
 1434  00002048  90220000	lbu	r2,(r1)
 1435  0000204c  6041002d	seqi	r1,r2,#45
 1436  00002050  10200024	beqz	r1,L78_LF2
 1437  00002054  54000000	nop; delay slot nop
 1438  00002058  2001ffff	addi	r1,r0,#-1
 1439  0000205c  afc1ffec	sw	-20(r30),r1
 1440  00002060  8fc20000	lw	r2,(r30)
 1441  00002064  20410001	addi	r1,r2,#1
 1442  00002068  00011020	add	r2,r0,r1
 1443  0000206c  afc20000	sw	(r30),r2
 1444  00002070  0800000c	j	L79_LF2
 1445  00002074  54000000	nop; delay slot nop
 1446  00002078          	L78_LF2:
 1447  00002078  20010001	addi	r1,r0,#1
 1448  0000207c  afc1ffec	sw	-20(r30),r1
 1449  00002080          	L79_LF2:
 1450  00002080  8fc10008	lw	r1,8(r30)
 1451  00002084  64220000	snei	r2,r1,#0
 1452  00002088  14400090	bnez	r2,L80_LF2
 1453  0000208c  54000000	nop; delay slot nop
 1454  00002090  8fc10000	lw	r1,(r30)
 1455  00002094  90220000	lbu	r2,(r1)
 1456  00002098  60410030	seqi	r1,r2,#48
 1457  0000209c  10200074	beqz	r1,L81_LF2
 1458  000020a0  54000000	nop; delay slot nop
 1459  000020a4  8fc20000	lw	r2,(r30)
 1460  000020a8  20410001	addi	r1,r2,#1
 1461  000020ac  00011020	add	r2,r0,r1
 1462  000020b0  afc20000	sw	(r30),r2
 1463  000020b4  8fc10000	lw	r1,(r30)
 1464  000020b8  90220000	lbu	r2,(r1)
 1465  000020bc  60410078	seqi	r1,r2,#120
 1466  000020c0  14200020	bnez	r1,L83_LF2
 1467  000020c4  54000000	nop; delay slot nop
 1468  000020c8  8fc10000	lw	r1,(r30)
 1469  000020cc  90220000	lbu	r2,(r1)
 1470  000020d0  60410058	seqi	r1,r2,#88
 1471  000020d4  1420000c	bnez	r1,L83_LF2
 1472  000020d8  54000000	nop; delay slot nop
 1473  000020dc  08000024	j	L82_LF2
 1474  000020e0  54000000	nop; delay slot nop
 1475  000020e4          	L83_LF2:
 1476  000020e4  20010010	addi	r1,r0,#16
 1477  000020e8  afc10008	sw	8(r30),r1
 1478  000020ec  8fc20000	lw	r2,(r30)
 1479  000020f0  20410001	addi	r1,r2,#1
 1480  000020f4  00011020	add	r2,r0,r1
 1481  000020f8  afc20000	sw	(r30),r2
 1482  000020fc  0800000c	j	L84_LF2
 1483  00002100  54000000	nop; delay slot nop
 1484  00002104          	L82_LF2:
 1485  00002104  20010008	addi	r1,r0,#8
 1486  00002108  afc10008	sw	8(r30),r1
 1487  0000210c          	L84_LF2:
 1488  0000210c  0800000c	j	L80_LF2
 1489  00002110  54000000	nop; delay slot nop
 1490  00002114          	L81_LF2:
 1491  00002114  2001000a	addi	r1,r0,#10
 1492  00002118  afc10008	sw	8(r30),r1
 1493  0000211c          	L85_LF2:
 1494  0000211c          	L80_LF2:
 1495  0000211c  8fc10008	lw	r1,8(r30)
 1496  00002120  70220000	slei	r2,r1,#0
 1497  00002124  1440001c	bnez	r2,L87_LF2
 1498  00002128  54000000	nop; delay slot nop
 1499  0000212c  8fc10008	lw	r1,8(r30)
 1500  00002130  6c220010	sgti	r2,r1,#16
 1501  00002134  1440000c	bnez	r2,L87_LF2
 1502  00002138  54000000	nop; delay slot nop
 1503  0000213c  08000010	j	L86_LF2
 1504  00002140  54000000	nop; delay slot nop
 1505  00002144          	L87_LF2:
 1506  00002144  8fc1fff4	lw	r1,-12(r30)
 1507  00002148  08000188	j	L72_LF2
 1508  0000214c  54000000	nop; delay slot nop
 1509  00002150          	L86_LF2:
 1510  00002150  54000000	nop
 1511  00002154          	L88_LF2:
 1512  00002154  8fc10000	lw	r1,(r30)
 1513  00002158  90220000	lbu	r2,(r1)
 1514  0000215c  6c41002f	sgtui	r1,r2,#47
 1515  00002160  10200030	beqz	r1,L91_LF2
 1516  00002164  54000000	nop; delay slot nop
 1517  00002168  8fc10000	lw	r1,(r30)
 1518  0000216c  90220000	lbu	r2,(r1)
 1519  00002170  70410039	sleui	r1,r2,#57
 1520  00002174  1020001c	beqz	r1,L91_LF2
 1521  00002178  54000000	nop; delay slot nop
 1522  0000217c  8fc10000	lw	r1,(r30)
 1523  00002180  90220000	lbu	r2,(r1)
 1524  00002184  2041ffd0	addi	r1,r2,#-48
 1525  00002188  afc1fff0	sw	-16(r30),r1
 1526  0000218c  0800008c	j	L92_LF2
 1527  00002190  54000000	nop; delay slot nop
 1528  00002194          	L91_LF2:
 1529  00002194  8fc10000	lw	r1,(r30)
 1530  00002198  90220000	lbu	r2,(r1)
 1531  0000219c  6c410060	sgtui	r1,r2,#96
 1532  000021a0  10200030	beqz	r1,L93_LF2
 1533  000021a4  54000000	nop; delay slot nop
 1534  000021a8  8fc10000	lw	r1,(r30)
 1535  000021ac  90220000	lbu	r2,(r1)
 1536  000021b0  7041007a	sleui	r1,r2,#122
 1537  000021b4  1020001c	beqz	r1,L93_LF2
 1538  000021b8  54000000	nop; delay slot nop
 1539  000021bc  8fc10000	lw	r1,(r30)
 1540  000021c0  90220000	lbu	r2,(r1)
 1541  000021c4  2041ffa9	addi	r1,r2,#-87
 1542  000021c8  afc1fff0	sw	-16(r30),r1
 1543  000021cc  0800004c	j	L92_LF2
 1544  000021d0  54000000	nop; delay slot nop
 1545  000021d4          	L93_LF2:
 1546  000021d4  8fc10000	lw	r1,(r30)
 1547  000021d8  90220000	lbu	r2,(r1)
 1548  000021dc  6c410040	sgtui	r1,r2,#64
 1549  000021e0  10200030	beqz	r1,L95_LF2
 1550  000021e4  54000000	nop; delay slot nop
 1551  000021e8  8fc10000	lw	r1,(r30)
 1552  000021ec  90220000	lbu	r2,(r1)
 1553  000021f0  7041005a	sleui	r1,r2,#90
 1554  000021f4  1020001c	beqz	r1,L95_LF2
 1555  000021f8  54000000	nop; delay slot nop
 1556  000021fc  8fc10000	lw	r1,(r30)
 1557  00002200  90220000	lbu	r2,(r1)
 1558  00002204  2041ffc9	addi	r1,r2,#-55
 1559  00002208  afc1fff0	sw	-16(r30),r1
 1560  0000220c  0800000c	j	L92_LF2
 1561  00002210  54000000	nop; delay slot nop
 1562  00002214          	L95_LF2:
 1563  00002214  200103e8	addi	r1,r0,#1000
 1564  00002218  afc1fff0	sw	-16(r30),r1
 1565  0000221c          	L96_LF2:
 1566  0000221c          	L94_LF2:
 1567  0000221c          	L92_LF2:
 1568  0000221c  8fc1fff0	lw	r1,-16(r30)
 1569  00002220  8fc20008	lw	r2,8(r30)
 1570  00002224  0022082a	slt	r1,r1,r2
 1571  00002228  10200040	beqz	r1,L90_LF2
 1572  0000222c  54000000	nop; delay slot nop
 1573  00002230  8fc1fff4	lw	r1,-12(r30)
 1574  00002234  8fc20008	lw	r2,8(r30)
 1575  00002238  00200035	movi2fp	f0,r1
 1576  0000223c  00400835	movi2fp	f1,r2
 1577  00002240  0401000e	mult	f0,f0,f1
 1578  00002244  00000834	movfp2i	r1,f0
 1579  00002248  afc1fff4	sw	-12(r30),r1
 1580  0000224c  8fc1fff4	lw	r1,-12(r30)
 1581  00002250  8fc2fff0	lw	r2,-16(r30)
 1582  00002254  00220820	add	r1,r1,r2
 1583  00002258  afc1fff4	sw	-12(r30),r1
 1584  0000225c  8fc20000	lw	r2,(r30)
 1585  00002260  20410001	addi	r1,r2,#1
 1586  00002264  00011020	add	r2,r0,r1
 1587  00002268  afc20000	sw	(r30),r2
 1588  0000226c          	L97_LF2:
 1589  0000226c          	L90_LF2:
 1590  0000226c  8fc1fff0	lw	r1,-16(r30)
 1591  00002270  8fc20008	lw	r2,8(r30)
 1592  00002274  0022082a	slt	r1,r1,r2
 1593  00002278  1420000c	bnez	r1,L98_LF2
 1594  0000227c  54000000	nop; delay slot nop
 1595  00002280  0800000c	j	L89_LF2
 1596  00002284  54000000	nop; delay slot nop
 1597  00002288          	L98_LF2:
 1598  00002288  0bfffec8	j	L88_LF2
 1599  0000228c  54000000	nop; delay slot nop
 1600  00002290          	L89_LF2:
 1601  00002290  8fc10004	lw	r1,4(r30)
 1602  00002294  64220000	snei	r2,r1,#0
 1603  00002298  10400010	beqz	r2,L99_LF2
 1604  0000229c  54000000	nop; delay slot nop
 1605  000022a0  8fc10004	lw	r1,4(r30)
 1606  000022a4  8fc20000	lw	r2,(r30)
 1607  000022a8  ac220000	sw	(r1),r2
 1608  000022ac          	L99_LF2:
 1609  000022ac  8fc1fff4	lw	r1,-12(r30)
 1610  000022b0  8fc2ffec	lw	r2,-20(r30)
 1611  000022b4  00200035	movi2fp	f0,r1
 1612  000022b8  00400835	movi2fp	f1,r2
 1613  000022bc  0401000e	mult	f0,f0,f1
 1614  000022c0  00000834	movfp2i	r1,f0
 1615  000022c4  afc1fff4	sw	-12(r30),r1
 1616  000022c8  8fc1fff4	lw	r1,-12(r30)
 1617  000022cc  08000004	j	L72_LF2
 1618  000022d0  54000000	nop; delay slot nop
 1619  000022d4          	L72_LF2:
 1620  000022d4  8fa20000	lw	r2,0(r29)
 1621  000022d8  8fdffff8	lw	r31,-8(r30)
 1622  000022dc  001ee820	add	r29,r0,r30
 1623  000022e0  8fdefffc	lw	r30,-4(r30)
 1624  000022e4  4be00000	jr	r31
 1625  000022e8  54000000	nop
 1626  000022ec          	.endproc _dstrtol
 1627  000022ec          	.align 2
 1628  000022ec          	.proc _bcopy
 1629  000022ec          	.global _bcopy
 1630  000022ec          	_bcopy:
 1631                      ;  Function 'bcopy'; 0 bytes of locals, 2 regs to save.
 1632  000022ec  afbefffc	sw	-4(r29),r30; push fp
 1633  000022f0  001df020	add	r30,r0,r29; fp = sp
 1634  000022f4  afbffff8	sw	-8(r29),r31; push ret addr
 1635  000022f8  2fbd0010	subui	r29,r29,#16; alloc local storage
 1636  000022fc  afa20000	sw	0(r29),r2
 1637  00002300  afa30004	sw	4(r29),r3
 1638  00002304  54000000	nop
 1639  00002308          	L101_LF2:
 1640  00002308  8fc10008	lw	r1,8(r30)
 1641  0000230c  2022ffff	addi	r2,r1,#-1
 1642  00002310  afc20008	sw	8(r30),r2
 1643  00002314  6c210000	sgti	r1,r1,#0
 1644  00002318  1420000c	bnez	r1,L103_LF2
 1645  0000231c  54000000	nop; delay slot nop
 1646  00002320  0800002c	j	L102_LF2
 1647  00002324  54000000	nop; delay slot nop
 1648  00002328          	L103_LF2:
 1649  00002328  8fc10004	lw	r1,4(r30)
 1650  0000232c  20220001	addi	r2,r1,#1
 1651  00002330  afc20004	sw	4(r30),r2
 1652  00002334  8fc20000	lw	r2,(r30)
 1653  00002338  20430001	addi	r3,r2,#1
 1654  0000233c  afc30000	sw	(r30),r3
 1655  00002340  80420000	lb	r2,(r2)
 1656  00002344  a0220000	sb	(r1),r2
 1657  00002348  0bffffbc	j	L101_LF2
 1658  0000234c  54000000	nop; delay slot nop
 1659  00002350          	L102_LF2:
 1660  00002350          	L100_LF2:
 1661  00002350  8fa20000	lw	r2,0(r29)
 1662  00002354  8fa30004	lw	r3,4(r29)
 1663  00002358  8fdffff8	lw	r31,-8(r30)
 1664  0000235c  001ee820	add	r29,r0,r30
 1665  00002360  8fdefffc	lw	r30,-4(r30)
 1666  00002364  4be00000	jr	r31
 1667  00002368  54000000	nop
 1668  0000236c          	.endproc _bcopy
 1669  0000236c          	.align 2
 1670  0000236c          	.proc _bzero
 1671  0000236c          	.global _bzero
 1672  0000236c          	_bzero:
 1673                      ;  Function 'bzero'; 0 bytes of locals, 1 regs to save.
 1674  0000236c  afbefffc	sw	-4(r29),r30; push fp
 1675  00002370  001df020	add	r30,r0,r29; fp = sp
 1676  00002374  afbffff8	sw	-8(r29),r31; push ret addr
 1677  00002378  2fbd0010	subui	r29,r29,#16; alloc local storage
 1678  0000237c  afa20000	sw	0(r29),r2
 1679  00002380  54000000	nop
 1680  00002384          	L105_LF2:
 1681  00002384  8fc10004	lw	r1,4(r30)
 1682  00002388  2022ffff	addi	r2,r1,#-1
 1683  0000238c  afc20004	sw	4(r30),r2
 1684  00002390  6c210000	sgti	r1,r1,#0
 1685  00002394  1420000c	bnez	r1,L107_LF2
 1686  00002398  54000000	nop; delay slot nop
 1687  0000239c  08000020	j	L106_LF2
 1688  000023a0  54000000	nop; delay slot nop
 1689  000023a4          	L107_LF2:
 1690  000023a4  8fc10000	lw	r1,(r30)
 1691  000023a8  20220001	addi	r2,r1,#1
 1692  000023ac  afc20000	sw	(r30),r2
 1693  000023b0  20020000	addi	r2,r0,(#0x0)&0xff
 1694  000023b4  a0220000	sb	(r1),r2
 1695  000023b8  0bffffc8	j	L105_LF2
 1696  000023bc  54000000	nop; delay slot nop
 1697  000023c0          	L106_LF2:
 1698  000023c0          	L104_LF2:
 1699  000023c0  8fa20000	lw	r2,0(r29)
 1700  000023c4  8fdffff8	lw	r31,-8(r30)
 1701  000023c8  001ee820	add	r29,r0,r30
 1702  000023cc  8fdefffc	lw	r30,-4(r30)
 1703  000023d0  4be00000	jr	r31
 1704  000023d4  54000000	nop
 1705  000023d8          	.endproc _bzero
 1706  000023d8          	.align 2
 1707  000023d8          	.proc _min
 1708  000023d8          	.global _min
 1709  000023d8          	_min:
 1710                      ;  Function 'min'; 0 bytes of locals, 2 regs to save.
 1711  000023d8  afbefffc	sw	-4(r29),r30; push fp
 1712  000023dc  001df020	add	r30,r0,r29; fp = sp
 1713  000023e0  afbffff8	sw	-8(r29),r31; push ret addr
 1714  000023e4  2fbd0010	subui	r29,r29,#16; alloc local storage
 1715  000023e8  afa20000	sw	0(r29),r2
 1716  000023ec  afa30004	sw	4(r29),r3
 1717  000023f0  8fc10000	lw	r1,(r30)
 1718  000023f4  8fc20004	lw	r2,4(r30)
 1719  000023f8  0022182c	sle	r3,r1,r2
 1720  000023fc  14600008	bnez	r3,L109_LF2
 1721  00002400  54000000	nop; delay slot nop
 1722  00002404  8fc10004	lw	r1,4(r30)
 1723  00002408          	L109_LF2:
 1724  00002408  08000004	j	L108_LF2
 1725  0000240c  54000000	nop; delay slot nop
 1726  00002410          	L108_LF2:
 1727  00002410  8fa20000	lw	r2,0(r29)
 1728  00002414  8fa30004	lw	r3,4(r29)
 1729  00002418  8fdffff8	lw	r31,-8(r30)
 1730  0000241c  001ee820	add	r29,r0,r30
 1731  00002420  8fdefffc	lw	r30,-4(r30)
 1732  00002424  4be00000	jr	r31
 1733  00002428  54000000	nop
 1734  0000242c          	.endproc _min
 1735  0000242c          	.align 2
 1736  0000242c          	.proc _max
 1737  0000242c          	.global _max
 1738  0000242c          	_max:
 1739                      ;  Function 'max'; 0 bytes of locals, 2 regs to save.
 1740  0000242c  afbefffc	sw	-4(r29),r30; push fp
 1741  00002430  001df020	add	r30,r0,r29; fp = sp
 1742  00002434  afbffff8	sw	-8(r29),r31; push ret addr
 1743  00002438  2fbd0010	subui	r29,r29,#16; alloc local storage
 1744  0000243c  afa20000	sw	0(r29),r2
 1745  00002440  afa30004	sw	4(r29),r3
 1746  00002444  8fc10000	lw	r1,(r30)
 1747  00002448  8fc20004	lw	r2,4(r30)
 1748  0000244c  0022182d	sge	r3,r1,r2
 1749  00002450  14600008	bnez	r3,L111_LF2
 1750  00002454  54000000	nop; delay slot nop
 1751  00002458  8fc10004	lw	r1,4(r30)
 1752  0000245c          	L111_LF2:
 1753  0000245c  08000004	j	L110_LF2
 1754  00002460  54000000	nop; delay slot nop
 1755  00002464          	L110_LF2:
 1756  00002464  8fa20000	lw	r2,0(r29)
 1757  00002468  8fa30004	lw	r3,4(r29)
 1758  0000246c  8fdffff8	lw	r31,-8(r30)
 1759  00002470  001ee820	add	r29,r0,r30
 1760  00002474  8fdefffc	lw	r30,-4(r30)
 1761  00002478  4be00000	jr	r31
 1762  0000247c  54000000	nop
 1763  00002480          	.endproc _max
 1764                      ;;; Ethan L. Miller, 1999.  Released to the public domain
 1765                      ;;;
 1766                      ;;; Most of the traps are called in files from libtraps.
 1769  00002480          	.align 2
 1770  00002480          	.proc _exit
 1771  00002480          	.global _exit
 1772  00002480          	_exit:
 1773  00002480  44000300	trap	#0x300
 1774  00002484  4be00000	jr	r31
 1775  00002488  54000000	nop
 1776  0000248c          	.endproc _exit
 1778                      ; for the benefit of gcc.
 1779  0000248c          	.proc ___main
 1780  0000248c          	.global ___main
 1781  0000248c          	___main:
 1782  0000248c  4be00000	jr	r31
 1783  00002490  54000000	nop
 1784  00002494          	.endproc ___main
 1785  00002494          	.text
 1786  00002494          	.global _etext
 1787  00002494          	_etext:
 1788  00002494          	.align 3
 1789  00002498          	.data
 1790  00003162          	.global _edata
 1791  00003162          	_edata:
