 line   address	contents
    1                      ; Linked by DLX-LD.
    2                      ; MemSize 24576
    3                      ; Data size: 262
    4                      ; Text size: 4636
    5                      ; Stack size: 8192
    6  00000000          	.text 0x1000
    7  00001000          	.data 0x3000
    8                      ; Compiled by GCC
    9  00003000          	.text
   10  00001000          	.align 2
   11  00001000          	.proc _isspace
   12  00001000          	.global _isspace
   13  00001000          	_isspace:
   14                      ;  Function 'isspace'; 0 bytes of locals, 1 regs to save.
   15  00001000  afbefffc	sw	-4(r29),r30; push fp
   16  00001004  001df020	add	r30,r0,r29; fp = sp
   17  00001008  afbffff8	sw	-8(r29),r31; push ret addr
   18  0000100c  2fbd0010	subui	r29,r29,#16; alloc local storage
   19  00001010  afa20000	sw	0(r29),r2
   20  00001014  83c20003	lb	r2,3(r30)
   21  00001018  201f0000	addi	r31,r0,#0
   22  0000101c  304100ff	andi	r1,r2,#0x00ff
   23  00001020  60210020	seqi	r1,r1,#32
   24  00001024  14200018	bnez	r1,L6_LF0
   25  00001028  54000000	nop; not filled.
   26  0000102c  2041fff7	addi	r1,r2,#-9
   27  00001030  302100ff	andi	r1,r1,#0x00ff
   28  00001034  70210001	sleui	r1,r1,#1
   29  00001038  10200008	beqz	r1,L5_LF0
   30  0000103c  54000000	nop; not filled.
   31  00001040          	L6_LF0:
   32  00001040  201f0001	addi	r31,r0,#1
   33  00001044          	L5_LF0:
   34  00001044  001f0820	add	r1,r0,r31
   35  00001048  8fa20000	lw	r2,0(r29)
   36  0000104c  8fdffff8	lw	r31,-8(r30)
   37  00001050  001ee820	add	r29,r0,r30
   38  00001054  8fdefffc	lw	r30,-4(r30)
   39  00001058  4be00000	jr	r31
   40  0000105c  54000000	nop
   41  00001060          	.endproc _isspace
   42  00001060          	.align 2
   43  00001060          	.proc _isxdigit
   44  00001060          	.global _isxdigit
   45  00001060          	_isxdigit:
   46                      ;  Function 'isxdigit'; 0 bytes of locals, 1 regs to save.
   47  00001060  afbefffc	sw	-4(r29),r30; push fp
   48  00001064  001df020	add	r30,r0,r29; fp = sp
   49  00001068  afbffff8	sw	-8(r29),r31; push ret addr
   50  0000106c  2fbd0010	subui	r29,r29,#16; alloc local storage
   51  00001070  afa20000	sw	0(r29),r2
   52  00001074  83df0003	lb	r31,3(r30)
   53  00001078  20020000	addi	r2,r0,#0
   54  0000107c  23e1ffd0	addi	r1,r31,#-48
   55  00001080  302100ff	andi	r1,r1,#0x00ff
   56  00001084  70210009	sleui	r1,r1,#9
   57  00001088  14200028	bnez	r1,L12_LF0
   58  0000108c  54000000	nop; not filled.
   59  00001090  23e1ff9f	addi	r1,r31,#-97
   60  00001094  302100ff	andi	r1,r1,#0x00ff
   61  00001098  70210005	sleui	r1,r1,#5
   62  0000109c  14200014	bnez	r1,L12_LF0
   63  000010a0  54000000	nop; not filled.
   64  000010a4  33e100ff	andi	r1,r31,#0x00ff
   65  000010a8  64210041	snei	r1,r1,#65
   66  000010ac  14200008	bnez	r1,L11_LF0
   67  000010b0  54000000	nop; not filled.
   68  000010b4          	L12_LF0:
   69  000010b4  20020001	addi	r2,r0,#1
   70  000010b8          	L11_LF0:
   71  000010b8  00020820	add	r1,r0,r2
   72  000010bc  8fa20000	lw	r2,0(r29)
   73  000010c0  8fdffff8	lw	r31,-8(r30)
   74  000010c4  001ee820	add	r29,r0,r30
   75  000010c8  8fdefffc	lw	r30,-4(r30)
   76  000010cc  4be00000	jr	r31
   77  000010d0  54000000	nop
   78  000010d4          	.endproc _isxdigit
   79  000010d4          	.data
   80  00003000          	.align 2
   81  00003000          	LC0_LF0:
   82  00003000  55736167	.ascii "Usage: \000"
   82  00003004  653a2000	
   83  00003008          	.align 2
   84  00003008          	LC1_LF0:
   85  00003008  20546865	.ascii " The s2 injection process failed \n\000"
   85  0000300c  20733220	
   85  00003010  696e6a65	
   85  00003014  6374696f	
   85  00003018  6e207072	
   85  0000301c  6f636573	
   85  00003020  73206661	
   85  00003024  696c6564	
   85  00003028  200a00  	
   86  0000302b          	.align 2
   87  0000302c          	LC2_LF0:
   88  0000302c  4d617020	.ascii "Map failed in SO injection \n\000"
   88  00003030  6661696c	
   88  00003034  65642069	
   88  00003038  6e20534f	
   88  0000303c  20696e6a	
   88  00003040  65637469	
   88  00003044  6f6e200a	
   88  00003048  00      	
   89  00003049          	.align 2
   90  0000304c          	LC3_LF0:
   91  0000304c  4f70656e	.ascii "Open the mailbox failed, check the condition\n\000"
   91  00003050  20746865	
   91  00003054  206d6169	
   91  00003058  6c626f78	
   91  0000305c  20666169	
   91  00003060  6c65642c	
   91  00003064  20636865	
   91  00003068  636b2074	
   91  0000306c  68652063	
   91  00003070  6f6e6469	
   91  00003074  74696f6e	
   91  00003078  0a00    	
   92  0000307a          	.align 2
   93  0000307c          	LC4_LF0:
   94  0000307c  533200  	.ascii "S2\000"
   95  0000307f          	.align 2
   96  00003080          	LC5_LF0:
   97  00003080  4661696c	.ascii "Failed to close s2 mailbox\n\000"
   97  00003084  65642074	
   97  00003088  6f20636c	
   97  0000308c  6f736520	
   97  00003090  7332206d	
   97  00003094  61696c62	
   97  00003098  6f780a00	
   98  0000309c          	.align 2
   99  0000309c          	LC6_LF0:
  100  0000309c  53322069	.ascii "S2 injected into Radeon atmosphere, PID: %d\n\000"
  100  000030a0  6e6a6563	
  100  000030a4  74656420	
  100  000030a8  696e746f	
  100  000030ac  20526164	
  100  000030b0  656f6e20	
  100  000030b4  61746d6f	
  100  000030b8  73706865	
  100  000030bc  72652c20	
  100  000030c0  5049443a	
  100  000030c4  2025640a	
  100  000030c8  00      	
  101  000030c9          	.align 2
  102  000030cc          	LC7_LF0:
  103  000030cc  42616420	.ascii "Bad semaphore s_procs_completed (%d) in \000"
  103  000030d0  73656d61	
  103  000030d4  70686f72	
  103  000030d8  6520735f	
  103  000030dc  70726f63	
  103  000030e0  735f636f	
  103  000030e4  6d706c65	
  103  000030e8  74656420	
  103  000030ec  28256429	
  103  000030f0  20696e20	
  103  000030f4  00      	
  104  000030f5          	.align 2
  105  000030f8          	LC8_LF0:
  106  000030f8  2c206578	.ascii ", exiting...\n\000"
  106  000030fc  6974696e	
  106  00003100  672e2e2e	
  106  00003104  0a00    	
  107  00003106          	.text
  108  000010d4          	.align 2
  109  000010d4          	.proc _main
  110  000010d4          	.global _main
  111  000010d4          	_main:
  112                      ;  Function 'main'; 0 bytes of locals, 0 regs to save.
  113  000010d4  afbefffc	sw	-4(r29),r30; push fp
  114  000010d8  001df020	add	r30,r0,r29; fp = sp
  115  000010dc  afbffff8	sw	-8(r29),r31; push ret addr
  116  000010e0  2fbd0008	subui	r29,r29,#8; alloc local storage
  117  000010e4  8fc20000	lw	r2,(r30)
  118  000010e8  8fc30004	lw	r3,4(r30)
  119  000010ec  0c001124	jal	___main
  120  000010f0  54000000	nop; not filled.
  121  000010f4  64410003	snei	r1,r2,#3
  122  000010f8  1020004c	beqz	r1,L14_LF0
  123  000010fc  54000000	nop; not filled.
  124  00001100  23bdfff8	addi	r29,r29,#-8
  125  00001104  3c050000	lhi	r5,((LC0_LF0)>>16)&0xffff
  126  00001108  24a53000	addui	r5,r5,(LC0_LF0)&0xffff
  127  0000110c  afa50000	sw	(r29),r5
  128  00001110  0c000250	jal	_Printf
  129  00001114  54000000	nop; not filled.
  130  00001118  8c650000	lw	r5,(r3)
  131  0000111c  afa50000	sw	(r29),r5
  132  00001120  0c000240	jal	_Printf
  133  00001124  54000000	nop; not filled.
  134  00001128  3c050000	lhi	r5,((LC1_LF0)>>16)&0xffff
  135  0000112c  24a53008	addui	r5,r5,(LC1_LF0)&0xffff
  136  00001130  afa50000	sw	(r29),r5
  137  00001134  0c00022c	jal	_Printf
  138  00001138  54000000	nop; not filled.
  139  0000113c  0c00032c	jal	_Exit
  140  00001140  54000000	nop; not filled.
  141  00001144  23bd0008	addi	r29,r29,#8
  142  00001148          	L14_LF0:
  143  00001148  23bdfff0	addi	r29,r29,#-16
  144  0000114c  8c650004	lw	r5,4(r3)
  145  00001150  afa50000	sw	(r29),r5
  146  00001154  20050000	addi	r5,r0,#0
  147  00001158  afa50004	sw	4(r29),r5
  148  0000115c  2005000a	addi	r5,r0,#10
  149  00001160  afa50008	sw	8(r29),r5
  150  00001164  0c000bb0	jal	_dstrtol
  151  00001168  54000000	nop; not filled.
  152  0000116c  00012020	add	r4,r0,r1
  153  00001170  8c650008	lw	r5,8(r3)
  154  00001174  afa50000	sw	(r29),r5
  155  00001178  20050000	addi	r5,r0,#0
  156  0000117c  afa50004	sw	4(r29),r5
  157  00001180  2005000a	addi	r5,r0,#10
  158  00001184  afa50008	sw	8(r29),r5
  159  00001188  0c000b8c	jal	_dstrtol
  160  0000118c  54000000	nop; not filled.
  161  00001190  afa10000	sw	(r29),r1
  162  00001194  0c0001fc	jal	_shmat
  163  00001198  54000000	nop; not filled.
  164  0000119c  00011020	add	r2,r0,r1
  165  000011a0  23bd0010	addi	r29,r29,#16
  166  000011a4  64410000	snei	r1,r2,#0
  167  000011a8  14200028	bnez	r1,L15_LF0
  168  000011ac  54000000	nop; not filled.
  169  000011b0  23bdfff8	addi	r29,r29,#-8
  170  000011b4  3c050000	lhi	r5,((LC2_LF0)>>16)&0xffff
  171  000011b8  24a5302c	addui	r5,r5,(LC2_LF0)&0xffff
  172  000011bc  afa50000	sw	(r29),r5
  173  000011c0  0c0001a0	jal	_Printf
  174  000011c4  54000000	nop; not filled.
  175  000011c8  0c0002a0	jal	_Exit
  176  000011cc  54000000	nop; not filled.
  177  000011d0  23bd0008	addi	r29,r29,#8
  178  000011d4          	L15_LF0:
  179  000011d4  23bdfff8	addi	r29,r29,#-8
  180  000011d8  8c450000	lw	r5,(r2)
  181  000011dc  afa50000	sw	(r29),r5
  182  000011e0  0c000240	jal	_mbox_open
  183  000011e4  54000000	nop; not filled.
  184  000011e8  23bd0008	addi	r29,r29,#8
  185  000011ec  64210001	snei	r1,r1,#1
  186  000011f0  10200028	beqz	r1,L16_LF0
  187  000011f4  54000000	nop; not filled.
  188  000011f8  23bdfff8	addi	r29,r29,#-8
  189  000011fc  3c050000	lhi	r5,((LC3_LF0)>>16)&0xffff
  190  00001200  24a5304c	addui	r5,r5,(LC3_LF0)&0xffff
  191  00001204  afa50000	sw	(r29),r5
  192  00001208  0c000158	jal	_Printf
  193  0000120c  54000000	nop; not filled.
  194  00001210  0c000258	jal	_Exit
  195  00001214  54000000	nop; not filled.
  196  00001218  23bd0008	addi	r29,r29,#8
  197  0000121c          	L16_LF0:
  198  0000121c  23bdfff0	addi	r29,r29,#-16
  199  00001220  8c450000	lw	r5,(r2)
  200  00001224  afa50000	sw	(r29),r5
  201  00001228  20050002	addi	r5,r0,#2
  202  0000122c  afa50004	sw	4(r29),r5
  203  00001230  3c050000	lhi	r5,((LC4_LF0)>>16)&0xffff
  204  00001234  24a5307c	addui	r5,r5,(LC4_LF0)&0xffff
  205  00001238  afa50008	sw	8(r29),r5
  206  0000123c  0c0001fc	jal	_mbox_send
  207  00001240  54000000	nop; not filled.
  208  00001244  8c420000	lw	r2,(r2)
  209  00001248  afa20000	sw	(r29),r2
  210  0000124c  0c0001e0	jal	_mbox_close
  211  00001250  54000000	nop; not filled.
  212  00001254  23bd0010	addi	r29,r29,#16
  213  00001258  64210001	snei	r1,r1,#1
  214  0000125c  10200028	beqz	r1,L17_LF0
  215  00001260  54000000	nop; not filled.
  216  00001264  23bdfff8	addi	r29,r29,#-8
  217  00001268  3c050000	lhi	r5,((LC5_LF0)>>16)&0xffff
  218  0000126c  24a53080	addui	r5,r5,(LC5_LF0)&0xffff
  219  00001270  afa50000	sw	(r29),r5
  220  00001274  0c0000ec	jal	_Printf
  221  00001278  54000000	nop; not filled.
  222  0000127c  0c0001ec	jal	_Exit
  223  00001280  54000000	nop; not filled.
  224  00001284  23bd0008	addi	r29,r29,#8
  225  00001288          	L17_LF0:
  226  00001288  0c0000e4	jal	_getpid
  227  0000128c  54000000	nop; not filled.
  228  00001290  23bdfff8	addi	r29,r29,#-8
  229  00001294  3c050000	lhi	r5,((LC6_LF0)>>16)&0xffff
  230  00001298  24a5309c	addui	r5,r5,(LC6_LF0)&0xffff
  231  0000129c  afa50000	sw	(r29),r5
  232  000012a0  afa10004	sw	4(r29),r1
  233  000012a4  0c0000bc	jal	_Printf
  234  000012a8  54000000	nop; not filled.
  235  000012ac  afa40000	sw	(r29),r4
  236  000012b0  0c000104	jal	_sem_signal
  237  000012b4  54000000	nop; not filled.
  238  000012b8  23bd0008	addi	r29,r29,#8
  239  000012bc  64210001	snei	r1,r1,#1
  240  000012c0  10200050	beqz	r1,L18_LF0
  241  000012c4  54000000	nop; not filled.
  242  000012c8  23bdfff8	addi	r29,r29,#-8
  243  000012cc  3c050000	lhi	r5,((LC7_LF0)>>16)&0xffff
  244  000012d0  24a530cc	addui	r5,r5,(LC7_LF0)&0xffff
  245  000012d4  afa50000	sw	(r29),r5
  246  000012d8  afa40004	sw	4(r29),r4
  247  000012dc  0c000084	jal	_Printf
  248  000012e0  54000000	nop; not filled.
  249  000012e4  8c630000	lw	r3,(r3)
  250  000012e8  afa30000	sw	(r29),r3
  251  000012ec  0c000074	jal	_Printf
  252  000012f0  54000000	nop; not filled.
  253  000012f4  3c050000	lhi	r5,((LC8_LF0)>>16)&0xffff
  254  000012f8  24a530f8	addui	r5,r5,(LC8_LF0)&0xffff
  255  000012fc  afa50000	sw	(r29),r5
  256  00001300  0c000060	jal	_Printf
  257  00001304  54000000	nop; not filled.
  258  00001308  0c000160	jal	_Exit
  259  0000130c  54000000	nop; not filled.
  260  00001310  23bd0008	addi	r29,r29,#8
  261  00001314          	L18_LF0:
  262  00001314  0c000ef0	jal	_exit
  263  00001318  54000000	nop
  264  0000131c          	.endproc _main
  265                      ;;;
  266                      ;;; Stub functions for DLX traps.
  267                      ;;;
  268                      ;;; Ethan L. Miller, 1999.  Released to the public domain.
  269                      ;;;
  270                      ;;; The traps such as Open and Close
  271                      ;;; (note the capital letters) are for use by user programs.  The traps
  272                      ;;; with names such as open and close (lower case) are for use by the OS.
  273                      ;;;
  276  0000131c          	.align 2
  278                      ;;; The following are the traps to be used by user-level programs
  279                      ;;;
  281  0000131c          	.align 2
  282  0000131c          	.proc _Open
  283  0000131c          	.global _Open
  284  0000131c          	_Open:
  285                      ;;; Note that trap #0x213 actually causes a trap vector in the OS of
  286                      ;;; 0x1213.  The same is true for other user traps.  Thus, a user trap
  287                      ;;; with trap #0x240 will result in a trap vector of 0x1240 in the OS.
  288  0000131c  44000213	trap	#0x213
  289  00001320  4be00000	jr	r31
  290  00001324  54000000	nop
  291  00001328          	.endproc _Open
  293  00001328          	.proc _Close
  294  00001328          	.global _Close
  295  00001328          	_Close:
  296  00001328  44000214	trap	#0x214
  297  0000132c  4be00000	jr	r31
  298  00001330  54000000	nop
  299  00001334          	.endproc _Close
  301  00001334          	.proc _Read
  302  00001334          	.global _Read
  303  00001334          	_Read:
  304  00001334  44000210	trap	#0x210
  305  00001338  4be00000	jr	r31
  306  0000133c  54000000	nop
  307  00001340          	.endproc _Read
  309  00001340          	.proc _Write
  310  00001340          	.global _Write
  311  00001340          	_Write:
  312  00001340  44000211	trap	#0x211
  313  00001344  4be00000	jr	r31
  314  00001348  54000000	nop
  315  0000134c          	.endproc _Write
  317  0000134c          	.proc _Lseek
  318  0000134c          	.global _Lseek
  319  0000134c          	_Lseek:
  320  0000134c  44000212	trap	#0x212
  321  00001350  4be00000	jr	r31
  322  00001354  54000000	nop
  323  00001358          	.endproc _Lseek
  325  00001358          	.proc _Putchar
  326  00001358          	.global _Putchar
  327  00001358          	_Putchar:
  328  00001358  44000280	trap	#0x280
  329  0000135c  4be00000	jr	r31
  330  00001360  54000000	nop
  331  00001364          	.endproc _Putchar
  333  00001364          	.proc _Printf
  334  00001364          	.global _Printf
  335  00001364          	_Printf:
  336  00001364  44000201	trap	#0x201
  337  00001368  4be00000	jr	r31
  338  0000136c  54000000	nop
  339  00001370          	.endproc _Printf
  341  00001370          	.proc _getpid
  342  00001370          	.global _getpid
  343  00001370          	_getpid:
  344  00001370  44000431	trap	#0x431
  345  00001374  4be00000	jr	r31
  346  00001378  54000000	nop
  347  0000137c          	.endproc _getpid
  349  0000137c          	.proc _process_create
  350  0000137c          	.global _process_create
  351  0000137c          	_process_create:
  352  0000137c  44000432	trap	#0x432
  353  00001380  4be00000	jr	r31
  354  00001384  54000000	nop
  355  00001388          	.endproc _process_create
  357  00001388          	.proc _shmget
  358  00001388          	.global _shmget
  359  00001388          	_shmget:
  360  00001388  44000440	trap	#0x440
  361  0000138c  4be00000	jr	r31
  362  00001390  54000000	nop
  363  00001394          	.endproc _shmget
  365  00001394          	.proc _shmat
  366  00001394          	.global _shmat
  367  00001394          	_shmat:
  368  00001394  44000441	trap	#0x441
  369  00001398  4be00000	jr	r31
  370  0000139c  54000000	nop
  371  000013a0          	.endproc _shmat
  373  000013a0          	.proc _sem_create
  374  000013a0          	.global _sem_create
  375  000013a0          	_sem_create:
  376  000013a0  44000450	trap	#0x450
  377  000013a4  4be00000	jr	r31
  378  000013a8  54000000	nop
  379  000013ac          	.endproc _sem_create
  381  000013ac          	.proc _sem_wait
  382  000013ac          	.global _sem_wait
  383  000013ac          	_sem_wait:
  384  000013ac  44000451	trap	#0x451
  385  000013b0  4be00000	jr	r31
  386  000013b4  54000000	nop
  387  000013b8          	.endproc _sem_wait
  389  000013b8          	.proc _sem_signal
  390  000013b8          	.global _sem_signal
  391  000013b8          	_sem_signal:
  392  000013b8  44000452	trap	#0x452
  393  000013bc  4be00000	jr	r31
  394  000013c0  54000000	nop
  395  000013c4          	.endproc _sem_signal
  397  000013c4          	.proc _lock_create
  398  000013c4          	.global _lock_create
  399  000013c4          	_lock_create:
  400  000013c4  44000453	trap	#0x453
  401  000013c8  4be00000	jr	r31
  402  000013cc  54000000	nop
  403  000013d0          	.endproc _lock_create
  405  000013d0          	.proc _lock_acquire
  406  000013d0          	.global _lock_acquire
  407  000013d0          	_lock_acquire:
  408  000013d0  44000454	trap	#0x454
  409  000013d4  4be00000	jr	r31
  410  000013d8  54000000	nop
  411  000013dc          	.endproc _lock_acquire
  413  000013dc          	.proc _lock_release
  414  000013dc          	.global _lock_release
  415  000013dc          	_lock_release:
  416  000013dc  44000455	trap	#0x455
  417  000013e0  4be00000	jr	r31
  418  000013e4  54000000	nop
  419  000013e8          	.endproc _lock_release
  421  000013e8          	.proc _cond_create
  422  000013e8          	.global _cond_create
  423  000013e8          	_cond_create:
  424  000013e8  44000456	trap	#0x456
  425  000013ec  4be00000	jr	r31
  426  000013f0  54000000	nop
  427  000013f4          	.endproc _cond_create
  429  000013f4          	.proc _cond_wait
  430  000013f4          	.global _cond_wait
  431  000013f4          	_cond_wait:
  432  000013f4  44000457	trap	#0x457
  433  000013f8  4be00000	jr	r31
  434  000013fc  54000000	nop
  435  00001400          	.endproc _cond_wait
  437  00001400          	.proc _cond_signal
  438  00001400          	.global _cond_signal
  439  00001400          	_cond_signal:
  440  00001400  44000458	trap	#0x458
  441  00001404  4be00000	jr	r31
  442  00001408  54000000	nop
  443  0000140c          	.endproc _cond_signal
  445  0000140c          	.proc _cond_broadcast
  446  0000140c          	.global _cond_broadcast
  447  0000140c          	_cond_broadcast:
  448  0000140c  44000459	trap	#0x459
  449  00001410  4be00000	jr	r31
  450  00001414  54000000	nop
  451  00001418          	.endproc _cond_broadcast
  453  00001418          	.proc _mbox_create
  454  00001418          	.global _mbox_create
  455  00001418          	_mbox_create:
  456  00001418  44000460	trap	#0x460
  457  0000141c  4be00000	jr	r31
  458  00001420  54000000	nop
  459  00001424          	.endproc _mbox_create
  461  00001424          	.proc _mbox_open
  462  00001424          	.global _mbox_open
  463  00001424          	_mbox_open:
  464  00001424  44000461	trap	#0x461
  465  00001428  4be00000	jr	r31
  466  0000142c  54000000	nop
  467  00001430          	.endproc _mbox_open
  469  00001430          	.proc _mbox_close
  470  00001430          	.global _mbox_close
  471  00001430          	_mbox_close:
  472  00001430  44000462	trap	#0x462
  473  00001434  4be00000	jr	r31
  474  00001438  54000000	nop
  475  0000143c          	.endproc _mbox_close
  477  0000143c          	.proc _mbox_send
  478  0000143c          	.global _mbox_send
  479  0000143c          	_mbox_send:
  480  0000143c  44000463	trap	#0x463
  481  00001440  4be00000	jr	r31
  482  00001444  54000000	nop
  483  00001448          	.endproc _mbox_send
  485  00001448          	.proc _mbox_recv
  486  00001448          	.global _mbox_recv
  487  00001448          	_mbox_recv:
  488  00001448  44000464	trap	#0x464
  489  0000144c  4be00000	jr	r31
  490  00001450  54000000	nop
  491  00001454          	.endproc _mbox_recv
  493  00001454          	.proc _sleep
  494  00001454          	.global _sleep
  495  00001454          	_sleep:
  496  00001454  44000465	trap	#0x465
  497  00001458  4be00000	jr	r31
  498  0000145c  54000000	nop
  499  00001460          	.endproc _sleep
  501  00001460          	.proc _yield
  502  00001460          	.global _yield
  503  00001460          	_yield:
  504  00001460  44000466	trap	#0x466
  505  00001464  4be00000	jr	r31
  506  00001468  54000000	nop
  507  0000146c          	.endproc _yield
  510  0000146c          	.proc _Exit
  511  0000146c          	.global _Exit
  512  0000146c          	_Exit:
  513  0000146c  44000500	trap	#0x500
  514  00001470  4be00000	jr	r31
  515  00001474  54000000	nop
  516  00001478          	.endproc _Exit
  517                      ; Compiled by GCC
  519  00001478          	.align 2
  520  00001478          	.proc _isspace
  521  00001478          	.global _isspace
  522  00001478          	_isspace:
  523                      ;  Function 'isspace'; 0 bytes of locals, 3 regs to save.
  524  00001478  afbefffc	sw	-4(r29),r30; push fp
  525  0000147c  001df020	add	r30,r0,r29; fp = sp
  526  00001480  afbffff8	sw	-8(r29),r31; push ret addr
  527  00001484  2fbd0018	subui	r29,r29,#24; alloc local storage
  528  00001488  afa20000	sw	0(r29),r2
  529  0000148c  afa30004	sw	4(r29),r3
  530  00001490  afa40008	sw	8(r29),r4
  531  00001494  83c20003	lb	r2,3(r30)
  532  00001498  20010000	addi	r1,r0,#0
  533  0000149c  304300ff	andi	r3,r2,#0x00ff
  534  000014a0  60640020	seqi	r4,r3,#32
  535  000014a4  1480002c	bnez	r4,L3_LF2
  536  000014a8  54000000	nop; delay slot nop
  537  000014ac  304300ff	andi	r3,r2,#0x00ff
  538  000014b0  60640009	seqi	r4,r3,#9
  539  000014b4  1480001c	bnez	r4,L3_LF2
  540  000014b8  54000000	nop; delay slot nop
  541  000014bc  304300ff	andi	r3,r2,#0x00ff
  542  000014c0  6064000a	seqi	r4,r3,#10
  543  000014c4  1480000c	bnez	r4,L3_LF2
  544  000014c8  54000000	nop; delay slot nop
  545  000014cc  08000008	j	L2_LF2
  546  000014d0  54000000	nop; delay slot nop
  547  000014d4          	L3_LF2:
  548  000014d4  20010001	addi	r1,r0,#1
  549  000014d8          	L2_LF2:
  550  000014d8  08000004	j	L1_LF2
  551  000014dc  54000000	nop; delay slot nop
  552  000014e0          	L1_LF2:
  553  000014e0  8fa20000	lw	r2,0(r29)
  554  000014e4  8fa30004	lw	r3,4(r29)
  555  000014e8  8fa40008	lw	r4,8(r29)
  556  000014ec  8fdffff8	lw	r31,-8(r30)
  557  000014f0  001ee820	add	r29,r0,r30
  558  000014f4  8fdefffc	lw	r30,-4(r30)
  559  000014f8  4be00000	jr	r31
  560  000014fc  54000000	nop
  561  00001500          	.endproc _isspace
  562  00001500          	.align 2
  563  00001500          	.proc _isxdigit
  564  00001500          	.global _isxdigit
  565  00001500          	_isxdigit:
  566                      ;  Function 'isxdigit'; 0 bytes of locals, 3 regs to save.
  567  00001500  afbefffc	sw	-4(r29),r30; push fp
  568  00001504  001df020	add	r30,r0,r29; fp = sp
  569  00001508  afbffff8	sw	-8(r29),r31; push ret addr
  570  0000150c  2fbd0018	subui	r29,r29,#24; alloc local storage
  571  00001510  afa20000	sw	0(r29),r2
  572  00001514  afa30004	sw	4(r29),r3
  573  00001518  afa40008	sw	8(r29),r4
  574  0000151c  83c20003	lb	r2,3(r30)
  575  00001520  20010000	addi	r1,r0,#0
  576  00001524  304300ff	andi	r3,r2,#0x00ff
  577  00001528  6c64002f	sgtui	r4,r3,#47
  578  0000152c  1080001c	beqz	r4,L7_LF2
  579  00001530  54000000	nop; delay slot nop
  580  00001534  304300ff	andi	r3,r2,#0x00ff
  581  00001538  70640039	sleui	r4,r3,#57
  582  0000153c  1480005c	bnez	r4,L6_LF2
  583  00001540  54000000	nop; delay slot nop
  584  00001544  08000004	j	L7_LF2
  585  00001548  54000000	nop; delay slot nop
  586  0000154c          	L7_LF2:
  587  0000154c  304300ff	andi	r3,r2,#0x00ff
  588  00001550  6c640060	sgtui	r4,r3,#96
  589  00001554  1080001c	beqz	r4,L8_LF2
  590  00001558  54000000	nop; delay slot nop
  591  0000155c  304300ff	andi	r3,r2,#0x00ff
  592  00001560  70640066	sleui	r4,r3,#102
  593  00001564  14800034	bnez	r4,L6_LF2
  594  00001568  54000000	nop; delay slot nop
  595  0000156c  08000004	j	L8_LF2
  596  00001570  54000000	nop; delay slot nop
  597  00001574          	L8_LF2:
  598  00001574  304300ff	andi	r3,r2,#0x00ff
  599  00001578  6c640040	sgtui	r4,r3,#64
  600  0000157c  10800020	beqz	r4,L5_LF2
  601  00001580  54000000	nop; delay slot nop
  602  00001584  304300ff	andi	r3,r2,#0x00ff
  603  00001588  70640041	sleui	r4,r3,#65
  604  0000158c  1480000c	bnez	r4,L6_LF2
  605  00001590  54000000	nop; delay slot nop
  606  00001594  08000008	j	L5_LF2
  607  00001598  54000000	nop; delay slot nop
  608  0000159c          	L6_LF2:
  609  0000159c  20010001	addi	r1,r0,#1
  610  000015a0          	L5_LF2:
  611  000015a0  08000004	j	L4_LF2
  612  000015a4  54000000	nop; delay slot nop
  613  000015a8          	L4_LF2:
  614  000015a8  8fa20000	lw	r2,0(r29)
  615  000015ac  8fa30004	lw	r3,4(r29)
  616  000015b0  8fa40008	lw	r4,8(r29)
  617  000015b4  8fdffff8	lw	r31,-8(r30)
  618  000015b8  001ee820	add	r29,r0,r30
  619  000015bc  8fdefffc	lw	r30,-4(r30)
  620  000015c0  4be00000	jr	r31
  621  000015c4  54000000	nop
  622  000015c8          	.endproc _isxdigit
  623  000015c8          	.align 2
  624  000015c8          	.proc _dstrcpy
  625  000015c8          	.global _dstrcpy
  626  000015c8          	_dstrcpy:
  627                      ;  Function 'dstrcpy'; 8 bytes of locals, 2 regs to save.
  628  000015c8  afbefffc	sw	-4(r29),r30; push fp
  629  000015cc  001df020	add	r30,r0,r29; fp = sp
  630  000015d0  afbffff8	sw	-8(r29),r31; push ret addr
  631  000015d4  2fbd0018	subui	r29,r29,#24; alloc local storage
  632  000015d8  afa20000	sw	0(r29),r2
  633  000015dc  afa30004	sw	4(r29),r3
  634  000015e0  8fc10000	lw	r1,(r30)
  635  000015e4  afc1fff4	sw	-12(r30),r1
  636  000015e8          	L10_LF2:
  637  000015e8  8fc10000	lw	r1,(r30)
  638  000015ec  20220001	addi	r2,r1,#1
  639  000015f0  afc20000	sw	(r30),r2
  640  000015f4  8fc20004	lw	r2,4(r30)
  641  000015f8  20430001	addi	r3,r2,#1
  642  000015fc  afc30004	sw	4(r30),r3
  643  00001600  80420000	lb	r2,(r2)
  644  00001604  a0220000	sb	(r1),r2
  645  00001608  a3c2fff3	sb	-13(r30),r2
  646  0000160c          	L12_LF2:
  647  0000160c  93c1fff3	lbu	r1,-13(r30)
  648  00001610  64220000	snei	r2,r1,#0
  649  00001614  1440000c	bnez	r2,L13_LF2
  650  00001618  54000000	nop; delay slot nop
  651  0000161c  0800000c	j	L11_LF2
  652  00001620  54000000	nop; delay slot nop
  653  00001624          	L13_LF2:
  654  00001624  0bffffc0	j	L10_LF2
  655  00001628  54000000	nop; delay slot nop
  656  0000162c          	L11_LF2:
  657  0000162c  8fc1fff4	lw	r1,-12(r30)
  658  00001630  08000004	j	L9_LF2
  659  00001634  54000000	nop; delay slot nop
  660  00001638          	L9_LF2:
  661  00001638  8fa20000	lw	r2,0(r29)
  662  0000163c  8fa30004	lw	r3,4(r29)
  663  00001640  8fdffff8	lw	r31,-8(r30)
  664  00001644  001ee820	add	r29,r0,r30
  665  00001648  8fdefffc	lw	r30,-4(r30)
  666  0000164c  4be00000	jr	r31
  667  00001650  54000000	nop
  668  00001654          	.endproc _dstrcpy
  669  00001654          	.align 2
  670  00001654          	.proc _dstrncpy
  671  00001654          	.global _dstrncpy
  672  00001654          	_dstrncpy:
  673                      ;  Function 'dstrncpy'; 8 bytes of locals, 2 regs to save.
  674  00001654  afbefffc	sw	-4(r29),r30; push fp
  675  00001658  001df020	add	r30,r0,r29; fp = sp
  676  0000165c  afbffff8	sw	-8(r29),r31; push ret addr
  677  00001660  2fbd0018	subui	r29,r29,#24; alloc local storage
  678  00001664  afa20000	sw	0(r29),r2
  679  00001668  afa30004	sw	4(r29),r3
  680  0000166c  8fc10000	lw	r1,(r30)
  681  00001670  afc1fff4	sw	-12(r30),r1
  682  00001674          	L15_LF2:
  683  00001674  8fc10008	lw	r1,8(r30)
  684  00001678  2022ffff	addi	r2,r1,#-1
  685  0000167c  afc20008	sw	8(r30),r2
  686  00001680  70210000	slei	r1,r1,#0
  687  00001684  1020000c	beqz	r1,L18_LF2
  688  00001688  54000000	nop; delay slot nop
  689  0000168c  08000048	j	L16_LF2
  690  00001690  54000000	nop; delay slot nop
  691  00001694          	L18_LF2:
  692  00001694  8fc10000	lw	r1,(r30)
  693  00001698  20220001	addi	r2,r1,#1
  694  0000169c  afc20000	sw	(r30),r2
  695  000016a0  8fc20004	lw	r2,4(r30)
  696  000016a4  20430001	addi	r3,r2,#1
  697  000016a8  afc30004	sw	4(r30),r3
  698  000016ac  80420000	lb	r2,(r2)
  699  000016b0  a0220000	sb	(r1),r2
  700  000016b4  a3c2fff3	sb	-13(r30),r2
  701  000016b8          	L17_LF2:
  702  000016b8  93c1fff3	lbu	r1,-13(r30)
  703  000016bc  64220000	snei	r2,r1,#0
  704  000016c0  1440000c	bnez	r2,L19_LF2
  705  000016c4  54000000	nop; delay slot nop
  706  000016c8  0800000c	j	L16_LF2
  707  000016cc  54000000	nop; delay slot nop
  708  000016d0          	L19_LF2:
  709  000016d0  0bffffa0	j	L15_LF2
  710  000016d4  54000000	nop; delay slot nop
  711  000016d8          	L16_LF2:
  712  000016d8  8fc1fff4	lw	r1,-12(r30)
  713  000016dc  08000004	j	L14_LF2
  714  000016e0  54000000	nop; delay slot nop
  715  000016e4          	L14_LF2:
  716  000016e4  8fa20000	lw	r2,0(r29)
  717  000016e8  8fa30004	lw	r3,4(r29)
  718  000016ec  8fdffff8	lw	r31,-8(r30)
  719  000016f0  001ee820	add	r29,r0,r30
  720  000016f4  8fdefffc	lw	r30,-4(r30)
  721  000016f8  4be00000	jr	r31
  722  000016fc  54000000	nop
  723  00001700          	.endproc _dstrncpy
  724  00001700          	.align 2
  725  00001700          	.proc _dstrcat
  726  00001700          	.global _dstrcat
  727  00001700          	_dstrcat:
  728                      ;  Function 'dstrcat'; 8 bytes of locals, 1 regs to save.
  729  00001700  afbefffc	sw	-4(r29),r30; push fp
  730  00001704  001df020	add	r30,r0,r29; fp = sp
  731  00001708  afbffff8	sw	-8(r29),r31; push ret addr
  732  0000170c  2fbd0018	subui	r29,r29,#24; alloc local storage
  733  00001710  afa20000	sw	0(r29),r2
  734  00001714  8fc10000	lw	r1,(r30)
  735  00001718  afc1fff4	sw	-12(r30),r1
  736  0000171c          	L21_LF2:
  737  0000171c  8fc10000	lw	r1,(r30)
  738  00001720  90220000	lbu	r2,(r1)
  739  00001724  64410000	snei	r1,r2,#0
  740  00001728  1420000c	bnez	r1,L23_LF2
  741  0000172c  54000000	nop; delay slot nop
  742  00001730  0800001c	j	L22_LF2
  743  00001734  54000000	nop; delay slot nop
  744  00001738          	L23_LF2:
  745  00001738  8fc20000	lw	r2,(r30)
  746  0000173c  20410001	addi	r1,r2,#1
  747  00001740  00011020	add	r2,r0,r1
  748  00001744  afc20000	sw	(r30),r2
  749  00001748  0bffffd0	j	L21_LF2
  750  0000174c  54000000	nop; delay slot nop
  751  00001750          	L22_LF2:
  752  00001750  23bdfff8	addi	r29,r29,#-8
  753  00001754  001d0820	add	r1,r0,r29
  754  00001758  8fc20000	lw	r2,(r30)
  755  0000175c  ac220000	sw	(r1),r2
  756  00001760  8fc20004	lw	r2,4(r30)
  757  00001764  ac220004	sw	4(r1),r2
  758  00001768  0ffffe5c	jal	_dstrcpy
  759  0000176c  54000000	nop; delay slot nop
  760  00001770  23bd0008	addi	r29,r29,#8
  761  00001774  8fc1fff4	lw	r1,-12(r30)
  762  00001778  08000004	j	L20_LF2
  763  0000177c  54000000	nop; delay slot nop
  764  00001780          	L20_LF2:
  765  00001780  8fa20000	lw	r2,0(r29)
  766  00001784  8fdffff8	lw	r31,-8(r30)
  767  00001788  001ee820	add	r29,r0,r30
  768  0000178c  8fdefffc	lw	r30,-4(r30)
  769  00001790  4be00000	jr	r31
  770  00001794  54000000	nop
  771  00001798          	.endproc _dstrcat
  772  00001798          	.align 2
  773  00001798          	.proc _dstrncmp
  774  00001798          	.global _dstrncmp
  775  00001798          	_dstrncmp:
  776                      ;  Function 'dstrncmp'; 8 bytes of locals, 2 regs to save.
  777  00001798  afbefffc	sw	-4(r29),r30; push fp
  778  0000179c  001df020	add	r30,r0,r29; fp = sp
  779  000017a0  afbffff8	sw	-8(r29),r31; push ret addr
  780  000017a4  2fbd0018	subui	r29,r29,#24; alloc local storage
  781  000017a8  afa20000	sw	0(r29),r2
  782  000017ac  afa30004	sw	4(r29),r3
  783  000017b0  54000000	nop
  784  000017b4  20010000	addi	r1,r0,#0
  785  000017b8  afc1fff4	sw	-12(r30),r1
  786  000017bc          	L25_LF2:
  787  000017bc  8fc1fff4	lw	r1,-12(r30)
  788  000017c0  8fc20008	lw	r2,8(r30)
  789  000017c4  0022082a	slt	r1,r1,r2
  790  000017c8  1420000c	bnez	r1,L28_LF2
  791  000017cc  54000000	nop; delay slot nop
  792  000017d0  08000088	j	L26_LF2
  793  000017d4  54000000	nop; delay slot nop
  794  000017d8          	L28_LF2:
  795  000017d8  8fc10004	lw	r1,4(r30)
  796  000017dc  90220000	lbu	r2,(r1)
  797  000017e0  64410000	snei	r1,r2,#0
  798  000017e4  14200018	bnez	r1,L29_LF2
  799  000017e8  54000000	nop; delay slot nop
  800  000017ec  20010000	addi	r1,r0,#0
  801  000017f0  080000d8	j	L24_LF2
  802  000017f4  54000000	nop; delay slot nop
  803  000017f8  08000028	j	L30_LF2
  804  000017fc  54000000	nop; delay slot nop
  805  00001800          	L29_LF2:
  806  00001800  8fc10000	lw	r1,(r30)
  807  00001804  8fc20004	lw	r2,4(r30)
  808  00001808  90210000	lbu	r1,(r1)
  809  0000180c  90420000	lbu	r2,(r2)
  810  00001810  00220829	sne	r1,r1,r2
  811  00001814  1020000c	beqz	r1,L30_LF2
  812  00001818  54000000	nop; delay slot nop
  813  0000181c  0800003c	j	L26_LF2
  814  00001820  54000000	nop; delay slot nop
  815  00001824          	L31_LF2:
  816  00001824          	L30_LF2:
  817  00001824  8fc20000	lw	r2,(r30)
  818  00001828  20410001	addi	r1,r2,#1
  819  0000182c  00011020	add	r2,r0,r1
  820  00001830  afc20000	sw	(r30),r2
  821  00001834  8fc20004	lw	r2,4(r30)
  822  00001838  20410001	addi	r1,r2,#1
  823  0000183c  00011020	add	r2,r0,r1
  824  00001840  afc20004	sw	4(r30),r2
  825  00001844          	L27_LF2:
  826  00001844  8fc2fff4	lw	r2,-12(r30)
  827  00001848  20410001	addi	r1,r2,#1
  828  0000184c  00011020	add	r2,r0,r1
  829  00001850  afc2fff4	sw	-12(r30),r2
  830  00001854  0bffff64	j	L25_LF2
  831  00001858  54000000	nop; delay slot nop
  832  0000185c          	L26_LF2:
  833  0000185c  8fc1fff4	lw	r1,-12(r30)
  834  00001860  8fc20008	lw	r2,8(r30)
  835  00001864  00220828	seq	r1,r1,r2
  836  00001868  10200018	beqz	r1,L32_LF2
  837  0000186c  54000000	nop; delay slot nop
  838  00001870  20010000	addi	r1,r0,#0
  839  00001874  08000054	j	L24_LF2
  840  00001878  54000000	nop; delay slot nop
  841  0000187c  0800004c	j	L33_LF2
  842  00001880  54000000	nop; delay slot nop
  843  00001884          	L32_LF2:
  844  00001884  8fc20000	lw	r2,(r30)
  845  00001888  90410000	lbu	r1,(r2)
  846  0000188c  8fc20004	lw	r2,4(r30)
  847  00001890  90430000	lbu	r3,(r2)
  848  00001894  00230822	sub	r1,r1,r3
  849  00001898  74220000	sgei	r2,r1,#0
  850  0000189c  10400020	beqz	r2,L34_LF2
  851  000018a0  54000000	nop; delay slot nop
  852  000018a4  8fc10000	lw	r1,(r30)
  853  000018a8  8fc20004	lw	r2,4(r30)
  854  000018ac  90210000	lbu	r1,(r1)
  855  000018b0  90420000	lbu	r2,(r2)
  856  000018b4  00220829	sne	r1,r1,r2
  857  000018b8  08000008	j	L35_LF2
  858  000018bc  54000000	nop; delay slot nop
  859  000018c0          	L34_LF2:
  860  000018c0  2001ffff	addi	r1,r0,#-1
  861  000018c4          	L35_LF2:
  862  000018c4  08000004	j	L24_LF2
  863  000018c8  54000000	nop; delay slot nop
  864  000018cc          	L33_LF2:
  865  000018cc          	L24_LF2:
  866  000018cc  8fa20000	lw	r2,0(r29)
  867  000018d0  8fa30004	lw	r3,4(r29)
  868  000018d4  8fdffff8	lw	r31,-8(r30)
  869  000018d8  001ee820	add	r29,r0,r30
  870  000018dc  8fdefffc	lw	r30,-4(r30)
  871  000018e0  4be00000	jr	r31
  872  000018e4  54000000	nop
  873  000018e8          	.endproc _dstrncmp
  874  000018e8          	.align 2
  875  000018e8          	.proc _dstrlen
  876  000018e8          	.global _dstrlen
  877  000018e8          	_dstrlen:
  878                      ;  Function 'dstrlen'; 8 bytes of locals, 1 regs to save.
  879  000018e8  afbefffc	sw	-4(r29),r30; push fp
  880  000018ec  001df020	add	r30,r0,r29; fp = sp
  881  000018f0  afbffff8	sw	-8(r29),r31; push ret addr
  882  000018f4  2fbd0018	subui	r29,r29,#24; alloc local storage
  883  000018f8  afa20000	sw	0(r29),r2
  884  000018fc  20010000	addi	r1,r0,#0
  885  00001900  afc1fff4	sw	-12(r30),r1
  886  00001904          	L37_LF2:
  887  00001904  8fc10000	lw	r1,(r30)
  888  00001908  20220001	addi	r2,r1,#1
  889  0000190c  afc20000	sw	(r30),r2
  890  00001910  90210000	lbu	r1,(r1)
  891  00001914  64220000	snei	r2,r1,#0
  892  00001918  1440000c	bnez	r2,L39_LF2
  893  0000191c  54000000	nop; delay slot nop
  894  00001920  0800001c	j	L38_LF2
  895  00001924  54000000	nop; delay slot nop
  896  00001928          	L39_LF2:
  897  00001928  8fc2fff4	lw	r2,-12(r30)
  898  0000192c  20410001	addi	r1,r2,#1
  899  00001930  00011020	add	r2,r0,r1
  900  00001934  afc2fff4	sw	-12(r30),r2
  901  00001938  0bffffc8	j	L37_LF2
  902  0000193c  54000000	nop; delay slot nop
  903  00001940          	L38_LF2:
  904  00001940  8fc1fff4	lw	r1,-12(r30)
  905  00001944  08000004	j	L36_LF2
  906  00001948  54000000	nop; delay slot nop
  907  0000194c          	L36_LF2:
  908  0000194c  8fa20000	lw	r2,0(r29)
  909  00001950  8fdffff8	lw	r31,-8(r30)
  910  00001954  001ee820	add	r29,r0,r30
  911  00001958  8fdefffc	lw	r30,-4(r30)
  912  0000195c  4be00000	jr	r31
  913  00001960  54000000	nop
  914  00001964          	.endproc _dstrlen
  915  00001964          	.align 2
  916  00001964          	.proc _dstrstr
  917  00001964          	.global _dstrstr
  918  00001964          	_dstrstr:
  919                      ;  Function 'dstrstr'; 8 bytes of locals, 1 regs to save.
  920  00001964  afbefffc	sw	-4(r29),r30; push fp
  921  00001968  001df020	add	r30,r0,r29; fp = sp
  922  0000196c  afbffff8	sw	-8(r29),r31; push ret addr
  923  00001970  2fbd0018	subui	r29,r29,#24; alloc local storage
  924  00001974  afa20000	sw	0(r29),r2
  925  00001978  23bdfff8	addi	r29,r29,#-8
  926  0000197c  001d0820	add	r1,r0,r29
  927  00001980  8fc20004	lw	r2,4(r30)
  928  00001984  ac220000	sw	(r1),r2
  929  00001988  0fffff5c	jal	_dstrlen
  930  0000198c  54000000	nop; delay slot nop
  931  00001990  23bd0008	addi	r29,r29,#8
  932  00001994  afc1fff4	sw	-12(r30),r1
  933  00001998          	L41_LF2:
  934  00001998  8fc10000	lw	r1,(r30)
  935  0000199c  90220000	lbu	r2,(r1)
  936  000019a0  64410000	snei	r1,r2,#0
  937  000019a4  1420000c	bnez	r1,L43_LF2
  938  000019a8  54000000	nop; delay slot nop
  939  000019ac  08000060	j	L42_LF2
  940  000019b0  54000000	nop; delay slot nop
  941  000019b4          	L43_LF2:
  942  000019b4  23bdfff0	addi	r29,r29,#-16
  943  000019b8  001d0820	add	r1,r0,r29
  944  000019bc  8fc20000	lw	r2,(r30)
  945  000019c0  ac220000	sw	(r1),r2
  946  000019c4  8fc20004	lw	r2,4(r30)
  947  000019c8  ac220004	sw	4(r1),r2
  948  000019cc  8fc2fff4	lw	r2,-12(r30)
  949  000019d0  ac220008	sw	8(r1),r2
  950  000019d4  0ffffdc0	jal	_dstrncmp
  951  000019d8  54000000	nop; delay slot nop
  952  000019dc  23bd0010	addi	r29,r29,#16
  953  000019e0  64220000	snei	r2,r1,#0
  954  000019e4  14400010	bnez	r2,L44_LF2
  955  000019e8  54000000	nop; delay slot nop
  956  000019ec  8fc10000	lw	r1,(r30)
  957  000019f0  08000028	j	L40_LF2
  958  000019f4  54000000	nop; delay slot nop
  959  000019f8          	L44_LF2:
  960  000019f8  8fc20000	lw	r2,(r30)
  961  000019fc  20410001	addi	r1,r2,#1
  962  00001a00  00011020	add	r2,r0,r1
  963  00001a04  afc20000	sw	(r30),r2
  964  00001a08  0bffff8c	j	L41_LF2
  965  00001a0c  54000000	nop; delay slot nop
  966  00001a10          	L42_LF2:
  967  00001a10  20010000	addi	r1,r0,#0
  968  00001a14  08000004	j	L40_LF2
  969  00001a18  54000000	nop; delay slot nop
  970  00001a1c          	L40_LF2:
  971  00001a1c  8fa20000	lw	r2,0(r29)
  972  00001a20  8fdffff8	lw	r31,-8(r30)
  973  00001a24  001ee820	add	r29,r0,r30
  974  00001a28  8fdefffc	lw	r30,-4(r30)
  975  00001a2c  4be00000	jr	r31
  976  00001a30  54000000	nop
  977  00001a34          	.endproc _dstrstr
  978  00001a34          	.align 2
  979  00001a34          	.proc _dmindex
  980  00001a34          	.global _dmindex
  981  00001a34          	_dmindex:
  982                      ;  Function 'dmindex'; 8 bytes of locals, 1 regs to save.
  983  00001a34  afbefffc	sw	-4(r29),r30; push fp
  984  00001a38  001df020	add	r30,r0,r29; fp = sp
  985  00001a3c  afbffff8	sw	-8(r29),r31; push ret addr
  986  00001a40  2fbd0018	subui	r29,r29,#24; alloc local storage
  987  00001a44  afa20000	sw	0(r29),r2
  988  00001a48  54000000	nop
  989  00001a4c          	L46_LF2:
  990  00001a4c  8fc10000	lw	r1,(r30)
  991  00001a50  90220000	lbu	r2,(r1)
  992  00001a54  64410000	snei	r1,r2,#0
  993  00001a58  1420000c	bnez	r1,L48_LF2
  994  00001a5c  54000000	nop; delay slot nop
  995  00001a60  08000070	j	L47_LF2
  996  00001a64  54000000	nop; delay slot nop
  997  00001a68          	L48_LF2:
  998  00001a68  8fc10004	lw	r1,4(r30)
  999  00001a6c  afc1fff4	sw	-12(r30),r1
 1000  00001a70          	L49_LF2:
 1001  00001a70  8fc1fff4	lw	r1,-12(r30)
 1002  00001a74  90220000	lbu	r2,(r1)
 1003  00001a78  64410000	snei	r1,r2,#0
 1004  00001a7c  1420000c	bnez	r1,L52_LF2
 1005  00001a80  54000000	nop; delay slot nop
 1006  00001a84  08000044	j	L50_LF2
 1007  00001a88  54000000	nop; delay slot nop
 1008  00001a8c          	L52_LF2:
 1009  00001a8c  8fc10000	lw	r1,(r30)
 1010  00001a90  8fc2fff4	lw	r2,-12(r30)
 1011  00001a94  90210000	lbu	r1,(r1)
 1012  00001a98  90420000	lbu	r2,(r2)
 1013  00001a9c  00220828	seq	r1,r1,r2
 1014  00001aa0  10200010	beqz	r1,L51_LF2
 1015  00001aa4  54000000	nop; delay slot nop
 1016  00001aa8  8fc10000	lw	r1,(r30)
 1017  00001aac  08000030	j	L45_LF2
 1018  00001ab0  54000000	nop; delay slot nop
 1019  00001ab4          	L53_LF2:
 1020  00001ab4          	L51_LF2:
 1021  00001ab4  8fc2fff4	lw	r2,-12(r30)
 1022  00001ab8  20410001	addi	r1,r2,#1
 1023  00001abc  00011020	add	r2,r0,r1
 1024  00001ac0  afc2fff4	sw	-12(r30),r2
 1025  00001ac4  0bffffa8	j	L49_LF2
 1026  00001ac8  54000000	nop; delay slot nop
 1027  00001acc          	L50_LF2:
 1028  00001acc  0bffff7c	j	L46_LF2
 1029  00001ad0  54000000	nop; delay slot nop
 1030  00001ad4          	L47_LF2:
 1031  00001ad4  20010000	addi	r1,r0,#0
 1032  00001ad8  08000004	j	L45_LF2
 1033  00001adc  54000000	nop; delay slot nop
 1034  00001ae0          	L45_LF2:
 1035  00001ae0  8fa20000	lw	r2,0(r29)
 1036  00001ae4  8fdffff8	lw	r31,-8(r30)
 1037  00001ae8  001ee820	add	r29,r0,r30
 1038  00001aec  8fdefffc	lw	r30,-4(r30)
 1039  00001af0  4be00000	jr	r31
 1040  00001af4  54000000	nop
 1041  00001af8          	.endproc _dmindex
 1042  00001af8          	.align 2
 1043  00001af8          	.proc _dindex
 1044  00001af8          	.global _dindex
 1045  00001af8          	_dindex:
 1046                      ;  Function 'dindex'; 0 bytes of locals, 1 regs to save.
 1047  00001af8  afbefffc	sw	-4(r29),r30; push fp
 1048  00001afc  001df020	add	r30,r0,r29; fp = sp
 1049  00001b00  afbffff8	sw	-8(r29),r31; push ret addr
 1050  00001b04  2fbd0010	subui	r29,r29,#16; alloc local storage
 1051  00001b08  afa20000	sw	0(r29),r2
 1052  00001b0c  54000000	nop
 1053  00001b10          	L55_LF2:
 1054  00001b10  8fc10000	lw	r1,(r30)
 1055  00001b14  90220000	lbu	r2,(r1)
 1056  00001b18  64410000	snei	r1,r2,#0
 1057  00001b1c  1420000c	bnez	r1,L57_LF2
 1058  00001b20  54000000	nop; delay slot nop
 1059  00001b24  08000040	j	L56_LF2
 1060  00001b28  54000000	nop; delay slot nop
 1061  00001b2c          	L57_LF2:
 1062  00001b2c  8fc10000	lw	r1,(r30)
 1063  00001b30  90220000	lbu	r2,(r1)
 1064  00001b34  8fc10004	lw	r1,4(r30)
 1065  00001b38  00411028	seq	r2,r2,r1
 1066  00001b3c  10400010	beqz	r2,L58_LF2
 1067  00001b40  54000000	nop; delay slot nop
 1068  00001b44  8fc10000	lw	r1,(r30)
 1069  00001b48  08000028	j	L54_LF2
 1070  00001b4c  54000000	nop; delay slot nop
 1071  00001b50          	L58_LF2:
 1072  00001b50  8fc20000	lw	r2,(r30)
 1073  00001b54  20410001	addi	r1,r2,#1
 1074  00001b58  00011020	add	r2,r0,r1
 1075  00001b5c  afc20000	sw	(r30),r2
 1076  00001b60  0bffffac	j	L55_LF2
 1077  00001b64  54000000	nop; delay slot nop
 1078  00001b68          	L56_LF2:
 1079  00001b68  20010000	addi	r1,r0,#0
 1080  00001b6c  08000004	j	L54_LF2
 1081  00001b70  54000000	nop; delay slot nop
 1082  00001b74          	L54_LF2:
 1083  00001b74  8fa20000	lw	r2,0(r29)
 1084  00001b78  8fdffff8	lw	r31,-8(r30)
 1085  00001b7c  001ee820	add	r29,r0,r30
 1086  00001b80  8fdefffc	lw	r30,-4(r30)
 1087  00001b84  4be00000	jr	r31
 1088  00001b88  54000000	nop
 1089  00001b8c          	.endproc _dindex
 1090  00001b8c          	.align 2
 1091  00001b8c          	.proc _ditoa
 1092  00001b8c          	.global _ditoa
 1093  00001b8c          	_ditoa:
 1094                      ;  Function 'ditoa'; 8 bytes of locals, 2 regs to save.
 1095  00001b8c  afbefffc	sw	-4(r29),r30; push fp
 1096  00001b90  001df020	add	r30,r0,r29; fp = sp
 1097  00001b94  afbffff8	sw	-8(r29),r31; push ret addr
 1098  00001b98  2fbd0018	subui	r29,r29,#24; alloc local storage
 1099  00001b9c  afa20000	sw	0(r29),r2
 1100  00001ba0  afa30004	sw	4(r29),r3
 1101  00001ba4  8fc10000	lw	r1,(r30)
 1102  00001ba8  68220000	slti	r2,r1,#0
 1103  00001bac  1040002c	beqz	r2,L60_LF2
 1104  00001bb0  54000000	nop; delay slot nop
 1105  00001bb4  8fc10004	lw	r1,4(r30)
 1106  00001bb8  20220001	addi	r2,r1,#1
 1107  00001bbc  afc20004	sw	4(r30),r2
 1108  00001bc0  2002002d	addi	r2,r0,(#0x2d)&0xff
 1109  00001bc4  a0220000	sb	(r1),r2
 1110  00001bc8  8fc10000	lw	r1,(r30)
 1111  00001bcc  00011022	sub	r2,r0,r1
 1112  00001bd0  afc20000	sw	(r30),r2
 1113  00001bd4  08000118	j	L61_LF2
 1114  00001bd8  54000000	nop; delay slot nop
 1115  00001bdc          	L60_LF2:
 1116  00001bdc  8fc10000	lw	r1,(r30)
 1117  00001be0  64220000	snei	r2,r1,#0
 1118  00001be4  14400020	bnez	r2,L62_LF2
 1119  00001be8  54000000	nop; delay slot nop
 1120  00001bec  8fc10004	lw	r1,4(r30)
 1121  00001bf0  20220001	addi	r2,r1,#1
 1122  00001bf4  afc20004	sw	4(r30),r2
 1123  00001bf8  20020030	addi	r2,r0,(#0x30)&0xff
 1124  00001bfc  a0220000	sb	(r1),r2
 1125  00001c00  080000ec	j	L61_LF2
 1126  00001c04  54000000	nop; delay slot nop
 1127  00001c08          	L62_LF2:
 1128  00001c08  20010001	addi	r1,r0,#1
 1129  00001c0c  afc1fff4	sw	-12(r30),r1
 1130  00001c10          	L64_LF2:
 1131  00001c10  8fc1fff4	lw	r1,-12(r30)
 1132  00001c14  8fc20000	lw	r2,(r30)
 1133  00001c18  0022082c	sle	r1,r1,r2
 1134  00001c1c  1420000c	bnez	r1,L66_LF2
 1135  00001c20  54000000	nop; delay slot nop
 1136  00001c24  08000024	j	L65_LF2
 1137  00001c28  54000000	nop; delay slot nop
 1138  00001c2c          	L67_LF2:
 1139  00001c2c          	L66_LF2:
 1140  00001c2c  8fc1fff4	lw	r1,-12(r30)
 1141  00001c30  00011820	add	r3,r0,r1
 1142  00001c34  50620002	slli	r2,r3,#0x2
 1143  00001c38  00411020	add	r2,r2,r1
 1144  00001c3c  50410001	slli	r1,r2,#0x1
 1145  00001c40  afc1fff4	sw	-12(r30),r1
 1146  00001c44  0bffffc8	j	L64_LF2
 1147  00001c48  54000000	nop; delay slot nop
 1148  00001c4c          	L65_LF2:
 1149  00001c4c  54000000	nop
 1150  00001c50          	L68_LF2:
 1151  00001c50  8fc1fff4	lw	r1,-12(r30)
 1152  00001c54  2002000a	addi	r2,r0,#10
 1153  00001c58  00200035	movi2fp	f0,r1
 1154  00001c5c  00400835	movi2fp	f1,r2
 1155  00001c60  0401000f	div	f0,f0,f1
 1156  00001c64  00000834	movfp2i	r1,f0
 1157  00001c68  afc1fff4	sw	-12(r30),r1
 1158  00001c6c  8fc10004	lw	r1,4(r30)
 1159  00001c70  20220001	addi	r2,r1,#1
 1160  00001c74  afc20004	sw	4(r30),r2
 1161  00001c78  8fc20000	lw	r2,(r30)
 1162  00001c7c  8fc3fff4	lw	r3,-12(r30)
 1163  00001c80  00400035	movi2fp	f0,r2
 1164  00001c84  00600835	movi2fp	f1,r3
 1165  00001c88  0401000f	div	f0,f0,f1
 1166  00001c8c  00001034	movfp2i	r2,f0
 1167  00001c90  00021820	add	r3,r0,r2
 1168  00001c94  20620030	addi	r2,r3,#48
 1169  00001c98  a0220000	sb	(r1),r2
 1170  00001c9c  8fc10000	lw	r1,(r30)
 1171  00001ca0  8fc3fff4	lw	r3,-12(r30)
 1172  00001ca4  00200035	movi2fp	f0,r1
 1173  00001ca8  00600835	movi2fp	f1,r3
 1174  00001cac  0401000f	div	f0,f0,f1
 1175  00001cb0  00001034	movfp2i	r2,f0
 1176  00001cb4  8fc3fff4	lw	r3,-12(r30)
 1177  00001cb8  00400035	movi2fp	f0,r2
 1178  00001cbc  00600835	movi2fp	f1,r3
 1179  00001cc0  0401000e	mult	f0,f0,f1
 1180  00001cc4  00001034	movfp2i	r2,f0
 1181  00001cc8  00220822	sub	r1,r1,r2
 1182  00001ccc  afc10000	sw	(r30),r1
 1183  00001cd0          	L70_LF2:
 1184  00001cd0  8fc1fff4	lw	r1,-12(r30)
 1185  00001cd4  6c220001	sgti	r2,r1,#1
 1186  00001cd8  1440000c	bnez	r2,L71_LF2
 1187  00001cdc  54000000	nop; delay slot nop
 1188  00001ce0  0800000c	j	L61_LF2
 1189  00001ce4  54000000	nop; delay slot nop
 1190  00001ce8          	L71_LF2:
 1191  00001ce8  0bffff64	j	L68_LF2
 1192  00001cec  54000000	nop; delay slot nop
 1193  00001cf0          	L69_LF2:
 1194  00001cf0          	L63_LF2:
 1195  00001cf0          	L61_LF2:
 1196  00001cf0  8fc10004	lw	r1,4(r30)
 1197  00001cf4  20020000	addi	r2,r0,(#0x0)&0xff
 1198  00001cf8  a0220000	sb	(r1),r2
 1199  00001cfc          	L59_LF2:
 1200  00001cfc  8fa20000	lw	r2,0(r29)
 1201  00001d00  8fa30004	lw	r3,4(r29)
 1202  00001d04  8fdffff8	lw	r31,-8(r30)
 1203  00001d08  001ee820	add	r29,r0,r30
 1204  00001d0c  8fdefffc	lw	r30,-4(r30)
 1205  00001d10  4be00000	jr	r31
 1206  00001d14  54000000	nop
 1207  00001d18          	.endproc _ditoa
 1208  00001d18          	.align 2
 1209  00001d18          	.proc _dstrtol
 1210  00001d18          	.global _dstrtol
 1211  00001d18          	_dstrtol:
 1212                      ;  Function 'dstrtol'; 16 bytes of locals, 1 regs to save.
 1213  00001d18  afbefffc	sw	-4(r29),r30; push fp
 1214  00001d1c  001df020	add	r30,r0,r29; fp = sp
 1215  00001d20  afbffff8	sw	-8(r29),r31; push ret addr
 1216  00001d24  2fbd0020	subui	r29,r29,#32; alloc local storage
 1217  00001d28  afa20000	sw	0(r29),r2
 1218  00001d2c  20010000	addi	r1,r0,#0
 1219  00001d30  afc1fff4	sw	-12(r30),r1
 1220  00001d34          	L73_LF2:
 1221  00001d34  8fc10000	lw	r1,(r30)
 1222  00001d38  90220000	lbu	r2,(r1)
 1223  00001d3c  60410020	seqi	r1,r2,#32
 1224  00001d40  14200034	bnez	r1,L75_LF2
 1225  00001d44  54000000	nop; delay slot nop
 1226  00001d48  8fc10000	lw	r1,(r30)
 1227  00001d4c  90220000	lbu	r2,(r1)
 1228  00001d50  60410009	seqi	r1,r2,#9
 1229  00001d54  14200020	bnez	r1,L75_LF2
 1230  00001d58  54000000	nop; delay slot nop
 1231  00001d5c  8fc10000	lw	r1,(r30)
 1232  00001d60  90220000	lbu	r2,(r1)
 1233  00001d64  6041000a	seqi	r1,r2,#10
 1234  00001d68  1420000c	bnez	r1,L75_LF2
 1235  00001d6c  54000000	nop; delay slot nop
 1236  00001d70  0800001c	j	L74_LF2
 1237  00001d74  54000000	nop; delay slot nop
 1238  00001d78          	L75_LF2:
 1239  00001d78  8fc20000	lw	r2,(r30)
 1240  00001d7c  20410001	addi	r1,r2,#1
 1241  00001d80  00011020	add	r2,r0,r1
 1242  00001d84  afc20000	sw	(r30),r2
 1243  00001d88  0bffffa8	j	L73_LF2
 1244  00001d8c  54000000	nop; delay slot nop
 1245  00001d90          	L74_LF2:
 1246  00001d90  8fc10004	lw	r1,4(r30)
 1247  00001d94  64220000	snei	r2,r1,#0
 1248  00001d98  10400010	beqz	r2,L76_LF2
 1249  00001d9c  54000000	nop; delay slot nop
 1250  00001da0  8fc10004	lw	r1,4(r30)
 1251  00001da4  8fc20000	lw	r2,(r30)
 1252  00001da8  ac220000	sw	(r1),r2
 1253  00001dac          	L76_LF2:
 1254  00001dac  8fc10000	lw	r1,(r30)
 1255  00001db0  90220000	lbu	r2,(r1)
 1256  00001db4  64410000	snei	r1,r2,#0
 1257  00001db8  14200010	bnez	r1,L77_LF2
 1258  00001dbc  54000000	nop; delay slot nop
 1259  00001dc0  8fc1fff4	lw	r1,-12(r30)
 1260  00001dc4  08000294	j	L72_LF2
 1261  00001dc8  54000000	nop; delay slot nop
 1262  00001dcc          	L77_LF2:
 1263  00001dcc  8fc10000	lw	r1,(r30)
 1264  00001dd0  90220000	lbu	r2,(r1)
 1265  00001dd4  6041002d	seqi	r1,r2,#45
 1266  00001dd8  10200024	beqz	r1,L78_LF2
 1267  00001ddc  54000000	nop; delay slot nop
 1268  00001de0  2001ffff	addi	r1,r0,#-1
 1269  00001de4  afc1ffec	sw	-20(r30),r1
 1270  00001de8  8fc20000	lw	r2,(r30)
 1271  00001dec  20410001	addi	r1,r2,#1
 1272  00001df0  00011020	add	r2,r0,r1
 1273  00001df4  afc20000	sw	(r30),r2
 1274  00001df8  0800000c	j	L79_LF2
 1275  00001dfc  54000000	nop; delay slot nop
 1276  00001e00          	L78_LF2:
 1277  00001e00  20010001	addi	r1,r0,#1
 1278  00001e04  afc1ffec	sw	-20(r30),r1
 1279  00001e08          	L79_LF2:
 1280  00001e08  8fc10008	lw	r1,8(r30)
 1281  00001e0c  64220000	snei	r2,r1,#0
 1282  00001e10  14400090	bnez	r2,L80_LF2
 1283  00001e14  54000000	nop; delay slot nop
 1284  00001e18  8fc10000	lw	r1,(r30)
 1285  00001e1c  90220000	lbu	r2,(r1)
 1286  00001e20  60410030	seqi	r1,r2,#48
 1287  00001e24  10200074	beqz	r1,L81_LF2
 1288  00001e28  54000000	nop; delay slot nop
 1289  00001e2c  8fc20000	lw	r2,(r30)
 1290  00001e30  20410001	addi	r1,r2,#1
 1291  00001e34  00011020	add	r2,r0,r1
 1292  00001e38  afc20000	sw	(r30),r2
 1293  00001e3c  8fc10000	lw	r1,(r30)
 1294  00001e40  90220000	lbu	r2,(r1)
 1295  00001e44  60410078	seqi	r1,r2,#120
 1296  00001e48  14200020	bnez	r1,L83_LF2
 1297  00001e4c  54000000	nop; delay slot nop
 1298  00001e50  8fc10000	lw	r1,(r30)
 1299  00001e54  90220000	lbu	r2,(r1)
 1300  00001e58  60410058	seqi	r1,r2,#88
 1301  00001e5c  1420000c	bnez	r1,L83_LF2
 1302  00001e60  54000000	nop; delay slot nop
 1303  00001e64  08000024	j	L82_LF2
 1304  00001e68  54000000	nop; delay slot nop
 1305  00001e6c          	L83_LF2:
 1306  00001e6c  20010010	addi	r1,r0,#16
 1307  00001e70  afc10008	sw	8(r30),r1
 1308  00001e74  8fc20000	lw	r2,(r30)
 1309  00001e78  20410001	addi	r1,r2,#1
 1310  00001e7c  00011020	add	r2,r0,r1
 1311  00001e80  afc20000	sw	(r30),r2
 1312  00001e84  0800000c	j	L84_LF2
 1313  00001e88  54000000	nop; delay slot nop
 1314  00001e8c          	L82_LF2:
 1315  00001e8c  20010008	addi	r1,r0,#8
 1316  00001e90  afc10008	sw	8(r30),r1
 1317  00001e94          	L84_LF2:
 1318  00001e94  0800000c	j	L80_LF2
 1319  00001e98  54000000	nop; delay slot nop
 1320  00001e9c          	L81_LF2:
 1321  00001e9c  2001000a	addi	r1,r0,#10
 1322  00001ea0  afc10008	sw	8(r30),r1
 1323  00001ea4          	L85_LF2:
 1324  00001ea4          	L80_LF2:
 1325  00001ea4  8fc10008	lw	r1,8(r30)
 1326  00001ea8  70220000	slei	r2,r1,#0
 1327  00001eac  1440001c	bnez	r2,L87_LF2
 1328  00001eb0  54000000	nop; delay slot nop
 1329  00001eb4  8fc10008	lw	r1,8(r30)
 1330  00001eb8  6c220010	sgti	r2,r1,#16
 1331  00001ebc  1440000c	bnez	r2,L87_LF2
 1332  00001ec0  54000000	nop; delay slot nop
 1333  00001ec4  08000010	j	L86_LF2
 1334  00001ec8  54000000	nop; delay slot nop
 1335  00001ecc          	L87_LF2:
 1336  00001ecc  8fc1fff4	lw	r1,-12(r30)
 1337  00001ed0  08000188	j	L72_LF2
 1338  00001ed4  54000000	nop; delay slot nop
 1339  00001ed8          	L86_LF2:
 1340  00001ed8  54000000	nop
 1341  00001edc          	L88_LF2:
 1342  00001edc  8fc10000	lw	r1,(r30)
 1343  00001ee0  90220000	lbu	r2,(r1)
 1344  00001ee4  6c41002f	sgtui	r1,r2,#47
 1345  00001ee8  10200030	beqz	r1,L91_LF2
 1346  00001eec  54000000	nop; delay slot nop
 1347  00001ef0  8fc10000	lw	r1,(r30)
 1348  00001ef4  90220000	lbu	r2,(r1)
 1349  00001ef8  70410039	sleui	r1,r2,#57
 1350  00001efc  1020001c	beqz	r1,L91_LF2
 1351  00001f00  54000000	nop; delay slot nop
 1352  00001f04  8fc10000	lw	r1,(r30)
 1353  00001f08  90220000	lbu	r2,(r1)
 1354  00001f0c  2041ffd0	addi	r1,r2,#-48
 1355  00001f10  afc1fff0	sw	-16(r30),r1
 1356  00001f14  0800008c	j	L92_LF2
 1357  00001f18  54000000	nop; delay slot nop
 1358  00001f1c          	L91_LF2:
 1359  00001f1c  8fc10000	lw	r1,(r30)
 1360  00001f20  90220000	lbu	r2,(r1)
 1361  00001f24  6c410060	sgtui	r1,r2,#96
 1362  00001f28  10200030	beqz	r1,L93_LF2
 1363  00001f2c  54000000	nop; delay slot nop
 1364  00001f30  8fc10000	lw	r1,(r30)
 1365  00001f34  90220000	lbu	r2,(r1)
 1366  00001f38  7041007a	sleui	r1,r2,#122
 1367  00001f3c  1020001c	beqz	r1,L93_LF2
 1368  00001f40  54000000	nop; delay slot nop
 1369  00001f44  8fc10000	lw	r1,(r30)
 1370  00001f48  90220000	lbu	r2,(r1)
 1371  00001f4c  2041ffa9	addi	r1,r2,#-87
 1372  00001f50  afc1fff0	sw	-16(r30),r1
 1373  00001f54  0800004c	j	L92_LF2
 1374  00001f58  54000000	nop; delay slot nop
 1375  00001f5c          	L93_LF2:
 1376  00001f5c  8fc10000	lw	r1,(r30)
 1377  00001f60  90220000	lbu	r2,(r1)
 1378  00001f64  6c410040	sgtui	r1,r2,#64
 1379  00001f68  10200030	beqz	r1,L95_LF2
 1380  00001f6c  54000000	nop; delay slot nop
 1381  00001f70  8fc10000	lw	r1,(r30)
 1382  00001f74  90220000	lbu	r2,(r1)
 1383  00001f78  7041005a	sleui	r1,r2,#90
 1384  00001f7c  1020001c	beqz	r1,L95_LF2
 1385  00001f80  54000000	nop; delay slot nop
 1386  00001f84  8fc10000	lw	r1,(r30)
 1387  00001f88  90220000	lbu	r2,(r1)
 1388  00001f8c  2041ffc9	addi	r1,r2,#-55
 1389  00001f90  afc1fff0	sw	-16(r30),r1
 1390  00001f94  0800000c	j	L92_LF2
 1391  00001f98  54000000	nop; delay slot nop
 1392  00001f9c          	L95_LF2:
 1393  00001f9c  200103e8	addi	r1,r0,#1000
 1394  00001fa0  afc1fff0	sw	-16(r30),r1
 1395  00001fa4          	L96_LF2:
 1396  00001fa4          	L94_LF2:
 1397  00001fa4          	L92_LF2:
 1398  00001fa4  8fc1fff0	lw	r1,-16(r30)
 1399  00001fa8  8fc20008	lw	r2,8(r30)
 1400  00001fac  0022082a	slt	r1,r1,r2
 1401  00001fb0  10200040	beqz	r1,L90_LF2
 1402  00001fb4  54000000	nop; delay slot nop
 1403  00001fb8  8fc1fff4	lw	r1,-12(r30)
 1404  00001fbc  8fc20008	lw	r2,8(r30)
 1405  00001fc0  00200035	movi2fp	f0,r1
 1406  00001fc4  00400835	movi2fp	f1,r2
 1407  00001fc8  0401000e	mult	f0,f0,f1
 1408  00001fcc  00000834	movfp2i	r1,f0
 1409  00001fd0  afc1fff4	sw	-12(r30),r1
 1410  00001fd4  8fc1fff4	lw	r1,-12(r30)
 1411  00001fd8  8fc2fff0	lw	r2,-16(r30)
 1412  00001fdc  00220820	add	r1,r1,r2
 1413  00001fe0  afc1fff4	sw	-12(r30),r1
 1414  00001fe4  8fc20000	lw	r2,(r30)
 1415  00001fe8  20410001	addi	r1,r2,#1
 1416  00001fec  00011020	add	r2,r0,r1
 1417  00001ff0  afc20000	sw	(r30),r2
 1418  00001ff4          	L97_LF2:
 1419  00001ff4          	L90_LF2:
 1420  00001ff4  8fc1fff0	lw	r1,-16(r30)
 1421  00001ff8  8fc20008	lw	r2,8(r30)
 1422  00001ffc  0022082a	slt	r1,r1,r2
 1423  00002000  1420000c	bnez	r1,L98_LF2
 1424  00002004  54000000	nop; delay slot nop
 1425  00002008  0800000c	j	L89_LF2
 1426  0000200c  54000000	nop; delay slot nop
 1427  00002010          	L98_LF2:
 1428  00002010  0bfffec8	j	L88_LF2
 1429  00002014  54000000	nop; delay slot nop
 1430  00002018          	L89_LF2:
 1431  00002018  8fc10004	lw	r1,4(r30)
 1432  0000201c  64220000	snei	r2,r1,#0
 1433  00002020  10400010	beqz	r2,L99_LF2
 1434  00002024  54000000	nop; delay slot nop
 1435  00002028  8fc10004	lw	r1,4(r30)
 1436  0000202c  8fc20000	lw	r2,(r30)
 1437  00002030  ac220000	sw	(r1),r2
 1438  00002034          	L99_LF2:
 1439  00002034  8fc1fff4	lw	r1,-12(r30)
 1440  00002038  8fc2ffec	lw	r2,-20(r30)
 1441  0000203c  00200035	movi2fp	f0,r1
 1442  00002040  00400835	movi2fp	f1,r2
 1443  00002044  0401000e	mult	f0,f0,f1
 1444  00002048  00000834	movfp2i	r1,f0
 1445  0000204c  afc1fff4	sw	-12(r30),r1
 1446  00002050  8fc1fff4	lw	r1,-12(r30)
 1447  00002054  08000004	j	L72_LF2
 1448  00002058  54000000	nop; delay slot nop
 1449  0000205c          	L72_LF2:
 1450  0000205c  8fa20000	lw	r2,0(r29)
 1451  00002060  8fdffff8	lw	r31,-8(r30)
 1452  00002064  001ee820	add	r29,r0,r30
 1453  00002068  8fdefffc	lw	r30,-4(r30)
 1454  0000206c  4be00000	jr	r31
 1455  00002070  54000000	nop
 1456  00002074          	.endproc _dstrtol
 1457  00002074          	.align 2
 1458  00002074          	.proc _bcopy
 1459  00002074          	.global _bcopy
 1460  00002074          	_bcopy:
 1461                      ;  Function 'bcopy'; 0 bytes of locals, 2 regs to save.
 1462  00002074  afbefffc	sw	-4(r29),r30; push fp
 1463  00002078  001df020	add	r30,r0,r29; fp = sp
 1464  0000207c  afbffff8	sw	-8(r29),r31; push ret addr
 1465  00002080  2fbd0010	subui	r29,r29,#16; alloc local storage
 1466  00002084  afa20000	sw	0(r29),r2
 1467  00002088  afa30004	sw	4(r29),r3
 1468  0000208c  54000000	nop
 1469  00002090          	L101_LF2:
 1470  00002090  8fc10008	lw	r1,8(r30)
 1471  00002094  2022ffff	addi	r2,r1,#-1
 1472  00002098  afc20008	sw	8(r30),r2
 1473  0000209c  6c210000	sgti	r1,r1,#0
 1474  000020a0  1420000c	bnez	r1,L103_LF2
 1475  000020a4  54000000	nop; delay slot nop
 1476  000020a8  0800002c	j	L102_LF2
 1477  000020ac  54000000	nop; delay slot nop
 1478  000020b0          	L103_LF2:
 1479  000020b0  8fc10004	lw	r1,4(r30)
 1480  000020b4  20220001	addi	r2,r1,#1
 1481  000020b8  afc20004	sw	4(r30),r2
 1482  000020bc  8fc20000	lw	r2,(r30)
 1483  000020c0  20430001	addi	r3,r2,#1
 1484  000020c4  afc30000	sw	(r30),r3
 1485  000020c8  80420000	lb	r2,(r2)
 1486  000020cc  a0220000	sb	(r1),r2
 1487  000020d0  0bffffbc	j	L101_LF2
 1488  000020d4  54000000	nop; delay slot nop
 1489  000020d8          	L102_LF2:
 1490  000020d8          	L100_LF2:
 1491  000020d8  8fa20000	lw	r2,0(r29)
 1492  000020dc  8fa30004	lw	r3,4(r29)
 1493  000020e0  8fdffff8	lw	r31,-8(r30)
 1494  000020e4  001ee820	add	r29,r0,r30
 1495  000020e8  8fdefffc	lw	r30,-4(r30)
 1496  000020ec  4be00000	jr	r31
 1497  000020f0  54000000	nop
 1498  000020f4          	.endproc _bcopy
 1499  000020f4          	.align 2
 1500  000020f4          	.proc _bzero
 1501  000020f4          	.global _bzero
 1502  000020f4          	_bzero:
 1503                      ;  Function 'bzero'; 0 bytes of locals, 1 regs to save.
 1504  000020f4  afbefffc	sw	-4(r29),r30; push fp
 1505  000020f8  001df020	add	r30,r0,r29; fp = sp
 1506  000020fc  afbffff8	sw	-8(r29),r31; push ret addr
 1507  00002100  2fbd0010	subui	r29,r29,#16; alloc local storage
 1508  00002104  afa20000	sw	0(r29),r2
 1509  00002108  54000000	nop
 1510  0000210c          	L105_LF2:
 1511  0000210c  8fc10004	lw	r1,4(r30)
 1512  00002110  2022ffff	addi	r2,r1,#-1
 1513  00002114  afc20004	sw	4(r30),r2
 1514  00002118  6c210000	sgti	r1,r1,#0
 1515  0000211c  1420000c	bnez	r1,L107_LF2
 1516  00002120  54000000	nop; delay slot nop
 1517  00002124  08000020	j	L106_LF2
 1518  00002128  54000000	nop; delay slot nop
 1519  0000212c          	L107_LF2:
 1520  0000212c  8fc10000	lw	r1,(r30)
 1521  00002130  20220001	addi	r2,r1,#1
 1522  00002134  afc20000	sw	(r30),r2
 1523  00002138  20020000	addi	r2,r0,(#0x0)&0xff
 1524  0000213c  a0220000	sb	(r1),r2
 1525  00002140  0bffffc8	j	L105_LF2
 1526  00002144  54000000	nop; delay slot nop
 1527  00002148          	L106_LF2:
 1528  00002148          	L104_LF2:
 1529  00002148  8fa20000	lw	r2,0(r29)
 1530  0000214c  8fdffff8	lw	r31,-8(r30)
 1531  00002150  001ee820	add	r29,r0,r30
 1532  00002154  8fdefffc	lw	r30,-4(r30)
 1533  00002158  4be00000	jr	r31
 1534  0000215c  54000000	nop
 1535  00002160          	.endproc _bzero
 1536  00002160          	.align 2
 1537  00002160          	.proc _min
 1538  00002160          	.global _min
 1539  00002160          	_min:
 1540                      ;  Function 'min'; 0 bytes of locals, 2 regs to save.
 1541  00002160  afbefffc	sw	-4(r29),r30; push fp
 1542  00002164  001df020	add	r30,r0,r29; fp = sp
 1543  00002168  afbffff8	sw	-8(r29),r31; push ret addr
 1544  0000216c  2fbd0010	subui	r29,r29,#16; alloc local storage
 1545  00002170  afa20000	sw	0(r29),r2
 1546  00002174  afa30004	sw	4(r29),r3
 1547  00002178  8fc10000	lw	r1,(r30)
 1548  0000217c  8fc20004	lw	r2,4(r30)
 1549  00002180  0022182c	sle	r3,r1,r2
 1550  00002184  14600008	bnez	r3,L109_LF2
 1551  00002188  54000000	nop; delay slot nop
 1552  0000218c  8fc10004	lw	r1,4(r30)
 1553  00002190          	L109_LF2:
 1554  00002190  08000004	j	L108_LF2
 1555  00002194  54000000	nop; delay slot nop
 1556  00002198          	L108_LF2:
 1557  00002198  8fa20000	lw	r2,0(r29)
 1558  0000219c  8fa30004	lw	r3,4(r29)
 1559  000021a0  8fdffff8	lw	r31,-8(r30)
 1560  000021a4  001ee820	add	r29,r0,r30
 1561  000021a8  8fdefffc	lw	r30,-4(r30)
 1562  000021ac  4be00000	jr	r31
 1563  000021b0  54000000	nop
 1564  000021b4          	.endproc _min
 1565  000021b4          	.align 2
 1566  000021b4          	.proc _max
 1567  000021b4          	.global _max
 1568  000021b4          	_max:
 1569                      ;  Function 'max'; 0 bytes of locals, 2 regs to save.
 1570  000021b4  afbefffc	sw	-4(r29),r30; push fp
 1571  000021b8  001df020	add	r30,r0,r29; fp = sp
 1572  000021bc  afbffff8	sw	-8(r29),r31; push ret addr
 1573  000021c0  2fbd0010	subui	r29,r29,#16; alloc local storage
 1574  000021c4  afa20000	sw	0(r29),r2
 1575  000021c8  afa30004	sw	4(r29),r3
 1576  000021cc  8fc10000	lw	r1,(r30)
 1577  000021d0  8fc20004	lw	r2,4(r30)
 1578  000021d4  0022182d	sge	r3,r1,r2
 1579  000021d8  14600008	bnez	r3,L111_LF2
 1580  000021dc  54000000	nop; delay slot nop
 1581  000021e0  8fc10004	lw	r1,4(r30)
 1582  000021e4          	L111_LF2:
 1583  000021e4  08000004	j	L110_LF2
 1584  000021e8  54000000	nop; delay slot nop
 1585  000021ec          	L110_LF2:
 1586  000021ec  8fa20000	lw	r2,0(r29)
 1587  000021f0  8fa30004	lw	r3,4(r29)
 1588  000021f4  8fdffff8	lw	r31,-8(r30)
 1589  000021f8  001ee820	add	r29,r0,r30
 1590  000021fc  8fdefffc	lw	r30,-4(r30)
 1591  00002200  4be00000	jr	r31
 1592  00002204  54000000	nop
 1593  00002208          	.endproc _max
 1594                      ;;; Ethan L. Miller, 1999.  Released to the public domain
 1595                      ;;;
 1596                      ;;; Most of the traps are called in files from libtraps.
 1599  00002208          	.align 2
 1600  00002208          	.proc _exit
 1601  00002208          	.global _exit
 1602  00002208          	_exit:
 1603  00002208  44000300	trap	#0x300
 1604  0000220c  4be00000	jr	r31
 1605  00002210  54000000	nop
 1606  00002214          	.endproc _exit
 1608                      ; for the benefit of gcc.
 1609  00002214          	.proc ___main
 1610  00002214          	.global ___main
 1611  00002214          	___main:
 1612  00002214  4be00000	jr	r31
 1613  00002218  54000000	nop
 1614  0000221c          	.endproc ___main
 1615  0000221c          	.text
 1616  0000221c          	.global _etext
 1617  0000221c          	_etext:
 1618  0000221c          	.align 3
 1619  00002220          	.data
 1620  00003106          	.global _edata
 1621  00003106          	_edata:
