 line   address	contents
    1                      ; Linked by DLX-LD.
    2                      ; MemSize 24576
    3                      ; Data size: 298
    4                      ; Text size: 4840
    5                      ; Stack size: 8192
    6  00000000          	.text 0x1000
    7  00001000          	.data 0x3000
    8                      ; Compiled by GCC
    9  00003000          	.text
   10  00001000          	.align 2
   11  00001000          	.proc _isspace
   12  00001000          	.global _isspace
   13  00001000          	_isspace:
   14                      ;  Function 'isspace'; 0 bytes of locals, 1 regs to save.
   15  00001000  afbefffc	sw	-4(r29),r30; push fp
   16  00001004  001df020	add	r30,r0,r29; fp = sp
   17  00001008  afbffff8	sw	-8(r29),r31; push ret addr
   18  0000100c  2fbd0010	subui	r29,r29,#16; alloc local storage
   19  00001010  afa20000	sw	0(r29),r2
   20  00001014  83c20003	lb	r2,3(r30)
   21  00001018  201f0000	addi	r31,r0,#0
   22  0000101c  304100ff	andi	r1,r2,#0x00ff
   23  00001020  60210020	seqi	r1,r1,#32
   24  00001024  14200018	bnez	r1,L6_LF0
   25  00001028  54000000	nop; not filled.
   26  0000102c  2041fff7	addi	r1,r2,#-9
   27  00001030  302100ff	andi	r1,r1,#0x00ff
   28  00001034  70210001	sleui	r1,r1,#1
   29  00001038  10200008	beqz	r1,L5_LF0
   30  0000103c  54000000	nop; not filled.
   31  00001040          	L6_LF0:
   32  00001040  201f0001	addi	r31,r0,#1
   33  00001044          	L5_LF0:
   34  00001044  001f0820	add	r1,r0,r31
   35  00001048  8fa20000	lw	r2,0(r29)
   36  0000104c  8fdffff8	lw	r31,-8(r30)
   37  00001050  001ee820	add	r29,r0,r30
   38  00001054  8fdefffc	lw	r30,-4(r30)
   39  00001058  4be00000	jr	r31
   40  0000105c  54000000	nop
   41  00001060          	.endproc _isspace
   42  00001060          	.align 2
   43  00001060          	.proc _isxdigit
   44  00001060          	.global _isxdigit
   45  00001060          	_isxdigit:
   46                      ;  Function 'isxdigit'; 0 bytes of locals, 1 regs to save.
   47  00001060  afbefffc	sw	-4(r29),r30; push fp
   48  00001064  001df020	add	r30,r0,r29; fp = sp
   49  00001068  afbffff8	sw	-8(r29),r31; push ret addr
   50  0000106c  2fbd0010	subui	r29,r29,#16; alloc local storage
   51  00001070  afa20000	sw	0(r29),r2
   52  00001074  83df0003	lb	r31,3(r30)
   53  00001078  20020000	addi	r2,r0,#0
   54  0000107c  23e1ffd0	addi	r1,r31,#-48
   55  00001080  302100ff	andi	r1,r1,#0x00ff
   56  00001084  70210009	sleui	r1,r1,#9
   57  00001088  14200028	bnez	r1,L12_LF0
   58  0000108c  54000000	nop; not filled.
   59  00001090  23e1ff9f	addi	r1,r31,#-97
   60  00001094  302100ff	andi	r1,r1,#0x00ff
   61  00001098  70210005	sleui	r1,r1,#5
   62  0000109c  14200014	bnez	r1,L12_LF0
   63  000010a0  54000000	nop; not filled.
   64  000010a4  33e100ff	andi	r1,r31,#0x00ff
   65  000010a8  64210041	snei	r1,r1,#65
   66  000010ac  14200008	bnez	r1,L11_LF0
   67  000010b0  54000000	nop; not filled.
   68  000010b4          	L12_LF0:
   69  000010b4  20020001	addi	r2,r0,#1
   70  000010b8          	L11_LF0:
   71  000010b8  00020820	add	r1,r0,r2
   72  000010bc  8fa20000	lw	r2,0(r29)
   73  000010c0  8fdffff8	lw	r31,-8(r30)
   74  000010c4  001ee820	add	r29,r0,r30
   75  000010c8  8fdefffc	lw	r30,-4(r30)
   76  000010cc  4be00000	jr	r31
   77  000010d0  54000000	nop
   78  000010d4          	.endproc _isxdigit
   79  000010d4          	.data
   80  00003000          	.align 2
   81  00003000          	LC0_LF0:
   82  00003000  55736167	.ascii "Usage: \000"
   82  00003004  653a2000	
   83  00003008          	.align 2
   84  00003008          	LC1_LF0:
   85  00003008  203c6861	.ascii " <handle_to_shared_memory_page> <handle_to_page_mapped_semaphore>\n\000"
   85  0000300c  6e646c65	
   85  00003010  5f746f5f	
   85  00003014  73686172	
   85  00003018  65645f6d	
   85  0000301c  656d6f72	
   85  00003020  795f7061	
   85  00003024  67653e20	
   85  00003028  3c68616e	
   85  0000302c  646c655f	
   85  00003030  746f5f70	
   85  00003034  6167655f	
   85  00003038  6d617070	
   85  0000303c  65645f73	
   85  00003040  656d6170	
   85  00003044  686f7265	
   85  00003048  3e0a00  	
   86  0000304b          	.align 2
   87  0000304c          	LC2_LF0:
   88  0000304c  4d617020	.ascii "Map failed in SO injection \n\000"
   88  00003050  6661696c	
   88  00003054  65642069	
   88  00003058  6e20534f	
   88  0000305c  20696e6a	
   88  00003060  65637469	
   88  00003064  6f6e200a	
   88  00003068  00      	
   89  00003069          	.align 2
   90  0000306c          	LC3_LF0:
   91  0000306c  4f70656e	.ascii "Open the mailbox failed, check the condition\000"
   91  00003070  20746865	
   91  00003074  206d6169	
   91  00003078  6c626f78	
   91  0000307c  20666169	
   91  00003080  6c65642c	
   91  00003084  20636865	
   91  00003088  636b2074	
   91  0000308c  68652063	
   91  00003090  6f6e6469	
   91  00003094  74696f6e	
   91  00003098  00      	
   92  00003099          	.align 2
   93  0000309c          	LC4_LF0:
   94  0000309c  436c6f73	.ascii "Close the mailbox failed, check the condition\000"
   94  000030a0  65207468	
   94  000030a4  65206d61	
   94  000030a8  696c626f	
   94  000030ac  78206661	
   94  000030b0  696c6564	
   94  000030b4  2c206368	
   94  000030b8  65636b20	
   94  000030bc  74686520	
   94  000030c0  636f6e64	
   94  000030c4  6974696f	
   94  000030c8  6e00    	
   95  000030ca          	.align 2
   96  000030cc          	LC5_LF0:
   97  000030cc  5300    	.ascii "S\000"
   98  000030ce          	.align 2
   99  000030d0          	LC6_LF0:
  100  000030d0  5332202d	.ascii "S2 -> S + S reacted, PID: %d\n\000"
  100  000030d4  3e205320	
  100  000030d8  2b205320	
  100  000030dc  72656163	
  100  000030e0  7465642c	
  100  000030e4  20504944	
  100  000030e8  3a202564	
  100  000030ec  0a00    	
  101  000030ee          	.align 2
  102  000030f0          	LC7_LF0:
  103  000030f0  42616420	.ascii "Bad semaphore s_procs_completed (%d) in \000"
  103  000030f4  73656d61	
  103  000030f8  70686f72	
  103  000030fc  6520735f	
  103  00003100  70726f63	
  103  00003104  735f636f	
  103  00003108  6d706c65	
  103  0000310c  74656420	
  103  00003110  28256429	
  103  00003114  20696e20	
  103  00003118  00      	
  104  00003119          	.align 2
  105  0000311c          	LC8_LF0:
  106  0000311c  2c206578	.ascii ", exiting...\n\000"
  106  00003120  6974696e	
  106  00003124  672e2e2e	
  106  00003128  0a00    	
  107  0000312a          	.text
  108  000010d4          	.align 2
  109  000010d4          	.proc _main
  110  000010d4          	.global _main
  111  000010d4          	_main:
  112                      ;  Function 'main'; 8 bytes of locals, 0 regs to save.
  113  000010d4  afbefffc	sw	-4(r29),r30; push fp
  114  000010d8  001df020	add	r30,r0,r29; fp = sp
  115  000010dc  afbffff8	sw	-8(r29),r31; push ret addr
  116  000010e0  2fbd0010	subui	r29,r29,#16; alloc local storage
  117  000010e4  8fc20000	lw	r2,(r30)
  118  000010e8  8fc40004	lw	r4,4(r30)
  119  000010ec  0c0011f0	jal	___main
  120  000010f0  54000000	nop; not filled.
  121  000010f4  64410003	snei	r1,r2,#3
  122  000010f8  1020004c	beqz	r1,L14_LF0
  123  000010fc  54000000	nop; not filled.
  124  00001100  23bdfff8	addi	r29,r29,#-8
  125  00001104  3c060000	lhi	r6,((LC0_LF0)>>16)&0xffff
  126  00001108  24c63000	addui	r6,r6,(LC0_LF0)&0xffff
  127  0000110c  afa60000	sw	(r29),r6
  128  00001110  0c00031c	jal	_Printf
  129  00001114  54000000	nop; not filled.
  130  00001118  8c860000	lw	r6,(r4)
  131  0000111c  afa60000	sw	(r29),r6
  132  00001120  0c00030c	jal	_Printf
  133  00001124  54000000	nop; not filled.
  134  00001128  3c060000	lhi	r6,((LC1_LF0)>>16)&0xffff
  135  0000112c  24c63008	addui	r6,r6,(LC1_LF0)&0xffff
  136  00001130  afa60000	sw	(r29),r6
  137  00001134  0c0002f8	jal	_Printf
  138  00001138  54000000	nop; not filled.
  139  0000113c  0c0003f8	jal	_Exit
  140  00001140  54000000	nop; not filled.
  141  00001144  23bd0008	addi	r29,r29,#8
  142  00001148          	L14_LF0:
  143  00001148  23bdfff0	addi	r29,r29,#-16
  144  0000114c  8c860004	lw	r6,4(r4)
  145  00001150  afa60000	sw	(r29),r6
  146  00001154  20060000	addi	r6,r0,#0
  147  00001158  afa60004	sw	4(r29),r6
  148  0000115c  2006000a	addi	r6,r0,#10
  149  00001160  afa60008	sw	8(r29),r6
  150  00001164  0c000c7c	jal	_dstrtol
  151  00001168  54000000	nop; not filled.
  152  0000116c  00012820	add	r5,r0,r1
  153  00001170  8c860008	lw	r6,8(r4)
  154  00001174  afa60000	sw	(r29),r6
  155  00001178  20060000	addi	r6,r0,#0
  156  0000117c  afa60004	sw	4(r29),r6
  157  00001180  2006000a	addi	r6,r0,#10
  158  00001184  afa60008	sw	8(r29),r6
  159  00001188  0c000c58	jal	_dstrtol
  160  0000118c  54000000	nop; not filled.
  161  00001190  afa10000	sw	(r29),r1
  162  00001194  0c0002c8	jal	_shmat
  163  00001198  54000000	nop; not filled.
  164  0000119c  00011820	add	r3,r0,r1
  165  000011a0  23bd0010	addi	r29,r29,#16
  166  000011a4  64610000	snei	r1,r3,#0
  167  000011a8  14200028	bnez	r1,L15_LF0
  168  000011ac  54000000	nop; not filled.
  169  000011b0  23bdfff8	addi	r29,r29,#-8
  170  000011b4  3c060000	lhi	r6,((LC2_LF0)>>16)&0xffff
  171  000011b8  24c6304c	addui	r6,r6,(LC2_LF0)&0xffff
  172  000011bc  afa60000	sw	(r29),r6
  173  000011c0  0c00026c	jal	_Printf
  174  000011c4  54000000	nop; not filled.
  175  000011c8  0c00036c	jal	_Exit
  176  000011cc  54000000	nop; not filled.
  177  000011d0  23bd0008	addi	r29,r29,#8
  178  000011d4          	L15_LF0:
  179  000011d4  23bdfff8	addi	r29,r29,#-8
  180  000011d8  8c660000	lw	r6,(r3)
  181  000011dc  afa60000	sw	(r29),r6
  182  000011e0  0c00030c	jal	_mbox_open
  183  000011e4  54000000	nop; not filled.
  184  000011e8  23bd0008	addi	r29,r29,#8
  185  000011ec  64210001	snei	r1,r1,#1
  186  000011f0  10200028	beqz	r1,L16_LF0
  187  000011f4  54000000	nop; not filled.
  188  000011f8  23bdfff8	addi	r29,r29,#-8
  189  000011fc  3c060000	lhi	r6,((LC3_LF0)>>16)&0xffff
  190  00001200  24c6306c	addui	r6,r6,(LC3_LF0)&0xffff
  191  00001204  afa60000	sw	(r29),r6
  192  00001208  0c000224	jal	_Printf
  193  0000120c  54000000	nop; not filled.
  194  00001210  0c000324	jal	_Exit
  195  00001214  54000000	nop; not filled.
  196  00001218  23bd0008	addi	r29,r29,#8
  197  0000121c          	L16_LF0:
  198  0000121c  23bdfff0	addi	r29,r29,#-16
  199  00001220  8c660000	lw	r6,(r3)
  200  00001224  afa60000	sw	(r29),r6
  201  00001228  20060002	addi	r6,r0,#2
  202  0000122c  afa60004	sw	4(r29),r6
  203  00001230  23c1fff0	addi	r1,r30,#-16
  204  00001234  afa10008	sw	8(r29),r1
  205  00001238  0c0002d8	jal	_mbox_recv
  206  0000123c  54000000	nop; not filled.
  207  00001240  8c660000	lw	r6,(r3)
  208  00001244  afa60000	sw	(r29),r6
  209  00001248  0c0002b0	jal	_mbox_close
  210  0000124c  54000000	nop; not filled.
  211  00001250  23bd0010	addi	r29,r29,#16
  212  00001254  64210001	snei	r1,r1,#1
  213  00001258  10200028	beqz	r1,L17_LF0
  214  0000125c  54000000	nop; not filled.
  215  00001260  23bdfff8	addi	r29,r29,#-8
  216  00001264  3c060000	lhi	r6,((LC4_LF0)>>16)&0xffff
  217  00001268  24c6309c	addui	r6,r6,(LC4_LF0)&0xffff
  218  0000126c  afa60000	sw	(r29),r6
  219  00001270  0c0001bc	jal	_Printf
  220  00001274  54000000	nop; not filled.
  221  00001278  0c0002bc	jal	_Exit
  222  0000127c  54000000	nop; not filled.
  223  00001280  23bd0008	addi	r29,r29,#8
  224  00001284          	L17_LF0:
  225  00001284  23bdfff8	addi	r29,r29,#-8
  226  00001288  8c660004	lw	r6,4(r3)
  227  0000128c  afa60000	sw	(r29),r6
  228  00001290  0c00025c	jal	_mbox_open
  229  00001294  54000000	nop; not filled.
  230  00001298  23bd0008	addi	r29,r29,#8
  231  0000129c  64210001	snei	r1,r1,#1
  232  000012a0  10200028	beqz	r1,L18_LF0
  233  000012a4  54000000	nop; not filled.
  234  000012a8  23bdfff8	addi	r29,r29,#-8
  235  000012ac  3c060000	lhi	r6,((LC3_LF0)>>16)&0xffff
  236  000012b0  24c6306c	addui	r6,r6,(LC3_LF0)&0xffff
  237  000012b4  afa60000	sw	(r29),r6
  238  000012b8  0c000174	jal	_Printf
  239  000012bc  54000000	nop; not filled.
  240  000012c0  0c000274	jal	_Exit
  241  000012c4  54000000	nop; not filled.
  242  000012c8  23bd0008	addi	r29,r29,#8
  243  000012cc          	L18_LF0:
  244  000012cc  23bdfff0	addi	r29,r29,#-16
  245  000012d0  8c660004	lw	r6,4(r3)
  246  000012d4  afa60000	sw	(r29),r6
  247  000012d8  20060001	addi	r6,r0,#1
  248  000012dc  afa60004	sw	4(r29),r6
  249  000012e0  3c020000	lhi	r2,((LC5_LF0)>>16)&0xffff
  250  000012e4  244230cc	addui	r2,r2,(LC5_LF0)&0xffff
  251  000012e8  afa20008	sw	8(r29),r2
  252  000012ec  0c000218	jal	_mbox_send
  253  000012f0  54000000	nop; not filled.
  254  000012f4  8c660004	lw	r6,4(r3)
  255  000012f8  afa60000	sw	(r29),r6
  256  000012fc  20060001	addi	r6,r0,#1
  257  00001300  afa60004	sw	4(r29),r6
  258  00001304  afa20008	sw	8(r29),r2
  259  00001308  0c0001fc	jal	_mbox_send
  260  0000130c  54000000	nop; not filled.
  261  00001310  8c630004	lw	r3,4(r3)
  262  00001314  afa30000	sw	(r29),r3
  263  00001318  0c0001e0	jal	_mbox_close
  264  0000131c  54000000	nop; not filled.
  265  00001320  23bd0010	addi	r29,r29,#16
  266  00001324  64210001	snei	r1,r1,#1
  267  00001328  10200028	beqz	r1,L19_LF0
  268  0000132c  54000000	nop; not filled.
  269  00001330  23bdfff8	addi	r29,r29,#-8
  270  00001334  3c060000	lhi	r6,((LC4_LF0)>>16)&0xffff
  271  00001338  24c6309c	addui	r6,r6,(LC4_LF0)&0xffff
  272  0000133c  afa60000	sw	(r29),r6
  273  00001340  0c0000ec	jal	_Printf
  274  00001344  54000000	nop; not filled.
  275  00001348  0c0001ec	jal	_Exit
  276  0000134c  54000000	nop; not filled.
  277  00001350  23bd0008	addi	r29,r29,#8
  278  00001354          	L19_LF0:
  279  00001354  0c0000e4	jal	_getpid
  280  00001358  54000000	nop; not filled.
  281  0000135c  23bdfff8	addi	r29,r29,#-8
  282  00001360  3c060000	lhi	r6,((LC6_LF0)>>16)&0xffff
  283  00001364  24c630d0	addui	r6,r6,(LC6_LF0)&0xffff
  284  00001368  afa60000	sw	(r29),r6
  285  0000136c  afa10004	sw	4(r29),r1
  286  00001370  0c0000bc	jal	_Printf
  287  00001374  54000000	nop; not filled.
  288  00001378  afa50000	sw	(r29),r5
  289  0000137c  0c000104	jal	_sem_signal
  290  00001380  54000000	nop; not filled.
  291  00001384  23bd0008	addi	r29,r29,#8
  292  00001388  64210001	snei	r1,r1,#1
  293  0000138c  10200050	beqz	r1,L20_LF0
  294  00001390  54000000	nop; not filled.
  295  00001394  23bdfff8	addi	r29,r29,#-8
  296  00001398  3c060000	lhi	r6,((LC7_LF0)>>16)&0xffff
  297  0000139c  24c630f0	addui	r6,r6,(LC7_LF0)&0xffff
  298  000013a0  afa60000	sw	(r29),r6
  299  000013a4  afa50004	sw	4(r29),r5
  300  000013a8  0c000084	jal	_Printf
  301  000013ac  54000000	nop; not filled.
  302  000013b0  8c840000	lw	r4,(r4)
  303  000013b4  afa40000	sw	(r29),r4
  304  000013b8  0c000074	jal	_Printf
  305  000013bc  54000000	nop; not filled.
  306  000013c0  3c060000	lhi	r6,((LC8_LF0)>>16)&0xffff
  307  000013c4  24c6311c	addui	r6,r6,(LC8_LF0)&0xffff
  308  000013c8  afa60000	sw	(r29),r6
  309  000013cc  0c000060	jal	_Printf
  310  000013d0  54000000	nop; not filled.
  311  000013d4  0c000160	jal	_Exit
  312  000013d8  54000000	nop; not filled.
  313  000013dc  23bd0008	addi	r29,r29,#8
  314  000013e0          	L20_LF0:
  315  000013e0  0c000ef0	jal	_exit
  316  000013e4  54000000	nop
  317  000013e8          	.endproc _main
  318                      ;;;
  319                      ;;; Stub functions for DLX traps.
  320                      ;;;
  321                      ;;; Ethan L. Miller, 1999.  Released to the public domain.
  322                      ;;;
  323                      ;;; The traps such as Open and Close
  324                      ;;; (note the capital letters) are for use by user programs.  The traps
  325                      ;;; with names such as open and close (lower case) are for use by the OS.
  326                      ;;;
  329  000013e8          	.align 2
  331                      ;;; The following are the traps to be used by user-level programs
  332                      ;;;
  334  000013e8          	.align 2
  335  000013e8          	.proc _Open
  336  000013e8          	.global _Open
  337  000013e8          	_Open:
  338                      ;;; Note that trap #0x213 actually causes a trap vector in the OS of
  339                      ;;; 0x1213.  The same is true for other user traps.  Thus, a user trap
  340                      ;;; with trap #0x240 will result in a trap vector of 0x1240 in the OS.
  341  000013e8  44000213	trap	#0x213
  342  000013ec  4be00000	jr	r31
  343  000013f0  54000000	nop
  344  000013f4          	.endproc _Open
  346  000013f4          	.proc _Close
  347  000013f4          	.global _Close
  348  000013f4          	_Close:
  349  000013f4  44000214	trap	#0x214
  350  000013f8  4be00000	jr	r31
  351  000013fc  54000000	nop
  352  00001400          	.endproc _Close
  354  00001400          	.proc _Read
  355  00001400          	.global _Read
  356  00001400          	_Read:
  357  00001400  44000210	trap	#0x210
  358  00001404  4be00000	jr	r31
  359  00001408  54000000	nop
  360  0000140c          	.endproc _Read
  362  0000140c          	.proc _Write
  363  0000140c          	.global _Write
  364  0000140c          	_Write:
  365  0000140c  44000211	trap	#0x211
  366  00001410  4be00000	jr	r31
  367  00001414  54000000	nop
  368  00001418          	.endproc _Write
  370  00001418          	.proc _Lseek
  371  00001418          	.global _Lseek
  372  00001418          	_Lseek:
  373  00001418  44000212	trap	#0x212
  374  0000141c  4be00000	jr	r31
  375  00001420  54000000	nop
  376  00001424          	.endproc _Lseek
  378  00001424          	.proc _Putchar
  379  00001424          	.global _Putchar
  380  00001424          	_Putchar:
  381  00001424  44000280	trap	#0x280
  382  00001428  4be00000	jr	r31
  383  0000142c  54000000	nop
  384  00001430          	.endproc _Putchar
  386  00001430          	.proc _Printf
  387  00001430          	.global _Printf
  388  00001430          	_Printf:
  389  00001430  44000201	trap	#0x201
  390  00001434  4be00000	jr	r31
  391  00001438  54000000	nop
  392  0000143c          	.endproc _Printf
  394  0000143c          	.proc _getpid
  395  0000143c          	.global _getpid
  396  0000143c          	_getpid:
  397  0000143c  44000431	trap	#0x431
  398  00001440  4be00000	jr	r31
  399  00001444  54000000	nop
  400  00001448          	.endproc _getpid
  402  00001448          	.proc _process_create
  403  00001448          	.global _process_create
  404  00001448          	_process_create:
  405  00001448  44000432	trap	#0x432
  406  0000144c  4be00000	jr	r31
  407  00001450  54000000	nop
  408  00001454          	.endproc _process_create
  410  00001454          	.proc _shmget
  411  00001454          	.global _shmget
  412  00001454          	_shmget:
  413  00001454  44000440	trap	#0x440
  414  00001458  4be00000	jr	r31
  415  0000145c  54000000	nop
  416  00001460          	.endproc _shmget
  418  00001460          	.proc _shmat
  419  00001460          	.global _shmat
  420  00001460          	_shmat:
  421  00001460  44000441	trap	#0x441
  422  00001464  4be00000	jr	r31
  423  00001468  54000000	nop
  424  0000146c          	.endproc _shmat
  426  0000146c          	.proc _sem_create
  427  0000146c          	.global _sem_create
  428  0000146c          	_sem_create:
  429  0000146c  44000450	trap	#0x450
  430  00001470  4be00000	jr	r31
  431  00001474  54000000	nop
  432  00001478          	.endproc _sem_create
  434  00001478          	.proc _sem_wait
  435  00001478          	.global _sem_wait
  436  00001478          	_sem_wait:
  437  00001478  44000451	trap	#0x451
  438  0000147c  4be00000	jr	r31
  439  00001480  54000000	nop
  440  00001484          	.endproc _sem_wait
  442  00001484          	.proc _sem_signal
  443  00001484          	.global _sem_signal
  444  00001484          	_sem_signal:
  445  00001484  44000452	trap	#0x452
  446  00001488  4be00000	jr	r31
  447  0000148c  54000000	nop
  448  00001490          	.endproc _sem_signal
  450  00001490          	.proc _lock_create
  451  00001490          	.global _lock_create
  452  00001490          	_lock_create:
  453  00001490  44000453	trap	#0x453
  454  00001494  4be00000	jr	r31
  455  00001498  54000000	nop
  456  0000149c          	.endproc _lock_create
  458  0000149c          	.proc _lock_acquire
  459  0000149c          	.global _lock_acquire
  460  0000149c          	_lock_acquire:
  461  0000149c  44000454	trap	#0x454
  462  000014a0  4be00000	jr	r31
  463  000014a4  54000000	nop
  464  000014a8          	.endproc _lock_acquire
  466  000014a8          	.proc _lock_release
  467  000014a8          	.global _lock_release
  468  000014a8          	_lock_release:
  469  000014a8  44000455	trap	#0x455
  470  000014ac  4be00000	jr	r31
  471  000014b0  54000000	nop
  472  000014b4          	.endproc _lock_release
  474  000014b4          	.proc _cond_create
  475  000014b4          	.global _cond_create
  476  000014b4          	_cond_create:
  477  000014b4  44000456	trap	#0x456
  478  000014b8  4be00000	jr	r31
  479  000014bc  54000000	nop
  480  000014c0          	.endproc _cond_create
  482  000014c0          	.proc _cond_wait
  483  000014c0          	.global _cond_wait
  484  000014c0          	_cond_wait:
  485  000014c0  44000457	trap	#0x457
  486  000014c4  4be00000	jr	r31
  487  000014c8  54000000	nop
  488  000014cc          	.endproc _cond_wait
  490  000014cc          	.proc _cond_signal
  491  000014cc          	.global _cond_signal
  492  000014cc          	_cond_signal:
  493  000014cc  44000458	trap	#0x458
  494  000014d0  4be00000	jr	r31
  495  000014d4  54000000	nop
  496  000014d8          	.endproc _cond_signal
  498  000014d8          	.proc _cond_broadcast
  499  000014d8          	.global _cond_broadcast
  500  000014d8          	_cond_broadcast:
  501  000014d8  44000459	trap	#0x459
  502  000014dc  4be00000	jr	r31
  503  000014e0  54000000	nop
  504  000014e4          	.endproc _cond_broadcast
  506  000014e4          	.proc _mbox_create
  507  000014e4          	.global _mbox_create
  508  000014e4          	_mbox_create:
  509  000014e4  44000460	trap	#0x460
  510  000014e8  4be00000	jr	r31
  511  000014ec  54000000	nop
  512  000014f0          	.endproc _mbox_create
  514  000014f0          	.proc _mbox_open
  515  000014f0          	.global _mbox_open
  516  000014f0          	_mbox_open:
  517  000014f0  44000461	trap	#0x461
  518  000014f4  4be00000	jr	r31
  519  000014f8  54000000	nop
  520  000014fc          	.endproc _mbox_open
  522  000014fc          	.proc _mbox_close
  523  000014fc          	.global _mbox_close
  524  000014fc          	_mbox_close:
  525  000014fc  44000462	trap	#0x462
  526  00001500  4be00000	jr	r31
  527  00001504  54000000	nop
  528  00001508          	.endproc _mbox_close
  530  00001508          	.proc _mbox_send
  531  00001508          	.global _mbox_send
  532  00001508          	_mbox_send:
  533  00001508  44000463	trap	#0x463
  534  0000150c  4be00000	jr	r31
  535  00001510  54000000	nop
  536  00001514          	.endproc _mbox_send
  538  00001514          	.proc _mbox_recv
  539  00001514          	.global _mbox_recv
  540  00001514          	_mbox_recv:
  541  00001514  44000464	trap	#0x464
  542  00001518  4be00000	jr	r31
  543  0000151c  54000000	nop
  544  00001520          	.endproc _mbox_recv
  546  00001520          	.proc _sleep
  547  00001520          	.global _sleep
  548  00001520          	_sleep:
  549  00001520  44000465	trap	#0x465
  550  00001524  4be00000	jr	r31
  551  00001528  54000000	nop
  552  0000152c          	.endproc _sleep
  554  0000152c          	.proc _yield
  555  0000152c          	.global _yield
  556  0000152c          	_yield:
  557  0000152c  44000466	trap	#0x466
  558  00001530  4be00000	jr	r31
  559  00001534  54000000	nop
  560  00001538          	.endproc _yield
  563  00001538          	.proc _Exit
  564  00001538          	.global _Exit
  565  00001538          	_Exit:
  566  00001538  44000500	trap	#0x500
  567  0000153c  4be00000	jr	r31
  568  00001540  54000000	nop
  569  00001544          	.endproc _Exit
  570                      ; Compiled by GCC
  572  00001544          	.align 2
  573  00001544          	.proc _isspace
  574  00001544          	.global _isspace
  575  00001544          	_isspace:
  576                      ;  Function 'isspace'; 0 bytes of locals, 3 regs to save.
  577  00001544  afbefffc	sw	-4(r29),r30; push fp
  578  00001548  001df020	add	r30,r0,r29; fp = sp
  579  0000154c  afbffff8	sw	-8(r29),r31; push ret addr
  580  00001550  2fbd0018	subui	r29,r29,#24; alloc local storage
  581  00001554  afa20000	sw	0(r29),r2
  582  00001558  afa30004	sw	4(r29),r3
  583  0000155c  afa40008	sw	8(r29),r4
  584  00001560  83c20003	lb	r2,3(r30)
  585  00001564  20010000	addi	r1,r0,#0
  586  00001568  304300ff	andi	r3,r2,#0x00ff
  587  0000156c  60640020	seqi	r4,r3,#32
  588  00001570  1480002c	bnez	r4,L3_LF2
  589  00001574  54000000	nop; delay slot nop
  590  00001578  304300ff	andi	r3,r2,#0x00ff
  591  0000157c  60640009	seqi	r4,r3,#9
  592  00001580  1480001c	bnez	r4,L3_LF2
  593  00001584  54000000	nop; delay slot nop
  594  00001588  304300ff	andi	r3,r2,#0x00ff
  595  0000158c  6064000a	seqi	r4,r3,#10
  596  00001590  1480000c	bnez	r4,L3_LF2
  597  00001594  54000000	nop; delay slot nop
  598  00001598  08000008	j	L2_LF2
  599  0000159c  54000000	nop; delay slot nop
  600  000015a0          	L3_LF2:
  601  000015a0  20010001	addi	r1,r0,#1
  602  000015a4          	L2_LF2:
  603  000015a4  08000004	j	L1_LF2
  604  000015a8  54000000	nop; delay slot nop
  605  000015ac          	L1_LF2:
  606  000015ac  8fa20000	lw	r2,0(r29)
  607  000015b0  8fa30004	lw	r3,4(r29)
  608  000015b4  8fa40008	lw	r4,8(r29)
  609  000015b8  8fdffff8	lw	r31,-8(r30)
  610  000015bc  001ee820	add	r29,r0,r30
  611  000015c0  8fdefffc	lw	r30,-4(r30)
  612  000015c4  4be00000	jr	r31
  613  000015c8  54000000	nop
  614  000015cc          	.endproc _isspace
  615  000015cc          	.align 2
  616  000015cc          	.proc _isxdigit
  617  000015cc          	.global _isxdigit
  618  000015cc          	_isxdigit:
  619                      ;  Function 'isxdigit'; 0 bytes of locals, 3 regs to save.
  620  000015cc  afbefffc	sw	-4(r29),r30; push fp
  621  000015d0  001df020	add	r30,r0,r29; fp = sp
  622  000015d4  afbffff8	sw	-8(r29),r31; push ret addr
  623  000015d8  2fbd0018	subui	r29,r29,#24; alloc local storage
  624  000015dc  afa20000	sw	0(r29),r2
  625  000015e0  afa30004	sw	4(r29),r3
  626  000015e4  afa40008	sw	8(r29),r4
  627  000015e8  83c20003	lb	r2,3(r30)
  628  000015ec  20010000	addi	r1,r0,#0
  629  000015f0  304300ff	andi	r3,r2,#0x00ff
  630  000015f4  6c64002f	sgtui	r4,r3,#47
  631  000015f8  1080001c	beqz	r4,L7_LF2
  632  000015fc  54000000	nop; delay slot nop
  633  00001600  304300ff	andi	r3,r2,#0x00ff
  634  00001604  70640039	sleui	r4,r3,#57
  635  00001608  1480005c	bnez	r4,L6_LF2
  636  0000160c  54000000	nop; delay slot nop
  637  00001610  08000004	j	L7_LF2
  638  00001614  54000000	nop; delay slot nop
  639  00001618          	L7_LF2:
  640  00001618  304300ff	andi	r3,r2,#0x00ff
  641  0000161c  6c640060	sgtui	r4,r3,#96
  642  00001620  1080001c	beqz	r4,L8_LF2
  643  00001624  54000000	nop; delay slot nop
  644  00001628  304300ff	andi	r3,r2,#0x00ff
  645  0000162c  70640066	sleui	r4,r3,#102
  646  00001630  14800034	bnez	r4,L6_LF2
  647  00001634  54000000	nop; delay slot nop
  648  00001638  08000004	j	L8_LF2
  649  0000163c  54000000	nop; delay slot nop
  650  00001640          	L8_LF2:
  651  00001640  304300ff	andi	r3,r2,#0x00ff
  652  00001644  6c640040	sgtui	r4,r3,#64
  653  00001648  10800020	beqz	r4,L5_LF2
  654  0000164c  54000000	nop; delay slot nop
  655  00001650  304300ff	andi	r3,r2,#0x00ff
  656  00001654  70640041	sleui	r4,r3,#65
  657  00001658  1480000c	bnez	r4,L6_LF2
  658  0000165c  54000000	nop; delay slot nop
  659  00001660  08000008	j	L5_LF2
  660  00001664  54000000	nop; delay slot nop
  661  00001668          	L6_LF2:
  662  00001668  20010001	addi	r1,r0,#1
  663  0000166c          	L5_LF2:
  664  0000166c  08000004	j	L4_LF2
  665  00001670  54000000	nop; delay slot nop
  666  00001674          	L4_LF2:
  667  00001674  8fa20000	lw	r2,0(r29)
  668  00001678  8fa30004	lw	r3,4(r29)
  669  0000167c  8fa40008	lw	r4,8(r29)
  670  00001680  8fdffff8	lw	r31,-8(r30)
  671  00001684  001ee820	add	r29,r0,r30
  672  00001688  8fdefffc	lw	r30,-4(r30)
  673  0000168c  4be00000	jr	r31
  674  00001690  54000000	nop
  675  00001694          	.endproc _isxdigit
  676  00001694          	.align 2
  677  00001694          	.proc _dstrcpy
  678  00001694          	.global _dstrcpy
  679  00001694          	_dstrcpy:
  680                      ;  Function 'dstrcpy'; 8 bytes of locals, 2 regs to save.
  681  00001694  afbefffc	sw	-4(r29),r30; push fp
  682  00001698  001df020	add	r30,r0,r29; fp = sp
  683  0000169c  afbffff8	sw	-8(r29),r31; push ret addr
  684  000016a0  2fbd0018	subui	r29,r29,#24; alloc local storage
  685  000016a4  afa20000	sw	0(r29),r2
  686  000016a8  afa30004	sw	4(r29),r3
  687  000016ac  8fc10000	lw	r1,(r30)
  688  000016b0  afc1fff4	sw	-12(r30),r1
  689  000016b4          	L10_LF2:
  690  000016b4  8fc10000	lw	r1,(r30)
  691  000016b8  20220001	addi	r2,r1,#1
  692  000016bc  afc20000	sw	(r30),r2
  693  000016c0  8fc20004	lw	r2,4(r30)
  694  000016c4  20430001	addi	r3,r2,#1
  695  000016c8  afc30004	sw	4(r30),r3
  696  000016cc  80420000	lb	r2,(r2)
  697  000016d0  a0220000	sb	(r1),r2
  698  000016d4  a3c2fff3	sb	-13(r30),r2
  699  000016d8          	L12_LF2:
  700  000016d8  93c1fff3	lbu	r1,-13(r30)
  701  000016dc  64220000	snei	r2,r1,#0
  702  000016e0  1440000c	bnez	r2,L13_LF2
  703  000016e4  54000000	nop; delay slot nop
  704  000016e8  0800000c	j	L11_LF2
  705  000016ec  54000000	nop; delay slot nop
  706  000016f0          	L13_LF2:
  707  000016f0  0bffffc0	j	L10_LF2
  708  000016f4  54000000	nop; delay slot nop
  709  000016f8          	L11_LF2:
  710  000016f8  8fc1fff4	lw	r1,-12(r30)
  711  000016fc  08000004	j	L9_LF2
  712  00001700  54000000	nop; delay slot nop
  713  00001704          	L9_LF2:
  714  00001704  8fa20000	lw	r2,0(r29)
  715  00001708  8fa30004	lw	r3,4(r29)
  716  0000170c  8fdffff8	lw	r31,-8(r30)
  717  00001710  001ee820	add	r29,r0,r30
  718  00001714  8fdefffc	lw	r30,-4(r30)
  719  00001718  4be00000	jr	r31
  720  0000171c  54000000	nop
  721  00001720          	.endproc _dstrcpy
  722  00001720          	.align 2
  723  00001720          	.proc _dstrncpy
  724  00001720          	.global _dstrncpy
  725  00001720          	_dstrncpy:
  726                      ;  Function 'dstrncpy'; 8 bytes of locals, 2 regs to save.
  727  00001720  afbefffc	sw	-4(r29),r30; push fp
  728  00001724  001df020	add	r30,r0,r29; fp = sp
  729  00001728  afbffff8	sw	-8(r29),r31; push ret addr
  730  0000172c  2fbd0018	subui	r29,r29,#24; alloc local storage
  731  00001730  afa20000	sw	0(r29),r2
  732  00001734  afa30004	sw	4(r29),r3
  733  00001738  8fc10000	lw	r1,(r30)
  734  0000173c  afc1fff4	sw	-12(r30),r1
  735  00001740          	L15_LF2:
  736  00001740  8fc10008	lw	r1,8(r30)
  737  00001744  2022ffff	addi	r2,r1,#-1
  738  00001748  afc20008	sw	8(r30),r2
  739  0000174c  70210000	slei	r1,r1,#0
  740  00001750  1020000c	beqz	r1,L18_LF2
  741  00001754  54000000	nop; delay slot nop
  742  00001758  08000048	j	L16_LF2
  743  0000175c  54000000	nop; delay slot nop
  744  00001760          	L18_LF2:
  745  00001760  8fc10000	lw	r1,(r30)
  746  00001764  20220001	addi	r2,r1,#1
  747  00001768  afc20000	sw	(r30),r2
  748  0000176c  8fc20004	lw	r2,4(r30)
  749  00001770  20430001	addi	r3,r2,#1
  750  00001774  afc30004	sw	4(r30),r3
  751  00001778  80420000	lb	r2,(r2)
  752  0000177c  a0220000	sb	(r1),r2
  753  00001780  a3c2fff3	sb	-13(r30),r2
  754  00001784          	L17_LF2:
  755  00001784  93c1fff3	lbu	r1,-13(r30)
  756  00001788  64220000	snei	r2,r1,#0
  757  0000178c  1440000c	bnez	r2,L19_LF2
  758  00001790  54000000	nop; delay slot nop
  759  00001794  0800000c	j	L16_LF2
  760  00001798  54000000	nop; delay slot nop
  761  0000179c          	L19_LF2:
  762  0000179c  0bffffa0	j	L15_LF2
  763  000017a0  54000000	nop; delay slot nop
  764  000017a4          	L16_LF2:
  765  000017a4  8fc1fff4	lw	r1,-12(r30)
  766  000017a8  08000004	j	L14_LF2
  767  000017ac  54000000	nop; delay slot nop
  768  000017b0          	L14_LF2:
  769  000017b0  8fa20000	lw	r2,0(r29)
  770  000017b4  8fa30004	lw	r3,4(r29)
  771  000017b8  8fdffff8	lw	r31,-8(r30)
  772  000017bc  001ee820	add	r29,r0,r30
  773  000017c0  8fdefffc	lw	r30,-4(r30)
  774  000017c4  4be00000	jr	r31
  775  000017c8  54000000	nop
  776  000017cc          	.endproc _dstrncpy
  777  000017cc          	.align 2
  778  000017cc          	.proc _dstrcat
  779  000017cc          	.global _dstrcat
  780  000017cc          	_dstrcat:
  781                      ;  Function 'dstrcat'; 8 bytes of locals, 1 regs to save.
  782  000017cc  afbefffc	sw	-4(r29),r30; push fp
  783  000017d0  001df020	add	r30,r0,r29; fp = sp
  784  000017d4  afbffff8	sw	-8(r29),r31; push ret addr
  785  000017d8  2fbd0018	subui	r29,r29,#24; alloc local storage
  786  000017dc  afa20000	sw	0(r29),r2
  787  000017e0  8fc10000	lw	r1,(r30)
  788  000017e4  afc1fff4	sw	-12(r30),r1
  789  000017e8          	L21_LF2:
  790  000017e8  8fc10000	lw	r1,(r30)
  791  000017ec  90220000	lbu	r2,(r1)
  792  000017f0  64410000	snei	r1,r2,#0
  793  000017f4  1420000c	bnez	r1,L23_LF2
  794  000017f8  54000000	nop; delay slot nop
  795  000017fc  0800001c	j	L22_LF2
  796  00001800  54000000	nop; delay slot nop
  797  00001804          	L23_LF2:
  798  00001804  8fc20000	lw	r2,(r30)
  799  00001808  20410001	addi	r1,r2,#1
  800  0000180c  00011020	add	r2,r0,r1
  801  00001810  afc20000	sw	(r30),r2
  802  00001814  0bffffd0	j	L21_LF2
  803  00001818  54000000	nop; delay slot nop
  804  0000181c          	L22_LF2:
  805  0000181c  23bdfff8	addi	r29,r29,#-8
  806  00001820  001d0820	add	r1,r0,r29
  807  00001824  8fc20000	lw	r2,(r30)
  808  00001828  ac220000	sw	(r1),r2
  809  0000182c  8fc20004	lw	r2,4(r30)
  810  00001830  ac220004	sw	4(r1),r2
  811  00001834  0ffffe5c	jal	_dstrcpy
  812  00001838  54000000	nop; delay slot nop
  813  0000183c  23bd0008	addi	r29,r29,#8
  814  00001840  8fc1fff4	lw	r1,-12(r30)
  815  00001844  08000004	j	L20_LF2
  816  00001848  54000000	nop; delay slot nop
  817  0000184c          	L20_LF2:
  818  0000184c  8fa20000	lw	r2,0(r29)
  819  00001850  8fdffff8	lw	r31,-8(r30)
  820  00001854  001ee820	add	r29,r0,r30
  821  00001858  8fdefffc	lw	r30,-4(r30)
  822  0000185c  4be00000	jr	r31
  823  00001860  54000000	nop
  824  00001864          	.endproc _dstrcat
  825  00001864          	.align 2
  826  00001864          	.proc _dstrncmp
  827  00001864          	.global _dstrncmp
  828  00001864          	_dstrncmp:
  829                      ;  Function 'dstrncmp'; 8 bytes of locals, 2 regs to save.
  830  00001864  afbefffc	sw	-4(r29),r30; push fp
  831  00001868  001df020	add	r30,r0,r29; fp = sp
  832  0000186c  afbffff8	sw	-8(r29),r31; push ret addr
  833  00001870  2fbd0018	subui	r29,r29,#24; alloc local storage
  834  00001874  afa20000	sw	0(r29),r2
  835  00001878  afa30004	sw	4(r29),r3
  836  0000187c  54000000	nop
  837  00001880  20010000	addi	r1,r0,#0
  838  00001884  afc1fff4	sw	-12(r30),r1
  839  00001888          	L25_LF2:
  840  00001888  8fc1fff4	lw	r1,-12(r30)
  841  0000188c  8fc20008	lw	r2,8(r30)
  842  00001890  0022082a	slt	r1,r1,r2
  843  00001894  1420000c	bnez	r1,L28_LF2
  844  00001898  54000000	nop; delay slot nop
  845  0000189c  08000088	j	L26_LF2
  846  000018a0  54000000	nop; delay slot nop
  847  000018a4          	L28_LF2:
  848  000018a4  8fc10004	lw	r1,4(r30)
  849  000018a8  90220000	lbu	r2,(r1)
  850  000018ac  64410000	snei	r1,r2,#0
  851  000018b0  14200018	bnez	r1,L29_LF2
  852  000018b4  54000000	nop; delay slot nop
  853  000018b8  20010000	addi	r1,r0,#0
  854  000018bc  080000d8	j	L24_LF2
  855  000018c0  54000000	nop; delay slot nop
  856  000018c4  08000028	j	L30_LF2
  857  000018c8  54000000	nop; delay slot nop
  858  000018cc          	L29_LF2:
  859  000018cc  8fc10000	lw	r1,(r30)
  860  000018d0  8fc20004	lw	r2,4(r30)
  861  000018d4  90210000	lbu	r1,(r1)
  862  000018d8  90420000	lbu	r2,(r2)
  863  000018dc  00220829	sne	r1,r1,r2
  864  000018e0  1020000c	beqz	r1,L30_LF2
  865  000018e4  54000000	nop; delay slot nop
  866  000018e8  0800003c	j	L26_LF2
  867  000018ec  54000000	nop; delay slot nop
  868  000018f0          	L31_LF2:
  869  000018f0          	L30_LF2:
  870  000018f0  8fc20000	lw	r2,(r30)
  871  000018f4  20410001	addi	r1,r2,#1
  872  000018f8  00011020	add	r2,r0,r1
  873  000018fc  afc20000	sw	(r30),r2
  874  00001900  8fc20004	lw	r2,4(r30)
  875  00001904  20410001	addi	r1,r2,#1
  876  00001908  00011020	add	r2,r0,r1
  877  0000190c  afc20004	sw	4(r30),r2
  878  00001910          	L27_LF2:
  879  00001910  8fc2fff4	lw	r2,-12(r30)
  880  00001914  20410001	addi	r1,r2,#1
  881  00001918  00011020	add	r2,r0,r1
  882  0000191c  afc2fff4	sw	-12(r30),r2
  883  00001920  0bffff64	j	L25_LF2
  884  00001924  54000000	nop; delay slot nop
  885  00001928          	L26_LF2:
  886  00001928  8fc1fff4	lw	r1,-12(r30)
  887  0000192c  8fc20008	lw	r2,8(r30)
  888  00001930  00220828	seq	r1,r1,r2
  889  00001934  10200018	beqz	r1,L32_LF2
  890  00001938  54000000	nop; delay slot nop
  891  0000193c  20010000	addi	r1,r0,#0
  892  00001940  08000054	j	L24_LF2
  893  00001944  54000000	nop; delay slot nop
  894  00001948  0800004c	j	L33_LF2
  895  0000194c  54000000	nop; delay slot nop
  896  00001950          	L32_LF2:
  897  00001950  8fc20000	lw	r2,(r30)
  898  00001954  90410000	lbu	r1,(r2)
  899  00001958  8fc20004	lw	r2,4(r30)
  900  0000195c  90430000	lbu	r3,(r2)
  901  00001960  00230822	sub	r1,r1,r3
  902  00001964  74220000	sgei	r2,r1,#0
  903  00001968  10400020	beqz	r2,L34_LF2
  904  0000196c  54000000	nop; delay slot nop
  905  00001970  8fc10000	lw	r1,(r30)
  906  00001974  8fc20004	lw	r2,4(r30)
  907  00001978  90210000	lbu	r1,(r1)
  908  0000197c  90420000	lbu	r2,(r2)
  909  00001980  00220829	sne	r1,r1,r2
  910  00001984  08000008	j	L35_LF2
  911  00001988  54000000	nop; delay slot nop
  912  0000198c          	L34_LF2:
  913  0000198c  2001ffff	addi	r1,r0,#-1
  914  00001990          	L35_LF2:
  915  00001990  08000004	j	L24_LF2
  916  00001994  54000000	nop; delay slot nop
  917  00001998          	L33_LF2:
  918  00001998          	L24_LF2:
  919  00001998  8fa20000	lw	r2,0(r29)
  920  0000199c  8fa30004	lw	r3,4(r29)
  921  000019a0  8fdffff8	lw	r31,-8(r30)
  922  000019a4  001ee820	add	r29,r0,r30
  923  000019a8  8fdefffc	lw	r30,-4(r30)
  924  000019ac  4be00000	jr	r31
  925  000019b0  54000000	nop
  926  000019b4          	.endproc _dstrncmp
  927  000019b4          	.align 2
  928  000019b4          	.proc _dstrlen
  929  000019b4          	.global _dstrlen
  930  000019b4          	_dstrlen:
  931                      ;  Function 'dstrlen'; 8 bytes of locals, 1 regs to save.
  932  000019b4  afbefffc	sw	-4(r29),r30; push fp
  933  000019b8  001df020	add	r30,r0,r29; fp = sp
  934  000019bc  afbffff8	sw	-8(r29),r31; push ret addr
  935  000019c0  2fbd0018	subui	r29,r29,#24; alloc local storage
  936  000019c4  afa20000	sw	0(r29),r2
  937  000019c8  20010000	addi	r1,r0,#0
  938  000019cc  afc1fff4	sw	-12(r30),r1
  939  000019d0          	L37_LF2:
  940  000019d0  8fc10000	lw	r1,(r30)
  941  000019d4  20220001	addi	r2,r1,#1
  942  000019d8  afc20000	sw	(r30),r2
  943  000019dc  90210000	lbu	r1,(r1)
  944  000019e0  64220000	snei	r2,r1,#0
  945  000019e4  1440000c	bnez	r2,L39_LF2
  946  000019e8  54000000	nop; delay slot nop
  947  000019ec  0800001c	j	L38_LF2
  948  000019f0  54000000	nop; delay slot nop
  949  000019f4          	L39_LF2:
  950  000019f4  8fc2fff4	lw	r2,-12(r30)
  951  000019f8  20410001	addi	r1,r2,#1
  952  000019fc  00011020	add	r2,r0,r1
  953  00001a00  afc2fff4	sw	-12(r30),r2
  954  00001a04  0bffffc8	j	L37_LF2
  955  00001a08  54000000	nop; delay slot nop
  956  00001a0c          	L38_LF2:
  957  00001a0c  8fc1fff4	lw	r1,-12(r30)
  958  00001a10  08000004	j	L36_LF2
  959  00001a14  54000000	nop; delay slot nop
  960  00001a18          	L36_LF2:
  961  00001a18  8fa20000	lw	r2,0(r29)
  962  00001a1c  8fdffff8	lw	r31,-8(r30)
  963  00001a20  001ee820	add	r29,r0,r30
  964  00001a24  8fdefffc	lw	r30,-4(r30)
  965  00001a28  4be00000	jr	r31
  966  00001a2c  54000000	nop
  967  00001a30          	.endproc _dstrlen
  968  00001a30          	.align 2
  969  00001a30          	.proc _dstrstr
  970  00001a30          	.global _dstrstr
  971  00001a30          	_dstrstr:
  972                      ;  Function 'dstrstr'; 8 bytes of locals, 1 regs to save.
  973  00001a30  afbefffc	sw	-4(r29),r30; push fp
  974  00001a34  001df020	add	r30,r0,r29; fp = sp
  975  00001a38  afbffff8	sw	-8(r29),r31; push ret addr
  976  00001a3c  2fbd0018	subui	r29,r29,#24; alloc local storage
  977  00001a40  afa20000	sw	0(r29),r2
  978  00001a44  23bdfff8	addi	r29,r29,#-8
  979  00001a48  001d0820	add	r1,r0,r29
  980  00001a4c  8fc20004	lw	r2,4(r30)
  981  00001a50  ac220000	sw	(r1),r2
  982  00001a54  0fffff5c	jal	_dstrlen
  983  00001a58  54000000	nop; delay slot nop
  984  00001a5c  23bd0008	addi	r29,r29,#8
  985  00001a60  afc1fff4	sw	-12(r30),r1
  986  00001a64          	L41_LF2:
  987  00001a64  8fc10000	lw	r1,(r30)
  988  00001a68  90220000	lbu	r2,(r1)
  989  00001a6c  64410000	snei	r1,r2,#0
  990  00001a70  1420000c	bnez	r1,L43_LF2
  991  00001a74  54000000	nop; delay slot nop
  992  00001a78  08000060	j	L42_LF2
  993  00001a7c  54000000	nop; delay slot nop
  994  00001a80          	L43_LF2:
  995  00001a80  23bdfff0	addi	r29,r29,#-16
  996  00001a84  001d0820	add	r1,r0,r29
  997  00001a88  8fc20000	lw	r2,(r30)
  998  00001a8c  ac220000	sw	(r1),r2
  999  00001a90  8fc20004	lw	r2,4(r30)
 1000  00001a94  ac220004	sw	4(r1),r2
 1001  00001a98  8fc2fff4	lw	r2,-12(r30)
 1002  00001a9c  ac220008	sw	8(r1),r2
 1003  00001aa0  0ffffdc0	jal	_dstrncmp
 1004  00001aa4  54000000	nop; delay slot nop
 1005  00001aa8  23bd0010	addi	r29,r29,#16
 1006  00001aac  64220000	snei	r2,r1,#0
 1007  00001ab0  14400010	bnez	r2,L44_LF2
 1008  00001ab4  54000000	nop; delay slot nop
 1009  00001ab8  8fc10000	lw	r1,(r30)
 1010  00001abc  08000028	j	L40_LF2
 1011  00001ac0  54000000	nop; delay slot nop
 1012  00001ac4          	L44_LF2:
 1013  00001ac4  8fc20000	lw	r2,(r30)
 1014  00001ac8  20410001	addi	r1,r2,#1
 1015  00001acc  00011020	add	r2,r0,r1
 1016  00001ad0  afc20000	sw	(r30),r2
 1017  00001ad4  0bffff8c	j	L41_LF2
 1018  00001ad8  54000000	nop; delay slot nop
 1019  00001adc          	L42_LF2:
 1020  00001adc  20010000	addi	r1,r0,#0
 1021  00001ae0  08000004	j	L40_LF2
 1022  00001ae4  54000000	nop; delay slot nop
 1023  00001ae8          	L40_LF2:
 1024  00001ae8  8fa20000	lw	r2,0(r29)
 1025  00001aec  8fdffff8	lw	r31,-8(r30)
 1026  00001af0  001ee820	add	r29,r0,r30
 1027  00001af4  8fdefffc	lw	r30,-4(r30)
 1028  00001af8  4be00000	jr	r31
 1029  00001afc  54000000	nop
 1030  00001b00          	.endproc _dstrstr
 1031  00001b00          	.align 2
 1032  00001b00          	.proc _dmindex
 1033  00001b00          	.global _dmindex
 1034  00001b00          	_dmindex:
 1035                      ;  Function 'dmindex'; 8 bytes of locals, 1 regs to save.
 1036  00001b00  afbefffc	sw	-4(r29),r30; push fp
 1037  00001b04  001df020	add	r30,r0,r29; fp = sp
 1038  00001b08  afbffff8	sw	-8(r29),r31; push ret addr
 1039  00001b0c  2fbd0018	subui	r29,r29,#24; alloc local storage
 1040  00001b10  afa20000	sw	0(r29),r2
 1041  00001b14  54000000	nop
 1042  00001b18          	L46_LF2:
 1043  00001b18  8fc10000	lw	r1,(r30)
 1044  00001b1c  90220000	lbu	r2,(r1)
 1045  00001b20  64410000	snei	r1,r2,#0
 1046  00001b24  1420000c	bnez	r1,L48_LF2
 1047  00001b28  54000000	nop; delay slot nop
 1048  00001b2c  08000070	j	L47_LF2
 1049  00001b30  54000000	nop; delay slot nop
 1050  00001b34          	L48_LF2:
 1051  00001b34  8fc10004	lw	r1,4(r30)
 1052  00001b38  afc1fff4	sw	-12(r30),r1
 1053  00001b3c          	L49_LF2:
 1054  00001b3c  8fc1fff4	lw	r1,-12(r30)
 1055  00001b40  90220000	lbu	r2,(r1)
 1056  00001b44  64410000	snei	r1,r2,#0
 1057  00001b48  1420000c	bnez	r1,L52_LF2
 1058  00001b4c  54000000	nop; delay slot nop
 1059  00001b50  08000044	j	L50_LF2
 1060  00001b54  54000000	nop; delay slot nop
 1061  00001b58          	L52_LF2:
 1062  00001b58  8fc10000	lw	r1,(r30)
 1063  00001b5c  8fc2fff4	lw	r2,-12(r30)
 1064  00001b60  90210000	lbu	r1,(r1)
 1065  00001b64  90420000	lbu	r2,(r2)
 1066  00001b68  00220828	seq	r1,r1,r2
 1067  00001b6c  10200010	beqz	r1,L51_LF2
 1068  00001b70  54000000	nop; delay slot nop
 1069  00001b74  8fc10000	lw	r1,(r30)
 1070  00001b78  08000030	j	L45_LF2
 1071  00001b7c  54000000	nop; delay slot nop
 1072  00001b80          	L53_LF2:
 1073  00001b80          	L51_LF2:
 1074  00001b80  8fc2fff4	lw	r2,-12(r30)
 1075  00001b84  20410001	addi	r1,r2,#1
 1076  00001b88  00011020	add	r2,r0,r1
 1077  00001b8c  afc2fff4	sw	-12(r30),r2
 1078  00001b90  0bffffa8	j	L49_LF2
 1079  00001b94  54000000	nop; delay slot nop
 1080  00001b98          	L50_LF2:
 1081  00001b98  0bffff7c	j	L46_LF2
 1082  00001b9c  54000000	nop; delay slot nop
 1083  00001ba0          	L47_LF2:
 1084  00001ba0  20010000	addi	r1,r0,#0
 1085  00001ba4  08000004	j	L45_LF2
 1086  00001ba8  54000000	nop; delay slot nop
 1087  00001bac          	L45_LF2:
 1088  00001bac  8fa20000	lw	r2,0(r29)
 1089  00001bb0  8fdffff8	lw	r31,-8(r30)
 1090  00001bb4  001ee820	add	r29,r0,r30
 1091  00001bb8  8fdefffc	lw	r30,-4(r30)
 1092  00001bbc  4be00000	jr	r31
 1093  00001bc0  54000000	nop
 1094  00001bc4          	.endproc _dmindex
 1095  00001bc4          	.align 2
 1096  00001bc4          	.proc _dindex
 1097  00001bc4          	.global _dindex
 1098  00001bc4          	_dindex:
 1099                      ;  Function 'dindex'; 0 bytes of locals, 1 regs to save.
 1100  00001bc4  afbefffc	sw	-4(r29),r30; push fp
 1101  00001bc8  001df020	add	r30,r0,r29; fp = sp
 1102  00001bcc  afbffff8	sw	-8(r29),r31; push ret addr
 1103  00001bd0  2fbd0010	subui	r29,r29,#16; alloc local storage
 1104  00001bd4  afa20000	sw	0(r29),r2
 1105  00001bd8  54000000	nop
 1106  00001bdc          	L55_LF2:
 1107  00001bdc  8fc10000	lw	r1,(r30)
 1108  00001be0  90220000	lbu	r2,(r1)
 1109  00001be4  64410000	snei	r1,r2,#0
 1110  00001be8  1420000c	bnez	r1,L57_LF2
 1111  00001bec  54000000	nop; delay slot nop
 1112  00001bf0  08000040	j	L56_LF2
 1113  00001bf4  54000000	nop; delay slot nop
 1114  00001bf8          	L57_LF2:
 1115  00001bf8  8fc10000	lw	r1,(r30)
 1116  00001bfc  90220000	lbu	r2,(r1)
 1117  00001c00  8fc10004	lw	r1,4(r30)
 1118  00001c04  00411028	seq	r2,r2,r1
 1119  00001c08  10400010	beqz	r2,L58_LF2
 1120  00001c0c  54000000	nop; delay slot nop
 1121  00001c10  8fc10000	lw	r1,(r30)
 1122  00001c14  08000028	j	L54_LF2
 1123  00001c18  54000000	nop; delay slot nop
 1124  00001c1c          	L58_LF2:
 1125  00001c1c  8fc20000	lw	r2,(r30)
 1126  00001c20  20410001	addi	r1,r2,#1
 1127  00001c24  00011020	add	r2,r0,r1
 1128  00001c28  afc20000	sw	(r30),r2
 1129  00001c2c  0bffffac	j	L55_LF2
 1130  00001c30  54000000	nop; delay slot nop
 1131  00001c34          	L56_LF2:
 1132  00001c34  20010000	addi	r1,r0,#0
 1133  00001c38  08000004	j	L54_LF2
 1134  00001c3c  54000000	nop; delay slot nop
 1135  00001c40          	L54_LF2:
 1136  00001c40  8fa20000	lw	r2,0(r29)
 1137  00001c44  8fdffff8	lw	r31,-8(r30)
 1138  00001c48  001ee820	add	r29,r0,r30
 1139  00001c4c  8fdefffc	lw	r30,-4(r30)
 1140  00001c50  4be00000	jr	r31
 1141  00001c54  54000000	nop
 1142  00001c58          	.endproc _dindex
 1143  00001c58          	.align 2
 1144  00001c58          	.proc _ditoa
 1145  00001c58          	.global _ditoa
 1146  00001c58          	_ditoa:
 1147                      ;  Function 'ditoa'; 8 bytes of locals, 2 regs to save.
 1148  00001c58  afbefffc	sw	-4(r29),r30; push fp
 1149  00001c5c  001df020	add	r30,r0,r29; fp = sp
 1150  00001c60  afbffff8	sw	-8(r29),r31; push ret addr
 1151  00001c64  2fbd0018	subui	r29,r29,#24; alloc local storage
 1152  00001c68  afa20000	sw	0(r29),r2
 1153  00001c6c  afa30004	sw	4(r29),r3
 1154  00001c70  8fc10000	lw	r1,(r30)
 1155  00001c74  68220000	slti	r2,r1,#0
 1156  00001c78  1040002c	beqz	r2,L60_LF2
 1157  00001c7c  54000000	nop; delay slot nop
 1158  00001c80  8fc10004	lw	r1,4(r30)
 1159  00001c84  20220001	addi	r2,r1,#1
 1160  00001c88  afc20004	sw	4(r30),r2
 1161  00001c8c  2002002d	addi	r2,r0,(#0x2d)&0xff
 1162  00001c90  a0220000	sb	(r1),r2
 1163  00001c94  8fc10000	lw	r1,(r30)
 1164  00001c98  00011022	sub	r2,r0,r1
 1165  00001c9c  afc20000	sw	(r30),r2
 1166  00001ca0  08000118	j	L61_LF2
 1167  00001ca4  54000000	nop; delay slot nop
 1168  00001ca8          	L60_LF2:
 1169  00001ca8  8fc10000	lw	r1,(r30)
 1170  00001cac  64220000	snei	r2,r1,#0
 1171  00001cb0  14400020	bnez	r2,L62_LF2
 1172  00001cb4  54000000	nop; delay slot nop
 1173  00001cb8  8fc10004	lw	r1,4(r30)
 1174  00001cbc  20220001	addi	r2,r1,#1
 1175  00001cc0  afc20004	sw	4(r30),r2
 1176  00001cc4  20020030	addi	r2,r0,(#0x30)&0xff
 1177  00001cc8  a0220000	sb	(r1),r2
 1178  00001ccc  080000ec	j	L61_LF2
 1179  00001cd0  54000000	nop; delay slot nop
 1180  00001cd4          	L62_LF2:
 1181  00001cd4  20010001	addi	r1,r0,#1
 1182  00001cd8  afc1fff4	sw	-12(r30),r1
 1183  00001cdc          	L64_LF2:
 1184  00001cdc  8fc1fff4	lw	r1,-12(r30)
 1185  00001ce0  8fc20000	lw	r2,(r30)
 1186  00001ce4  0022082c	sle	r1,r1,r2
 1187  00001ce8  1420000c	bnez	r1,L66_LF2
 1188  00001cec  54000000	nop; delay slot nop
 1189  00001cf0  08000024	j	L65_LF2
 1190  00001cf4  54000000	nop; delay slot nop
 1191  00001cf8          	L67_LF2:
 1192  00001cf8          	L66_LF2:
 1193  00001cf8  8fc1fff4	lw	r1,-12(r30)
 1194  00001cfc  00011820	add	r3,r0,r1
 1195  00001d00  50620002	slli	r2,r3,#0x2
 1196  00001d04  00411020	add	r2,r2,r1
 1197  00001d08  50410001	slli	r1,r2,#0x1
 1198  00001d0c  afc1fff4	sw	-12(r30),r1
 1199  00001d10  0bffffc8	j	L64_LF2
 1200  00001d14  54000000	nop; delay slot nop
 1201  00001d18          	L65_LF2:
 1202  00001d18  54000000	nop
 1203  00001d1c          	L68_LF2:
 1204  00001d1c  8fc1fff4	lw	r1,-12(r30)
 1205  00001d20  2002000a	addi	r2,r0,#10
 1206  00001d24  00200035	movi2fp	f0,r1
 1207  00001d28  00400835	movi2fp	f1,r2
 1208  00001d2c  0401000f	div	f0,f0,f1
 1209  00001d30  00000834	movfp2i	r1,f0
 1210  00001d34  afc1fff4	sw	-12(r30),r1
 1211  00001d38  8fc10004	lw	r1,4(r30)
 1212  00001d3c  20220001	addi	r2,r1,#1
 1213  00001d40  afc20004	sw	4(r30),r2
 1214  00001d44  8fc20000	lw	r2,(r30)
 1215  00001d48  8fc3fff4	lw	r3,-12(r30)
 1216  00001d4c  00400035	movi2fp	f0,r2
 1217  00001d50  00600835	movi2fp	f1,r3
 1218  00001d54  0401000f	div	f0,f0,f1
 1219  00001d58  00001034	movfp2i	r2,f0
 1220  00001d5c  00021820	add	r3,r0,r2
 1221  00001d60  20620030	addi	r2,r3,#48
 1222  00001d64  a0220000	sb	(r1),r2
 1223  00001d68  8fc10000	lw	r1,(r30)
 1224  00001d6c  8fc3fff4	lw	r3,-12(r30)
 1225  00001d70  00200035	movi2fp	f0,r1
 1226  00001d74  00600835	movi2fp	f1,r3
 1227  00001d78  0401000f	div	f0,f0,f1
 1228  00001d7c  00001034	movfp2i	r2,f0
 1229  00001d80  8fc3fff4	lw	r3,-12(r30)
 1230  00001d84  00400035	movi2fp	f0,r2
 1231  00001d88  00600835	movi2fp	f1,r3
 1232  00001d8c  0401000e	mult	f0,f0,f1
 1233  00001d90  00001034	movfp2i	r2,f0
 1234  00001d94  00220822	sub	r1,r1,r2
 1235  00001d98  afc10000	sw	(r30),r1
 1236  00001d9c          	L70_LF2:
 1237  00001d9c  8fc1fff4	lw	r1,-12(r30)
 1238  00001da0  6c220001	sgti	r2,r1,#1
 1239  00001da4  1440000c	bnez	r2,L71_LF2
 1240  00001da8  54000000	nop; delay slot nop
 1241  00001dac  0800000c	j	L61_LF2
 1242  00001db0  54000000	nop; delay slot nop
 1243  00001db4          	L71_LF2:
 1244  00001db4  0bffff64	j	L68_LF2
 1245  00001db8  54000000	nop; delay slot nop
 1246  00001dbc          	L69_LF2:
 1247  00001dbc          	L63_LF2:
 1248  00001dbc          	L61_LF2:
 1249  00001dbc  8fc10004	lw	r1,4(r30)
 1250  00001dc0  20020000	addi	r2,r0,(#0x0)&0xff
 1251  00001dc4  a0220000	sb	(r1),r2
 1252  00001dc8          	L59_LF2:
 1253  00001dc8  8fa20000	lw	r2,0(r29)
 1254  00001dcc  8fa30004	lw	r3,4(r29)
 1255  00001dd0  8fdffff8	lw	r31,-8(r30)
 1256  00001dd4  001ee820	add	r29,r0,r30
 1257  00001dd8  8fdefffc	lw	r30,-4(r30)
 1258  00001ddc  4be00000	jr	r31
 1259  00001de0  54000000	nop
 1260  00001de4          	.endproc _ditoa
 1261  00001de4          	.align 2
 1262  00001de4          	.proc _dstrtol
 1263  00001de4          	.global _dstrtol
 1264  00001de4          	_dstrtol:
 1265                      ;  Function 'dstrtol'; 16 bytes of locals, 1 regs to save.
 1266  00001de4  afbefffc	sw	-4(r29),r30; push fp
 1267  00001de8  001df020	add	r30,r0,r29; fp = sp
 1268  00001dec  afbffff8	sw	-8(r29),r31; push ret addr
 1269  00001df0  2fbd0020	subui	r29,r29,#32; alloc local storage
 1270  00001df4  afa20000	sw	0(r29),r2
 1271  00001df8  20010000	addi	r1,r0,#0
 1272  00001dfc  afc1fff4	sw	-12(r30),r1
 1273  00001e00          	L73_LF2:
 1274  00001e00  8fc10000	lw	r1,(r30)
 1275  00001e04  90220000	lbu	r2,(r1)
 1276  00001e08  60410020	seqi	r1,r2,#32
 1277  00001e0c  14200034	bnez	r1,L75_LF2
 1278  00001e10  54000000	nop; delay slot nop
 1279  00001e14  8fc10000	lw	r1,(r30)
 1280  00001e18  90220000	lbu	r2,(r1)
 1281  00001e1c  60410009	seqi	r1,r2,#9
 1282  00001e20  14200020	bnez	r1,L75_LF2
 1283  00001e24  54000000	nop; delay slot nop
 1284  00001e28  8fc10000	lw	r1,(r30)
 1285  00001e2c  90220000	lbu	r2,(r1)
 1286  00001e30  6041000a	seqi	r1,r2,#10
 1287  00001e34  1420000c	bnez	r1,L75_LF2
 1288  00001e38  54000000	nop; delay slot nop
 1289  00001e3c  0800001c	j	L74_LF2
 1290  00001e40  54000000	nop; delay slot nop
 1291  00001e44          	L75_LF2:
 1292  00001e44  8fc20000	lw	r2,(r30)
 1293  00001e48  20410001	addi	r1,r2,#1
 1294  00001e4c  00011020	add	r2,r0,r1
 1295  00001e50  afc20000	sw	(r30),r2
 1296  00001e54  0bffffa8	j	L73_LF2
 1297  00001e58  54000000	nop; delay slot nop
 1298  00001e5c          	L74_LF2:
 1299  00001e5c  8fc10004	lw	r1,4(r30)
 1300  00001e60  64220000	snei	r2,r1,#0
 1301  00001e64  10400010	beqz	r2,L76_LF2
 1302  00001e68  54000000	nop; delay slot nop
 1303  00001e6c  8fc10004	lw	r1,4(r30)
 1304  00001e70  8fc20000	lw	r2,(r30)
 1305  00001e74  ac220000	sw	(r1),r2
 1306  00001e78          	L76_LF2:
 1307  00001e78  8fc10000	lw	r1,(r30)
 1308  00001e7c  90220000	lbu	r2,(r1)
 1309  00001e80  64410000	snei	r1,r2,#0
 1310  00001e84  14200010	bnez	r1,L77_LF2
 1311  00001e88  54000000	nop; delay slot nop
 1312  00001e8c  8fc1fff4	lw	r1,-12(r30)
 1313  00001e90  08000294	j	L72_LF2
 1314  00001e94  54000000	nop; delay slot nop
 1315  00001e98          	L77_LF2:
 1316  00001e98  8fc10000	lw	r1,(r30)
 1317  00001e9c  90220000	lbu	r2,(r1)
 1318  00001ea0  6041002d	seqi	r1,r2,#45
 1319  00001ea4  10200024	beqz	r1,L78_LF2
 1320  00001ea8  54000000	nop; delay slot nop
 1321  00001eac  2001ffff	addi	r1,r0,#-1
 1322  00001eb0  afc1ffec	sw	-20(r30),r1
 1323  00001eb4  8fc20000	lw	r2,(r30)
 1324  00001eb8  20410001	addi	r1,r2,#1
 1325  00001ebc  00011020	add	r2,r0,r1
 1326  00001ec0  afc20000	sw	(r30),r2
 1327  00001ec4  0800000c	j	L79_LF2
 1328  00001ec8  54000000	nop; delay slot nop
 1329  00001ecc          	L78_LF2:
 1330  00001ecc  20010001	addi	r1,r0,#1
 1331  00001ed0  afc1ffec	sw	-20(r30),r1
 1332  00001ed4          	L79_LF2:
 1333  00001ed4  8fc10008	lw	r1,8(r30)
 1334  00001ed8  64220000	snei	r2,r1,#0
 1335  00001edc  14400090	bnez	r2,L80_LF2
 1336  00001ee0  54000000	nop; delay slot nop
 1337  00001ee4  8fc10000	lw	r1,(r30)
 1338  00001ee8  90220000	lbu	r2,(r1)
 1339  00001eec  60410030	seqi	r1,r2,#48
 1340  00001ef0  10200074	beqz	r1,L81_LF2
 1341  00001ef4  54000000	nop; delay slot nop
 1342  00001ef8  8fc20000	lw	r2,(r30)
 1343  00001efc  20410001	addi	r1,r2,#1
 1344  00001f00  00011020	add	r2,r0,r1
 1345  00001f04  afc20000	sw	(r30),r2
 1346  00001f08  8fc10000	lw	r1,(r30)
 1347  00001f0c  90220000	lbu	r2,(r1)
 1348  00001f10  60410078	seqi	r1,r2,#120
 1349  00001f14  14200020	bnez	r1,L83_LF2
 1350  00001f18  54000000	nop; delay slot nop
 1351  00001f1c  8fc10000	lw	r1,(r30)
 1352  00001f20  90220000	lbu	r2,(r1)
 1353  00001f24  60410058	seqi	r1,r2,#88
 1354  00001f28  1420000c	bnez	r1,L83_LF2
 1355  00001f2c  54000000	nop; delay slot nop
 1356  00001f30  08000024	j	L82_LF2
 1357  00001f34  54000000	nop; delay slot nop
 1358  00001f38          	L83_LF2:
 1359  00001f38  20010010	addi	r1,r0,#16
 1360  00001f3c  afc10008	sw	8(r30),r1
 1361  00001f40  8fc20000	lw	r2,(r30)
 1362  00001f44  20410001	addi	r1,r2,#1
 1363  00001f48  00011020	add	r2,r0,r1
 1364  00001f4c  afc20000	sw	(r30),r2
 1365  00001f50  0800000c	j	L84_LF2
 1366  00001f54  54000000	nop; delay slot nop
 1367  00001f58          	L82_LF2:
 1368  00001f58  20010008	addi	r1,r0,#8
 1369  00001f5c  afc10008	sw	8(r30),r1
 1370  00001f60          	L84_LF2:
 1371  00001f60  0800000c	j	L80_LF2
 1372  00001f64  54000000	nop; delay slot nop
 1373  00001f68          	L81_LF2:
 1374  00001f68  2001000a	addi	r1,r0,#10
 1375  00001f6c  afc10008	sw	8(r30),r1
 1376  00001f70          	L85_LF2:
 1377  00001f70          	L80_LF2:
 1378  00001f70  8fc10008	lw	r1,8(r30)
 1379  00001f74  70220000	slei	r2,r1,#0
 1380  00001f78  1440001c	bnez	r2,L87_LF2
 1381  00001f7c  54000000	nop; delay slot nop
 1382  00001f80  8fc10008	lw	r1,8(r30)
 1383  00001f84  6c220010	sgti	r2,r1,#16
 1384  00001f88  1440000c	bnez	r2,L87_LF2
 1385  00001f8c  54000000	nop; delay slot nop
 1386  00001f90  08000010	j	L86_LF2
 1387  00001f94  54000000	nop; delay slot nop
 1388  00001f98          	L87_LF2:
 1389  00001f98  8fc1fff4	lw	r1,-12(r30)
 1390  00001f9c  08000188	j	L72_LF2
 1391  00001fa0  54000000	nop; delay slot nop
 1392  00001fa4          	L86_LF2:
 1393  00001fa4  54000000	nop
 1394  00001fa8          	L88_LF2:
 1395  00001fa8  8fc10000	lw	r1,(r30)
 1396  00001fac  90220000	lbu	r2,(r1)
 1397  00001fb0  6c41002f	sgtui	r1,r2,#47
 1398  00001fb4  10200030	beqz	r1,L91_LF2
 1399  00001fb8  54000000	nop; delay slot nop
 1400  00001fbc  8fc10000	lw	r1,(r30)
 1401  00001fc0  90220000	lbu	r2,(r1)
 1402  00001fc4  70410039	sleui	r1,r2,#57
 1403  00001fc8  1020001c	beqz	r1,L91_LF2
 1404  00001fcc  54000000	nop; delay slot nop
 1405  00001fd0  8fc10000	lw	r1,(r30)
 1406  00001fd4  90220000	lbu	r2,(r1)
 1407  00001fd8  2041ffd0	addi	r1,r2,#-48
 1408  00001fdc  afc1fff0	sw	-16(r30),r1
 1409  00001fe0  0800008c	j	L92_LF2
 1410  00001fe4  54000000	nop; delay slot nop
 1411  00001fe8          	L91_LF2:
 1412  00001fe8  8fc10000	lw	r1,(r30)
 1413  00001fec  90220000	lbu	r2,(r1)
 1414  00001ff0  6c410060	sgtui	r1,r2,#96
 1415  00001ff4  10200030	beqz	r1,L93_LF2
 1416  00001ff8  54000000	nop; delay slot nop
 1417  00001ffc  8fc10000	lw	r1,(r30)
 1418  00002000  90220000	lbu	r2,(r1)
 1419  00002004  7041007a	sleui	r1,r2,#122
 1420  00002008  1020001c	beqz	r1,L93_LF2
 1421  0000200c  54000000	nop; delay slot nop
 1422  00002010  8fc10000	lw	r1,(r30)
 1423  00002014  90220000	lbu	r2,(r1)
 1424  00002018  2041ffa9	addi	r1,r2,#-87
 1425  0000201c  afc1fff0	sw	-16(r30),r1
 1426  00002020  0800004c	j	L92_LF2
 1427  00002024  54000000	nop; delay slot nop
 1428  00002028          	L93_LF2:
 1429  00002028  8fc10000	lw	r1,(r30)
 1430  0000202c  90220000	lbu	r2,(r1)
 1431  00002030  6c410040	sgtui	r1,r2,#64
 1432  00002034  10200030	beqz	r1,L95_LF2
 1433  00002038  54000000	nop; delay slot nop
 1434  0000203c  8fc10000	lw	r1,(r30)
 1435  00002040  90220000	lbu	r2,(r1)
 1436  00002044  7041005a	sleui	r1,r2,#90
 1437  00002048  1020001c	beqz	r1,L95_LF2
 1438  0000204c  54000000	nop; delay slot nop
 1439  00002050  8fc10000	lw	r1,(r30)
 1440  00002054  90220000	lbu	r2,(r1)
 1441  00002058  2041ffc9	addi	r1,r2,#-55
 1442  0000205c  afc1fff0	sw	-16(r30),r1
 1443  00002060  0800000c	j	L92_LF2
 1444  00002064  54000000	nop; delay slot nop
 1445  00002068          	L95_LF2:
 1446  00002068  200103e8	addi	r1,r0,#1000
 1447  0000206c  afc1fff0	sw	-16(r30),r1
 1448  00002070          	L96_LF2:
 1449  00002070          	L94_LF2:
 1450  00002070          	L92_LF2:
 1451  00002070  8fc1fff0	lw	r1,-16(r30)
 1452  00002074  8fc20008	lw	r2,8(r30)
 1453  00002078  0022082a	slt	r1,r1,r2
 1454  0000207c  10200040	beqz	r1,L90_LF2
 1455  00002080  54000000	nop; delay slot nop
 1456  00002084  8fc1fff4	lw	r1,-12(r30)
 1457  00002088  8fc20008	lw	r2,8(r30)
 1458  0000208c  00200035	movi2fp	f0,r1
 1459  00002090  00400835	movi2fp	f1,r2
 1460  00002094  0401000e	mult	f0,f0,f1
 1461  00002098  00000834	movfp2i	r1,f0
 1462  0000209c  afc1fff4	sw	-12(r30),r1
 1463  000020a0  8fc1fff4	lw	r1,-12(r30)
 1464  000020a4  8fc2fff0	lw	r2,-16(r30)
 1465  000020a8  00220820	add	r1,r1,r2
 1466  000020ac  afc1fff4	sw	-12(r30),r1
 1467  000020b0  8fc20000	lw	r2,(r30)
 1468  000020b4  20410001	addi	r1,r2,#1
 1469  000020b8  00011020	add	r2,r0,r1
 1470  000020bc  afc20000	sw	(r30),r2
 1471  000020c0          	L97_LF2:
 1472  000020c0          	L90_LF2:
 1473  000020c0  8fc1fff0	lw	r1,-16(r30)
 1474  000020c4  8fc20008	lw	r2,8(r30)
 1475  000020c8  0022082a	slt	r1,r1,r2
 1476  000020cc  1420000c	bnez	r1,L98_LF2
 1477  000020d0  54000000	nop; delay slot nop
 1478  000020d4  0800000c	j	L89_LF2
 1479  000020d8  54000000	nop; delay slot nop
 1480  000020dc          	L98_LF2:
 1481  000020dc  0bfffec8	j	L88_LF2
 1482  000020e0  54000000	nop; delay slot nop
 1483  000020e4          	L89_LF2:
 1484  000020e4  8fc10004	lw	r1,4(r30)
 1485  000020e8  64220000	snei	r2,r1,#0
 1486  000020ec  10400010	beqz	r2,L99_LF2
 1487  000020f0  54000000	nop; delay slot nop
 1488  000020f4  8fc10004	lw	r1,4(r30)
 1489  000020f8  8fc20000	lw	r2,(r30)
 1490  000020fc  ac220000	sw	(r1),r2
 1491  00002100          	L99_LF2:
 1492  00002100  8fc1fff4	lw	r1,-12(r30)
 1493  00002104  8fc2ffec	lw	r2,-20(r30)
 1494  00002108  00200035	movi2fp	f0,r1
 1495  0000210c  00400835	movi2fp	f1,r2
 1496  00002110  0401000e	mult	f0,f0,f1
 1497  00002114  00000834	movfp2i	r1,f0
 1498  00002118  afc1fff4	sw	-12(r30),r1
 1499  0000211c  8fc1fff4	lw	r1,-12(r30)
 1500  00002120  08000004	j	L72_LF2
 1501  00002124  54000000	nop; delay slot nop
 1502  00002128          	L72_LF2:
 1503  00002128  8fa20000	lw	r2,0(r29)
 1504  0000212c  8fdffff8	lw	r31,-8(r30)
 1505  00002130  001ee820	add	r29,r0,r30
 1506  00002134  8fdefffc	lw	r30,-4(r30)
 1507  00002138  4be00000	jr	r31
 1508  0000213c  54000000	nop
 1509  00002140          	.endproc _dstrtol
 1510  00002140          	.align 2
 1511  00002140          	.proc _bcopy
 1512  00002140          	.global _bcopy
 1513  00002140          	_bcopy:
 1514                      ;  Function 'bcopy'; 0 bytes of locals, 2 regs to save.
 1515  00002140  afbefffc	sw	-4(r29),r30; push fp
 1516  00002144  001df020	add	r30,r0,r29; fp = sp
 1517  00002148  afbffff8	sw	-8(r29),r31; push ret addr
 1518  0000214c  2fbd0010	subui	r29,r29,#16; alloc local storage
 1519  00002150  afa20000	sw	0(r29),r2
 1520  00002154  afa30004	sw	4(r29),r3
 1521  00002158  54000000	nop
 1522  0000215c          	L101_LF2:
 1523  0000215c  8fc10008	lw	r1,8(r30)
 1524  00002160  2022ffff	addi	r2,r1,#-1
 1525  00002164  afc20008	sw	8(r30),r2
 1526  00002168  6c210000	sgti	r1,r1,#0
 1527  0000216c  1420000c	bnez	r1,L103_LF2
 1528  00002170  54000000	nop; delay slot nop
 1529  00002174  0800002c	j	L102_LF2
 1530  00002178  54000000	nop; delay slot nop
 1531  0000217c          	L103_LF2:
 1532  0000217c  8fc10004	lw	r1,4(r30)
 1533  00002180  20220001	addi	r2,r1,#1
 1534  00002184  afc20004	sw	4(r30),r2
 1535  00002188  8fc20000	lw	r2,(r30)
 1536  0000218c  20430001	addi	r3,r2,#1
 1537  00002190  afc30000	sw	(r30),r3
 1538  00002194  80420000	lb	r2,(r2)
 1539  00002198  a0220000	sb	(r1),r2
 1540  0000219c  0bffffbc	j	L101_LF2
 1541  000021a0  54000000	nop; delay slot nop
 1542  000021a4          	L102_LF2:
 1543  000021a4          	L100_LF2:
 1544  000021a4  8fa20000	lw	r2,0(r29)
 1545  000021a8  8fa30004	lw	r3,4(r29)
 1546  000021ac  8fdffff8	lw	r31,-8(r30)
 1547  000021b0  001ee820	add	r29,r0,r30
 1548  000021b4  8fdefffc	lw	r30,-4(r30)
 1549  000021b8  4be00000	jr	r31
 1550  000021bc  54000000	nop
 1551  000021c0          	.endproc _bcopy
 1552  000021c0          	.align 2
 1553  000021c0          	.proc _bzero
 1554  000021c0          	.global _bzero
 1555  000021c0          	_bzero:
 1556                      ;  Function 'bzero'; 0 bytes of locals, 1 regs to save.
 1557  000021c0  afbefffc	sw	-4(r29),r30; push fp
 1558  000021c4  001df020	add	r30,r0,r29; fp = sp
 1559  000021c8  afbffff8	sw	-8(r29),r31; push ret addr
 1560  000021cc  2fbd0010	subui	r29,r29,#16; alloc local storage
 1561  000021d0  afa20000	sw	0(r29),r2
 1562  000021d4  54000000	nop
 1563  000021d8          	L105_LF2:
 1564  000021d8  8fc10004	lw	r1,4(r30)
 1565  000021dc  2022ffff	addi	r2,r1,#-1
 1566  000021e0  afc20004	sw	4(r30),r2
 1567  000021e4  6c210000	sgti	r1,r1,#0
 1568  000021e8  1420000c	bnez	r1,L107_LF2
 1569  000021ec  54000000	nop; delay slot nop
 1570  000021f0  08000020	j	L106_LF2
 1571  000021f4  54000000	nop; delay slot nop
 1572  000021f8          	L107_LF2:
 1573  000021f8  8fc10000	lw	r1,(r30)
 1574  000021fc  20220001	addi	r2,r1,#1
 1575  00002200  afc20000	sw	(r30),r2
 1576  00002204  20020000	addi	r2,r0,(#0x0)&0xff
 1577  00002208  a0220000	sb	(r1),r2
 1578  0000220c  0bffffc8	j	L105_LF2
 1579  00002210  54000000	nop; delay slot nop
 1580  00002214          	L106_LF2:
 1581  00002214          	L104_LF2:
 1582  00002214  8fa20000	lw	r2,0(r29)
 1583  00002218  8fdffff8	lw	r31,-8(r30)
 1584  0000221c  001ee820	add	r29,r0,r30
 1585  00002220  8fdefffc	lw	r30,-4(r30)
 1586  00002224  4be00000	jr	r31
 1587  00002228  54000000	nop
 1588  0000222c          	.endproc _bzero
 1589  0000222c          	.align 2
 1590  0000222c          	.proc _min
 1591  0000222c          	.global _min
 1592  0000222c          	_min:
 1593                      ;  Function 'min'; 0 bytes of locals, 2 regs to save.
 1594  0000222c  afbefffc	sw	-4(r29),r30; push fp
 1595  00002230  001df020	add	r30,r0,r29; fp = sp
 1596  00002234  afbffff8	sw	-8(r29),r31; push ret addr
 1597  00002238  2fbd0010	subui	r29,r29,#16; alloc local storage
 1598  0000223c  afa20000	sw	0(r29),r2
 1599  00002240  afa30004	sw	4(r29),r3
 1600  00002244  8fc10000	lw	r1,(r30)
 1601  00002248  8fc20004	lw	r2,4(r30)
 1602  0000224c  0022182c	sle	r3,r1,r2
 1603  00002250  14600008	bnez	r3,L109_LF2
 1604  00002254  54000000	nop; delay slot nop
 1605  00002258  8fc10004	lw	r1,4(r30)
 1606  0000225c          	L109_LF2:
 1607  0000225c  08000004	j	L108_LF2
 1608  00002260  54000000	nop; delay slot nop
 1609  00002264          	L108_LF2:
 1610  00002264  8fa20000	lw	r2,0(r29)
 1611  00002268  8fa30004	lw	r3,4(r29)
 1612  0000226c  8fdffff8	lw	r31,-8(r30)
 1613  00002270  001ee820	add	r29,r0,r30
 1614  00002274  8fdefffc	lw	r30,-4(r30)
 1615  00002278  4be00000	jr	r31
 1616  0000227c  54000000	nop
 1617  00002280          	.endproc _min
 1618  00002280          	.align 2
 1619  00002280          	.proc _max
 1620  00002280          	.global _max
 1621  00002280          	_max:
 1622                      ;  Function 'max'; 0 bytes of locals, 2 regs to save.
 1623  00002280  afbefffc	sw	-4(r29),r30; push fp
 1624  00002284  001df020	add	r30,r0,r29; fp = sp
 1625  00002288  afbffff8	sw	-8(r29),r31; push ret addr
 1626  0000228c  2fbd0010	subui	r29,r29,#16; alloc local storage
 1627  00002290  afa20000	sw	0(r29),r2
 1628  00002294  afa30004	sw	4(r29),r3
 1629  00002298  8fc10000	lw	r1,(r30)
 1630  0000229c  8fc20004	lw	r2,4(r30)
 1631  000022a0  0022182d	sge	r3,r1,r2
 1632  000022a4  14600008	bnez	r3,L111_LF2
 1633  000022a8  54000000	nop; delay slot nop
 1634  000022ac  8fc10004	lw	r1,4(r30)
 1635  000022b0          	L111_LF2:
 1636  000022b0  08000004	j	L110_LF2
 1637  000022b4  54000000	nop; delay slot nop
 1638  000022b8          	L110_LF2:
 1639  000022b8  8fa20000	lw	r2,0(r29)
 1640  000022bc  8fa30004	lw	r3,4(r29)
 1641  000022c0  8fdffff8	lw	r31,-8(r30)
 1642  000022c4  001ee820	add	r29,r0,r30
 1643  000022c8  8fdefffc	lw	r30,-4(r30)
 1644  000022cc  4be00000	jr	r31
 1645  000022d0  54000000	nop
 1646  000022d4          	.endproc _max
 1647                      ;;; Ethan L. Miller, 1999.  Released to the public domain
 1648                      ;;;
 1649                      ;;; Most of the traps are called in files from libtraps.
 1652  000022d4          	.align 2
 1653  000022d4          	.proc _exit
 1654  000022d4          	.global _exit
 1655  000022d4          	_exit:
 1656  000022d4  44000300	trap	#0x300
 1657  000022d8  4be00000	jr	r31
 1658  000022dc  54000000	nop
 1659  000022e0          	.endproc _exit
 1661                      ; for the benefit of gcc.
 1662  000022e0          	.proc ___main
 1663  000022e0          	.global ___main
 1664  000022e0          	___main:
 1665  000022e0  4be00000	jr	r31
 1666  000022e4  54000000	nop
 1667  000022e8          	.endproc ___main
 1668  000022e8          	.text
 1669  000022e8          	.global _etext
 1670  000022e8          	_etext:
 1671  000022e8          	.align 3
 1672  000022e8          	.data
 1673  0000312a          	.global _edata
 1674  0000312a          	_edata:
